CVC: Log output to /home/mc/encryption_caravel_user_project/precheck_results/09_DEC_2023___17_17_42/tmp/cvc.log
CVC: Error output to /home/mc/encryption_caravel_user_project/precheck_results/09_DEC_2023___17_17_42/tmp/cvc.error.gz
CVC: Debug output to /home/mc/encryption_caravel_user_project/precheck_results/09_DEC_2023___17_17_42/tmp/cvc.debug.gz
CVC: Circuit Validation Check  Version 1.1.5
CVC: Start: Sat Dec  9 18:11:44 2023

Using the following parameters for CVC (Circuit Validation Check) from /home/mc/encryption_caravel_user_project/precheck_results/09_DEC_2023___17_17_42/tmp/cvcrc
CVC_TOP = 'user_project_wrapper'
CVC_NETLIST = '/home/mc/encryption_caravel_user_project/precheck_results/09_DEC_2023___17_17_42/tmp/ext/user_project_wrapper.cdl.gz'
CVC_MODE = 'user_project_wrapper'
CVC_MODEL_FILE = '/home/mc/mpw_precheck/checks/be_checks//tech/gf180mcuD/cvc.models'
CVC_POWER_FILE = '/home/mc/encryption_caravel_user_project/precheck_results/09_DEC_2023___17_17_42/tmp/cvc.power.user_project_wrapper'
CVC_FUSE_FILE = ''
CVC_REPORT_FILE = '/home/mc/encryption_caravel_user_project/precheck_results/09_DEC_2023___17_17_42/tmp/cvc.log'
CVC_REPORT_TITLE = 'CVC user_project_wrapper'
CVC_CIRCUIT_ERROR_LIMIT = '100'
CVC_SEARCH_LIMIT = '100'
CVC_LEAK_LIMIT = '0.0002'
CVC_SOI = 'false'
CVC_SCRC = 'false'
CVC_VTH_GATES = 'false'
CVC_MIN_VTH_GATES = 'false'
CVC_IGNORE_VTH_FLOATING = 'false'
CVC_IGNORE_NO_LEAK_FLOATING = 'false'
CVC_LEAK_OVERVOLTAGE = 'true'
CVC_LOGIC_DIODES = 'false'
CVC_ANALOG_GATES = 'true'
CVC_BACKUP_RESULTS = 'false'
CVC_MOS_DIODE_ERROR_THRESHOLD = '0'
CVC_SHORT_ERROR_THRESHOLD = '0'
CVC_BIAS_ERROR_THRESHOLD = '0'
CVC_FORWARD_ERROR_THRESHOLD = '0'
CVC_FLOATING_ERROR_THRESHOLD = '0'
CVC_GATE_ERROR_THRESHOLD = '0'
CVC_LEAK?_ERROR_THRESHOLD = '0'
CVC_EXPECTED_ERROR_THRESHOLD = '0'
CVC_OVERVOLTAGE_ERROR_THRESHOLD = '0'
CVC_PARALLEL_CIRCUIT_PORT_LIMIT = '0'
CVC_CELL_ERROR_LIMIT_FILE = ''
CVC_CELL_CHECKSUM_FILE = ''
CVC_LARGE_CIRCUIT_SIZE = '10000000'
CVC_NET_CHECK_FILE = ''
CVC_MODEL_CHECK_FILE = ''
End of parameters

CVC: Reading device model settings...
CVC: Reading power settings...
CVC: Parsing netlist /home/mc/encryption_caravel_user_project/precheck_results/09_DEC_2023___17_17_42/tmp/ext/user_project_wrapper.cdl.gz
Cdl fixed data size 1329780
Usage CDL: Time: 0  Memory: 42112  I/O: 5032  Swap: 0
CVC: Counting and linking...
CVC: Assigning IDs ...
Usage DB: Time: 0  Memory: 61612  I/O: 5032  Swap: 0
CVC: 70992(70992) instances, 1043133(1043133) nets, 1068820(1068820) devices.
CVC: Setting models ...
Setting model tolerances...
CVC: Shorting switches...
	Shorted 0 short
	Shorted 0 sky130_fd_pr__res_generic_l1
	Shorted 0 sky130_fd_pr__res_generic_m1
	Shorted 0 sky130_fd_pr__res_generic_m2
	Shorted 0 sky130_fd_pr__res_generic_m3
	Shorted 0 sky130_fd_pr__res_generic_m4
	Shorted 0 sky130_fd_pr__res_generic_m5
Setting instance power...

ModelList> filename /home/mc/mpw_precheck/checks/be_checks//tech/gf180mcuD/cvc.models
 Model> cap_mim_2f0_m4m5_noshield         0 C->capacitor  Parameters>
 Model> mim_2p0fF          0 C->capacitor  Parameters>
 Model> sky130_fd_pr__cap_mim_m3_1         0 C->capacitor  Parameters>
 Model> sky130_fd_pr__cap_mim_m3_2         0 C->capacitor  Parameters>
 Model> sky130_fd_pr__cap_var         0 C->capacitor  Parameters>
 Model> sky130_fd_pr__cap_var_lvt         0 C->capacitor  Parameters>
 Model> condiode           0 D->diode      Parameters> Diodes> 1-2
 Model> diode_nd2ps_06v0      3601 D->diode      Parameters> Diodes> 1-2
 Model> diode_pd2nw_06v0      3601 D->diode      Parameters> Diodes> 1-2
 Model> np_6p0             0 D->diode      Parameters> Diodes> 1-2
 Model> pn_6p0             0 D->diode      Parameters> Diodes> 1-2
 Model> sky130_fd_pr__diode_pd2nw_05v5         0 D->diode      Parameters> Diodes> 1-2
 Model> sky130_fd_pr__diode_pd2nw_05v5_lvt         0 D->diode      Parameters> Diodes> 1-2
 Model> sky130_fd_pr__diode_pd2nw_11v0         0 D->diode      Parameters> Diodes> 1-2
 Model> sky130_fd_pr__diode_pw2nd_05v5         0 D->diode      Parameters> Diodes> 1-2
 Model> sky130_fd_pr__diode_pw2nd_05v5_nvt         0 D->diode      Parameters> Diodes> 1-2
 Model> sky130_fd_pr__diode_pw2nd_11v0         0 D->diode      Parameters> Diodes> 1-2
 Model> sky130_fd_pr__model__parasitic__diode_ps2dn         0 D->diode      Parameters> Diodes> 1-2
 Model> sky130_fd_pr__model__parasitic__diode_ps2nw         0 D->diode      Parameters> Diodes> 1-2
 Model> sky130_fd_pr__model__parasitic__diode_pw2dn         0 D->diode      Parameters> Diodes> 1-2
 Model> nfet_01v8          0 M->nmos       Parameters> Vth=0.2 Vds=1.8 Vgs=1.8 R=L/W*7000 Diodes> 4-1 4-3
 Model> nfet_06v0     533139 M->nmos       Parameters> Vth=0.4 R=L/W*7000 Diodes> 4-1 4-3
 Model> nmos_3p3           0 M->nmos       Parameters> Vth=0.3 R=L/W*7000 Diodes> 4-1 4-3
 Model> nmos_6p0           0 M->nmos       Parameters> Vth=0.4 R=L/W*7000 Diodes> 4-1 4-3
 Model> pfet_01v8_hvt         0 M->pmos       Parameters> Vth=-0.2 Vds=1.8 Vgs=1.8 R=L/W*7000 Diodes> 1-4 3-4
 Model> pfet_06v0     528479 M->pmos       Parameters> Vth=-0.4 R=L/W*7000 Diodes> 1-4 3-4
 Model> pmos_3p3           0 M->pmos       Parameters> Vth=-0.3 R=L/W*7000 Diodes> 1-4 3-4
 Model> pmos_6p0           0 M->pmos       Parameters> Vth=-0.4 R=L/W*7000 Diodes> 1-4 3-4
 Model> sky130_fd_bs_flash__special_sonosfet_star         0 M->nmos       Parameters> Vth=0.2 R=L/W*7000 Diodes> 4-1 4-3
 Model> sky130_fd_pr__esd_nfet_g5v0d10v5         0 M->nmos       Parameters> Vth=0.2 R=L/W*7000 Diodes> 4-1 4-3
 Model> sky130_fd_pr__nfet_01v8         0 M->nmos       Parameters> Vth=0.2 Vds=1.8 Vgs=1.8 R=L/W*7000 Diodes> 4-1 4-3
 Model> sky130_fd_pr__nfet_01v8_lvt         0 M->nmos       Parameters> Vth=0.1 Vds=1.8 Vgs=1.8 R=L/W*7000 Diodes> 4-1 4-3
 Model> sky130_fd_pr__nfet_03v3_nvt         0 M->nmos       Parameters> Vth=0.2 Vds=3.3 Vgs=3.3 R=L/W*7000 Diodes> 4-1 4-3
 Model> sky130_fd_pr__nfet_05v0_nvt         0 M->nmos       Parameters> Vth=0.2 R=L/W*7000 Diodes> 4-1 4-3
 Model> sky130_fd_pr__nfet_g5v0d10v5         0 M->nmos       Parameters> Vth=0.2 R=L/W*7000 Diodes> 4-1 4-3
 Model> sky130_fd_pr__pfet_01v8         0 M->pmos       Parameters> Vth=-0.2 Vds=1.8 Vgs=1.8 R=L/W*7000 Diodes> 1-4 3-4
 Model> sky130_fd_pr__pfet_01v8_hvt         0 M->pmos       Parameters> Vth=-0.3 Vds=1.8 Vgs=1.8 R=L/W*7000 Diodes> 1-4 3-4
 Model> sky130_fd_pr__pfet_01v8_lvt         0 M->pmos       Parameters> Vth=-0.1 Vds=1.8 Vgs=1.8 R=L/W*7000 Diodes> 1-4 3-4
 Model> sky130_fd_pr__pfet_g5v0d10v5         0 M->pmos       Parameters> Vth=-0.2 R=L/W*7000 Diodes> 1-4 3-4
 Model> sky130_fd_pr__special_nfet_latch         0 M->nmos       Parameters> Vth=0.2 Vds=1.8 Vgs=1.8 R=L/W*7000 Diodes> 4-1 4-3
 Model> sky130_fd_pr__special_pfet_pass         0 M->pmos       Parameters> Vth=-0.2 Vds=1.8 Vgs=1.8 R=L/W*7000 Diodes> 1-4 3-4
 Model> sky130_fd_pr__pnp_05v5         0 Q->bipolar    Parameters>
 Model> ppolyf_u_1k_6p0         0 R->resistor   Parameters> R=r_length/r_width*50
 Model> short              0 R->switch_on  Parameters>
 Model> sky130_fd_pr__reram_reram_cell         0 R->resistor   Parameters> R=10
 Model> sky130_fd_pr__res_generic_l1         0 R->switch_on  Parameters>
 Model> sky130_fd_pr__res_generic_m1         0 R->switch_on  Parameters>
 Model> sky130_fd_pr__res_generic_m2         0 R->switch_on  Parameters>
 Model> sky130_fd_pr__res_generic_m3         0 R->switch_on  Parameters>
 Model> sky130_fd_pr__res_generic_m4         0 R->switch_on  Parameters>
 Model> sky130_fd_pr__res_generic_m5         0 R->switch_on  Parameters>
 Model> sky130_fd_pr__res_generic_nd         0 R->resistor   Parameters> R=l/w*120
 Model> sky130_fd_pr__res_generic_nd__hv         0 R->resistor   Parameters> R=l/w*114
 Model> sky130_fd_pr__res_generic_pd__hv         0 R->resistor   Parameters> R=l/w*191
 Model> sky130_fd_pr__res_generic_po         0 R->resistor   Parameters> R=l/w*48
 Model> sky130_fd_pr__res_high_po         0 R->resistor   Parameters> R=l/w*2000
 Model> sky130_fd_pr__res_xhigh_po         0 R->resistor   Parameters> R=l/w*2000
ModelList> end

Power List> filename /home/mc/encryption_caravel_user_project/precheck_results/09_DEC_2023___17_17_42/tmp/cvc.power.user_project_wrapper
 vdd power 5.0 -> 5.0 power
 vss power 0.0 -> 0.0 power
 user_clock2 input min@0.0 max@5.0 -> min@0.0 max@5.0 input
 wb_clk_i input min@0.0 max@5.0 -> min@0.0 max@5.0 input
 wb_rst_i input min@0.0 max@5.0 -> min@0.0 max@5.0 input
 wbs_cyc_i input min@0.0 max@5.0 -> min@0.0 max@5.0 input
 wbs_stb_i input min@0.0 max@5.0 -> min@0.0 max@5.0 input
 wbs_we_i input min@0.0 max@5.0 -> min@0.0 max@5.0 input
io_in[*] input min@0.0 max@5.0
 ->io_in[0] input min@0.0 max@5.0 -> min@0.0 max@5.0 input
 ->io_in[10] input min@0.0 max@5.0 -> min@0.0 max@5.0 input
 ->io_in[11] input min@0.0 max@5.0 -> min@0.0 max@5.0 input
 ->io_in[12] input min@0.0 max@5.0 -> min@0.0 max@5.0 input
 ->io_in[13] input min@0.0 max@5.0 -> min@0.0 max@5.0 input
 ->io_in[14] input min@0.0 max@5.0 -> min@0.0 max@5.0 input
 ->io_in[15] input min@0.0 max@5.0 -> min@0.0 max@5.0 input
 ->io_in[16] input min@0.0 max@5.0 -> min@0.0 max@5.0 input
 ->io_in[17] input min@0.0 max@5.0 -> min@0.0 max@5.0 input
 ->io_in[18] input min@0.0 max@5.0 -> min@0.0 max@5.0 input
 ->io_in[19] input min@0.0 max@5.0 -> min@0.0 max@5.0 input
 ->io_in[1] input min@0.0 max@5.0 -> min@0.0 max@5.0 input
 ->io_in[20] input min@0.0 max@5.0 -> min@0.0 max@5.0 input
 ->io_in[21] input min@0.0 max@5.0 -> min@0.0 max@5.0 input
 ->io_in[22] input min@0.0 max@5.0 -> min@0.0 max@5.0 input
 ->io_in[23] input min@0.0 max@5.0 -> min@0.0 max@5.0 input
 ->io_in[24] input min@0.0 max@5.0 -> min@0.0 max@5.0 input
 ->io_in[25] input min@0.0 max@5.0 -> min@0.0 max@5.0 input
 ->io_in[26] input min@0.0 max@5.0 -> min@0.0 max@5.0 input
 ->io_in[27] input min@0.0 max@5.0 -> min@0.0 max@5.0 input
 ->io_in[28] input min@0.0 max@5.0 -> min@0.0 max@5.0 input
 ->io_in[29] input min@0.0 max@5.0 -> min@0.0 max@5.0 input
 ->io_in[2] input min@0.0 max@5.0 -> min@0.0 max@5.0 input
 ->io_in[30] input min@0.0 max@5.0 -> min@0.0 max@5.0 input
 ->io_in[31] input min@0.0 max@5.0 -> min@0.0 max@5.0 input
 ->io_in[32] input min@0.0 max@5.0 -> min@0.0 max@5.0 input
 ->io_in[33] input min@0.0 max@5.0 -> min@0.0 max@5.0 input
 ->io_in[34] input min@0.0 max@5.0 -> min@0.0 max@5.0 input
 ->io_in[35] input min@0.0 max@5.0 -> min@0.0 max@5.0 input
 ->io_in[36] input min@0.0 max@5.0 -> min@0.0 max@5.0 input
 ->io_in[37] input min@0.0 max@5.0 -> min@0.0 max@5.0 input
 ->io_in[3] input min@0.0 max@5.0 -> min@0.0 max@5.0 input
 ->io_in[4] input min@0.0 max@5.0 -> min@0.0 max@5.0 input
 ->io_in[5] input min@0.0 max@5.0 -> min@0.0 max@5.0 input
 ->io_in[6] input min@0.0 max@5.0 -> min@0.0 max@5.0 input
 ->io_in[7] input min@0.0 max@5.0 -> min@0.0 max@5.0 input
 ->io_in[8] input min@0.0 max@5.0 -> min@0.0 max@5.0 input
 ->io_in[9] input min@0.0 max@5.0 -> min@0.0 max@5.0 input
la_data_in[*] input min@0.0 max@5.0
 ->la_data_in[0] input min@0.0 max@5.0 -> min@0.0 max@5.0 input
 ->la_data_in[10] input min@0.0 max@5.0 -> min@0.0 max@5.0 input
 ->la_data_in[11] input min@0.0 max@5.0 -> min@0.0 max@5.0 input
 ->la_data_in[12] input min@0.0 max@5.0 -> min@0.0 max@5.0 input
 ->la_data_in[13] input min@0.0 max@5.0 -> min@0.0 max@5.0 input
 ->la_data_in[14] input min@0.0 max@5.0 -> min@0.0 max@5.0 input
 ->la_data_in[15] input min@0.0 max@5.0 -> min@0.0 max@5.0 input
 ->la_data_in[16] input min@0.0 max@5.0 -> min@0.0 max@5.0 input
 ->la_data_in[17] input min@0.0 max@5.0 -> min@0.0 max@5.0 input
 ->la_data_in[18] input min@0.0 max@5.0 -> min@0.0 max@5.0 input
 ->la_data_in[19] input min@0.0 max@5.0 -> min@0.0 max@5.0 input
 ->la_data_in[1] input min@0.0 max@5.0 -> min@0.0 max@5.0 input
 ->la_data_in[20] input min@0.0 max@5.0 -> min@0.0 max@5.0 input
 ->la_data_in[21] input min@0.0 max@5.0 -> min@0.0 max@5.0 input
 ->la_data_in[22] input min@0.0 max@5.0 -> min@0.0 max@5.0 input
 ->la_data_in[23] input min@0.0 max@5.0 -> min@0.0 max@5.0 input
 ->la_data_in[24] input min@0.0 max@5.0 -> min@0.0 max@5.0 input
 ->la_data_in[25] input min@0.0 max@5.0 -> min@0.0 max@5.0 input
 ->la_data_in[26] input min@0.0 max@5.0 -> min@0.0 max@5.0 input
 ->la_data_in[27] input min@0.0 max@5.0 -> min@0.0 max@5.0 input
 ->la_data_in[28] input min@0.0 max@5.0 -> min@0.0 max@5.0 input
 ->la_data_in[29] input min@0.0 max@5.0 -> min@0.0 max@5.0 input
 ->la_data_in[2] input min@0.0 max@5.0 -> min@0.0 max@5.0 input
 ->la_data_in[30] input min@0.0 max@5.0 -> min@0.0 max@5.0 input
 ->la_data_in[31] input min@0.0 max@5.0 -> min@0.0 max@5.0 input
 ->la_data_in[32] input min@0.0 max@5.0 -> min@0.0 max@5.0 input
 ->la_data_in[33] input min@0.0 max@5.0 -> min@0.0 max@5.0 input
 ->la_data_in[34] input min@0.0 max@5.0 -> min@0.0 max@5.0 input
 ->la_data_in[35] input min@0.0 max@5.0 -> min@0.0 max@5.0 input
 ->la_data_in[36] input min@0.0 max@5.0 -> min@0.0 max@5.0 input
 ->la_data_in[37] input min@0.0 max@5.0 -> min@0.0 max@5.0 input
 ->la_data_in[38] input min@0.0 max@5.0 -> min@0.0 max@5.0 input
 ->la_data_in[39] input min@0.0 max@5.0 -> min@0.0 max@5.0 input
 ->la_data_in[3] input min@0.0 max@5.0 -> min@0.0 max@5.0 input
 ->la_data_in[40] input min@0.0 max@5.0 -> min@0.0 max@5.0 input
 ->la_data_in[41] input min@0.0 max@5.0 -> min@0.0 max@5.0 input
 ->la_data_in[42] input min@0.0 max@5.0 -> min@0.0 max@5.0 input
 ->la_data_in[43] input min@0.0 max@5.0 -> min@0.0 max@5.0 input
 ->la_data_in[44] input min@0.0 max@5.0 -> min@0.0 max@5.0 input
 ->la_data_in[45] input min@0.0 max@5.0 -> min@0.0 max@5.0 input
 ->la_data_in[46] input min@0.0 max@5.0 -> min@0.0 max@5.0 input
 ->la_data_in[47] input min@0.0 max@5.0 -> min@0.0 max@5.0 input
 ->la_data_in[48] input min@0.0 max@5.0 -> min@0.0 max@5.0 input
 ->la_data_in[49] input min@0.0 max@5.0 -> min@0.0 max@5.0 input
 ->la_data_in[4] input min@0.0 max@5.0 -> min@0.0 max@5.0 input
 ->la_data_in[50] input min@0.0 max@5.0 -> min@0.0 max@5.0 input
 ->la_data_in[51] input min@0.0 max@5.0 -> min@0.0 max@5.0 input
 ->la_data_in[52] input min@0.0 max@5.0 -> min@0.0 max@5.0 input
 ->la_data_in[53] input min@0.0 max@5.0 -> min@0.0 max@5.0 input
 ->la_data_in[54] input min@0.0 max@5.0 -> min@0.0 max@5.0 input
 ->la_data_in[55] input min@0.0 max@5.0 -> min@0.0 max@5.0 input
 ->la_data_in[56] input min@0.0 max@5.0 -> min@0.0 max@5.0 input
 ->la_data_in[57] input min@0.0 max@5.0 -> min@0.0 max@5.0 input
 ->la_data_in[58] input min@0.0 max@5.0 -> min@0.0 max@5.0 input
 ->la_data_in[59] input min@0.0 max@5.0 -> min@0.0 max@5.0 input
 ->la_data_in[5] input min@0.0 max@5.0 -> min@0.0 max@5.0 input
 ->la_data_in[60] input min@0.0 max@5.0 -> min@0.0 max@5.0 input
 ->la_data_in[61] input min@0.0 max@5.0 -> min@0.0 max@5.0 input
 ->la_data_in[62] input min@0.0 max@5.0 -> min@0.0 max@5.0 input
 ->la_data_in[63] input min@0.0 max@5.0 -> min@0.0 max@5.0 input
 ->la_data_in[6] input min@0.0 max@5.0 -> min@0.0 max@5.0 input
 ->la_data_in[7] input min@0.0 max@5.0 -> min@0.0 max@5.0 input
 ->la_data_in[8] input min@0.0 max@5.0 -> min@0.0 max@5.0 input
 ->la_data_in[9] input min@0.0 max@5.0 -> min@0.0 max@5.0 input
la_oenb[*] input min@0.0 max@5.0
 ->la_oenb[0] input min@0.0 max@5.0 -> min@0.0 max@5.0 input
 ->la_oenb[10] input min@0.0 max@5.0 -> min@0.0 max@5.0 input
 ->la_oenb[11] input min@0.0 max@5.0 -> min@0.0 max@5.0 input
 ->la_oenb[12] input min@0.0 max@5.0 -> min@0.0 max@5.0 input
 ->la_oenb[13] input min@0.0 max@5.0 -> min@0.0 max@5.0 input
 ->la_oenb[14] input min@0.0 max@5.0 -> min@0.0 max@5.0 input
 ->la_oenb[15] input min@0.0 max@5.0 -> min@0.0 max@5.0 input
 ->la_oenb[16] input min@0.0 max@5.0 -> min@0.0 max@5.0 input
 ->la_oenb[17] input min@0.0 max@5.0 -> min@0.0 max@5.0 input
 ->la_oenb[18] input min@0.0 max@5.0 -> min@0.0 max@5.0 input
 ->la_oenb[19] input min@0.0 max@5.0 -> min@0.0 max@5.0 input
 ->la_oenb[1] input min@0.0 max@5.0 -> min@0.0 max@5.0 input
 ->la_oenb[20] input min@0.0 max@5.0 -> min@0.0 max@5.0 input
 ->la_oenb[21] input min@0.0 max@5.0 -> min@0.0 max@5.0 input
 ->la_oenb[22] input min@0.0 max@5.0 -> min@0.0 max@5.0 input
 ->la_oenb[23] input min@0.0 max@5.0 -> min@0.0 max@5.0 input
 ->la_oenb[24] input min@0.0 max@5.0 -> min@0.0 max@5.0 input
 ->la_oenb[25] input min@0.0 max@5.0 -> min@0.0 max@5.0 input
 ->la_oenb[26] input min@0.0 max@5.0 -> min@0.0 max@5.0 input
 ->la_oenb[27] input min@0.0 max@5.0 -> min@0.0 max@5.0 input
 ->la_oenb[28] input min@0.0 max@5.0 -> min@0.0 max@5.0 input
 ->la_oenb[29] input min@0.0 max@5.0 -> min@0.0 max@5.0 input
 ->la_oenb[2] input min@0.0 max@5.0 -> min@0.0 max@5.0 input
 ->la_oenb[30] input min@0.0 max@5.0 -> min@0.0 max@5.0 input
 ->la_oenb[31] input min@0.0 max@5.0 -> min@0.0 max@5.0 input
 ->la_oenb[32] input min@0.0 max@5.0 -> min@0.0 max@5.0 input
 ->la_oenb[33] input min@0.0 max@5.0 -> min@0.0 max@5.0 input
 ->la_oenb[34] input min@0.0 max@5.0 -> min@0.0 max@5.0 input
 ->la_oenb[35] input min@0.0 max@5.0 -> min@0.0 max@5.0 input
 ->la_oenb[36] input min@0.0 max@5.0 -> min@0.0 max@5.0 input
 ->la_oenb[37] input min@0.0 max@5.0 -> min@0.0 max@5.0 input
 ->la_oenb[38] input min@0.0 max@5.0 -> min@0.0 max@5.0 input
 ->la_oenb[39] input min@0.0 max@5.0 -> min@0.0 max@5.0 input
 ->la_oenb[3] input min@0.0 max@5.0 -> min@0.0 max@5.0 input
 ->la_oenb[40] input min@0.0 max@5.0 -> min@0.0 max@5.0 input
 ->la_oenb[41] input min@0.0 max@5.0 -> min@0.0 max@5.0 input
 ->la_oenb[42] input min@0.0 max@5.0 -> min@0.0 max@5.0 input
 ->la_oenb[43] input min@0.0 max@5.0 -> min@0.0 max@5.0 input
 ->la_oenb[44] input min@0.0 max@5.0 -> min@0.0 max@5.0 input
 ->la_oenb[45] input min@0.0 max@5.0 -> min@0.0 max@5.0 input
 ->la_oenb[46] input min@0.0 max@5.0 -> min@0.0 max@5.0 input
 ->la_oenb[47] input min@0.0 max@5.0 -> min@0.0 max@5.0 input
 ->la_oenb[48] input min@0.0 max@5.0 -> min@0.0 max@5.0 input
 ->la_oenb[49] input min@0.0 max@5.0 -> min@0.0 max@5.0 input
 ->la_oenb[4] input min@0.0 max@5.0 -> min@0.0 max@5.0 input
 ->la_oenb[50] input min@0.0 max@5.0 -> min@0.0 max@5.0 input
 ->la_oenb[51] input min@0.0 max@5.0 -> min@0.0 max@5.0 input
 ->la_oenb[52] input min@0.0 max@5.0 -> min@0.0 max@5.0 input
 ->la_oenb[53] input min@0.0 max@5.0 -> min@0.0 max@5.0 input
 ->la_oenb[54] input min@0.0 max@5.0 -> min@0.0 max@5.0 input
 ->la_oenb[55] input min@0.0 max@5.0 -> min@0.0 max@5.0 input
 ->la_oenb[56] input min@0.0 max@5.0 -> min@0.0 max@5.0 input
 ->la_oenb[57] input min@0.0 max@5.0 -> min@0.0 max@5.0 input
 ->la_oenb[58] input min@0.0 max@5.0 -> min@0.0 max@5.0 input
 ->la_oenb[59] input min@0.0 max@5.0 -> min@0.0 max@5.0 input
 ->la_oenb[5] input min@0.0 max@5.0 -> min@0.0 max@5.0 input
 ->la_oenb[60] input min@0.0 max@5.0 -> min@0.0 max@5.0 input
 ->la_oenb[61] input min@0.0 max@5.0 -> min@0.0 max@5.0 input
 ->la_oenb[62] input min@0.0 max@5.0 -> min@0.0 max@5.0 input
 ->la_oenb[63] input min@0.0 max@5.0 -> min@0.0 max@5.0 input
 ->la_oenb[6] input min@0.0 max@5.0 -> min@0.0 max@5.0 input
 ->la_oenb[7] input min@0.0 max@5.0 -> min@0.0 max@5.0 input
 ->la_oenb[8] input min@0.0 max@5.0 -> min@0.0 max@5.0 input
 ->la_oenb[9] input min@0.0 max@5.0 -> min@0.0 max@5.0 input
wbs_adr_i[*] input min@0.0 max@5.0
 ->wbs_adr_i[0] input min@0.0 max@5.0 -> min@0.0 max@5.0 input
 ->wbs_adr_i[10] input min@0.0 max@5.0 -> min@0.0 max@5.0 input
 ->wbs_adr_i[11] input min@0.0 max@5.0 -> min@0.0 max@5.0 input
 ->wbs_adr_i[12] input min@0.0 max@5.0 -> min@0.0 max@5.0 input
 ->wbs_adr_i[13] input min@0.0 max@5.0 -> min@0.0 max@5.0 input
 ->wbs_adr_i[14] input min@0.0 max@5.0 -> min@0.0 max@5.0 input
 ->wbs_adr_i[15] input min@0.0 max@5.0 -> min@0.0 max@5.0 input
 ->wbs_adr_i[16] input min@0.0 max@5.0 -> min@0.0 max@5.0 input
 ->wbs_adr_i[17] input min@0.0 max@5.0 -> min@0.0 max@5.0 input
 ->wbs_adr_i[18] input min@0.0 max@5.0 -> min@0.0 max@5.0 input
 ->wbs_adr_i[19] input min@0.0 max@5.0 -> min@0.0 max@5.0 input
 ->wbs_adr_i[1] input min@0.0 max@5.0 -> min@0.0 max@5.0 input
 ->wbs_adr_i[20] input min@0.0 max@5.0 -> min@0.0 max@5.0 input
 ->wbs_adr_i[21] input min@0.0 max@5.0 -> min@0.0 max@5.0 input
 ->wbs_adr_i[22] input min@0.0 max@5.0 -> min@0.0 max@5.0 input
 ->wbs_adr_i[23] input min@0.0 max@5.0 -> min@0.0 max@5.0 input
 ->wbs_adr_i[24] input min@0.0 max@5.0 -> min@0.0 max@5.0 input
 ->wbs_adr_i[25] input min@0.0 max@5.0 -> min@0.0 max@5.0 input
 ->wbs_adr_i[26] input min@0.0 max@5.0 -> min@0.0 max@5.0 input
 ->wbs_adr_i[27] input min@0.0 max@5.0 -> min@0.0 max@5.0 input
 ->wbs_adr_i[28] input min@0.0 max@5.0 -> min@0.0 max@5.0 input
 ->wbs_adr_i[29] input min@0.0 max@5.0 -> min@0.0 max@5.0 input
 ->wbs_adr_i[2] input min@0.0 max@5.0 -> min@0.0 max@5.0 input
 ->wbs_adr_i[30] input min@0.0 max@5.0 -> min@0.0 max@5.0 input
 ->wbs_adr_i[31] input min@0.0 max@5.0 -> min@0.0 max@5.0 input
 ->wbs_adr_i[3] input min@0.0 max@5.0 -> min@0.0 max@5.0 input
 ->wbs_adr_i[4] input min@0.0 max@5.0 -> min@0.0 max@5.0 input
 ->wbs_adr_i[5] input min@0.0 max@5.0 -> min@0.0 max@5.0 input
 ->wbs_adr_i[6] input min@0.0 max@5.0 -> min@0.0 max@5.0 input
 ->wbs_adr_i[7] input min@0.0 max@5.0 -> min@0.0 max@5.0 input
 ->wbs_adr_i[8] input min@0.0 max@5.0 -> min@0.0 max@5.0 input
 ->wbs_adr_i[9] input min@0.0 max@5.0 -> min@0.0 max@5.0 input
wbs_dat_i[*] input min@0.0 max@5.0
 ->wbs_dat_i[0] input min@0.0 max@5.0 -> min@0.0 max@5.0 input
 ->wbs_dat_i[10] input min@0.0 max@5.0 -> min@0.0 max@5.0 input
 ->wbs_dat_i[11] input min@0.0 max@5.0 -> min@0.0 max@5.0 input
 ->wbs_dat_i[12] input min@0.0 max@5.0 -> min@0.0 max@5.0 input
 ->wbs_dat_i[13] input min@0.0 max@5.0 -> min@0.0 max@5.0 input
 ->wbs_dat_i[14] input min@0.0 max@5.0 -> min@0.0 max@5.0 input
 ->wbs_dat_i[15] input min@0.0 max@5.0 -> min@0.0 max@5.0 input
 ->wbs_dat_i[16] input min@0.0 max@5.0 -> min@0.0 max@5.0 input
 ->wbs_dat_i[17] input min@0.0 max@5.0 -> min@0.0 max@5.0 input
 ->wbs_dat_i[18] input min@0.0 max@5.0 -> min@0.0 max@5.0 input
 ->wbs_dat_i[19] input min@0.0 max@5.0 -> min@0.0 max@5.0 input
 ->wbs_dat_i[1] input min@0.0 max@5.0 -> min@0.0 max@5.0 input
 ->wbs_dat_i[20] input min@0.0 max@5.0 -> min@0.0 max@5.0 input
 ->wbs_dat_i[21] input min@0.0 max@5.0 -> min@0.0 max@5.0 input
 ->wbs_dat_i[22] input min@0.0 max@5.0 -> min@0.0 max@5.0 input
 ->wbs_dat_i[23] input min@0.0 max@5.0 -> min@0.0 max@5.0 input
 ->wbs_dat_i[24] input min@0.0 max@5.0 -> min@0.0 max@5.0 input
 ->wbs_dat_i[25] input min@0.0 max@5.0 -> min@0.0 max@5.0 input
 ->wbs_dat_i[26] input min@0.0 max@5.0 -> min@0.0 max@5.0 input
 ->wbs_dat_i[27] input min@0.0 max@5.0 -> min@0.0 max@5.0 input
 ->wbs_dat_i[28] input min@0.0 max@5.0 -> min@0.0 max@5.0 input
 ->wbs_dat_i[29] input min@0.0 max@5.0 -> min@0.0 max@5.0 input
 ->wbs_dat_i[2] input min@0.0 max@5.0 -> min@0.0 max@5.0 input
 ->wbs_dat_i[30] input min@0.0 max@5.0 -> min@0.0 max@5.0 input
 ->wbs_dat_i[31] input min@0.0 max@5.0 -> min@0.0 max@5.0 input
 ->wbs_dat_i[3] input min@0.0 max@5.0 -> min@0.0 max@5.0 input
 ->wbs_dat_i[4] input min@0.0 max@5.0 -> min@0.0 max@5.0 input
 ->wbs_dat_i[5] input min@0.0 max@5.0 -> min@0.0 max@5.0 input
 ->wbs_dat_i[6] input min@0.0 max@5.0 -> min@0.0 max@5.0 input
 ->wbs_dat_i[7] input min@0.0 max@5.0 -> min@0.0 max@5.0 input
 ->wbs_dat_i[8] input min@0.0 max@5.0 -> min@0.0 max@5.0 input
 ->wbs_dat_i[9] input min@0.0 max@5.0 -> min@0.0 max@5.0 input
wbs_sel_i[*] input min@0.0 max@5.0
 ->wbs_sel_i[0] input min@0.0 max@5.0 -> min@0.0 max@5.0 input
 ->wbs_sel_i[1] input min@0.0 max@5.0 -> min@0.0 max@5.0 input
 ->wbs_sel_i[2] input min@0.0 max@5.0 -> min@0.0 max@5.0 input
 ->wbs_sel_i[3] input min@0.0 max@5.0 -> min@0.0 max@5.0 input
> expected values
> macros
Power List> end

CVC: Linking devices...
Usage EQUIV: Time: 0  Memory: 247596  I/O: 5248  Swap: 0
Power nets 250
Hash dump:parameter->resistance map
Contains 277 buckets, 549 elements
Element count 0, 26
Element count 1, 80
Element count 2, 87
Element count 3, 49
Element count 4, 27
Element count 5, 8
Unused hash: 0.09, average depth 2.73
Hash dump:text->circuit map
Contains 79 buckets, 101 elements
Element count 0, 18
Element count 1, 32
Element count 2, 20
Element count 3, 8
Element count 4, 0
Element count 5, 1
Unused hash: 0.23, average depth 2.07
Hash dump:string->text map
Contains 53201 buckets, 77328 elements
Element count 0, 12569
Element count 1, 17855
Element count 2, 13194
Element count 3, 6368
Element count 4, 2359
Element count 5, 648
Element count 6, 166
Element count 7, 31
Element count 8, 8
Element count 9, 2
Element count 10, 1
Unused hash: 0.24, average depth 2.46
CVC: Shorting non conducting resistors...
CVC: Calculating resistor voltages...
Usage RES: Time: 0  Memory: 247852  I/O: 5248  Swap: 0
Power nets 250
CVC: Calculating min/max voltages...
Processing trivial nets found 5219 trivial nets
CVC: Ignoring invalid calculations...
CVC:   Removed 51 calculations
Copying master nets
CVC: Ignoring non-conducting devices...
CVC:   Ignored 0 devices
Usage MIN/MAX1: Time: 2  Memory: 248364  I/O: 5256  Swap: 0
Power nets 7980
! Checking forward bias diode errors: 

! Checking nmos source/drain vs bias errors: 

! Checking nmos gate vs source errors: 

! Checking pmos source/drain vs bias errors: 

! Checking pmos gate vs source errors: 

Usage ERROR: Time: 2  Memory: 248364  I/O: 5264  Swap: 0
CVC: Propagating Simulation voltages 1...
Usage SIM1: Time: 3  Memory: 261676  I/O: 5264  Swap: 0
Power nets 7980
CVC: Propagating Simulation voltages 3...
Usage SIM2: Time: 3  Memory: 270764  I/O: 5264  Swap: 0
Power nets 7980
Added 0 latch voltages
CVC: Calculating min/max voltages...
Processing trivial nets found 5219 trivial nets
CVC: Ignoring invalid calculations...
CVC:   Removed 0 calculations
Copying master nets
CVC: Ignoring non-conducting devices...
CVC:   Ignored 0 devices
Usage MIN/MAX2: Time: 3  Memory: 271532  I/O: 5264  Swap: 0
Power nets 15659
! Checking overvoltage errors

! Checking nmos possible leak errors: 

! Checking pmos possible leak errors: 

! Checking mos floating input errors:

! Checking expected values:

CVC: Error Counts
CVC: Fuse Problems:         0
CVC: Min Voltage Conflicts: 0
CVC: Max Voltage Conflicts: 0
CVC: Leaks:                 0
CVC: LDD drain->source:     0
CVC: HI-Z Inputs:           0
CVC: Forward Bias Diodes:   0
CVC: NMOS Source vs Bulk:   0
CVC: NMOS Gate vs Source:   0
CVC: NMOS Possible Leaks:   0
CVC: PMOS Source vs Bulk:   0
CVC: PMOS Gate vs Source:   0
CVC: PMOS Possible Leaks:   0
CVC: Overvoltage-VBG:       0
CVC: Overvoltage-VBS:       0
CVC: Overvoltage-VDS:       0
CVC: Overvoltage-VGS:       0
CVC: Model errors:          0
CVC: Unexpected voltage :   0
CVC: Total:                 0
Usage Total: Time: 3  Memory: 272044  I/O: 5312  Swap: 0
Virtual net update/access 6310968/116563979
CVC: Log output to /home/mc/encryption_caravel_user_project/precheck_results/09_DEC_2023___17_17_42/tmp/cvc.log
CVC: End: Sat Dec  9 18:11:48 2023

Runtime: 0:00:04 (hh:mm:ss)
