BEGIN: Sat 09 Dec 2023 05:53:12 PM UTC
Extracting as digital. Top ports unique.

Magic 8.3 revision 442 - Compiled on Sun Nov 26 08:56:28 UTC 2023.
Starting magic under Tcl interpreter
Using the terminal as the console.
Using NULL graphics device.
Processing system .magicrc file
Sourcing design magicrc.well for technology gf180mcuD ...
10 Magic internal units = 1 Lambda
Input style import(): scaleFactor=10, multiplier=2
The following types are not handled by extraction and will be treated as non-electrical types:
    obsactive mvobsactive filldiff fillpoly m1hole obsm1 fillm1 obsv1 m2hole obsm2 fillm2 obsv2 m3hole obsm3 fillm3 m4hole obsm4 fillm4 m5hole obsm5 fillm5 glass fillblock lvstext obscomment 
Scaled tech values by 10 / 1 to match internal grid scaling
Loading "/home/mc/mpw_precheck/checks/be_checks//scripts/gds.digital.spice.tcl" from command line.
Extracting with top ports unique (digital)
CIF input style is now "import()"
Flattening 
Extracting /home/mc/encryption_caravel_user_project/gds/user_project_wrapper.gds
Warning: Calma reading is not undoable!  I hope that's OK.
Library written using GDS-II Release 3.0
Library name: user_project_wrapper
Reading "gf180mcu_fd_sc_mcu7t5v0__filltie".
Reading "gf180mcu_fd_sc_mcu7t5v0__endcap".
Reading "gf180mcu_fd_sc_mcu7t5v0__fillcap_8".
Reading "gf180mcu_fd_sc_mcu7t5v0__fillcap_32".
Reading "gf180mcu_fd_sc_mcu7t5v0__fillcap_4".
Reading "gf180mcu_fd_sc_mcu7t5v0__fill_2".
Saving contents of cell gf180mcu_fd_sc_mcu7t5v0__fill_2
Reading "gf180mcu_fd_sc_mcu7t5v0__fill_1".
Saving contents of cell gf180mcu_fd_sc_mcu7t5v0__fill_1
Reading "gf180mcu_fd_sc_mcu7t5v0__fillcap_64".
Reading "gf180mcu_fd_sc_mcu7t5v0__buf_8".
Reading "gf180mcu_fd_sc_mcu7t5v0__antenna".
Reading "gf180mcu_fd_sc_mcu7t5v0__clkbuf_2".
Reading "gf180mcu_fd_sc_mcu7t5v0__clkbuf_1".
Reading "gf180mcu_fd_sc_mcu7t5v0__fillcap_16".
Reading "gf180mcu_fd_sc_mcu7t5v0__clkbuf_4".
Reading "gf180mcu_fd_sc_mcu7t5v0__clkbuf_3".
Reading "gf180mcu_fd_sc_mcu7t5v0__buf_1".
Reading "gf180mcu_fd_sc_mcu7t5v0__buf_2".
Reading "gf180mcu_fd_sc_mcu7t5v0__buf_3".
Reading "gf180mcu_fd_sc_mcu7t5v0__nand4_2".
Reading "gf180mcu_fd_sc_mcu7t5v0__nand4_4".
Reading "gf180mcu_fd_sc_mcu7t5v0__nor4_4".
Reading "gf180mcu_fd_sc_mcu7t5v0__buf_4".
Reading "gf180mcu_fd_sc_mcu7t5v0__mux2_2".
Reading "gf180mcu_fd_sc_mcu7t5v0__clkinv_1".
Reading "gf180mcu_fd_sc_mcu7t5v0__xor2_1".
Reading "gf180mcu_fd_sc_mcu7t5v0__nand2_1".
Reading "gf180mcu_fd_sc_mcu7t5v0__mux4_1".
Reading "gf180mcu_fd_sc_mcu7t5v0__or2_1".
Reading "gf180mcu_fd_sc_mcu7t5v0__oai211_1".
Reading "gf180mcu_fd_sc_mcu7t5v0__oai21_1".
Reading "gf180mcu_fd_sc_mcu7t5v0__oai22_1".
Reading "gf180mcu_fd_sc_mcu7t5v0__nor2_1".
Reading "gf180mcu_fd_sc_mcu7t5v0__inv_1".
Reading "gf180mcu_fd_sc_mcu7t5v0__nor4_2".
Reading "gf180mcu_fd_sc_mcu7t5v0__xnor2_1".
Reading "gf180mcu_fd_sc_mcu7t5v0__nand3_1".
Reading "gf180mcu_fd_sc_mcu7t5v0__nand4_1".
Reading "gf180mcu_fd_sc_mcu7t5v0__oai31_1".
Reading "gf180mcu_fd_sc_mcu7t5v0__aoi21_1".
Reading "gf180mcu_fd_sc_mcu7t5v0__aoi22_1".
Reading "gf180mcu_fd_sc_mcu7t5v0__and2_1".
Reading "gf180mcu_fd_sc_mcu7t5v0__nand2_2".
Reading "gf180mcu_fd_sc_mcu7t5v0__aoi21_2".
Reading "gf180mcu_fd_sc_mcu7t5v0__and3_1".
Reading "gf180mcu_fd_sc_mcu7t5v0__mux4_2".
Reading "gf180mcu_fd_sc_mcu7t5v0__aoi211_2".
Reading "gf180mcu_fd_sc_mcu7t5v0__oai32_1".
Reading "gf180mcu_fd_sc_mcu7t5v0__oai211_2".
Reading "gf180mcu_fd_sc_mcu7t5v0__oai22_2".
Reading "gf180mcu_fd_sc_mcu7t5v0__nor2_2".
Reading "gf180mcu_fd_sc_mcu7t5v0__aoi221_4".
Reading "gf180mcu_fd_sc_mcu7t5v0__aoi211_1".
Reading "gf180mcu_fd_sc_mcu7t5v0__oai221_1".
Reading "gf180mcu_fd_sc_mcu7t5v0__xor2_2".
Reading "gf180mcu_fd_sc_mcu7t5v0__oai221_2".
Reading "gf180mcu_fd_sc_mcu7t5v0__nor3_2".
Reading "gf180mcu_fd_sc_mcu7t5v0__oai21_2".
Reading "gf180mcu_fd_sc_mcu7t5v0__nor3_1".
Reading "gf180mcu_fd_sc_mcu7t5v0__mux4_4".
Reading "gf180mcu_fd_sc_mcu7t5v0__oai31_2".
Reading "gf180mcu_fd_sc_mcu7t5v0__oai22_4".
Reading "gf180mcu_fd_sc_mcu7t5v0__xnor2_2".
Reading "gf180mcu_fd_sc_mcu7t5v0__dffrnq_1".
Reading "gf180mcu_fd_sc_mcu7t5v0__aoi21_4".
Reading "gf180mcu_fd_sc_mcu7t5v0__aoi221_2".
Reading "gf180mcu_fd_sc_mcu7t5v0__xor2_4".
Reading "gf180mcu_fd_sc_mcu7t5v0__clkbuf_16".
Reading "gf180mcu_fd_sc_mcu7t5v0__dffrnq_4".
Reading "gf180mcu_fd_sc_mcu7t5v0__clkinv_2".
Reading "gf180mcu_fd_sc_mcu7t5v0__nor2_4".
Reading "gf180mcu_fd_sc_mcu7t5v0__and3_2".
Reading "gf180mcu_fd_sc_mcu7t5v0__aoi22_2".
Reading "gf180mcu_fd_sc_mcu7t5v0__or2_2".
Reading "gf180mcu_fd_sc_mcu7t5v0__clkbuf_8".
Reading "gf180mcu_fd_sc_mcu7t5v0__xor3_2".
Reading "gf180mcu_fd_sc_mcu7t5v0__and4_4".
Reading "gf180mcu_fd_sc_mcu7t5v0__and4_1".
Reading "gf180mcu_fd_sc_mcu7t5v0__xor3_1".
Reading "gf180mcu_fd_sc_mcu7t5v0__xnor2_4".
Reading "gf180mcu_fd_sc_mcu7t5v0__nand3_2".
Reading "gf180mcu_fd_sc_mcu7t5v0__aoi221_1".
Reading "gf180mcu_fd_sc_mcu7t5v0__and4_2".
Reading "gf180mcu_fd_sc_mcu7t5v0__oai32_4".
Reading "gf180mcu_fd_sc_mcu7t5v0__inv_2".
Reading "gf180mcu_fd_sc_mcu7t5v0__oai221_4".
Reading "gf180mcu_fd_sc_mcu7t5v0__dffrnq_2".
Reading "gf180mcu_fd_sc_mcu7t5v0__nor3_4".
Reading "gf180mcu_fd_sc_mcu7t5v0__dffq_2".
Reading "gf180mcu_fd_sc_mcu7t5v0__dffq_1".
Reading "gf180mcu_fd_sc_mcu7t5v0__clkinv_3".
Reading "gf180mcu_fd_sc_mcu7t5v0__aoi211_4".
Reading "gf180mcu_fd_sc_mcu7t5v0__nand3_4".
Reading "gf180mcu_fd_sc_mcu7t5v0__dffq_4".
Reading "gf180mcu_fd_sc_mcu7t5v0__or3_1".
Reading "gf180mcu_fd_sc_mcu7t5v0__oai21_4".
Reading "gf180mcu_fd_sc_mcu7t5v0__buf_12".
Reading "gf180mcu_fd_sc_mcu7t5v0__nand2_4".
Reading "gf180mcu_fd_sc_mcu7t5v0__aoi22_4".
Reading "gf180mcu_fd_sc_mcu7t5v0__dlyb_1".
Reading "gf180mcu_fd_sc_mcu7t5v0__and2_2".
Reading "gf180mcu_fd_sc_mcu7t5v0__buf_16".
Reading "gf180mcu_fd_sc_mcu7t5v0__dlyc_1".
Reading "gf180mcu_fd_sc_mcu7t5v0__tiel".
Reading "user_proj_example".
    5000 uses
    10000 uses
    15000 uses
    20000 uses
    25000 uses
    30000 uses
    35000 uses
    40000 uses
    45000 uses
    50000 uses
    55000 uses
    60000 uses
    65000 uses
    70000 uses
    75000 uses
    80000 uses
    85000 uses
    90000 uses
    95000 uses
    100000 uses
    105000 uses
    110000 uses
Moving label "DES_WB_inst.DES_top_inst.Permutation_init_din\[5\]" from metal3 to via2 in cell user_proj_example.
Moving label "_0567_" from metal3 to via2 in cell user_proj_example.
Moving label "_0736_" from metal3 to via2 in cell user_proj_example.
Moving label "_1330_" from metal3 to via2 in cell user_proj_example.
Moving label "_1353_" from metal3 to via2 in cell user_proj_example.
Moving label "_1766_" from metal3 to via2 in cell user_proj_example.
Moving label "_1813_" from metal3 to via2 in cell user_proj_example.
Moving label "_3962_" from metal3 to via2 in cell user_proj_example.
Moving label "net139" from metal2 to via1 in cell user_proj_example.
Reading "user_project_wrapper".
Moving label "la_oenb[58]" from metal5 to via4 in cell user_project_wrapper.
The following types are not handled by extraction and will be treated as non-electrical types:
    obsactive mvobsactive filldiff fillpoly m1hole obsm1 fillm1 obsv1 m2hole obsm2 fillm2 obsv2 m3hole obsm3 fillm3 m4hole obsm4 fillm4 m5hole obsm5 fillm5 glass fillblock lvstext obscomment 
Extraction style is now "ngspice()"
Processing gf180mcu_fd_sc_mcu7t5v0__filltie
Processing gf180mcu_fd_sc_mcu7t5v0__endcap
Processing gf180mcu_fd_sc_mcu7t5v0__fillcap_8
Processing gf180mcu_fd_sc_mcu7t5v0__fillcap_32
Processing gf180mcu_fd_sc_mcu7t5v0__fillcap_4
Processing gf180mcu_fd_sc_mcu7t5v0__fillcap_64
Processing gf180mcu_fd_sc_mcu7t5v0__buf_8
Processing gf180mcu_fd_sc_mcu7t5v0__antenna
Processing gf180mcu_fd_sc_mcu7t5v0__clkbuf_2
Processing gf180mcu_fd_sc_mcu7t5v0__clkbuf_1
Processing gf180mcu_fd_sc_mcu7t5v0__fillcap_16
Processing gf180mcu_fd_sc_mcu7t5v0__clkbuf_4
Processing gf180mcu_fd_sc_mcu7t5v0__clkbuf_3
Processing gf180mcu_fd_sc_mcu7t5v0__buf_1
Processing gf180mcu_fd_sc_mcu7t5v0__buf_2
Processing gf180mcu_fd_sc_mcu7t5v0__buf_3
Processing gf180mcu_fd_sc_mcu7t5v0__nand4_2
Processing gf180mcu_fd_sc_mcu7t5v0__nand4_4
Processing gf180mcu_fd_sc_mcu7t5v0__nor4_4
Processing gf180mcu_fd_sc_mcu7t5v0__buf_4
Processing gf180mcu_fd_sc_mcu7t5v0__mux2_2
Processing gf180mcu_fd_sc_mcu7t5v0__clkinv_1
Processing gf180mcu_fd_sc_mcu7t5v0__xor2_1
Processing gf180mcu_fd_sc_mcu7t5v0__nand2_1
Processing gf180mcu_fd_sc_mcu7t5v0__mux4_1
Processing gf180mcu_fd_sc_mcu7t5v0__or2_1
Processing gf180mcu_fd_sc_mcu7t5v0__oai211_1
Processing gf180mcu_fd_sc_mcu7t5v0__oai21_1
Processing gf180mcu_fd_sc_mcu7t5v0__oai22_1
Processing gf180mcu_fd_sc_mcu7t5v0__nor2_1
Processing gf180mcu_fd_sc_mcu7t5v0__inv_1
Processing gf180mcu_fd_sc_mcu7t5v0__nor4_2
Processing gf180mcu_fd_sc_mcu7t5v0__xnor2_1
Processing gf180mcu_fd_sc_mcu7t5v0__nand3_1
Processing gf180mcu_fd_sc_mcu7t5v0__nand4_1
Processing gf180mcu_fd_sc_mcu7t5v0__oai31_1
Processing gf180mcu_fd_sc_mcu7t5v0__aoi21_1
Processing gf180mcu_fd_sc_mcu7t5v0__aoi22_1
Processing gf180mcu_fd_sc_mcu7t5v0__and2_1
Processing gf180mcu_fd_sc_mcu7t5v0__nand2_2
Processing gf180mcu_fd_sc_mcu7t5v0__aoi21_2
Processing gf180mcu_fd_sc_mcu7t5v0__and3_1
Processing gf180mcu_fd_sc_mcu7t5v0__mux4_2
Processing gf180mcu_fd_sc_mcu7t5v0__aoi211_2
Processing gf180mcu_fd_sc_mcu7t5v0__oai32_1
Processing gf180mcu_fd_sc_mcu7t5v0__oai211_2
Processing gf180mcu_fd_sc_mcu7t5v0__oai22_2
Processing gf180mcu_fd_sc_mcu7t5v0__nor2_2
Processing gf180mcu_fd_sc_mcu7t5v0__aoi221_4
Processing gf180mcu_fd_sc_mcu7t5v0__aoi211_1
Processing gf180mcu_fd_sc_mcu7t5v0__oai221_1
Processing gf180mcu_fd_sc_mcu7t5v0__xor2_2
Processing gf180mcu_fd_sc_mcu7t5v0__oai221_2
Processing gf180mcu_fd_sc_mcu7t5v0__nor3_2
Processing gf180mcu_fd_sc_mcu7t5v0__oai21_2
Processing gf180mcu_fd_sc_mcu7t5v0__nor3_1
Processing gf180mcu_fd_sc_mcu7t5v0__mux4_4
Processing gf180mcu_fd_sc_mcu7t5v0__oai31_2
Processing gf180mcu_fd_sc_mcu7t5v0__oai22_4
Processing gf180mcu_fd_sc_mcu7t5v0__xnor2_2
Processing gf180mcu_fd_sc_mcu7t5v0__dffrnq_1
Processing gf180mcu_fd_sc_mcu7t5v0__aoi21_4
Processing gf180mcu_fd_sc_mcu7t5v0__aoi221_2
Processing gf180mcu_fd_sc_mcu7t5v0__xor2_4
Processing gf180mcu_fd_sc_mcu7t5v0__clkbuf_16
Processing gf180mcu_fd_sc_mcu7t5v0__dffrnq_4
Processing gf180mcu_fd_sc_mcu7t5v0__clkinv_2
Processing gf180mcu_fd_sc_mcu7t5v0__nor2_4
Processing gf180mcu_fd_sc_mcu7t5v0__and3_2
Processing gf180mcu_fd_sc_mcu7t5v0__aoi22_2
Processing gf180mcu_fd_sc_mcu7t5v0__or2_2
Processing gf180mcu_fd_sc_mcu7t5v0__clkbuf_8
Processing gf180mcu_fd_sc_mcu7t5v0__xor3_2
Processing gf180mcu_fd_sc_mcu7t5v0__and4_4
Processing gf180mcu_fd_sc_mcu7t5v0__and4_1
Processing gf180mcu_fd_sc_mcu7t5v0__xor3_1
Processing gf180mcu_fd_sc_mcu7t5v0__xnor2_4
Processing gf180mcu_fd_sc_mcu7t5v0__nand3_2
Processing gf180mcu_fd_sc_mcu7t5v0__aoi221_1
Processing gf180mcu_fd_sc_mcu7t5v0__and4_2
Processing gf180mcu_fd_sc_mcu7t5v0__oai32_4
Processing gf180mcu_fd_sc_mcu7t5v0__inv_2
Processing gf180mcu_fd_sc_mcu7t5v0__oai221_4
Processing gf180mcu_fd_sc_mcu7t5v0__dffrnq_2
Processing gf180mcu_fd_sc_mcu7t5v0__nor3_4
Processing gf180mcu_fd_sc_mcu7t5v0__dffq_2
Processing gf180mcu_fd_sc_mcu7t5v0__dffq_1
Processing gf180mcu_fd_sc_mcu7t5v0__clkinv_3
Processing gf180mcu_fd_sc_mcu7t5v0__aoi211_4
Processing gf180mcu_fd_sc_mcu7t5v0__nand3_4
Processing gf180mcu_fd_sc_mcu7t5v0__dffq_4
Processing gf180mcu_fd_sc_mcu7t5v0__or3_1
Processing gf180mcu_fd_sc_mcu7t5v0__oai21_4
Processing gf180mcu_fd_sc_mcu7t5v0__buf_12
Processing gf180mcu_fd_sc_mcu7t5v0__nand2_4
Processing gf180mcu_fd_sc_mcu7t5v0__aoi22_4
Processing gf180mcu_fd_sc_mcu7t5v0__dlyb_1
Processing gf180mcu_fd_sc_mcu7t5v0__and2_2
Processing gf180mcu_fd_sc_mcu7t5v0__buf_16
Processing gf180mcu_fd_sc_mcu7t5v0__dlyc_1
Processing gf180mcu_fd_sc_mcu7t5v0__tiel
Processing user_proj_example
Processing user_project_wrapper
Extracting gf180mcu_fd_sc_mcu7t5v0__filltie into gf180mcu_fd_sc_mcu7t5v0__filltie.ext:
Extracting gf180mcu_fd_sc_mcu7t5v0__endcap into gf180mcu_fd_sc_mcu7t5v0__endcap.ext:
Extracting gf180mcu_fd_sc_mcu7t5v0__fillcap_8 into gf180mcu_fd_sc_mcu7t5v0__fillcap_8.ext:
Extracting gf180mcu_fd_sc_mcu7t5v0__fillcap_32 into gf180mcu_fd_sc_mcu7t5v0__fillcap_32.ext:
Extracting gf180mcu_fd_sc_mcu7t5v0__fillcap_4 into gf180mcu_fd_sc_mcu7t5v0__fillcap_4.ext:
Extracting gf180mcu_fd_sc_mcu7t5v0__fillcap_64 into gf180mcu_fd_sc_mcu7t5v0__fillcap_64.ext:
Extracting gf180mcu_fd_sc_mcu7t5v0__buf_8 into gf180mcu_fd_sc_mcu7t5v0__buf_8.ext:
Extracting gf180mcu_fd_sc_mcu7t5v0__antenna into gf180mcu_fd_sc_mcu7t5v0__antenna.ext:
Extracting gf180mcu_fd_sc_mcu7t5v0__clkbuf_2 into gf180mcu_fd_sc_mcu7t5v0__clkbuf_2.ext:
Extracting gf180mcu_fd_sc_mcu7t5v0__clkbuf_1 into gf180mcu_fd_sc_mcu7t5v0__clkbuf_1.ext:
Extracting gf180mcu_fd_sc_mcu7t5v0__fillcap_16 into gf180mcu_fd_sc_mcu7t5v0__fillcap_16.ext:
Extracting gf180mcu_fd_sc_mcu7t5v0__clkbuf_4 into gf180mcu_fd_sc_mcu7t5v0__clkbuf_4.ext:
Extracting gf180mcu_fd_sc_mcu7t5v0__clkbuf_3 into gf180mcu_fd_sc_mcu7t5v0__clkbuf_3.ext:
Extracting gf180mcu_fd_sc_mcu7t5v0__buf_1 into gf180mcu_fd_sc_mcu7t5v0__buf_1.ext:
Extracting gf180mcu_fd_sc_mcu7t5v0__buf_2 into gf180mcu_fd_sc_mcu7t5v0__buf_2.ext:
Extracting gf180mcu_fd_sc_mcu7t5v0__buf_3 into gf180mcu_fd_sc_mcu7t5v0__buf_3.ext:
Extracting gf180mcu_fd_sc_mcu7t5v0__nand4_2 into gf180mcu_fd_sc_mcu7t5v0__nand4_2.ext:
Extracting gf180mcu_fd_sc_mcu7t5v0__nand4_4 into gf180mcu_fd_sc_mcu7t5v0__nand4_4.ext:
Extracting gf180mcu_fd_sc_mcu7t5v0__nor4_4 into gf180mcu_fd_sc_mcu7t5v0__nor4_4.ext:
Extracting gf180mcu_fd_sc_mcu7t5v0__buf_4 into gf180mcu_fd_sc_mcu7t5v0__buf_4.ext:
Extracting gf180mcu_fd_sc_mcu7t5v0__mux2_2 into gf180mcu_fd_sc_mcu7t5v0__mux2_2.ext:
Extracting gf180mcu_fd_sc_mcu7t5v0__clkinv_1 into gf180mcu_fd_sc_mcu7t5v0__clkinv_1.ext:
Extracting gf180mcu_fd_sc_mcu7t5v0__xor2_1 into gf180mcu_fd_sc_mcu7t5v0__xor2_1.ext:
Extracting gf180mcu_fd_sc_mcu7t5v0__nand2_1 into gf180mcu_fd_sc_mcu7t5v0__nand2_1.ext:
Extracting gf180mcu_fd_sc_mcu7t5v0__mux4_1 into gf180mcu_fd_sc_mcu7t5v0__mux4_1.ext:
Extracting gf180mcu_fd_sc_mcu7t5v0__or2_1 into gf180mcu_fd_sc_mcu7t5v0__or2_1.ext:
Extracting gf180mcu_fd_sc_mcu7t5v0__oai211_1 into gf180mcu_fd_sc_mcu7t5v0__oai211_1.ext:
Extracting gf180mcu_fd_sc_mcu7t5v0__oai21_1 into gf180mcu_fd_sc_mcu7t5v0__oai21_1.ext:
Extracting gf180mcu_fd_sc_mcu7t5v0__oai22_1 into gf180mcu_fd_sc_mcu7t5v0__oai22_1.ext:
Extracting gf180mcu_fd_sc_mcu7t5v0__nor2_1 into gf180mcu_fd_sc_mcu7t5v0__nor2_1.ext:
Extracting gf180mcu_fd_sc_mcu7t5v0__inv_1 into gf180mcu_fd_sc_mcu7t5v0__inv_1.ext:
Extracting gf180mcu_fd_sc_mcu7t5v0__nor4_2 into gf180mcu_fd_sc_mcu7t5v0__nor4_2.ext:
Extracting gf180mcu_fd_sc_mcu7t5v0__xnor2_1 into gf180mcu_fd_sc_mcu7t5v0__xnor2_1.ext:
Extracting gf180mcu_fd_sc_mcu7t5v0__nand3_1 into gf180mcu_fd_sc_mcu7t5v0__nand3_1.ext:
Extracting gf180mcu_fd_sc_mcu7t5v0__nand4_1 into gf180mcu_fd_sc_mcu7t5v0__nand4_1.ext:
Extracting gf180mcu_fd_sc_mcu7t5v0__oai31_1 into gf180mcu_fd_sc_mcu7t5v0__oai31_1.ext:
Extracting gf180mcu_fd_sc_mcu7t5v0__aoi21_1 into gf180mcu_fd_sc_mcu7t5v0__aoi21_1.ext:
Extracting gf180mcu_fd_sc_mcu7t5v0__aoi22_1 into gf180mcu_fd_sc_mcu7t5v0__aoi22_1.ext:
Extracting gf180mcu_fd_sc_mcu7t5v0__and2_1 into gf180mcu_fd_sc_mcu7t5v0__and2_1.ext:
Extracting gf180mcu_fd_sc_mcu7t5v0__nand2_2 into gf180mcu_fd_sc_mcu7t5v0__nand2_2.ext:
Extracting gf180mcu_fd_sc_mcu7t5v0__aoi21_2 into gf180mcu_fd_sc_mcu7t5v0__aoi21_2.ext:
Extracting gf180mcu_fd_sc_mcu7t5v0__and3_1 into gf180mcu_fd_sc_mcu7t5v0__and3_1.ext:
Extracting gf180mcu_fd_sc_mcu7t5v0__mux4_2 into gf180mcu_fd_sc_mcu7t5v0__mux4_2.ext:
Extracting gf180mcu_fd_sc_mcu7t5v0__aoi211_2 into gf180mcu_fd_sc_mcu7t5v0__aoi211_2.ext:
Extracting gf180mcu_fd_sc_mcu7t5v0__oai32_1 into gf180mcu_fd_sc_mcu7t5v0__oai32_1.ext:
Extracting gf180mcu_fd_sc_mcu7t5v0__oai211_2 into gf180mcu_fd_sc_mcu7t5v0__oai211_2.ext:
Extracting gf180mcu_fd_sc_mcu7t5v0__oai22_2 into gf180mcu_fd_sc_mcu7t5v0__oai22_2.ext:
Extracting gf180mcu_fd_sc_mcu7t5v0__nor2_2 into gf180mcu_fd_sc_mcu7t5v0__nor2_2.ext:
Extracting gf180mcu_fd_sc_mcu7t5v0__aoi221_4 into gf180mcu_fd_sc_mcu7t5v0__aoi221_4.ext:
Extracting gf180mcu_fd_sc_mcu7t5v0__aoi211_1 into gf180mcu_fd_sc_mcu7t5v0__aoi211_1.ext:
Extracting gf180mcu_fd_sc_mcu7t5v0__oai221_1 into gf180mcu_fd_sc_mcu7t5v0__oai221_1.ext:
Extracting gf180mcu_fd_sc_mcu7t5v0__xor2_2 into gf180mcu_fd_sc_mcu7t5v0__xor2_2.ext:
Extracting gf180mcu_fd_sc_mcu7t5v0__oai221_2 into gf180mcu_fd_sc_mcu7t5v0__oai221_2.ext:
Extracting gf180mcu_fd_sc_mcu7t5v0__nor3_2 into gf180mcu_fd_sc_mcu7t5v0__nor3_2.ext:
Extracting gf180mcu_fd_sc_mcu7t5v0__oai21_2 into gf180mcu_fd_sc_mcu7t5v0__oai21_2.ext:
Extracting gf180mcu_fd_sc_mcu7t5v0__nor3_1 into gf180mcu_fd_sc_mcu7t5v0__nor3_1.ext:
Extracting gf180mcu_fd_sc_mcu7t5v0__mux4_4 into gf180mcu_fd_sc_mcu7t5v0__mux4_4.ext:
Extracting gf180mcu_fd_sc_mcu7t5v0__oai31_2 into gf180mcu_fd_sc_mcu7t5v0__oai31_2.ext:
Extracting gf180mcu_fd_sc_mcu7t5v0__oai22_4 into gf180mcu_fd_sc_mcu7t5v0__oai22_4.ext:
Extracting gf180mcu_fd_sc_mcu7t5v0__xnor2_2 into gf180mcu_fd_sc_mcu7t5v0__xnor2_2.ext:
Extracting gf180mcu_fd_sc_mcu7t5v0__dffrnq_1 into gf180mcu_fd_sc_mcu7t5v0__dffrnq_1.ext:
Extracting gf180mcu_fd_sc_mcu7t5v0__aoi21_4 into gf180mcu_fd_sc_mcu7t5v0__aoi21_4.ext:
Extracting gf180mcu_fd_sc_mcu7t5v0__aoi221_2 into gf180mcu_fd_sc_mcu7t5v0__aoi221_2.ext:
Extracting gf180mcu_fd_sc_mcu7t5v0__xor2_4 into gf180mcu_fd_sc_mcu7t5v0__xor2_4.ext:
Extracting gf180mcu_fd_sc_mcu7t5v0__clkbuf_16 into gf180mcu_fd_sc_mcu7t5v0__clkbuf_16.ext:
Extracting gf180mcu_fd_sc_mcu7t5v0__dffrnq_4 into gf180mcu_fd_sc_mcu7t5v0__dffrnq_4.ext:
Extracting gf180mcu_fd_sc_mcu7t5v0__clkinv_2 into gf180mcu_fd_sc_mcu7t5v0__clkinv_2.ext:
Extracting gf180mcu_fd_sc_mcu7t5v0__nor2_4 into gf180mcu_fd_sc_mcu7t5v0__nor2_4.ext:
Extracting gf180mcu_fd_sc_mcu7t5v0__and3_2 into gf180mcu_fd_sc_mcu7t5v0__and3_2.ext:
Extracting gf180mcu_fd_sc_mcu7t5v0__aoi22_2 into gf180mcu_fd_sc_mcu7t5v0__aoi22_2.ext:
Extracting gf180mcu_fd_sc_mcu7t5v0__or2_2 into gf180mcu_fd_sc_mcu7t5v0__or2_2.ext:
Extracting gf180mcu_fd_sc_mcu7t5v0__clkbuf_8 into gf180mcu_fd_sc_mcu7t5v0__clkbuf_8.ext:
Extracting gf180mcu_fd_sc_mcu7t5v0__xor3_2 into gf180mcu_fd_sc_mcu7t5v0__xor3_2.ext:
Extracting gf180mcu_fd_sc_mcu7t5v0__and4_4 into gf180mcu_fd_sc_mcu7t5v0__and4_4.ext:
Extracting gf180mcu_fd_sc_mcu7t5v0__and4_1 into gf180mcu_fd_sc_mcu7t5v0__and4_1.ext:
Extracting gf180mcu_fd_sc_mcu7t5v0__xor3_1 into gf180mcu_fd_sc_mcu7t5v0__xor3_1.ext:
Extracting gf180mcu_fd_sc_mcu7t5v0__xnor2_4 into gf180mcu_fd_sc_mcu7t5v0__xnor2_4.ext:
Extracting gf180mcu_fd_sc_mcu7t5v0__nand3_2 into gf180mcu_fd_sc_mcu7t5v0__nand3_2.ext:
Extracting gf180mcu_fd_sc_mcu7t5v0__aoi221_1 into gf180mcu_fd_sc_mcu7t5v0__aoi221_1.ext:
Extracting gf180mcu_fd_sc_mcu7t5v0__and4_2 into gf180mcu_fd_sc_mcu7t5v0__and4_2.ext:
Extracting gf180mcu_fd_sc_mcu7t5v0__oai32_4 into gf180mcu_fd_sc_mcu7t5v0__oai32_4.ext:
Extracting gf180mcu_fd_sc_mcu7t5v0__inv_2 into gf180mcu_fd_sc_mcu7t5v0__inv_2.ext:
Extracting gf180mcu_fd_sc_mcu7t5v0__oai221_4 into gf180mcu_fd_sc_mcu7t5v0__oai221_4.ext:
Extracting gf180mcu_fd_sc_mcu7t5v0__dffrnq_2 into gf180mcu_fd_sc_mcu7t5v0__dffrnq_2.ext:
Extracting gf180mcu_fd_sc_mcu7t5v0__nor3_4 into gf180mcu_fd_sc_mcu7t5v0__nor3_4.ext:
Extracting gf180mcu_fd_sc_mcu7t5v0__dffq_2 into gf180mcu_fd_sc_mcu7t5v0__dffq_2.ext:
Extracting gf180mcu_fd_sc_mcu7t5v0__dffq_1 into gf180mcu_fd_sc_mcu7t5v0__dffq_1.ext:
Extracting gf180mcu_fd_sc_mcu7t5v0__clkinv_3 into gf180mcu_fd_sc_mcu7t5v0__clkinv_3.ext:
Extracting gf180mcu_fd_sc_mcu7t5v0__aoi211_4 into gf180mcu_fd_sc_mcu7t5v0__aoi211_4.ext:
Extracting gf180mcu_fd_sc_mcu7t5v0__nand3_4 into gf180mcu_fd_sc_mcu7t5v0__nand3_4.ext:
Extracting gf180mcu_fd_sc_mcu7t5v0__dffq_4 into gf180mcu_fd_sc_mcu7t5v0__dffq_4.ext:
Extracting gf180mcu_fd_sc_mcu7t5v0__or3_1 into gf180mcu_fd_sc_mcu7t5v0__or3_1.ext:
Extracting gf180mcu_fd_sc_mcu7t5v0__oai21_4 into gf180mcu_fd_sc_mcu7t5v0__oai21_4.ext:
Extracting gf180mcu_fd_sc_mcu7t5v0__buf_12 into gf180mcu_fd_sc_mcu7t5v0__buf_12.ext:
Extracting gf180mcu_fd_sc_mcu7t5v0__nand2_4 into gf180mcu_fd_sc_mcu7t5v0__nand2_4.ext:
Extracting gf180mcu_fd_sc_mcu7t5v0__aoi22_4 into gf180mcu_fd_sc_mcu7t5v0__aoi22_4.ext:
Extracting gf180mcu_fd_sc_mcu7t5v0__dlyb_1 into gf180mcu_fd_sc_mcu7t5v0__dlyb_1.ext:
Extracting gf180mcu_fd_sc_mcu7t5v0__and2_2 into gf180mcu_fd_sc_mcu7t5v0__and2_2.ext:
Extracting gf180mcu_fd_sc_mcu7t5v0__buf_16 into gf180mcu_fd_sc_mcu7t5v0__buf_16.ext:
Extracting gf180mcu_fd_sc_mcu7t5v0__dlyc_1 into gf180mcu_fd_sc_mcu7t5v0__dlyc_1.ext:
Extracting gf180mcu_fd_sc_mcu7t5v0__tiel into gf180mcu_fd_sc_mcu7t5v0__tiel.ext:
Extracting user_proj_example into user_proj_example.ext:
Created database crash recovery file /tmp//MAG5950.1Vjs5u
Extracting user_project_wrapper into user_project_wrapper.ext:
Devs merged: 0
Devs merged: 0
Devs merged: 0
Devs merged: 0
Devs merged: 0
Devs merged: 2
Devs merged: 2
Devs merged: 2
Devs merged: 2
Devs merged: 4
Devs merged: 4
Devs merged: 8
Devs merged: 10
Devs merged: 12
Devs merged: 12
Devs merged: 12
Devs merged: 12
Devs merged: 16
Devs merged: 16
Devs merged: 20
Devs merged: 20
Devs merged: 27
Devs merged: 35
Devs merged: 38
Devs merged: 38
Devs merged: 38
Devs merged: 38
Devs merged: 38
Devs merged: 40
Devs merged: 51
Devs merged: 51
Devs merged: 53
Devs merged: 53
Devs merged: 65
Devs merged: 65
Devs merged: 65
Devs merged: 65
Devs merged: 65
Devs merged: 107
Devs merged: 119
Devs merged: 127
Devs merged: 147
Devs merged: 149
Devs merged: 149
Devs merged: 153
Devs merged: 165
Devs merged: 172
Devs merged: 174
Devs merged: 192
Devs merged: 196
Devs merged: 200
Devs merged: 200
Devs merged: 200
Devs merged: 203
Devs merged: 205
Devs merged: 207
Devs merged: 212
Devs merged: 230
Devs merged: 230
Devs merged: 232
Devs merged: 238
Devs merged: 238
Devs merged: 244
Devs merged: 244
Devs merged: 244
Devs merged: 244
Devs merged: 246
Devs merged: 248
Devs merged: 248
Devs merged: 250
Devs merged: 250
Devs merged: 250
Devs merged: 262
Devs merged: 266
Devs merged: 283
Devs merged: 283
Devs merged: 295
Devs merged: 301
Devs merged: 313
Devs merged: 323
Devs merged: 325
Devs merged: 325
Devs merged: 329
Devs merged: 340
Devs merged: 346
Devs merged: 352
Devs merged: 352
Devs merged: 364
Devs merged: 368
Devs merged: 374
Devs merged: 378
Devs merged: 383
Devs merged: 402
Devs merged: 446
Devs merged: 448
Devs merged: 448
Devs merged: 450
Devs merged: 456
Devs merged: 488
Devs merged: 488
Devs merged: 488
exttospice finished.
Using technology "gf180mcuD", version 1.0.453-0-g559a117
END: Sat 09 Dec 2023 06:11:11 PM UTC
Runtime: 0:17:59 (hh:mm:ss)
