2023-12-04 16:44:53 +0000: Memory Usage (623016K) : Starting running GF180MCU Klayout DRC runset on /home/mc/encryption_caravel_user_project/gds/user_project_wrapper.gds
2023-12-04 16:44:53 +0000: Memory Usage (623016K) : Ruby Version for klayout: 3.0.2
2023-12-04 16:44:54 +0000: Memory Usage (696612K) : Loading database to memory is complete.
2023-12-04 16:44:54 +0000: Memory Usage (696612K) : GF180MCU Klayout DRC runset output at: /home/mc/encryption_caravel_user_project/precheck_results/04_DEC_2023___16_24_16/outputs/reports/klayout_offgrid_check.xml
2023-12-04 16:44:54 +0000: Memory Usage (696612K) : Evaluate switches.
2023-12-04 16:44:54 +0000: Memory Usage (696612K) : table_name selected  main
2023-12-04 16:44:54 +0000: Memory Usage (696612K) : CONNECTIVITY_RULES enabled: true
2023-12-04 16:44:54 +0000: Memory Usage (696612K) : Wedge enabled: false
2023-12-04 16:44:54 +0000: Memory Usage (696612K) : Ball enabled: false
2023-12-04 16:44:54 +0000: Memory Usage (696612K) : Gold enabled: false
2023-12-04 16:44:54 +0000: Memory Usage (696612K) : MIM Option selected: B
2023-12-04 16:44:54 +0000: Memory Usage (696612K) : Offgrid enabled:  true
2023-12-04 16:44:54 +0000: Memory Usage (696612K) : Number of threads to use 2
2023-12-04 16:44:54 +0000: Memory Usage (696612K) : Verbose mode: 
2023-12-04 16:44:54 +0000: Memory Usage (696612K) : deep  mode is enabled for main table
2023-12-04 16:44:54 +0000: Memory Usage (696612K) : METAL_TOP Selected is 11K
2023-12-04 16:44:54 +0000: Memory Usage (696612K) : METAL_STACK Selected is 5LM
2023-12-04 16:44:54 +0000: Memory Usage (696612K) : FEOL enabled: false
2023-12-04 16:44:54 +0000: Memory Usage (696612K) : BEOL enabled: false
2023-12-04 16:44:54 +0000: Memory Usage (696612K) : SLOW_VIA enabled: false
2023-12-04 16:44:54 +0000: Memory Usage (696612K) : Read in polygons from layers.
2023-12-04 16:44:54 +0000: Memory Usage (701252K) : comp has 1123612 polygons
2023-12-04 16:44:54 +0000: Memory Usage (701252K) : dnwell has 0 polygons
2023-12-04 16:44:54 +0000: Memory Usage (701252K) : nwell has 97541 polygons
2023-12-04 16:44:54 +0000: Memory Usage (701252K) : lvpwell has 97541 polygons
2023-12-04 16:44:54 +0000: Memory Usage (701252K) : dualgate has 97541 polygons
2023-12-04 16:44:54 +0000: Memory Usage (701252K) : poly2 has 1059325 polygons
2023-12-04 16:44:55 +0000: Memory Usage (701252K) : nplus has 97541 polygons
2023-12-04 16:44:55 +0000: Memory Usage (701252K) : pplus has 129811 polygons
2023-12-04 16:44:55 +0000: Memory Usage (701252K) : sab has 0 polygons
2023-12-04 16:44:55 +0000: Memory Usage (701252K) : esd has 0 polygons
2023-12-04 16:44:55 +0000: Memory Usage (701252K) : resistor has 0 polygons
2023-12-04 16:44:55 +0000: Memory Usage (701252K) : fhres has 0 polygons
2023-12-04 16:44:55 +0000: Memory Usage (701252K) : fusetop has 0 polygons
2023-12-04 16:44:55 +0000: Memory Usage (701252K) : fusewindow_d has 0 polygons
2023-12-04 16:44:55 +0000: Memory Usage (701252K) : polyfuse has 0 polygons
2023-12-04 16:44:55 +0000: Memory Usage (701252K) : mvsd has 0 polygons
2023-12-04 16:44:55 +0000: Memory Usage (701252K) : mvpsd has 0 polygons
2023-12-04 16:44:55 +0000: Memory Usage (701252K) : nat has 0 polygons
2023-12-04 16:44:55 +0000: Memory Usage (701252K) : comp_dummy has 0 polygons
2023-12-04 16:44:55 +0000: Memory Usage (701252K) : poly2_dummy has 0 polygons
2023-12-04 16:44:55 +0000: Memory Usage (701252K) : schottky_diode has 0 polygons
2023-12-04 16:44:55 +0000: Memory Usage (701252K) : zener has 0 polygons
2023-12-04 16:44:55 +0000: Memory Usage (701252K) : res_mk has 0 polygons
2023-12-04 16:44:55 +0000: Memory Usage (701252K) : opc_drc has 0 polygons
2023-12-04 16:44:55 +0000: Memory Usage (701252K) : v5_xtor has 97541 polygons
2023-12-04 16:44:55 +0000: Memory Usage (701252K) : cap_mk has 0 polygons
2023-12-04 16:44:55 +0000: Memory Usage (701252K) : mos_cap_mk has 0 polygons
2023-12-04 16:44:55 +0000: Memory Usage (701252K) : ind_mk has 0 polygons
2023-12-04 16:44:55 +0000: Memory Usage (701252K) : diode_mk has 413 polygons
2023-12-04 16:44:55 +0000: Memory Usage (701252K) : drc_bjt has 0 polygons
2023-12-04 16:44:55 +0000: Memory Usage (701252K) : lvs_bjt has 0 polygons
2023-12-04 16:44:55 +0000: Memory Usage (701252K) : mim_l_mk has 0 polygons
2023-12-04 16:44:55 +0000: Memory Usage (701252K) : latchup_mk has 0 polygons
2023-12-04 16:44:55 +0000: Memory Usage (701252K) : guard_ring_mk has 0 polygons
2023-12-04 16:44:55 +0000: Memory Usage (701252K) : otp_mk has 0 polygons
2023-12-04 16:44:55 +0000: Memory Usage (701252K) : mtpmark has 0 polygons
2023-12-04 16:44:55 +0000: Memory Usage (701252K) : neo_ee_mk has 0 polygons
2023-12-04 16:44:55 +0000: Memory Usage (701252K) : sramcore has 0 polygons
2023-12-04 16:44:55 +0000: Memory Usage (701252K) : lvs_rf has 0 polygons
2023-12-04 16:44:55 +0000: Memory Usage (701252K) : lvs_drain has 0 polygons
2023-12-04 16:44:55 +0000: Memory Usage (701252K) : ind_mk has 0 polygons
2023-12-04 16:44:55 +0000: Memory Usage (701252K) : hvpolyrs has 0 polygons
2023-12-04 16:44:55 +0000: Memory Usage (701252K) : lvs_io has 0 polygons
2023-12-04 16:44:55 +0000: Memory Usage (701252K) : probe_mk has 0 polygons
2023-12-04 16:44:55 +0000: Memory Usage (701252K) : esd_mk has 0 polygons
2023-12-04 16:44:55 +0000: Memory Usage (701252K) : lvs_source has 0 polygons
2023-12-04 16:44:55 +0000: Memory Usage (701252K) : well_diode_mk has 0 polygons
2023-12-04 16:44:55 +0000: Memory Usage (701252K) : ldmos_xtor has 0 polygons
2023-12-04 16:44:55 +0000: Memory Usage (701252K) : plfuse has 0 polygons
2023-12-04 16:44:55 +0000: Memory Usage (701252K) : efuse_mk has 0 polygons
2023-12-04 16:44:55 +0000: Memory Usage (701252K) : mcell_feol_mk has 0 polygons
2023-12-04 16:44:55 +0000: Memory Usage (701252K) : ymtp_mk has 0 polygons
2023-12-04 16:44:55 +0000: Memory Usage (701252K) : dev_wf_mk has 0 polygons
2023-12-04 16:44:55 +0000: Memory Usage (701252K) : comp_label has 0 polygons
2023-12-04 16:44:55 +0000: Memory Usage (701252K) : poly2_label has 0 polygons
2023-12-04 16:44:55 +0000: Memory Usage (701252K) : mdiode has 0 polygons
2023-12-04 16:44:55 +0000: Memory Usage (701252K) : ndmy has 0 polygons
2023-12-04 16:44:55 +0000: Memory Usage (701252K) : pmndmy has 0 polygons
2023-12-04 16:44:55 +0000: Memory Usage (701252K) : contact has 5459449 polygons
2023-12-04 16:44:56 +0000: Memory Usage (701252K) : metal1_drawn has 2750403 polygons
2023-12-04 16:44:56 +0000: Memory Usage (701252K) : metal1_dummy has 0 polygons
2023-12-04 16:44:56 +0000: Memory Usage (701252K) : metal1_label has 0 polygons
2023-12-04 16:44:56 +0000: Memory Usage (701252K) : metal1_slot has 0 polygons
2023-12-04 16:44:56 +0000: Memory Usage (701252K) : metal1_blk has 0 polygons
2023-12-04 16:44:56 +0000: Memory Usage (701252K) : via1 has 26252 polygons
2023-12-04 16:44:56 +0000: Memory Usage (701252K) : metal2_drawn has 13166 polygons
2023-12-04 16:44:56 +0000: Memory Usage (701252K) : metal2_dummy has 0 polygons
2023-12-04 16:44:56 +0000: Memory Usage (701252K) : metal2_label has 630 polygons
2023-12-04 16:44:56 +0000: Memory Usage (701252K) : metal2_slot has 0 polygons
2023-12-04 16:44:56 +0000: Memory Usage (701252K) : metal2_blk has 0 polygons
2023-12-04 16:44:56 +0000: Memory Usage (701764K) : via2 has 26596 polygons
2023-12-04 16:44:56 +0000: Memory Usage (701764K) : metal3_drawn has 9752 polygons
2023-12-04 16:44:56 +0000: Memory Usage (701764K) : metal3_dummy has 0 polygons
2023-12-04 16:44:56 +0000: Memory Usage (701764K) : metal3_label has 135 polygons
2023-12-04 16:44:56 +0000: Memory Usage (701764K) : metal3_slot has 0 polygons
2023-12-04 16:44:56 +0000: Memory Usage (701764K) : metal3_blk has 0 polygons
2023-12-04 16:44:56 +0000: Memory Usage (702532K) : via3 has 24602 polygons
2023-12-04 16:44:56 +0000: Memory Usage (702532K) : metal4_drawn has 861 polygons
2023-12-04 16:44:56 +0000: Memory Usage (702532K) : metal4_dummy has 0 polygons
2023-12-04 16:44:56 +0000: Memory Usage (702532K) : metal4_label has 84 polygons
2023-12-04 16:44:56 +0000: Memory Usage (702532K) : metal4_slot has 0 polygons
2023-12-04 16:44:56 +0000: Memory Usage (702532K) : metal4_blk has 0 polygons
2023-12-04 16:44:56 +0000: Memory Usage (703044K) : via4 has 30184 polygons
2023-12-04 16:44:56 +0000: Memory Usage (703044K) : metal5_drawn has 78 polygons
2023-12-04 16:44:56 +0000: Memory Usage (703044K) : metal5_dummy has 0 polygons
2023-12-04 16:44:56 +0000: Memory Usage (703044K) : metal5_label has 70 polygons
2023-12-04 16:44:56 +0000: Memory Usage (703044K) : metal5_slot has 0 polygons
2023-12-04 16:44:57 +0000: Memory Usage (703044K) : metal5_blk has 0 polygons
2023-12-04 16:44:57 +0000: Memory Usage (703044K) : pad has 0 polygons
2023-12-04 16:44:57 +0000: Memory Usage (703044K) : ubmpperi has 0 polygons
2023-12-04 16:44:57 +0000: Memory Usage (703044K) : ubmparray has 0 polygons
2023-12-04 16:44:57 +0000: Memory Usage (703044K) : ubmeplate has 0 polygons
2023-12-04 16:44:57 +0000: Memory Usage (703044K) : metal1_res has 0 polygons
2023-12-04 16:44:57 +0000: Memory Usage (703044K) : metal2_res has 0 polygons
2023-12-04 16:44:57 +0000: Memory Usage (703044K) : metal3_res has 0 polygons
2023-12-04 16:44:57 +0000: Memory Usage (703044K) : metal4_res has 0 polygons
2023-12-04 16:44:57 +0000: Memory Usage (703044K) : metal5_res has 0 polygons
2023-12-04 16:44:57 +0000: Memory Usage (703044K) : metal6_res has 0 polygons
2023-12-04 16:44:57 +0000: Memory Usage (704568K) : pr_bndry has 97543 polygons
2023-12-04 16:44:57 +0000: Memory Usage (704568K) : border has 0 polygons
2023-12-04 16:44:57 +0000: Memory Usage (704568K) : Total no. of polygons in the design is 11240671
2023-12-04 16:44:57 +0000: Memory Usage (704568K) : Starting deriving base layers.
2023-12-04 16:45:13 +0000: Memory Usage (1004860K) : Construct connectivity for the design.
2023-12-04 16:45:13 +0000: Memory Usage (1004860K) : Connectivity rules enabled, Netlist object will be generated.
2023-12-04 16:45:39 +0000: Memory Usage (1134348K) : Total area of the design is 8997120.228799999 um^2.
2023-12-04 16:45:40 +0000: Memory Usage (1134348K) : Starting GF180MCU DRC rules.
2023-12-04 16:45:40 +0000: Memory Usage (1134348K) : Executing rule DE.2
2023-12-04 16:45:40 +0000: Memory Usage (1134348K) : Executing rule DE.3
2023-12-04 16:45:40 +0000: Memory Usage (1134348K) : Executing rule DE.4
2023-12-04 16:45:40 +0000: Memory Usage (1134348K) : Starting EFUSE derivations
2023-12-04 16:45:40 +0000: Memory Usage (1134348K) : Executing rule EF.01
2023-12-04 16:45:40 +0000: Memory Usage (1134348K) : Executing rule EF.02
2023-12-04 16:45:40 +0000: Memory Usage (1134944K) : Executing rule EF.03
2023-12-04 16:45:40 +0000: Memory Usage (1134944K) : Executing rule EF.04a
2023-12-04 16:45:40 +0000: Memory Usage (1134944K) : Executing rule EF.04b
2023-12-04 16:45:40 +0000: Memory Usage (1134944K) : Executing rule EF.04c
2023-12-04 16:45:40 +0000: Memory Usage (1134944K) : Executing rule EF.04d
2023-12-04 16:45:40 +0000: Memory Usage (1134944K) : Executing rule EF.05
2023-12-04 16:45:40 +0000: Memory Usage (1134944K) : Executing rule EF.06
2023-12-04 16:45:41 +0000: Memory Usage (1135136K) : Executing rule EF.07
2023-12-04 16:45:41 +0000: Memory Usage (1135136K) : Executing rule EF.08
2023-12-04 16:45:41 +0000: Memory Usage (1135276K) : Executing rule EF.09
2023-12-04 16:45:41 +0000: Memory Usage (1135276K) : Executing rule EF.10
2023-12-04 16:45:41 +0000: Memory Usage (1135276K) : Executing rule EF.11
2023-12-04 16:45:41 +0000: Memory Usage (1135276K) : Executing rule EF.12
2023-12-04 16:45:41 +0000: Memory Usage (1135276K) : Executing rule EF.13
2023-12-04 16:45:41 +0000: Memory Usage (1135276K) : Executing rule EF.14
2023-12-04 16:45:41 +0000: Memory Usage (1135276K) : Executing rule EF.15
2023-12-04 16:45:41 +0000: Memory Usage (1135276K) : Executing rule EF.16a
2023-12-04 16:45:41 +0000: Memory Usage (1135276K) : Executing rule EF.16b
2023-12-04 16:45:41 +0000: Memory Usage (1135276K) : Executing rule EF.17
2023-12-04 16:45:41 +0000: Memory Usage (1135276K) : Executing rule EF.18
2023-12-04 16:45:41 +0000: Memory Usage (1135276K) : Executing rule EF.19
2023-12-04 16:45:41 +0000: Memory Usage (1135276K) : Executing rule EF.20
2023-12-04 16:45:41 +0000: Memory Usage (1135276K) : Executing rule EF.21
2023-12-04 16:45:41 +0000: Memory Usage (1135276K) : Executing rule EF.22a
2023-12-04 16:45:42 +0000: Memory Usage (1135276K) : Executing rule EF.22b
2023-12-04 16:45:42 +0000: Memory Usage (1135276K) : MIM Capacitor Option B section
2023-12-04 16:45:42 +0000: Memory Usage (1135276K) : Executing rule MIMTM.1
2023-12-04 16:45:42 +0000: Memory Usage (1135276K) : Executing rule MIMTM.2
2023-12-04 16:45:42 +0000: Memory Usage (1135276K) : Executing rule MIMTM.3
2023-12-04 16:45:42 +0000: Memory Usage (1135276K) : Executing rule MIMTM.4
2023-12-04 16:45:42 +0000: Memory Usage (1135276K) : Executing rule MIMTM.5
2023-12-04 16:45:43 +0000: Memory Usage (1135844K) : Executing rule MIMTM.6
2023-12-04 16:45:43 +0000: Memory Usage (1135844K) : Executing rule MIMTM.7
2023-12-04 16:45:43 +0000: Memory Usage (1135844K) : Executing rule MIMTM.8a
2023-12-04 16:45:43 +0000: Memory Usage (1135844K) : Executing rule MIMTM.8b
2023-12-04 16:45:43 +0000: Memory Usage (1135844K) : Executing rule MIMTM.9
2023-12-04 16:45:43 +0000: Memory Usage (1135844K) : Executing rule MIMTM.10
2023-12-04 16:45:43 +0000: Memory Usage (1135844K) : Executing rule MIMTM.11
2023-12-04 16:45:43 +0000: Memory Usage (1135844K) : OFFGRID-ANGLES section
2023-12-04 16:45:43 +0000: Memory Usage (1135844K) : Executing rule comp_OFFGRID
2023-12-04 16:45:44 +0000: Memory Usage (1138916K) : Executing rule dnwell_OFFGRID
2023-12-04 16:45:44 +0000: Memory Usage (1138916K) : Executing rule nwell_OFFGRID
2023-12-04 16:45:45 +0000: Memory Usage (1159244K) : Executing rule lvpwell_OFFGRID
2023-12-04 16:45:47 +0000: Memory Usage (1159244K) : Executing rule dualgate_OFFGRID
2023-12-04 16:45:49 +0000: Memory Usage (1167464K) : Executing rule poly2_OFFGRID
2023-12-04 16:45:49 +0000: Memory Usage (1167464K) : Executing rule nplus_OFFGRID
2023-12-04 16:45:52 +0000: Memory Usage (1168924K) : Executing rule pplus_OFFGRID
2023-12-04 16:45:53 +0000: Memory Usage (1170972K) : Executing rule sab_OFFGRID
2023-12-04 16:45:54 +0000: Memory Usage (1170972K) : Executing rule esd_OFFGRID
2023-12-04 16:45:54 +0000: Memory Usage (1170972K) : Executing rule resistor_OFFGRID
2023-12-04 16:45:54 +0000: Memory Usage (1170972K) : Executing rule fhres_OFFGRID
2023-12-04 16:45:54 +0000: Memory Usage (1170972K) : Executing rule fusetop_OFFGRID
2023-12-04 16:45:54 +0000: Memory Usage (1170972K) : Executing rule fusewindow_d_OFFGRID
2023-12-04 16:45:54 +0000: Memory Usage (1170972K) : Executing rule polyfuse_OFFGRID
2023-12-04 16:45:54 +0000: Memory Usage (1170972K) : Executing rule mvsd_OFFGRID
2023-12-04 16:45:54 +0000: Memory Usage (1170972K) : Executing rule mvpsd_OFFGRID
2023-12-04 16:45:54 +0000: Memory Usage (1170972K) : Executing rule nat_OFFGRID
2023-12-04 16:45:55 +0000: Memory Usage (1170972K) : Executing rule comp_dummy_OFFGRID
2023-12-04 16:45:55 +0000: Memory Usage (1170972K) : Executing rule poly2_dummy_OFFGRID
2023-12-04 16:45:55 +0000: Memory Usage (1170972K) : Executing rule schottky_diode_OFFGRID
2023-12-04 16:45:55 +0000: Memory Usage (1170972K) : Executing rule zener_OFFGRID
2023-12-04 16:45:55 +0000: Memory Usage (1170972K) : Executing rule res_mk_OFFGRID
2023-12-04 16:45:55 +0000: Memory Usage (1170972K) : Executing rule opc_drc_OFFGRID
2023-12-04 16:45:55 +0000: Memory Usage (1170972K) : Executing rule ndmy_OFFGRID
2023-12-04 16:45:55 +0000: Memory Usage (1170972K) : Executing rule pmndmy_OFFGRID
2023-12-04 16:45:55 +0000: Memory Usage (1170972K) : Executing rule v5_xtor_OFFGRID
2023-12-04 16:45:57 +0000: Memory Usage (1162844K) : Executing rule cap_mk_OFFGRID
2023-12-04 16:45:57 +0000: Memory Usage (1162844K) : Executing rule mos_cap_mk_OFFGRID
2023-12-04 16:45:57 +0000: Memory Usage (1162844K) : Executing rule ind_mk_OFFGRID
2023-12-04 16:45:57 +0000: Memory Usage (1162844K) : Executing rule diode_mk_OFFGRID
2023-12-04 16:45:58 +0000: Memory Usage (1162844K) : Executing rule drc_bjt_OFFGRID
2023-12-04 16:45:58 +0000: Memory Usage (1162844K) : Executing rule lvs_bjt_OFFGRID
2023-12-04 16:45:58 +0000: Memory Usage (1162844K) : Executing rule mim_l_mk_OFFGRID
2023-12-04 16:45:58 +0000: Memory Usage (1162844K) : Executing rule latchup_mk_OFFGRID
2023-12-04 16:45:58 +0000: Memory Usage (1162844K) : Executing rule guard_ring_mk_OFFGRID
2023-12-04 16:45:58 +0000: Memory Usage (1162844K) : Executing rule otp_mk_OFFGRID
2023-12-04 16:45:58 +0000: Memory Usage (1162844K) : Executing rule mtpmark_OFFGRID
2023-12-04 16:45:58 +0000: Memory Usage (1162844K) : Executing rule neo_ee_mk_OFFGRID
2023-12-04 16:45:58 +0000: Memory Usage (1162844K) : Executing rule sramcore_OFFGRID
2023-12-04 16:45:59 +0000: Memory Usage (1162844K) : Executing rule lvs_rf_OFFGRID
2023-12-04 16:45:59 +0000: Memory Usage (1162844K) : Executing rule lvs_drain_OFFGRID
2023-12-04 16:45:59 +0000: Memory Usage (1162844K) : Executing rule ind_mk_OFFGRID
2023-12-04 16:45:59 +0000: Memory Usage (1162844K) : Executing rule hvpolyrs_OFFGRID
2023-12-04 16:45:59 +0000: Memory Usage (1162844K) : Executing rule lvs_io_OFFGRID
2023-12-04 16:45:59 +0000: Memory Usage (1162844K) : Executing rule probe_mk_OFFGRID
2023-12-04 16:45:59 +0000: Memory Usage (1162844K) : Executing rule esd_mk_OFFGRID
2023-12-04 16:45:59 +0000: Memory Usage (1162844K) : Executing rule lvs_source_OFFGRID
2023-12-04 16:45:59 +0000: Memory Usage (1162844K) : Executing rule well_diode_mk_OFFGRID
2023-12-04 16:45:59 +0000: Memory Usage (1162844K) : Executing rule ldmos_xtor_OFFGRID
2023-12-04 16:46:00 +0000: Memory Usage (1162844K) : Executing rule plfuse_OFFGRID
2023-12-04 16:46:00 +0000: Memory Usage (1162844K) : Executing rule efuse_mk_OFFGRID
2023-12-04 16:46:00 +0000: Memory Usage (1162844K) : Executing rule mcell_feol_mk_OFFGRID
2023-12-04 16:46:00 +0000: Memory Usage (1162844K) : Executing rule ymtp_mk_OFFGRID
2023-12-04 16:46:00 +0000: Memory Usage (1162844K) : Executing rule dev_wf_mk_OFFGRID
2023-12-04 16:46:00 +0000: Memory Usage (1162844K) : Executing rule comp_label_OFFGRID
2023-12-04 16:46:00 +0000: Memory Usage (1162844K) : Executing rule poly2_label_OFFGRID
2023-12-04 16:46:00 +0000: Memory Usage (1162844K) : Executing rule mdiode_OFFGRID
2023-12-04 16:46:00 +0000: Memory Usage (1162844K) : Executing rule contact_OFFGRID
2023-12-04 16:46:01 +0000: Memory Usage (1162844K) : Executing rule metal1_OFFGRID
2023-12-04 16:46:15 +0000: Memory Usage (1286732K) : Executing rule metal1_slot_OFFGRID
2023-12-04 16:46:15 +0000: Memory Usage (1233812K) : Executing rule metal1_blk_OFFGRID
2023-12-04 16:46:15 +0000: Memory Usage (1233812K) : Executing rule metal1_label_OFFGRID
2023-12-04 16:46:15 +0000: Memory Usage (1233812K) : Executing rule via1_OFFGRID
2023-12-04 16:46:15 +0000: Memory Usage (1233812K) : Executing rule metal2_OFFGRID
2023-12-04 16:46:16 +0000: Memory Usage (1233812K) : Executing rule metal2_label_OFFGRID
2023-12-04 16:46:16 +0000: Memory Usage (1233812K) : Executing rule metal2_slot_OFFGRID
2023-12-04 16:46:16 +0000: Memory Usage (1233812K) : Executing rule metal2_blk_OFFGRID
2023-12-04 16:46:16 +0000: Memory Usage (1233812K) : Executing rule via2_OFFGRID
2023-12-04 16:46:17 +0000: Memory Usage (1233812K) : Executing rule metal3_OFFGRID
2023-12-04 16:46:17 +0000: Memory Usage (1233812K) : Executing rule metal3_dummy_OFFGRID
2023-12-04 16:46:17 +0000: Memory Usage (1233812K) : Executing rule metal3_label_OFFGRID
2023-12-04 16:46:17 +0000: Memory Usage (1233812K) : Executing rule metal3_blk_OFFGRID
2023-12-04 16:46:18 +0000: Memory Usage (1233812K) : Executing rule via3_OFFGRID
2023-12-04 16:46:18 +0000: Memory Usage (1233812K) : Executing rule metal4_OFFGRID
2023-12-04 16:46:18 +0000: Memory Usage (1233812K) : Executing rule metal4_dummy_OFFGRID
2023-12-04 16:46:18 +0000: Memory Usage (1233812K) : Executing rule metal4_label_OFFGRID
2023-12-04 16:46:19 +0000: Memory Usage (1233812K) : Executing rule metal4_blk_OFFGRID
2023-12-04 16:46:19 +0000: Memory Usage (1233812K) : Executing rule via4_OFFGRID
2023-12-04 16:46:19 +0000: Memory Usage (1233812K) : Executing rule metal5_OFFGRID
2023-12-04 16:46:19 +0000: Memory Usage (1233812K) : Executing rule metal5_dummy_OFFGRID
2023-12-04 16:46:19 +0000: Memory Usage (1233812K) : Executing rule metal5_label_OFFGRID
2023-12-04 16:46:19 +0000: Memory Usage (1233812K) : Executing rule metal5_blk_OFFGRID
2023-12-04 16:46:19 +0000: Memory Usage (1233812K) : Executing rule pad_OFFGRID
2023-12-04 16:46:19 +0000: Memory Usage (1233812K) : Executing rule ubmpperi_OFFGRID
2023-12-04 16:46:20 +0000: Memory Usage (1233812K) : Executing rule ubmparray_OFFGRID
2023-12-04 16:46:20 +0000: Memory Usage (1233812K) : Executing rule ubmeplate_OFFGRID
2023-12-04 16:46:20 +0000: Memory Usage (1233812K) : Executing rule metal1_res_OFFGRID
2023-12-04 16:46:20 +0000: Memory Usage (1233812K) : Executing rule metal2_res_OFFGRID
2023-12-04 16:46:20 +0000: Memory Usage (1233812K) : Executing rule metal3_res_OFFGRID
2023-12-04 16:46:20 +0000: Memory Usage (1233812K) : Executing rule metal4_res_OFFGRID
2023-12-04 16:46:20 +0000: Memory Usage (1233812K) : Executing rule metal5_res_OFFGRID
2023-12-04 16:46:20 +0000: Memory Usage (1233812K) : Executing rule metal6_res_OFFGRID
2023-12-04 16:46:20 +0000: Memory Usage (1233812K) : Executing rule pr_bndry_OFFGRID
2023-12-04 16:46:23 +0000: Memory Usage (1233812K) : Executing rule border_OFFGRID
2023-12-04 16:46:23 +0000: Memory Usage (1233812K) :  DRC Total Run time 89.502226996 seconds
