BEGIN: Mon 04 Dec 2023 04:55:25 PM UTC
Extracting as digital. Top ports unique.

Magic 8.3 revision 442 - Compiled on Sun Nov 26 08:56:28 UTC 2023.
Starting magic under Tcl interpreter
Using the terminal as the console.
Using NULL graphics device.
Processing system .magicrc file
Sourcing design magicrc.well for technology gf180mcuD ...
10 Magic internal units = 1 Lambda
Input style import(): scaleFactor=10, multiplier=2
The following types are not handled by extraction and will be treated as non-electrical types:
    obsactive mvobsactive filldiff fillpoly m1hole obsm1 fillm1 obsv1 m2hole obsm2 fillm2 obsv2 m3hole obsm3 fillm3 m4hole obsm4 fillm4 m5hole obsm5 fillm5 glass fillblock lvstext obscomment 
Scaled tech values by 10 / 1 to match internal grid scaling
Loading "/home/mc/mpw_precheck/checks/be_checks//scripts/gds.digital.spice.tcl" from command line.
Extracting with top ports unique (digital)
/home/mc/mpw_precheck/checks/be_checks//tech/gf180mcuD/gf180mcuD.tech: line 2393: section cifinput:
	Unrecognized CIF layer: "BJTDEF"
/home/mc/mpw_precheck/checks/be_checks//tech/gf180mcuD/gf180mcuD.tech: line 2394: section cifinput:
	Unrecognized CIF layer: "BJTDRC"
Input style import(nowell): scaleFactor=10, multiplier=2
CIF input style is now "import(nowell)"
Flattening 
Extracting /home/mc/encryption_caravel_user_project/gds/user_project_wrapper.gds
Warning: Calma reading is not undoable!  I hope that's OK.
Library written using GDS-II Release 3.0
Library name: user_project_wrapper
Reading "gf180mcu_fd_sc_mcu7t5v0__filltie".
Reading "gf180mcu_fd_sc_mcu7t5v0__endcap".
Reading "gf180mcu_fd_sc_mcu7t5v0__fillcap_8".
Reading "gf180mcu_fd_sc_mcu7t5v0__fillcap_32".
Reading "gf180mcu_fd_sc_mcu7t5v0__fillcap_4".
Reading "gf180mcu_fd_sc_mcu7t5v0__fill_2".
Saving contents of cell gf180mcu_fd_sc_mcu7t5v0__fill_2
Reading "gf180mcu_fd_sc_mcu7t5v0__fill_1".
Saving contents of cell gf180mcu_fd_sc_mcu7t5v0__fill_1
Reading "gf180mcu_fd_sc_mcu7t5v0__fillcap_64".
Reading "gf180mcu_fd_sc_mcu7t5v0__buf_8".
Reading "gf180mcu_fd_sc_mcu7t5v0__antenna".
Reading "gf180mcu_fd_sc_mcu7t5v0__clkbuf_1".
Reading "gf180mcu_fd_sc_mcu7t5v0__fillcap_16".
Reading "gf180mcu_fd_sc_mcu7t5v0__clkbuf_3".
Reading "gf180mcu_fd_sc_mcu7t5v0__buf_1".
Reading "gf180mcu_fd_sc_mcu7t5v0__dlyb_1".
Reading "gf180mcu_fd_sc_mcu7t5v0__nor2_1".
Reading "gf180mcu_fd_sc_mcu7t5v0__aoi21_1".
Reading "gf180mcu_fd_sc_mcu7t5v0__dlyc_1".
Reading "gf180mcu_fd_sc_mcu7t5v0__aoi222_1".
Reading "gf180mcu_fd_sc_mcu7t5v0__dffq_1".
Reading "gf180mcu_fd_sc_mcu7t5v0__dffq_4".
Reading "gf180mcu_fd_sc_mcu7t5v0__xor2_1".
Reading "gf180mcu_fd_sc_mcu7t5v0__and2_1".
Reading "gf180mcu_fd_sc_mcu7t5v0__clkbuf_16".
Reading "gf180mcu_fd_sc_mcu7t5v0__oai21_1".
Reading "gf180mcu_fd_sc_mcu7t5v0__buf_3".
Reading "gf180mcu_fd_sc_mcu7t5v0__nor4_1".
Reading "gf180mcu_fd_sc_mcu7t5v0__buf_4".
Reading "gf180mcu_fd_sc_mcu7t5v0__buf_2".
Reading "gf180mcu_fd_sc_mcu7t5v0__aoi22_1".
Reading "gf180mcu_fd_sc_mcu7t5v0__inv_2".
Reading "gf180mcu_fd_sc_mcu7t5v0__dffq_2".
Reading "gf180mcu_fd_sc_mcu7t5v0__aoi21_4".
Reading "gf180mcu_fd_sc_mcu7t5v0__clkbuf_12".
Reading "gf180mcu_fd_sc_mcu7t5v0__and3_1".
Reading "gf180mcu_fd_sc_mcu7t5v0__tiel".
Reading "gf180mcu_fd_sc_mcu7t5v0__nand2_1".
Reading "gf180mcu_fd_sc_mcu7t5v0__buf_16".
Reading "gf180mcu_fd_sc_mcu7t5v0__nand2_2".
Reading "gf180mcu_fd_sc_mcu7t5v0__clkbuf_2".
Reading "gf180mcu_fd_sc_mcu7t5v0__mux2_2".
Reading "gf180mcu_fd_sc_mcu7t5v0__aoi21_2".
Reading "gf180mcu_fd_sc_mcu7t5v0__nand4_4".
Reading "gf180mcu_fd_sc_mcu7t5v0__xnor2_1".
Reading "gf180mcu_fd_sc_mcu7t5v0__nand3_1".
Reading "gf180mcu_fd_sc_mcu7t5v0__nor4_4".
Reading "gf180mcu_fd_sc_mcu7t5v0__clkinv_2".
Reading "gf180mcu_fd_sc_mcu7t5v0__nor2_2".
Reading "gf180mcu_fd_sc_mcu7t5v0__clkbuf_8".
Reading "gf180mcu_fd_sc_mcu7t5v0__nand4_2".
Reading "gf180mcu_fd_sc_mcu7t5v0__aoi222_2".
Reading "gf180mcu_fd_sc_mcu7t5v0__and4_2".
Reading "gf180mcu_fd_sc_mcu7t5v0__or2_2".
Reading "gf180mcu_fd_sc_mcu7t5v0__oai221_1".
Reading "gf180mcu_fd_sc_mcu7t5v0__clkinv_1".
Reading "gf180mcu_fd_sc_mcu7t5v0__clkbuf_4".
Reading "gf180mcu_fd_sc_mcu7t5v0__nand2_4".
Reading "gf180mcu_fd_sc_mcu7t5v0__and2_4".
Reading "user_proj_example".
    5000 uses
    10000 uses
    15000 uses
    20000 uses
    25000 uses
    30000 uses
    35000 uses
    40000 uses
    45000 uses
    50000 uses
    55000 uses
    60000 uses
    65000 uses
    70000 uses
    75000 uses
    80000 uses
    85000 uses
    90000 uses
    95000 uses
Moving label "_109_" from metal3 to via2 in cell user_proj_example.
Moving label "net239" from metal3 to via2 in cell user_proj_example.
Moving label "net286" from metal3 to via2 in cell user_proj_example.
Reading "user_project_wrapper".
Moving label "la_oenb[58]" from metal5 to via4 in cell user_project_wrapper.
The following types are not handled by extraction and will be treated as non-electrical types:
    obsactive mvobsactive filldiff fillpoly m1hole obsm1 fillm1 obsv1 m2hole obsm2 fillm2 obsv2 m3hole obsm3 fillm3 m4hole obsm4 fillm4 m5hole obsm5 fillm5 glass fillblock lvstext obscomment 
Extraction style is now "ngspice(nowell)"
Processing gf180mcu_fd_sc_mcu7t5v0__filltie
Processing gf180mcu_fd_sc_mcu7t5v0__endcap
Processing gf180mcu_fd_sc_mcu7t5v0__fillcap_8
Processing gf180mcu_fd_sc_mcu7t5v0__fillcap_32
Processing gf180mcu_fd_sc_mcu7t5v0__fillcap_4
Processing gf180mcu_fd_sc_mcu7t5v0__fillcap_64
Processing gf180mcu_fd_sc_mcu7t5v0__buf_8
Processing gf180mcu_fd_sc_mcu7t5v0__antenna
Processing gf180mcu_fd_sc_mcu7t5v0__clkbuf_1
Processing gf180mcu_fd_sc_mcu7t5v0__fillcap_16
Processing gf180mcu_fd_sc_mcu7t5v0__clkbuf_3
Processing gf180mcu_fd_sc_mcu7t5v0__buf_1
Processing gf180mcu_fd_sc_mcu7t5v0__dlyb_1
Processing gf180mcu_fd_sc_mcu7t5v0__nor2_1
Processing gf180mcu_fd_sc_mcu7t5v0__aoi21_1
Processing gf180mcu_fd_sc_mcu7t5v0__dlyc_1
Processing gf180mcu_fd_sc_mcu7t5v0__aoi222_1
Processing gf180mcu_fd_sc_mcu7t5v0__dffq_1
Processing gf180mcu_fd_sc_mcu7t5v0__dffq_4
Processing gf180mcu_fd_sc_mcu7t5v0__xor2_1
Processing gf180mcu_fd_sc_mcu7t5v0__and2_1
Processing gf180mcu_fd_sc_mcu7t5v0__clkbuf_16
Processing gf180mcu_fd_sc_mcu7t5v0__oai21_1
Processing gf180mcu_fd_sc_mcu7t5v0__buf_3
Processing gf180mcu_fd_sc_mcu7t5v0__nor4_1
Processing gf180mcu_fd_sc_mcu7t5v0__buf_4
Processing gf180mcu_fd_sc_mcu7t5v0__buf_2
Processing gf180mcu_fd_sc_mcu7t5v0__aoi22_1
Processing gf180mcu_fd_sc_mcu7t5v0__inv_2
Processing gf180mcu_fd_sc_mcu7t5v0__dffq_2
Processing gf180mcu_fd_sc_mcu7t5v0__aoi21_4
Processing gf180mcu_fd_sc_mcu7t5v0__clkbuf_12
Processing gf180mcu_fd_sc_mcu7t5v0__and3_1
Processing gf180mcu_fd_sc_mcu7t5v0__tiel
Processing gf180mcu_fd_sc_mcu7t5v0__nand2_1
Processing gf180mcu_fd_sc_mcu7t5v0__buf_16
Processing gf180mcu_fd_sc_mcu7t5v0__nand2_2
Processing gf180mcu_fd_sc_mcu7t5v0__clkbuf_2
Processing gf180mcu_fd_sc_mcu7t5v0__mux2_2
Processing gf180mcu_fd_sc_mcu7t5v0__aoi21_2
Processing gf180mcu_fd_sc_mcu7t5v0__nand4_4
Processing gf180mcu_fd_sc_mcu7t5v0__xnor2_1
Processing gf180mcu_fd_sc_mcu7t5v0__nand3_1
Processing gf180mcu_fd_sc_mcu7t5v0__nor4_4
Processing gf180mcu_fd_sc_mcu7t5v0__clkinv_2
Processing gf180mcu_fd_sc_mcu7t5v0__nor2_2
Processing gf180mcu_fd_sc_mcu7t5v0__clkbuf_8
Processing gf180mcu_fd_sc_mcu7t5v0__nand4_2
Processing gf180mcu_fd_sc_mcu7t5v0__aoi222_2
Processing gf180mcu_fd_sc_mcu7t5v0__and4_2
Processing gf180mcu_fd_sc_mcu7t5v0__or2_2
Processing gf180mcu_fd_sc_mcu7t5v0__oai221_1
Processing gf180mcu_fd_sc_mcu7t5v0__clkinv_1
Processing gf180mcu_fd_sc_mcu7t5v0__clkbuf_4
Processing gf180mcu_fd_sc_mcu7t5v0__nand2_4
Processing gf180mcu_fd_sc_mcu7t5v0__and2_4
Processing user_proj_example
Processing user_project_wrapper
Extracting gf180mcu_fd_sc_mcu7t5v0__filltie into gf180mcu_fd_sc_mcu7t5v0__filltie.ext:
Extracting gf180mcu_fd_sc_mcu7t5v0__endcap into gf180mcu_fd_sc_mcu7t5v0__endcap.ext:
Extracting gf180mcu_fd_sc_mcu7t5v0__fillcap_8 into gf180mcu_fd_sc_mcu7t5v0__fillcap_8.ext:
Extracting gf180mcu_fd_sc_mcu7t5v0__fillcap_32 into gf180mcu_fd_sc_mcu7t5v0__fillcap_32.ext:
Extracting gf180mcu_fd_sc_mcu7t5v0__fillcap_4 into gf180mcu_fd_sc_mcu7t5v0__fillcap_4.ext:
Extracting gf180mcu_fd_sc_mcu7t5v0__fillcap_64 into gf180mcu_fd_sc_mcu7t5v0__fillcap_64.ext:
Extracting gf180mcu_fd_sc_mcu7t5v0__buf_8 into gf180mcu_fd_sc_mcu7t5v0__buf_8.ext:
Extracting gf180mcu_fd_sc_mcu7t5v0__antenna into gf180mcu_fd_sc_mcu7t5v0__antenna.ext:
Extracting gf180mcu_fd_sc_mcu7t5v0__clkbuf_1 into gf180mcu_fd_sc_mcu7t5v0__clkbuf_1.ext:
Extracting gf180mcu_fd_sc_mcu7t5v0__fillcap_16 into gf180mcu_fd_sc_mcu7t5v0__fillcap_16.ext:
Extracting gf180mcu_fd_sc_mcu7t5v0__clkbuf_3 into gf180mcu_fd_sc_mcu7t5v0__clkbuf_3.ext:
Extracting gf180mcu_fd_sc_mcu7t5v0__buf_1 into gf180mcu_fd_sc_mcu7t5v0__buf_1.ext:
Extracting gf180mcu_fd_sc_mcu7t5v0__dlyb_1 into gf180mcu_fd_sc_mcu7t5v0__dlyb_1.ext:
Extracting gf180mcu_fd_sc_mcu7t5v0__nor2_1 into gf180mcu_fd_sc_mcu7t5v0__nor2_1.ext:
Extracting gf180mcu_fd_sc_mcu7t5v0__aoi21_1 into gf180mcu_fd_sc_mcu7t5v0__aoi21_1.ext:
Extracting gf180mcu_fd_sc_mcu7t5v0__dlyc_1 into gf180mcu_fd_sc_mcu7t5v0__dlyc_1.ext:
Extracting gf180mcu_fd_sc_mcu7t5v0__aoi222_1 into gf180mcu_fd_sc_mcu7t5v0__aoi222_1.ext:
Extracting gf180mcu_fd_sc_mcu7t5v0__dffq_1 into gf180mcu_fd_sc_mcu7t5v0__dffq_1.ext:
Extracting gf180mcu_fd_sc_mcu7t5v0__dffq_4 into gf180mcu_fd_sc_mcu7t5v0__dffq_4.ext:
Extracting gf180mcu_fd_sc_mcu7t5v0__xor2_1 into gf180mcu_fd_sc_mcu7t5v0__xor2_1.ext:
Extracting gf180mcu_fd_sc_mcu7t5v0__and2_1 into gf180mcu_fd_sc_mcu7t5v0__and2_1.ext:
Extracting gf180mcu_fd_sc_mcu7t5v0__clkbuf_16 into gf180mcu_fd_sc_mcu7t5v0__clkbuf_16.ext:
Extracting gf180mcu_fd_sc_mcu7t5v0__oai21_1 into gf180mcu_fd_sc_mcu7t5v0__oai21_1.ext:
Extracting gf180mcu_fd_sc_mcu7t5v0__buf_3 into gf180mcu_fd_sc_mcu7t5v0__buf_3.ext:
Extracting gf180mcu_fd_sc_mcu7t5v0__nor4_1 into gf180mcu_fd_sc_mcu7t5v0__nor4_1.ext:
Extracting gf180mcu_fd_sc_mcu7t5v0__buf_4 into gf180mcu_fd_sc_mcu7t5v0__buf_4.ext:
Extracting gf180mcu_fd_sc_mcu7t5v0__buf_2 into gf180mcu_fd_sc_mcu7t5v0__buf_2.ext:
Extracting gf180mcu_fd_sc_mcu7t5v0__aoi22_1 into gf180mcu_fd_sc_mcu7t5v0__aoi22_1.ext:
Extracting gf180mcu_fd_sc_mcu7t5v0__inv_2 into gf180mcu_fd_sc_mcu7t5v0__inv_2.ext:
Extracting gf180mcu_fd_sc_mcu7t5v0__dffq_2 into gf180mcu_fd_sc_mcu7t5v0__dffq_2.ext:
Extracting gf180mcu_fd_sc_mcu7t5v0__aoi21_4 into gf180mcu_fd_sc_mcu7t5v0__aoi21_4.ext:
Extracting gf180mcu_fd_sc_mcu7t5v0__clkbuf_12 into gf180mcu_fd_sc_mcu7t5v0__clkbuf_12.ext:
Extracting gf180mcu_fd_sc_mcu7t5v0__and3_1 into gf180mcu_fd_sc_mcu7t5v0__and3_1.ext:
Extracting gf180mcu_fd_sc_mcu7t5v0__tiel into gf180mcu_fd_sc_mcu7t5v0__tiel.ext:
Extracting gf180mcu_fd_sc_mcu7t5v0__nand2_1 into gf180mcu_fd_sc_mcu7t5v0__nand2_1.ext:
Extracting gf180mcu_fd_sc_mcu7t5v0__buf_16 into gf180mcu_fd_sc_mcu7t5v0__buf_16.ext:
Extracting gf180mcu_fd_sc_mcu7t5v0__nand2_2 into gf180mcu_fd_sc_mcu7t5v0__nand2_2.ext:
Extracting gf180mcu_fd_sc_mcu7t5v0__clkbuf_2 into gf180mcu_fd_sc_mcu7t5v0__clkbuf_2.ext:
Extracting gf180mcu_fd_sc_mcu7t5v0__mux2_2 into gf180mcu_fd_sc_mcu7t5v0__mux2_2.ext:
Extracting gf180mcu_fd_sc_mcu7t5v0__aoi21_2 into gf180mcu_fd_sc_mcu7t5v0__aoi21_2.ext:
Extracting gf180mcu_fd_sc_mcu7t5v0__nand4_4 into gf180mcu_fd_sc_mcu7t5v0__nand4_4.ext:
Extracting gf180mcu_fd_sc_mcu7t5v0__xnor2_1 into gf180mcu_fd_sc_mcu7t5v0__xnor2_1.ext:
Extracting gf180mcu_fd_sc_mcu7t5v0__nand3_1 into gf180mcu_fd_sc_mcu7t5v0__nand3_1.ext:
Extracting gf180mcu_fd_sc_mcu7t5v0__nor4_4 into gf180mcu_fd_sc_mcu7t5v0__nor4_4.ext:
Extracting gf180mcu_fd_sc_mcu7t5v0__clkinv_2 into gf180mcu_fd_sc_mcu7t5v0__clkinv_2.ext:
Extracting gf180mcu_fd_sc_mcu7t5v0__nor2_2 into gf180mcu_fd_sc_mcu7t5v0__nor2_2.ext:
Extracting gf180mcu_fd_sc_mcu7t5v0__clkbuf_8 into gf180mcu_fd_sc_mcu7t5v0__clkbuf_8.ext:
Extracting gf180mcu_fd_sc_mcu7t5v0__nand4_2 into gf180mcu_fd_sc_mcu7t5v0__nand4_2.ext:
Extracting gf180mcu_fd_sc_mcu7t5v0__aoi222_2 into gf180mcu_fd_sc_mcu7t5v0__aoi222_2.ext:
Extracting gf180mcu_fd_sc_mcu7t5v0__and4_2 into gf180mcu_fd_sc_mcu7t5v0__and4_2.ext:
Extracting gf180mcu_fd_sc_mcu7t5v0__or2_2 into gf180mcu_fd_sc_mcu7t5v0__or2_2.ext:
Extracting gf180mcu_fd_sc_mcu7t5v0__oai221_1 into gf180mcu_fd_sc_mcu7t5v0__oai221_1.ext:
Extracting gf180mcu_fd_sc_mcu7t5v0__clkinv_1 into gf180mcu_fd_sc_mcu7t5v0__clkinv_1.ext:
Extracting gf180mcu_fd_sc_mcu7t5v0__clkbuf_4 into gf180mcu_fd_sc_mcu7t5v0__clkbuf_4.ext:
Extracting gf180mcu_fd_sc_mcu7t5v0__nand2_4 into gf180mcu_fd_sc_mcu7t5v0__nand2_4.ext:
Extracting gf180mcu_fd_sc_mcu7t5v0__and2_4 into gf180mcu_fd_sc_mcu7t5v0__and2_4.ext:
Extracting user_proj_example into user_proj_example.ext:
Created database crash recovery file /tmp//MAG5936.FnSrtp
Extracting user_project_wrapper into user_project_wrapper.ext:
Devs merged: 0
Devs merged: 0
Devs merged: 0
Devs merged: 8
Devs merged: 8
Devs merged: 39
Devs merged: 41
Devs merged: 41
Devs merged: 41
Devs merged: 41
Devs merged: 45
Devs merged: 45
Devs merged: 45
Devs merged: 45
Devs merged: 45
Devs merged: 65
Devs merged: 65
Devs merged: 65
Devs merged: 65
Devs merged: 67
Devs merged: 69
Devs merged: 69
Devs merged: 77
Devs merged: 77
Devs merged: 77
Devs merged: 77
Devs merged: 83
Devs merged: 83
Devs merged: 90
Devs merged: 92
Devs merged: 100
Devs merged: 102
Devs merged: 102
Devs merged: 102
Devs merged: 144
Devs merged: 150
Devs merged: 154
Devs merged: 154
Devs merged: 154
Devs merged: 156
Devs merged: 156
Devs merged: 168
Devs merged: 170
Devs merged: 172
Devs merged: 176
Devs merged: 183
Devs merged: 195
Devs merged: 214
Devs merged: 216
Devs merged: 218
Devs merged: 218
Devs merged: 230
Devs merged: 274
END: Mon 04 Dec 2023 08:02:56 PM UTC
Runtime: 3:07:31 (hh:mm:ss)
