2023-11-30 03:02:36 +0000: Memory Usage (620300kB)(avail 1961036) : Starting running GF180MCU Klayout DRC runset on /home/mc/encryption_caravel_user_project/gds/user_project_wrapper.gds cell user_project_wrapper
2023-11-30 03:02:36 +0000: Memory Usage (620300kB)(avail 1961036) : Ruby Version for klayout: 3.0.2
Memory/Swap config at start (/proc/meminfo):
MemTotal:        3964456 kB
MemFree:          599384 kB
MemAvailable:     591000 kB
SwapCached:       191344 kB
SwapTotal:       3991548 kB
SwapFree:        1961036 kB

2023-11-30 03:02:39 +0000: Memory Usage (982288kB)(avail 1971788) : Loading database to memory is complete.
2023-11-30 03:02:39 +0000: Memory Usage (982288kB)(avail 1971788) : GF180MCU Klayout DRC runset output at: /home/mc/encryption_caravel_user_project/precheck_results/30_NOV_2023___03_01_53/outputs/reports/klayout_beol_check.xml
2023-11-30 03:02:39 +0000: Memory Usage (982288kB)(avail 1972300) : Number of threads to use 2
2023-11-30 03:02:39 +0000: Memory Usage (982288kB)(avail 1972300) : Verbose mode: false
2023-11-30 03:02:39 +0000: Memory Usage (982288kB)(avail 1972300) : flat  mode is enabled.
2023-11-30 03:02:39 +0000: Memory Usage (982288kB)(avail 1972300) : Read in polygons from layers.
2023-11-30 03:02:39 +0000: Memory Usage (982288kB)(avail 1972300) : Executing polygons(22, 0).merged for comp
2023-11-30 03:02:39 +0000: Memory Usage (982288kB)(avail 1972812) : Executing polygons(12, 0).merged for dnwell
2023-11-30 03:02:39 +0000: Memory Usage (982288kB)(avail 1972812) : Executing polygons(21, 0).merged for nwell
2023-11-30 03:02:39 +0000: Memory Usage (982288kB)(avail 1972812) : Executing polygons(204, 0).merged for lvpwell
2023-11-30 03:02:39 +0000: Memory Usage (982288kB)(avail 1972812) : Executing polygons(55, 0).merged for dualgate
2023-11-30 03:02:39 +0000: Memory Usage (982288kB)(avail 1972812) : Executing polygons(30, 0).merged for poly2
2023-11-30 03:02:39 +0000: Memory Usage (982288kB)(avail 1972812) : Executing polygons(32, 0).merged for nplus
2023-11-30 03:02:39 +0000: Memory Usage (982288kB)(avail 1972812) : Executing polygons(31, 0).merged for pplus
2023-11-30 03:02:39 +0000: Memory Usage (982288kB)(avail 1972812) : Executing polygons(49, 0).merged for sab
2023-11-30 03:02:39 +0000: Memory Usage (982288kB)(avail 1973068) : Executing polygons(24, 0).merged for esd
2023-11-30 03:02:39 +0000: Memory Usage (982288kB)(avail 1973068) : Executing polygons(33, 0).merged for contact
2023-11-30 03:02:39 +0000: Memory Usage (982288kB)(avail 1973068) : Executing polygons(34, 0).merged for metal1
2023-11-30 03:02:39 +0000: Memory Usage (982288kB)(avail 1973068) : Executing polygons(35, 0).merged for via1
2023-11-30 03:02:39 +0000: Memory Usage (982288kB)(avail 1973068) : Executing polygons(36, 0).merged for metal2
2023-11-30 03:02:39 +0000: Memory Usage (982288kB)(avail 1973068) : Executing polygons(38, 0).merged for via2
2023-11-30 03:02:39 +0000: Memory Usage (982288kB)(avail 1973068) : Executing polygons(42, 0).merged for metal3
2023-11-30 03:02:39 +0000: Memory Usage (982288kB)(avail 1973068) : Executing polygons(40, 0).merged for via3
2023-11-30 03:02:39 +0000: Memory Usage (982288kB)(avail 1973068) : Executing polygons(46, 0).merged for metal4
2023-11-30 03:02:39 +0000: Memory Usage (982288kB)(avail 1973068) : Executing polygons(41, 0).merged for via4
2023-11-30 03:02:39 +0000: Memory Usage (982288kB)(avail 1973324) : Executing polygons(81, 0).merged for metal5
2023-11-30 03:02:39 +0000: Memory Usage (982288kB)(avail 1973324) : Executing polygons(82, 0).merged for via5
2023-11-30 03:02:39 +0000: Memory Usage (982288kB)(avail 1973324) : Executing polygons(53, 0).merged for metaltop
2023-11-30 03:02:39 +0000: Memory Usage (982288kB)(avail 1973324) : Executing polygons(53, 4).merged for metaltop_dummy
2023-11-30 03:02:39 +0000: Memory Usage (982288kB)(avail 1973324) : Executing polygons(53, 10).merged for metaltop_label
2023-11-30 03:02:39 +0000: Memory Usage (982288kB)(avail 1973324) : Executing polygons(53, 3).merged for metaltop_slot
2023-11-30 03:02:39 +0000: Memory Usage (982288kB)(avail 1973324) : Executing polygons(53, 5).merged for metaltop_blk
2023-11-30 03:02:39 +0000: Memory Usage (982288kB)(avail 1973324) : Executing polygons(37, 0).merged for pad
2023-11-30 03:02:39 +0000: Memory Usage (982288kB)(avail 1973324) : Executing polygons(62, 0).merged for resistor
2023-11-30 03:02:39 +0000: Memory Usage (982288kB)(avail 1973324) : Executing polygons(227, 0).merged for fhres
2023-11-30 03:02:39 +0000: Memory Usage (982288kB)(avail 1973580) : Executing polygons(75, 0).merged for fusetop
2023-11-30 03:02:39 +0000: Memory Usage (982288kB)(avail 1973580) : Executing polygons(96, 1).merged for fusewindow_d
2023-11-30 03:02:39 +0000: Memory Usage (982288kB)(avail 1973580) : Executing polygons(220, 0).merged for polyfuse
2023-11-30 03:02:39 +0000: Memory Usage (982288kB)(avail 1973580) : Executing polygons(210, 0).merged for mvsd
2023-11-30 03:02:39 +0000: Memory Usage (982288kB)(avail 1973580) : Executing polygons(11, 39).merged for mvpsd
2023-11-30 03:02:39 +0000: Memory Usage (982288kB)(avail 1973580) : Executing polygons(5, 0).merged for nat
2023-11-30 03:02:39 +0000: Memory Usage (982288kB)(avail 1973580) : Executing polygons(22, 4).merged for comp_dummy
2023-11-30 03:02:39 +0000: Memory Usage (982288kB)(avail 1973580) : Executing polygons(30, 4).merged for poly2_dummy
2023-11-30 03:02:39 +0000: Memory Usage (982288kB)(avail 1973580) : Executing polygons(34, 4).merged for metal1_dummy
2023-11-30 03:02:39 +0000: Memory Usage (982288kB)(avail 1973580) : Executing polygons(36, 4).merged for metal2_dummy
2023-11-30 03:02:39 +0000: Memory Usage (982288kB)(avail 1973580) : Executing polygons(42, 4).merged for metal3_dummy
2023-11-30 03:02:39 +0000: Memory Usage (982288kB)(avail 1973836) : Executing polygons(46, 4).merged for metal4_dummy
2023-11-30 03:02:39 +0000: Memory Usage (982288kB)(avail 1973836) : Executing polygons(81, 4).merged for metal5_dummy
2023-11-30 03:02:45 +0000: Memory Usage (1010488kB)(avail 1901044) : Executing polygons(22, 10).merged for comp_label
2023-11-30 03:02:45 +0000: Memory Usage (1010488kB)(avail 1900268) : Executing polygons(30, 10).merged for poly2_label
2023-11-30 03:02:45 +0000: Memory Usage (1010488kB)(avail 1900268) : Executing polygons(34, 10).merged for metal1_label
2023-11-30 03:02:45 +0000: Memory Usage (1010488kB)(avail 1900268) : Executing polygons(36, 10).merged for metal2_label
2023-11-30 03:02:45 +0000: Memory Usage (1010488kB)(avail 1900268) : Executing polygons(42, 10).merged for metal3_label
2023-11-30 03:02:45 +0000: Memory Usage (1010488kB)(avail 1900012) : Executing polygons(46, 10).merged for metal4_label
2023-11-30 03:02:45 +0000: Memory Usage (1010488kB)(avail 1900012) : Executing polygons(81, 10).merged for metal5_label
2023-11-30 03:02:45 +0000: Memory Usage (1010488kB)(avail 1900268) : Executing polygons(34, 3).merged for metal1_slot
2023-11-30 03:02:45 +0000: Memory Usage (1010488kB)(avail 1900268) : Executing polygons(36, 3).merged for metal2_slot
2023-11-30 03:02:45 +0000: Memory Usage (1010488kB)(avail 1900268) : Executing polygons(42, 3).merged for metal3_slot
2023-11-30 03:02:45 +0000: Memory Usage (1010488kB)(avail 1900268) : Executing polygons(46, 3).merged for metal4_slot
2023-11-30 03:02:45 +0000: Memory Usage (1010488kB)(avail 1900268) : Executing polygons(81, 3).merged for metal5_slot
2023-11-30 03:02:45 +0000: Memory Usage (1010488kB)(avail 1900268) : Executing polygons(183, 0).merged for ubmpperi
2023-11-30 03:02:45 +0000: Memory Usage (1010488kB)(avail 1900268) : Executing polygons(184, 0).merged for ubmparray
2023-11-30 03:02:45 +0000: Memory Usage (1010488kB)(avail 1900268) : Executing polygons(185, 0).merged for ubmeplate
2023-11-30 03:02:45 +0000: Memory Usage (1010488kB)(avail 1900268) : Executing polygons(241, 0).merged for schottky_diode
2023-11-30 03:02:45 +0000: Memory Usage (1010488kB)(avail 1900524) : Executing polygons(178, 0).merged for zener
2023-11-30 03:02:45 +0000: Memory Usage (1010488kB)(avail 1900524) : Executing polygons(110, 5).merged for res_mk
2023-11-30 03:02:45 +0000: Memory Usage (1010488kB)(avail 1900524) : Executing polygons(124, 5).merged for opc_drc
2023-11-30 03:02:45 +0000: Memory Usage (1010488kB)(avail 1900524) : Executing polygons(111, 5).merged for ndmy
2023-11-30 03:02:45 +0000: Memory Usage (1010488kB)(avail 1900524) : Executing polygons(152, 5).merged for pmndmy
2023-11-30 03:02:45 +0000: Memory Usage (1010488kB)(avail 1900524) : Executing polygons(112, 1).merged for v5_xtor
2023-11-30 03:02:45 +0000: Memory Usage (1010488kB)(avail 1900524) : Executing polygons(117, 5).merged for cap_mk
2023-11-30 03:02:45 +0000: Memory Usage (1010488kB)(avail 1900524) : Executing polygons(166, 5).merged for mos_cap_mk
2023-11-30 03:02:45 +0000: Memory Usage (1010488kB)(avail 1900524) : Executing polygons(151, 5).merged for ind_mk
2023-11-30 03:02:45 +0000: Memory Usage (1010488kB)(avail 1900780) : Executing polygons(115, 5).merged for diode_mk
2023-11-30 03:02:45 +0000: Memory Usage (1010488kB)(avail 1900780) : Executing polygons(127, 5).merged for drc_bjt
2023-11-30 03:02:45 +0000: Memory Usage (1010488kB)(avail 1900780) : Executing polygons(118, 5).merged for lvs_bjt
2023-11-30 03:02:45 +0000: Memory Usage (1010488kB)(avail 1900780) : Executing polygons(117, 10).merged for mim_l_mk
2023-11-30 03:02:45 +0000: Memory Usage (1010488kB)(avail 1900780) : Executing polygons(137, 5).merged for latchup_mk
2023-11-30 03:02:45 +0000: Memory Usage (1010488kB)(avail 1900780) : Executing polygons(167, 5).merged for guard_ring_mk
2023-11-30 03:02:45 +0000: Memory Usage (1010488kB)(avail 1901008) : Executing polygons(173, 5).merged for otp_mk
2023-11-30 03:02:45 +0000: Memory Usage (1010488kB)(avail 1900976) : Executing polygons(122, 5).merged for mtpmark
2023-11-30 03:02:45 +0000: Memory Usage (1010488kB)(avail 1900900) : Executing polygons(88, 17).merged for neo_ee_mk
2023-11-30 03:02:45 +0000: Memory Usage (1010488kB)(avail 1900900) : Executing polygons(108, 5).merged for sramcore
2023-11-30 03:02:45 +0000: Memory Usage (1010488kB)(avail 1900608) : Executing polygons(100, 5).merged for lvs_rf
2023-11-30 03:02:45 +0000: Memory Usage (1010488kB)(avail 1900564) : Executing polygons(100, 7).merged for lvs_drain
2023-11-30 03:02:45 +0000: Memory Usage (1010488kB)(avail 1900760) : Executing polygons(123, 5).merged for hvpolyrs
2023-11-30 03:02:45 +0000: Memory Usage (1010488kB)(avail 1900980) : Executing polygons(119, 5).merged for lvs_io
2023-11-30 03:02:45 +0000: Memory Usage (1010488kB)(avail 1900980) : Executing polygons(13, 17).merged for probe_mk
2023-11-30 03:02:45 +0000: Memory Usage (1010488kB)(avail 1900952) : Executing polygons(24, 5).merged for esd_mk
2023-11-30 03:02:45 +0000: Memory Usage (1010488kB)(avail 1900652) : Executing polygons(100, 8).merged for lvs_source
2023-11-30 03:02:45 +0000: Memory Usage (1010488kB)(avail 1900652) : Executing polygons(153, 51).merged for well_diode_mk
2023-11-30 03:02:45 +0000: Memory Usage (1010488kB)(avail 1900848) : Executing polygons(226, 0).merged for ldmos_xtor
2023-11-30 03:02:45 +0000: Memory Usage (1010488kB)(avail 1900848) : Executing polygons(125, 5).merged for plfuse
2023-11-30 03:02:45 +0000: Memory Usage (1010488kB)(avail 1900592) : Executing polygons(80, 5).merged for efuse_mk
2023-11-30 03:02:45 +0000: Memory Usage (1010488kB)(avail 1900776) : Executing polygons(11, 17).merged for mcell_feol_mk
2023-11-30 03:02:45 +0000: Memory Usage (1010488kB)(avail 1900720) : Executing polygons(86, 17).merged for ymtp_mk
2023-11-30 03:02:45 +0000: Memory Usage (1010488kB)(avail 1900720) : Executing polygons(128, 17).merged for dev_wf_mk
2023-11-30 03:02:45 +0000: Memory Usage (1010488kB)(avail 1900720) : Executing polygons(34, 5).merged for metal1_blk
2023-11-30 03:02:45 +0000: Memory Usage (1010488kB)(avail 1900452) : Executing polygons(36, 5).merged for metal2_blk
2023-11-30 03:02:45 +0000: Memory Usage (1010488kB)(avail 1900664) : Executing polygons(42, 5).merged for metal3_blk
2023-11-30 03:02:45 +0000: Memory Usage (1010488kB)(avail 1900604) : Executing polygons(46, 5).merged for metal4_blk
2023-11-30 03:02:45 +0000: Memory Usage (1010488kB)(avail 1900844) : Executing polygons(81, 5).merged for metal5_blk
2023-11-30 03:02:45 +0000: Memory Usage (1010488kB)(avail 1900844) : Executing polygons(0, 0).merged for pr_bndry
2023-11-30 03:02:45 +0000: Memory Usage (1010488kB)(avail 1900584) : Executing polygons(116, 5).merged for mdiode
2023-11-30 03:02:45 +0000: Memory Usage (1010488kB)(avail 1900760) : Executing polygons(110, 11).merged for metal1_res
2023-11-30 03:02:45 +0000: Memory Usage (1010488kB)(avail 1900696) : Executing polygons(110, 12).merged for metal2_res
2023-11-30 03:02:45 +0000: Memory Usage (1010488kB)(avail 1900696) : Executing polygons(110, 13).merged for metal3_res
2023-11-30 03:02:45 +0000: Memory Usage (1010488kB)(avail 1900560) : Executing polygons(110, 14).merged for metal4_res
2023-11-30 03:02:45 +0000: Memory Usage (1010488kB)(avail 1900560) : Executing polygons(110, 15).merged for metal5_res
2023-11-30 03:02:45 +0000: Memory Usage (1010488kB)(avail 1900204) : Executing polygons(63, 0).merged for border
2023-11-30 03:02:45 +0000: Memory Usage (1010488kB)(avail 1900204) : Starting deriving base layers.
2023-11-30 03:02:45 +0000: Memory Usage (1010488kB)(avail 1899448) : Evaluate switches.
2023-11-30 03:02:45 +0000: Memory Usage (1010488kB)(avail 1899448) : FEOL is disabled.
2023-11-30 03:02:45 +0000: Memory Usage (1010488kB)(avail 1899448) : BEOL is enabled.
2023-11-30 03:02:45 +0000: Memory Usage (1010488kB)(avail 1899448) : connectivity rules are enabled.
2023-11-30 03:02:45 +0000: Memory Usage (1010488kB)(avail 1899448) : METAL_STACK Selected is 5LM
2023-11-30 03:02:45 +0000: Memory Usage (1010488kB)(avail 1899448) : METAL_TOP Selected is 9K
2023-11-30 03:02:45 +0000: Memory Usage (1010488kB)(avail 1899448) : Wedge enabled  true
2023-11-30 03:02:45 +0000: Memory Usage (1010488kB)(avail 1899448) : Ball enabled  true
2023-11-30 03:02:45 +0000: Memory Usage (1010488kB)(avail 1899448) : Gold enabled  true
2023-11-30 03:02:45 +0000: Memory Usage (1010488kB)(avail 1899448) : MIM Option selected B
2023-11-30 03:02:45 +0000: Memory Usage (1010488kB)(avail 1899448) : Offgrid enabled  false
2023-11-30 03:02:45 +0000: Memory Usage (1010488kB)(avail 1899192) : Construct connectivity for the design.
2023-11-30 03:02:45 +0000: Memory Usage (1010488kB)(avail 1899448) : Connectivity rules enabled, Netlist object will be generated.
2023-11-30 03:02:45 +0000: Memory Usage (1010488kB)(avail 1899448) : Total area of the design is 10813401.9936 um^2.
2023-11-30 03:02:45 +0000: Memory Usage (1010488kB)(avail 1899448) : Total no. of polygons in the design is 1
2023-11-30 03:02:45 +0000: Memory Usage (1010488kB)(avail 1899448) : Initialization and base layers definition.
2023-11-30 03:02:45 +0000: Memory Usage (1010488kB)(avail 1899448) : Starting GF180MCU DRC rules.
2023-11-30 03:02:45 +0000: Memory Usage (1010488kB)(avail 1899700) : BEOL section
2023-11-30 03:02:45 +0000: Memory Usage (1010488kB)(avail 1899700) : Executing rule M1.1
2023-11-30 03:02:45 +0000: Memory Usage (1010488kB)(avail 1899412) : Executing rule M1.2a
2023-11-30 03:02:45 +0000: Memory Usage (1010488kB)(avail 1899296) : Executing rule M1.2b
2023-11-30 03:02:45 +0000: Memory Usage (1010488kB)(avail 1899552) : Executing rule M1.3
2023-11-30 03:02:45 +0000: Memory Usage (1010488kB)(avail 1899552) : Executing rule M2.1
2023-11-30 03:02:45 +0000: Memory Usage (1010488kB)(avail 1899668) : Executing rule M2.2a
2023-11-30 03:02:45 +0000: Memory Usage (1010488kB)(avail 1899784) : Executing rule M2.2b
2023-11-30 03:02:45 +0000: Memory Usage (1010488kB)(avail 1899928) : Executing rule M2.3
2023-11-30 03:02:45 +0000: Memory Usage (1010488kB)(avail 1899416) : Executing rule M3.1
2023-11-30 03:02:45 +0000: Memory Usage (1010488kB)(avail 1899416) : Executing rule M3.2a
2023-11-30 03:02:45 +0000: Memory Usage (1010488kB)(avail 1899416) : Executing rule M3.2b
2023-11-30 03:02:45 +0000: Memory Usage (1010488kB)(avail 1899416) : Executing rule M3.3
2023-11-30 03:02:45 +0000: Memory Usage (1010488kB)(avail 1899416) : Executing rule M4.1
2023-11-30 03:02:45 +0000: Memory Usage (1010488kB)(avail 1899672) : Executing rule M4.2a
2023-11-30 03:02:45 +0000: Memory Usage (1010488kB)(avail 1899672) : Executing rule M4.2b
2023-11-30 03:02:45 +0000: Memory Usage (1010488kB)(avail 1899928) : Executing rule M4.3
2023-11-30 03:02:45 +0000: Memory Usage (1010488kB)(avail 1899928) : Executing rule M5.1
2023-11-30 03:02:45 +0000: Memory Usage (1010488kB)(avail 1900184) : Executing rule M5.2a
2023-11-30 03:02:45 +0000: Memory Usage (1010488kB)(avail 1900184) : Executing rule M5.2b
2023-11-30 03:02:45 +0000: Memory Usage (1010488kB)(avail 1900440) : Executing rule M5.3
2023-11-30 03:02:45 +0000: Memory Usage (1010488kB)(avail 1900440) : Executing rule V1.1
2023-11-30 03:02:45 +0000: Memory Usage (1010488kB)(avail 1900696) : Executing rule V1.2a
2023-11-30 03:02:45 +0000: Memory Usage (1010488kB)(avail 1900952) : Executing rule V1.2b
2023-11-30 03:02:45 +0000: Memory Usage (1010488kB)(avail 1900952) : Executing rule V1.3a
2023-11-30 03:02:45 +0000: Memory Usage (1010488kB)(avail 1901464) : Executing rule V1.3c
2023-11-30 03:02:45 +0000: Memory Usage (1010488kB)(avail 1901720) : Executing rule V1.3d
2023-11-30 03:02:45 +0000: Memory Usage (1010488kB)(avail 1901976) : Executing rule V1.4a
2023-11-30 03:02:45 +0000: Memory Usage (1010488kB)(avail 1902488) : Executing rule V1.4b
2023-11-30 03:02:45 +0000: Memory Usage (1010488kB)(avail 1902744) : Executing rule V1.4c
2023-11-30 03:02:45 +0000: Memory Usage (1010488kB)(avail 1903768) : Executing rule V2.1
2023-11-30 03:02:45 +0000: Memory Usage (1010488kB)(avail 1904024) : Executing rule V2.2a
2023-11-30 03:02:45 +0000: Memory Usage (1010488kB)(avail 1904536) : Executing rule V2.2b
2023-11-30 03:02:45 +0000: Memory Usage (1010488kB)(avail 1904536) : Executing rule V2.3b
2023-11-30 03:02:45 +0000: Memory Usage (1010488kB)(avail 1905560) : Executing rule V2.3c
2023-11-30 03:02:45 +0000: Memory Usage (1010488kB)(avail 1906072) : Executing rule V2.3d
2023-11-30 03:02:45 +0000: Memory Usage (1010488kB)(avail 1906584) : Executing rule V2.4a
2023-11-30 03:02:45 +0000: Memory Usage (1010488kB)(avail 1907096) : Executing rule V2.4b
2023-11-30 03:02:45 +0000: Memory Usage (1010488kB)(avail 1907608) : Executing rule V2.4c
2023-11-30 03:02:46 +0000: Memory Usage (1010488kB)(avail 1907864) : Executing rule V3.1
2023-11-30 03:02:46 +0000: Memory Usage (1010488kB)(avail 1908120) : Executing rule V3.2a
2023-11-30 03:02:46 +0000: Memory Usage (1010488kB)(avail 1908632) : Executing rule V3.2b
2023-11-30 03:02:46 +0000: Memory Usage (1010488kB)(avail 1908632) : Executing rule V3.3b
2023-11-30 03:02:46 +0000: Memory Usage (1010488kB)(avail 1909144) : Executing rule V3.3c
2023-11-30 03:02:46 +0000: Memory Usage (1010488kB)(avail 1909912) : Executing rule V3.3d
2023-11-30 03:02:46 +0000: Memory Usage (1010488kB)(avail 1911448) : Executing rule V3.4a
2023-11-30 03:02:46 +0000: Memory Usage (1010488kB)(avail 1912216) : Executing rule V3.4b
2023-11-30 03:02:46 +0000: Memory Usage (1010488kB)(avail 1912728) : Executing rule V3.4c
2023-11-30 03:02:46 +0000: Memory Usage (1010488kB)(avail 1913240) : Executing rule V4.1
2023-11-30 03:02:46 +0000: Memory Usage (1010488kB)(avail 1913240) : Executing rule V4.2a
2023-11-30 03:02:46 +0000: Memory Usage (1010488kB)(avail 1913752) : Executing rule V4.2b
2023-11-30 03:02:46 +0000: Memory Usage (1010488kB)(avail 1913752) : Executing rule V4.3b
2023-11-30 03:02:46 +0000: Memory Usage (1010488kB)(avail 1914776) : Executing rule V4.3c
2023-11-30 03:02:46 +0000: Memory Usage (1010488kB)(avail 1915288) : Executing rule V4.3d
2023-11-30 03:02:46 +0000: Memory Usage (1010488kB)(avail 1915544) : Executing rule V4.4a
2023-11-30 03:02:46 +0000: Memory Usage (1010488kB)(avail 1915800) : Executing rule V4.4b
2023-11-30 03:02:46 +0000: Memory Usage (1010488kB)(avail 1916312) : Executing rule V4.4c
2023-11-30 03:02:46 +0000: Memory Usage (1010488kB)(avail 1918104) : Executing rule V5.1
2023-11-30 03:02:46 +0000: Memory Usage (1010488kB)(avail 1918104) : Executing rule V5.2a
2023-11-30 03:02:46 +0000: Memory Usage (1010488kB)(avail 1918616) : Executing rule V5.2b
2023-11-30 03:02:47 +0000: Memory Usage (1010488kB)(avail 1918872) : Executing rule V5.3b
2023-11-30 03:02:47 +0000: Memory Usage (1010488kB)(avail 1919384) : Executing rule V5.3c
2023-11-30 03:02:47 +0000: Memory Usage (1010488kB)(avail 1919896) : Executing rule V5.3d
2023-11-30 03:02:47 +0000: Memory Usage (1010488kB)(avail 1920152) : Executing rule V5.4a
2023-11-30 03:02:47 +0000: Memory Usage (1010488kB)(avail 1920664) : Executing rule V5.4b
2023-11-30 03:02:47 +0000: Memory Usage (1010488kB)(avail 1921176) : Executing rule V5.4c
2023-11-30 03:02:47 +0000: Memory Usage (1010488kB)(avail 1921176) : MetalTop thickness 9k/11k section
2023-11-30 03:02:47 +0000: Memory Usage (1010488kB)(avail 1921404) : Executing rule MT.1
2023-11-30 03:02:47 +0000: Memory Usage (1010488kB)(avail 1921432) : Executing rule MT.2a
2023-11-30 03:02:47 +0000: Memory Usage (1010488kB)(avail 1921432) : Executing rule MT.2b
2023-11-30 03:02:47 +0000: Memory Usage (1010488kB)(avail 1921688) : Executing rule MT.4
2023-11-30 03:02:47 +0000: Memory Usage (1010488kB)(avail 1921944) : Executing rule MC.1
2023-11-30 03:02:47 +0000: Memory Usage (1010488kB)(avail 1921944) : Executing rule MC.2
2023-11-30 03:02:47 +0000: Memory Usage (1010488kB)(avail 1921944) : Executing rule MC.3
2023-11-30 03:02:47 +0000: Memory Usage (1010488kB)(avail 1921948) : Executing rule MC.4
2023-11-30 03:02:47 +0000: Memory Usage (1010488kB)(avail 1922200) : Executing rule PRES.1
2023-11-30 03:02:47 +0000: Memory Usage (1010488kB)(avail 1922456) : Executing rule PRES.2
2023-11-30 03:02:47 +0000: Memory Usage (1010488kB)(avail 1922456) : Executing rule PRES.3
2023-11-30 03:02:47 +0000: Memory Usage (1010488kB)(avail 1922712) : Executing rule PRES.4
2023-11-30 03:02:47 +0000: Memory Usage (1010488kB)(avail 1922712) : Executing rule PRES.5
2023-11-30 03:02:47 +0000: Memory Usage (1010488kB)(avail 1922968) : Executing rule PRES.6
2023-11-30 03:02:47 +0000: Memory Usage (1010488kB)(avail 1923224) : Executing rule PRES.7
2023-11-30 03:02:47 +0000: Memory Usage (1010488kB)(avail 1923480) : Executing rule PRES.9a
2023-11-30 03:02:47 +0000: Memory Usage (1010488kB)(avail 1923992) : Executing rule PRES.9b
2023-11-30 03:02:47 +0000: Memory Usage (1010488kB)(avail 1924080) : Executing rule LRES.1
2023-11-30 03:02:47 +0000: Memory Usage (1010488kB)(avail 1924248) : Executing rule LRES.2
2023-11-30 03:02:47 +0000: Memory Usage (1010488kB)(avail 1924248) : Executing rule LRES.3
2023-11-30 03:02:47 +0000: Memory Usage (1010488kB)(avail 1924504) : Executing rule LRES.4
2023-11-30 03:02:47 +0000: Memory Usage (1010488kB)(avail 1924504) : Executing rule LRES.5
2023-11-30 03:02:47 +0000: Memory Usage (1010488kB)(avail 1925016) : Executing rule LRES.6
2023-11-30 03:02:47 +0000: Memory Usage (1010488kB)(avail 1926296) : Executing rule LRES.7
2023-11-30 03:02:47 +0000: Memory Usage (1010488kB)(avail 1926552) : Executing rule LRES.9a
2023-11-30 03:02:47 +0000: Memory Usage (1010488kB)(avail 1926808) : Executing rule LRES.9b
2023-11-30 03:02:47 +0000: Memory Usage (1010488kB)(avail 1927320) : Executing rule HRES.1
2023-11-30 03:02:47 +0000: Memory Usage (1010488kB)(avail 1927320) : Executing rule HRES.2
2023-11-30 03:02:47 +0000: Memory Usage (1010488kB)(avail 1927320) : Executing rule HRES.3
2023-11-30 03:02:47 +0000: Memory Usage (1010488kB)(avail 1927576) : Executing rule HRES.4
2023-11-30 03:02:47 +0000: Memory Usage (1010488kB)(avail 1927832) : Executing rule HRES.5
2023-11-30 03:02:47 +0000: Memory Usage (1010488kB)(avail 1927832) : Executing rule HRES.6
2023-11-30 03:02:47 +0000: Memory Usage (1010488kB)(avail 1928344) : Executing rule HRES.7
2023-11-30 03:02:47 +0000: Memory Usage (1010488kB)(avail 1928600) : Executing rule HRES.8
2023-11-30 03:02:47 +0000: Memory Usage (1010488kB)(avail 1929368) : Executing rule HRES.9
2023-11-30 03:02:47 +0000: Memory Usage (1010488kB)(avail 1929624) : Executing rule HRES.10 (requires flat)
2023-11-30 03:02:47 +0000: Memory Usage (1010488kB)(avail 1929880) : Executing rule HRES.12a
2023-11-30 03:02:47 +0000: Memory Usage (1010488kB)(avail 1930136) : Executing rule HRES.12b
2023-11-30 03:02:47 +0000: Memory Usage (1010488kB)(avail 1930392) : MIM Capacitor Option B section
2023-11-30 03:02:47 +0000: Memory Usage (1010488kB)(avail 1930392) : Executing rule MIMTM.1
2023-11-30 03:02:47 +0000: Memory Usage (1010488kB)(avail 1930648) : Executing rule MIMTM.2
2023-11-30 03:02:47 +0000: Memory Usage (1010488kB)(avail 1930904) : Executing rule MIMTM.3
2023-11-30 03:02:47 +0000: Memory Usage (1010488kB)(avail 1931160) : Executing rule MIMTM.4
2023-11-30 03:02:47 +0000: Memory Usage (1010488kB)(avail 1931160) : Executing rule MIMTM.5
2023-11-30 03:02:47 +0000: Memory Usage (1010488kB)(avail 1931416) : Executing rule MIMTM.6
2023-11-30 03:02:47 +0000: Memory Usage (1010488kB)(avail 1931672) : Executing rule MIMTM.7
2023-11-30 03:02:47 +0000: Memory Usage (1010488kB)(avail 1931672) : Executing rule MIMTM.8a
2023-11-30 03:02:47 +0000: Memory Usage (1010488kB)(avail 1931672) : Executing rule MIMTM.8b
2023-11-30 03:02:47 +0000: Memory Usage (1010488kB)(avail 1931928) : Executing rule MIMTM.9
2023-11-30 03:02:47 +0000: Memory Usage (1010488kB)(avail 1931928) : Executing rule MIMTM.10
2023-11-30 03:02:47 +0000: Memory Usage (1010488kB)(avail 1932184) : Executing rule MIMTM.11
2023-11-30 03:02:47 +0000: Memory Usage (1010488kB)(avail 1932184) : Executing rule NAT.1
2023-11-30 03:02:47 +0000: Memory Usage (1010488kB)(avail 1932184) : Executing rule NAT.2
2023-11-30 03:02:47 +0000: Memory Usage (1010488kB)(avail 1932440) : Executing rule NAT.3
2023-11-30 03:02:47 +0000: Memory Usage (1010488kB)(avail 1932440) : Executing rule NAT.4
2023-11-30 03:02:47 +0000: Memory Usage (1010488kB)(avail 1932696) : Executing rule NAT.5
2023-11-30 03:02:47 +0000: Memory Usage (1010488kB)(avail 1932952) : CONNECTIVITY_RULES section
2023-11-30 03:02:47 +0000: Memory Usage (1010488kB)(avail 1933208) : Executing rule NAT.6
2023-11-30 03:02:47 +0000: Memory Usage (1010488kB)(avail 1933464) : Executing rule NAT.7
2023-11-30 03:02:47 +0000: Memory Usage (1010488kB)(avail 1933464) : Executing rule NAT.8
2023-11-30 03:02:47 +0000: Memory Usage (1010488kB)(avail 1933976) : Executing rule NAT.9
2023-11-30 03:02:47 +0000: Memory Usage (1010488kB)(avail 1933976) : Executing rule NAT.10
2023-11-30 03:02:48 +0000: Memory Usage (1010488kB)(avail 1935000) : Executing rule NAT.11
2023-11-30 03:02:48 +0000: Memory Usage (1010488kB)(avail 1935256) : Executing rule NAT.12
2023-11-30 03:02:48 +0000: Memory Usage (1010488kB)(avail 1935512) : Executing rule BJT.1
2023-11-30 03:02:48 +0000: Memory Usage (1010488kB)(avail 1935768) : Executing rule BJT.2
2023-11-30 03:02:48 +0000: Memory Usage (1010488kB)(avail 1936024) : Executing rule BJT.3
2023-11-30 03:02:48 +0000: Memory Usage (1010488kB)(avail 1936280) : Executing rule DE.2
2023-11-30 03:02:48 +0000: Memory Usage (1010488kB)(avail 1936536) : Executing rule DE.3
2023-11-30 03:02:48 +0000: Memory Usage (1010488kB)(avail 1936792) : Executing rule DE.4
2023-11-30 03:02:48 +0000: Memory Usage (1010488kB)(avail 1937048) : Executing rule LVS_BJT.1
2023-11-30 03:02:48 +0000: Memory Usage (1010488kB)(avail 1937048) : Executing rule O.DF.3a
2023-11-30 03:02:48 +0000: Memory Usage (1010488kB)(avail 1937304) : Executing rule O.DF.6
2023-11-30 03:02:48 +0000: Memory Usage (1010488kB)(avail 1937304) : Executing rule O.DF.9
2023-11-30 03:02:48 +0000: Memory Usage (1010488kB)(avail 1937560) : Executing rule O.PL.2
2023-11-30 03:02:48 +0000: Memory Usage (1010488kB)(avail 1937816) : Executing rule O.PL.3a
2023-11-30 03:02:48 +0000: Memory Usage (1010488kB)(avail 1938072) : Executing rule O.PL.4
2023-11-30 03:02:48 +0000: Memory Usage (1010488kB)(avail 1938072) : Executing rule O.SB.2
2023-11-30 03:02:48 +0000: Memory Usage (1010488kB)(avail 1938328) : Executing rule O.SB.3
2023-11-30 03:02:48 +0000: Memory Usage (1010488kB)(avail 1938584) : Executing rule O.SB.4
2023-11-30 03:02:48 +0000: Memory Usage (1010488kB)(avail 1938840) : Executing rule O.SB.5b_3.3V
2023-11-30 03:02:48 +0000: Memory Usage (1010488kB)(avail 1939096) : Executing rule O.SB.9
2023-11-30 03:02:48 +0000: Memory Usage (1010488kB)(avail 1939352) : Executing rule O.SB.11
2023-11-30 03:02:48 +0000: Memory Usage (1010488kB)(avail 1939352) : Executing rule O.SB.13_3.3V
2023-11-30 03:02:48 +0000: Memory Usage (1010488kB)(avail 1939608) : Executing rule O.SB.13_5V
2023-11-30 03:02:48 +0000: Memory Usage (1010488kB)(avail 1939608) : Executing rule O.CO.7
2023-11-30 03:02:48 +0000: Memory Usage (1010488kB)(avail 1939864) : Executing rule O.PL.ORT
2023-11-30 03:02:48 +0000: Memory Usage (1010488kB)(avail 1940120) : Executing rule EF.01
2023-11-30 03:02:48 +0000: Memory Usage (1010488kB)(avail 1940376) : Executing rule EF.02
2023-11-30 03:02:48 +0000: Memory Usage (1010488kB)(avail 1940376) : Executing rule EF.03
2023-11-30 03:02:48 +0000: Memory Usage (1010488kB)(avail 1940632) : Executing rule EF.04a
2023-11-30 03:02:48 +0000: Memory Usage (1010488kB)(avail 1940888) : Executing rule EF.04b
2023-11-30 03:02:48 +0000: Memory Usage (1010488kB)(avail 1941144) : Executing rule EF.04c
2023-11-30 03:02:48 +0000: Memory Usage (1010488kB)(avail 1941144) : Executing rule EF.04d
2023-11-30 03:02:48 +0000: Memory Usage (1010488kB)(avail 1941144) : Executing rule EF.05
2023-11-30 03:02:48 +0000: Memory Usage (1010488kB)(avail 1941656) : Executing rule EF.06
2023-11-30 03:02:48 +0000: Memory Usage (1010488kB)(avail 1941656) : Executing rule EF.07
2023-11-30 03:02:48 +0000: Memory Usage (1010488kB)(avail 1942168) : Executing rule EF.08
2023-11-30 03:02:48 +0000: Memory Usage (1010488kB)(avail 1942168) : Executing rule EF.09
2023-11-30 03:02:48 +0000: Memory Usage (1010488kB)(avail 1943448) : Executing rule EF.10
2023-11-30 03:02:48 +0000: Memory Usage (1010488kB)(avail 1943448) : Executing rule EF.11
2023-11-30 03:02:48 +0000: Memory Usage (1010488kB)(avail 1943704) : Executing rule EF.12
2023-11-30 03:02:48 +0000: Memory Usage (1010488kB)(avail 1943704) : Executing rule EF.13
2023-11-30 03:02:48 +0000: Memory Usage (1010488kB)(avail 1943960) : Executing rule EF.14
2023-11-30 03:02:48 +0000: Memory Usage (1010488kB)(avail 1944216) : Executing rule EF.15
2023-11-30 03:02:48 +0000: Memory Usage (1010488kB)(avail 1944216) : Executing rule EF.16a
2023-11-30 03:02:48 +0000: Memory Usage (1010488kB)(avail 1944216) : Executing rule EF.16b
2023-11-30 03:02:48 +0000: Memory Usage (1010488kB)(avail 1944472) : Executing rule EF.17
2023-11-30 03:02:48 +0000: Memory Usage (1010488kB)(avail 1944472) : Executing rule EF.18
2023-11-30 03:02:48 +0000: Memory Usage (1010488kB)(avail 1944728) : Executing rule EF.19
2023-11-30 03:02:48 +0000: Memory Usage (1010488kB)(avail 1944728) : Executing rule EF.20
2023-11-30 03:02:48 +0000: Memory Usage (1010488kB)(avail 1945496) : Executing rule EF.21
2023-11-30 03:02:48 +0000: Memory Usage (1010488kB)(avail 1945752) : Executing rule EF.22a
2023-11-30 03:02:48 +0000: Memory Usage (1010488kB)(avail 1945752) : Executing rule EF.22b
2023-11-30 03:02:48 +0000: Memory Usage (1010488kB)(avail 1946008) : Executing rule MDN.1
2023-11-30 03:02:48 +0000: Memory Usage (1010488kB)(avail 1946264) : CONNECTIVITY_RULES section
2023-11-30 03:02:48 +0000: Memory Usage (1010488kB)(avail 1946264) : Executing rule MDN.2a
2023-11-30 03:02:48 +0000: Memory Usage (1010488kB)(avail 1946520) : Executing rule MDN.2b
2023-11-30 03:02:48 +0000: Memory Usage (1010488kB)(avail 1946520) : Executing rule MDN.3a
2023-11-30 03:02:48 +0000: Memory Usage (1010488kB)(avail 1946776) : Executing rule MDN.3b
2023-11-30 03:02:48 +0000: Memory Usage (1010488kB)(avail 1946776) : Executing rule MDN.4a
2023-11-30 03:02:48 +0000: Memory Usage (1010488kB)(avail 1947032) : Executing rule MDN.4b
2023-11-30 03:02:48 +0000: Memory Usage (1010488kB)(avail 1947288) : Executing rule MDN.5ai
2023-11-30 03:02:48 +0000: Memory Usage (1010488kB)(avail 1947288) : Executing rule MDN.5aii
2023-11-30 03:02:48 +0000: Memory Usage (1010488kB)(avail 1947800) : Executing rule MDN.5b
2023-11-30 03:02:48 +0000: Memory Usage (1010488kB)(avail 1948312) : Executing rule MDN.5c
2023-11-30 03:02:48 +0000: Memory Usage (1010488kB)(avail 1948312) : Executing rule MDN.6
2023-11-30 03:02:48 +0000: Memory Usage (1010488kB)(avail 1948604) : Executing rule MDN.6a
2023-11-30 03:02:48 +0000: Memory Usage (1010488kB)(avail 1948824) : Executing rule MDN.7
2023-11-30 03:02:48 +0000: Memory Usage (1010488kB)(avail 1949336) : Executing rule MDN.7a
2023-11-30 03:02:48 +0000: Memory Usage (1010488kB)(avail 1949336) : CONNECTIVITY_RULES section
2023-11-30 03:02:48 +0000: Memory Usage (1010488kB)(avail 1949592) : Executing rule MDN.8a
2023-11-30 03:02:48 +0000: Memory Usage (1010488kB)(avail 1949848) : Executing rule MDN.8b
2023-11-30 03:02:48 +0000: Memory Usage (1010488kB)(avail 1949848) : Executing rule MDN.9
2023-11-30 03:02:49 +0000: Memory Usage (1010488kB)(avail 1950104) : Executing rule MDN.10a
2023-11-30 03:02:49 +0000: Memory Usage (1010488kB)(avail 1950104) : Executing rule MDN.10b
2023-11-30 03:02:49 +0000: Memory Usage (1010488kB)(avail 1950616) : Executing rule MDN.10c
2023-11-30 03:02:49 +0000: Memory Usage (1010488kB)(avail 1952920) : Executing rule MDN.10d
2023-11-30 03:02:49 +0000: Memory Usage (1010488kB)(avail 1953176) : Executing rule MDN.10ei
2023-11-30 03:02:49 +0000: Memory Usage (1010488kB)(avail 1953432) : Executing rule MDN.10eii
2023-11-30 03:02:49 +0000: Memory Usage (1010488kB)(avail 1953944) : Executing rule MDN.10f
2023-11-30 03:02:49 +0000: Memory Usage (1010488kB)(avail 1954712) : Executing rule MDN.11
2023-11-30 03:02:49 +0000: Memory Usage (1010488kB)(avail 1954968) : Executing rule MDN.12
2023-11-30 03:02:49 +0000: Memory Usage (1010488kB)(avail 1955224) : Executing rule MDN.13a
2023-11-30 03:02:49 +0000: Memory Usage (1010488kB)(avail 1955480) : Executing rule MDN.13b
2023-11-30 03:02:49 +0000: Memory Usage (1010488kB)(avail 1955736) : Executing rule MDN.13c
2023-11-30 03:02:49 +0000: Memory Usage (1010488kB)(avail 1956248) : Executing rule MDN.13d
2023-11-30 03:02:49 +0000: Memory Usage (1010488kB)(avail 1956504) : Executing rule MDN.14
2023-11-30 03:02:49 +0000: Memory Usage (1010488kB)(avail 1956504) : Executing rule MDN.15a
2023-11-30 03:02:49 +0000: Memory Usage (1010488kB)(avail 1956760) : Executing rule MDN.15b
2023-11-30 03:02:49 +0000: Memory Usage (1010488kB)(avail 1957528) : Executing rule MDN.17
2023-11-30 03:02:49 +0000: Memory Usage (1010488kB)(avail 1957784) : Executing rule MDP.1
2023-11-30 03:02:49 +0000: Memory Usage (1010488kB)(avail 1958296) : Executing rule MDP.1a
2023-11-30 03:02:49 +0000: Memory Usage (1010488kB)(avail 1958552) : Executing rule MDP.2
2023-11-30 03:02:49 +0000: Memory Usage (1010488kB)(avail 1959320) : Executing rule MDP.3
2023-11-30 03:02:49 +0000: Memory Usage (1010488kB)(avail 1959576) : Executing rule MDP.3ai
2023-11-30 03:02:49 +0000: Memory Usage (1010488kB)(avail 1960856) : Executing rule MDP.3aii
2023-11-30 03:02:49 +0000: Memory Usage (1010488kB)(avail 1961112) : Executing rule MDP.3b
2023-11-30 03:02:49 +0000: Memory Usage (1010488kB)(avail 1961368) : Executing rule MDP.3c
2023-11-30 03:02:49 +0000: Memory Usage (1010488kB)(avail 1961624) : Executing rule MDP.3d
2023-11-30 03:02:49 +0000: Memory Usage (1010488kB)(avail 1962136) : Executing rule MDP.4
2023-11-30 03:02:49 +0000: Memory Usage (1010488kB)(avail 1962392) : Executing rule MDP.4a
2023-11-30 03:02:49 +0000: Memory Usage (1010488kB)(avail 1962904) : Executing rule MDP.4b
2023-11-30 03:02:49 +0000: Memory Usage (1010488kB)(avail 1963160) : Executing rule MDP.5
2023-11-30 03:02:49 +0000: Memory Usage (1010488kB)(avail 1963416) : Executing rule MDP.5a
2023-11-30 03:02:49 +0000: Memory Usage (1010488kB)(avail 1963672) : Executing rule MDP.6
2023-11-30 03:02:49 +0000: Memory Usage (1010488kB)(avail 1963928) : Executing rule MDP.6a
2023-11-30 03:02:49 +0000: Memory Usage (1010488kB)(avail 1963928) : Executing rule MDP.7
2023-11-30 03:02:49 +0000: Memory Usage (1010488kB)(avail 1963928) : Executing rule MDP.8
2023-11-30 03:02:49 +0000: Memory Usage (1010488kB)(avail 1964184) : Executing rule MDP.9a
2023-11-30 03:02:49 +0000: Memory Usage (1010488kB)(avail 1964952) : Executing rule MDP.9b
2023-11-30 03:02:49 +0000: Memory Usage (1010488kB)(avail 1964952) : Executing rule MDP.9c
2023-11-30 03:02:49 +0000: Memory Usage (1010488kB)(avail 1965208) : Executing rule MDP.9d
2023-11-30 03:02:50 +0000: Memory Usage (1010488kB)(avail 1966232) : Executing rule MDP.9ei
2023-11-30 03:02:50 +0000: Memory Usage (1010488kB)(avail 1966744) : Executing rule MDP.9eii
2023-11-30 03:02:50 +0000: Memory Usage (1010488kB)(avail 1966744) : Executing rule MDP.9f
2023-11-30 03:02:50 +0000: Memory Usage (1010488kB)(avail 1967000) : Executing rule MDP.10
2023-11-30 03:02:50 +0000: Memory Usage (1010488kB)(avail 1967256) : CONNECTIVITY_RULES section
2023-11-30 03:02:50 +0000: Memory Usage (1010488kB)(avail 1967512) : Executing rule MDP.10a
2023-11-30 03:02:50 +0000: Memory Usage (1010488kB)(avail 1967512) : Executing rule MDP.10b
2023-11-30 03:02:50 +0000: Memory Usage (1010488kB)(avail 1967512) : Executing rule MDP.11
2023-11-30 03:02:50 +0000: Memory Usage (1010488kB)(avail 1968024) : Executing rule MDP.12
2023-11-30 03:02:50 +0000: Memory Usage (1010488kB)(avail 1968536) : Executing rule MDP.13a
2023-11-30 03:02:50 +0000: Memory Usage (1010488kB)(avail 1969560) : Executing rule MDP.13b
2023-11-30 03:02:50 +0000: Memory Usage (1010488kB)(avail 1970328) : Executing rule MDP.13c
2023-11-30 03:02:50 +0000: Memory Usage (1010488kB)(avail 1970584) : Executing rule MDP.15
2023-11-30 03:02:50 +0000: Memory Usage (1010488kB)(avail 1971096) : Executing rule MDP.16a
2023-11-30 03:02:50 +0000: Memory Usage (1010488kB)(avail 1971096) : Executing rule MDP.16b
2023-11-30 03:02:50 +0000: Memory Usage (1010488kB)(avail 1971608) : Executing rule MDP.17a
2023-11-30 03:02:50 +0000: Memory Usage (1010488kB)(avail 1971864) : Executing rule MDP.17c
2023-11-30 03:02:50 +0000: Memory Usage (1010488kB)(avail 1972120) : Executing rule Y.NW.2b_3.3V
2023-11-30 03:02:50 +0000: Memory Usage (1010488kB)(avail 1972376) : Executing rule Y.NW.2b_5V
2023-11-30 03:02:50 +0000: Memory Usage (1010488kB)(avail 1972376) : Executing rule Y.DF.6_5V
2023-11-30 03:02:50 +0000: Memory Usage (1010488kB)(avail 1972632) : Executing rule Y.DF.16_3.3V
2023-11-30 03:02:50 +0000: Memory Usage (1010488kB)(avail 1972888) : Executing rule Y.DF.16_5V
2023-11-30 03:02:50 +0000: Memory Usage (1010488kB)(avail 1973144) : Executing rule Y.PL.1_3.3V
2023-11-30 03:02:50 +0000: Memory Usage (1010488kB)(avail 1973400) : Executing rule Y.PL.1_5V
2023-11-30 03:02:50 +0000: Memory Usage (1010488kB)(avail 1973656) : Executing rule Y.PL.2_3.3V
2023-11-30 03:02:50 +0000: Memory Usage (1010488kB)(avail 1973912) : Executing rule Y.PL.2_5V
2023-11-30 03:02:50 +0000: Memory Usage (1010488kB)(avail 1974168) : Executing rule Y.PL.4_5V
2023-11-30 03:02:50 +0000: Memory Usage (1010488kB)(avail 1974424) : Executing rule Y.PL.5a_3.3V
2023-11-30 03:02:50 +0000: Memory Usage (1010488kB)(avail 1974680) : Executing rule Y.PL.5a_5V
2023-11-30 03:02:50 +0000: Memory Usage (1010488kB)(avail 1974680) : Executing rule Y.PL.5b_3.3V
2023-11-30 03:02:50 +0000: Memory Usage (1010488kB)(avail 1975192) : Executing rule Y.PL.5b_5V
2023-11-30 03:02:50 +0000: Memory Usage (1010488kB)(avail 1975192) : Executing rule S.DF.4c_MV
2023-11-30 03:02:50 +0000: Memory Usage (1010488kB)(avail 1975704) : Executing rule S.DF.6_MV
2023-11-30 03:02:50 +0000: Memory Usage (1010488kB)(avail 1975960) : Executing rule S.DF.7_MV
2023-11-30 03:02:50 +0000: Memory Usage (1010488kB)(avail 1976216) : Executing rule S.DF.8_MV
2023-11-30 03:02:50 +0000: Memory Usage (1010488kB)(avail 1976984) : Executing rule S.DF.16_MV
2023-11-30 03:02:50 +0000: Memory Usage (1010488kB)(avail 1977240) : Executing rule S.PL.5a_MV
2023-11-30 03:02:50 +0000: Memory Usage (1010488kB)(avail 1978264) : Executing rule S.PL.5b_MV
2023-11-30 03:02:50 +0000: Memory Usage (1010488kB)(avail 1978520) : Executing rule S.CO.4_MV
2023-11-30 03:02:50 +0000: Memory Usage (1010488kB)(avail 1979032) : Executing rule S.DF.4c_LV
2023-11-30 03:02:50 +0000: Memory Usage (1010488kB)(avail 1979544) : Executing rule S.DF.16_LV
2023-11-30 03:02:50 +0000: Memory Usage (1010488kB)(avail 1979800) : Executing rule S.CO.3_LV
2023-11-30 03:02:50 +0000: Memory Usage (1010488kB)(avail 1980056) : Executing rule S.CO.4_LV
2023-11-30 03:02:50 +0000: Memory Usage (1010488kB)(avail 1980568) : Executing rule S.CO.6_ii_LV
2023-11-30 03:02:50 +0000: Memory Usage (1010488kB)(avail 1981080) : Executing rule S.M1.1_LV
VmPeak:	 1154404 kB
VmHWM:	  773556 kB
2023-11-30 03:02:50 +0000: Memory Usage (1010488kB)(avail 1981080) : DRC Total Run time 14.549578 seconds
2023-11-30 03:02:50 +0000: Memory Usage (1010488kB)(avail 1981080) : DRC Total program errors: 0
