2023-11-30 03:02:57 +0000: Memory Usage (620308kB)(avail 1996024) : Starting running GF180MCU Klayout DRC runset on /home/mc/encryption_caravel_user_project/gds/user_project_wrapper.gds cell user_project_wrapper
2023-11-30 03:02:57 +0000: Memory Usage (620308kB)(avail 1996024) : Ruby Version for klayout: 3.0.2
Memory/Swap config at start (/proc/meminfo):
MemTotal:        3964456 kB
MemFree:          428168 kB
MemAvailable:     472480 kB
SwapCached:       235216 kB
SwapTotal:       3991548 kB
SwapFree:        1996024 kB

2023-11-30 03:03:08 +0000: Memory Usage (982292kB)(avail 1952536) : Loading database to memory is complete.
2023-11-30 03:03:08 +0000: Memory Usage (982292kB)(avail 1952536) : GF180MCU Klayout DRC runset output at: /home/mc/encryption_caravel_user_project/precheck_results/30_NOV_2023___03_01_53/outputs/reports/klayout_offgrid_check.xml
2023-11-30 03:03:08 +0000: Memory Usage (982292kB)(avail 1953560) : Number of threads to use 2
2023-11-30 03:03:08 +0000: Memory Usage (982292kB)(avail 1953560) : Verbose mode: false
2023-11-30 03:03:08 +0000: Memory Usage (982292kB)(avail 1953560) : flat  mode is enabled.
2023-11-30 03:03:08 +0000: Memory Usage (982292kB)(avail 1953560) : Read in polygons from layers.
2023-11-30 03:03:08 +0000: Memory Usage (982292kB)(avail 1953560) : Executing polygons(22, 0).merged for comp
2023-11-30 03:03:08 +0000: Memory Usage (982292kB)(avail 1954584) : Executing polygons(12, 0).merged for dnwell
2023-11-30 03:03:08 +0000: Memory Usage (982292kB)(avail 1954584) : Executing polygons(21, 0).merged for nwell
2023-11-30 03:03:08 +0000: Memory Usage (982292kB)(avail 1954840) : Executing polygons(204, 0).merged for lvpwell
2023-11-30 03:03:08 +0000: Memory Usage (982292kB)(avail 1955096) : Executing polygons(55, 0).merged for dualgate
2023-11-30 03:03:08 +0000: Memory Usage (982292kB)(avail 1955096) : Executing polygons(30, 0).merged for poly2
2023-11-30 03:03:08 +0000: Memory Usage (982292kB)(avail 1955352) : Executing polygons(32, 0).merged for nplus
2023-11-30 03:03:08 +0000: Memory Usage (982292kB)(avail 1955352) : Executing polygons(31, 0).merged for pplus
2023-11-30 03:03:08 +0000: Memory Usage (982292kB)(avail 1955352) : Executing polygons(49, 0).merged for sab
2023-11-30 03:03:08 +0000: Memory Usage (982292kB)(avail 1955608) : Executing polygons(24, 0).merged for esd
2023-11-30 03:03:08 +0000: Memory Usage (982292kB)(avail 1955608) : Executing polygons(33, 0).merged for contact
2023-11-30 03:03:08 +0000: Memory Usage (982292kB)(avail 1955608) : Executing polygons(34, 0).merged for metal1
2023-11-30 03:03:08 +0000: Memory Usage (982292kB)(avail 1955864) : Executing polygons(35, 0).merged for via1
2023-11-30 03:03:08 +0000: Memory Usage (982292kB)(avail 1955864) : Executing polygons(36, 0).merged for metal2
2023-11-30 03:03:08 +0000: Memory Usage (982292kB)(avail 1955864) : Executing polygons(38, 0).merged for via2
2023-11-30 03:03:08 +0000: Memory Usage (982292kB)(avail 1956120) : Executing polygons(42, 0).merged for metal3
2023-11-30 03:03:08 +0000: Memory Usage (982292kB)(avail 1956120) : Executing polygons(40, 0).merged for via3
2023-11-30 03:03:08 +0000: Memory Usage (982292kB)(avail 1956120) : Executing polygons(46, 0).merged for metal4
2023-11-30 03:03:08 +0000: Memory Usage (982292kB)(avail 1956120) : Executing polygons(41, 0).merged for via4
2023-11-30 03:03:08 +0000: Memory Usage (982292kB)(avail 1956376) : Executing polygons(81, 0).merged for metal5
2023-11-30 03:03:08 +0000: Memory Usage (982292kB)(avail 1956376) : Executing polygons(82, 0).merged for via5
2023-11-30 03:03:08 +0000: Memory Usage (982292kB)(avail 1956632) : Executing polygons(53, 0).merged for metaltop
2023-11-30 03:03:08 +0000: Memory Usage (982292kB)(avail 1956632) : Executing polygons(53, 4).merged for metaltop_dummy
2023-11-30 03:03:08 +0000: Memory Usage (982292kB)(avail 1956632) : Executing polygons(53, 10).merged for metaltop_label
2023-11-30 03:03:08 +0000: Memory Usage (982292kB)(avail 1956888) : Executing polygons(53, 3).merged for metaltop_slot
2023-11-30 03:03:08 +0000: Memory Usage (982292kB)(avail 1956888) : Executing polygons(53, 5).merged for metaltop_blk
2023-11-30 03:03:08 +0000: Memory Usage (982292kB)(avail 1956888) : Executing polygons(37, 0).merged for pad
2023-11-30 03:03:08 +0000: Memory Usage (982292kB)(avail 1956888) : Executing polygons(62, 0).merged for resistor
2023-11-30 03:03:08 +0000: Memory Usage (982292kB)(avail 1957144) : Executing polygons(227, 0).merged for fhres
2023-11-30 03:03:08 +0000: Memory Usage (982292kB)(avail 1957144) : Executing polygons(75, 0).merged for fusetop
2023-11-30 03:03:08 +0000: Memory Usage (982292kB)(avail 1957144) : Executing polygons(96, 1).merged for fusewindow_d
2023-11-30 03:03:08 +0000: Memory Usage (982292kB)(avail 1957144) : Executing polygons(220, 0).merged for polyfuse
2023-11-30 03:03:08 +0000: Memory Usage (982292kB)(avail 1957400) : Executing polygons(210, 0).merged for mvsd
2023-11-30 03:03:08 +0000: Memory Usage (982292kB)(avail 1957400) : Executing polygons(11, 39).merged for mvpsd
2023-11-30 03:03:08 +0000: Memory Usage (982292kB)(avail 1957400) : Executing polygons(5, 0).merged for nat
2023-11-30 03:03:08 +0000: Memory Usage (982292kB)(avail 1957400) : Executing polygons(22, 4).merged for comp_dummy
2023-11-30 03:03:08 +0000: Memory Usage (982292kB)(avail 1957604) : Executing polygons(30, 4).merged for poly2_dummy
2023-11-30 03:03:08 +0000: Memory Usage (982292kB)(avail 1957768) : Executing polygons(34, 4).merged for metal1_dummy
2023-11-30 03:03:08 +0000: Memory Usage (982292kB)(avail 1957956) : Executing polygons(36, 4).merged for metal2_dummy
2023-11-30 03:03:08 +0000: Memory Usage (982292kB)(avail 1957956) : Executing polygons(42, 4).merged for metal3_dummy
2023-11-30 03:03:08 +0000: Memory Usage (982292kB)(avail 1958212) : Executing polygons(46, 4).merged for metal4_dummy
2023-11-30 03:03:08 +0000: Memory Usage (982292kB)(avail 1958468) : Executing polygons(81, 4).merged for metal5_dummy
2023-11-30 03:03:16 +0000: Memory Usage (1010492kB)(avail 1914080) : Executing polygons(22, 10).merged for comp_label
2023-11-30 03:03:16 +0000: Memory Usage (1010492kB)(avail 1915104) : Executing polygons(30, 10).merged for poly2_label
2023-11-30 03:03:16 +0000: Memory Usage (1010492kB)(avail 1915104) : Executing polygons(34, 10).merged for metal1_label
2023-11-30 03:03:16 +0000: Memory Usage (1010492kB)(avail 1915104) : Executing polygons(36, 10).merged for metal2_label
2023-11-30 03:03:16 +0000: Memory Usage (1010492kB)(avail 1915104) : Executing polygons(42, 10).merged for metal3_label
2023-11-30 03:03:16 +0000: Memory Usage (1010492kB)(avail 1915104) : Executing polygons(46, 10).merged for metal4_label
2023-11-30 03:03:16 +0000: Memory Usage (1010492kB)(avail 1915104) : Executing polygons(81, 10).merged for metal5_label
2023-11-30 03:03:16 +0000: Memory Usage (1010492kB)(avail 1915360) : Executing polygons(34, 3).merged for metal1_slot
2023-11-30 03:03:16 +0000: Memory Usage (1010492kB)(avail 1915360) : Executing polygons(36, 3).merged for metal2_slot
2023-11-30 03:03:16 +0000: Memory Usage (1010492kB)(avail 1915360) : Executing polygons(42, 3).merged for metal3_slot
2023-11-30 03:03:16 +0000: Memory Usage (1010492kB)(avail 1915360) : Executing polygons(46, 3).merged for metal4_slot
2023-11-30 03:03:16 +0000: Memory Usage (1010492kB)(avail 1915616) : Executing polygons(81, 3).merged for metal5_slot
2023-11-30 03:03:16 +0000: Memory Usage (1010492kB)(avail 1915616) : Executing polygons(183, 0).merged for ubmpperi
2023-11-30 03:03:16 +0000: Memory Usage (1010492kB)(avail 1915616) : Executing polygons(184, 0).merged for ubmparray
2023-11-30 03:03:16 +0000: Memory Usage (1010492kB)(avail 1915616) : Executing polygons(185, 0).merged for ubmeplate
2023-11-30 03:03:16 +0000: Memory Usage (1010492kB)(avail 1915872) : Executing polygons(241, 0).merged for schottky_diode
2023-11-30 03:03:16 +0000: Memory Usage (1010492kB)(avail 1915872) : Executing polygons(178, 0).merged for zener
2023-11-30 03:03:16 +0000: Memory Usage (1010492kB)(avail 1915872) : Executing polygons(110, 5).merged for res_mk
2023-11-30 03:03:16 +0000: Memory Usage (1010492kB)(avail 1915872) : Executing polygons(124, 5).merged for opc_drc
2023-11-30 03:03:16 +0000: Memory Usage (1010492kB)(avail 1916128) : Executing polygons(111, 5).merged for ndmy
2023-11-30 03:03:16 +0000: Memory Usage (1010492kB)(avail 1916128) : Executing polygons(152, 5).merged for pmndmy
2023-11-30 03:03:16 +0000: Memory Usage (1010492kB)(avail 1916128) : Executing polygons(112, 1).merged for v5_xtor
2023-11-30 03:03:16 +0000: Memory Usage (1010492kB)(avail 1916384) : Executing polygons(117, 5).merged for cap_mk
2023-11-30 03:03:16 +0000: Memory Usage (1010492kB)(avail 1916384) : Executing polygons(166, 5).merged for mos_cap_mk
2023-11-30 03:03:16 +0000: Memory Usage (1010492kB)(avail 1916384) : Executing polygons(151, 5).merged for ind_mk
2023-11-30 03:03:16 +0000: Memory Usage (1010492kB)(avail 1916384) : Executing polygons(115, 5).merged for diode_mk
2023-11-30 03:03:16 +0000: Memory Usage (1010492kB)(avail 1916640) : Executing polygons(127, 5).merged for drc_bjt
2023-11-30 03:03:16 +0000: Memory Usage (1010492kB)(avail 1916640) : Executing polygons(118, 5).merged for lvs_bjt
2023-11-30 03:03:16 +0000: Memory Usage (1010492kB)(avail 1916640) : Executing polygons(117, 10).merged for mim_l_mk
2023-11-30 03:03:16 +0000: Memory Usage (1010492kB)(avail 1916896) : Executing polygons(137, 5).merged for latchup_mk
2023-11-30 03:03:16 +0000: Memory Usage (1010492kB)(avail 1916896) : Executing polygons(167, 5).merged for guard_ring_mk
2023-11-30 03:03:16 +0000: Memory Usage (1010492kB)(avail 1916896) : Executing polygons(173, 5).merged for otp_mk
2023-11-30 03:03:16 +0000: Memory Usage (1010492kB)(avail 1916896) : Executing polygons(122, 5).merged for mtpmark
2023-11-30 03:03:16 +0000: Memory Usage (1010492kB)(avail 1917152) : Executing polygons(88, 17).merged for neo_ee_mk
2023-11-30 03:03:16 +0000: Memory Usage (1010492kB)(avail 1917152) : Executing polygons(108, 5).merged for sramcore
2023-11-30 03:03:16 +0000: Memory Usage (1010492kB)(avail 1917152) : Executing polygons(100, 5).merged for lvs_rf
2023-11-30 03:03:16 +0000: Memory Usage (1010492kB)(avail 1917152) : Executing polygons(100, 7).merged for lvs_drain
2023-11-30 03:03:16 +0000: Memory Usage (1010492kB)(avail 1917408) : Executing polygons(123, 5).merged for hvpolyrs
2023-11-30 03:03:16 +0000: Memory Usage (1010492kB)(avail 1917408) : Executing polygons(119, 5).merged for lvs_io
2023-11-30 03:03:16 +0000: Memory Usage (1010492kB)(avail 1917408) : Executing polygons(13, 17).merged for probe_mk
2023-11-30 03:03:16 +0000: Memory Usage (1010492kB)(avail 1917664) : Executing polygons(24, 5).merged for esd_mk
2023-11-30 03:03:16 +0000: Memory Usage (1010492kB)(avail 1917664) : Executing polygons(100, 8).merged for lvs_source
2023-11-30 03:03:16 +0000: Memory Usage (1010492kB)(avail 1917664) : Executing polygons(153, 51).merged for well_diode_mk
2023-11-30 03:03:16 +0000: Memory Usage (1010492kB)(avail 1917664) : Executing polygons(226, 0).merged for ldmos_xtor
2023-11-30 03:03:16 +0000: Memory Usage (1010492kB)(avail 1917920) : Executing polygons(125, 5).merged for plfuse
2023-11-30 03:03:16 +0000: Memory Usage (1010492kB)(avail 1917920) : Executing polygons(80, 5).merged for efuse_mk
2023-11-30 03:03:16 +0000: Memory Usage (1010492kB)(avail 1917920) : Executing polygons(11, 17).merged for mcell_feol_mk
2023-11-30 03:03:16 +0000: Memory Usage (1010492kB)(avail 1917920) : Executing polygons(86, 17).merged for ymtp_mk
2023-11-30 03:03:16 +0000: Memory Usage (1010492kB)(avail 1917920) : Executing polygons(128, 17).merged for dev_wf_mk
2023-11-30 03:03:16 +0000: Memory Usage (1010492kB)(avail 1918176) : Executing polygons(34, 5).merged for metal1_blk
2023-11-30 03:03:16 +0000: Memory Usage (1010492kB)(avail 1918176) : Executing polygons(36, 5).merged for metal2_blk
2023-11-30 03:03:16 +0000: Memory Usage (1010492kB)(avail 1918176) : Executing polygons(42, 5).merged for metal3_blk
2023-11-30 03:03:16 +0000: Memory Usage (1010492kB)(avail 1918432) : Executing polygons(46, 5).merged for metal4_blk
2023-11-30 03:03:16 +0000: Memory Usage (1010492kB)(avail 1918432) : Executing polygons(81, 5).merged for metal5_blk
2023-11-30 03:03:16 +0000: Memory Usage (1010492kB)(avail 1918432) : Executing polygons(0, 0).merged for pr_bndry
2023-11-30 03:03:16 +0000: Memory Usage (1010492kB)(avail 1918688) : Executing polygons(116, 5).merged for mdiode
2023-11-30 03:03:16 +0000: Memory Usage (1010492kB)(avail 1918688) : Executing polygons(110, 11).merged for metal1_res
2023-11-30 03:03:16 +0000: Memory Usage (1010492kB)(avail 1918688) : Executing polygons(110, 12).merged for metal2_res
2023-11-30 03:03:16 +0000: Memory Usage (1010492kB)(avail 1918688) : Executing polygons(110, 13).merged for metal3_res
2023-11-30 03:03:16 +0000: Memory Usage (1010492kB)(avail 1918944) : Executing polygons(110, 14).merged for metal4_res
2023-11-30 03:03:16 +0000: Memory Usage (1010492kB)(avail 1918944) : Executing polygons(110, 15).merged for metal5_res
2023-11-30 03:03:16 +0000: Memory Usage (1010492kB)(avail 1918944) : Executing polygons(63, 0).merged for border
2023-11-30 03:03:16 +0000: Memory Usage (1010492kB)(avail 1918944) : Starting deriving base layers.
2023-11-30 03:03:16 +0000: Memory Usage (1010492kB)(avail 1919456) : Evaluate switches.
2023-11-30 03:03:16 +0000: Memory Usage (1010492kB)(avail 1919456) : FEOL is disabled.
2023-11-30 03:03:16 +0000: Memory Usage (1010492kB)(avail 1919456) : BEOL is disabled.
2023-11-30 03:03:16 +0000: Memory Usage (1010492kB)(avail 1919456) : connectivity rules are enabled.
2023-11-30 03:03:16 +0000: Memory Usage (1010492kB)(avail 1919456) : METAL_STACK Selected is 5LM
2023-11-30 03:03:16 +0000: Memory Usage (1010492kB)(avail 1919456) : METAL_TOP Selected is 9K
2023-11-30 03:03:16 +0000: Memory Usage (1010492kB)(avail 1919456) : Wedge enabled  true
2023-11-30 03:03:16 +0000: Memory Usage (1010492kB)(avail 1919456) : Ball enabled  true
2023-11-30 03:03:16 +0000: Memory Usage (1010492kB)(avail 1919456) : Gold enabled  true
2023-11-30 03:03:16 +0000: Memory Usage (1010492kB)(avail 1919456) : MIM Option selected B
2023-11-30 03:03:16 +0000: Memory Usage (1010492kB)(avail 1919456) : Offgrid enabled  true
2023-11-30 03:03:16 +0000: Memory Usage (1010492kB)(avail 1919456) : Connectivity rules enabled, Netlist object will be generated.
2023-11-30 03:03:16 +0000: Memory Usage (1010492kB)(avail 1920224) : Total area of the design is 10813401.9936 um^2.
2023-11-30 03:03:16 +0000: Memory Usage (1010492kB)(avail 1920224) : Total no. of polygons in the design is 1
2023-11-30 03:03:16 +0000: Memory Usage (1010492kB)(avail 1920224) : Initialization and base layers definition.
2023-11-30 03:03:16 +0000: Memory Usage (1010492kB)(avail 1920224) : Starting GF180MCU DRC rules.
2023-11-30 03:03:16 +0000: Memory Usage (1010492kB)(avail 1920224) : OFFGRID-ANGLES section
2023-11-30 03:03:16 +0000: Memory Usage (1010492kB)(avail 1920224) : Executing rule comp_OFFGRID
2023-11-30 03:03:16 +0000: Memory Usage (1010492kB)(avail 1920736) : Executing rule dnwell_OFFGRID
2023-11-30 03:03:16 +0000: Memory Usage (1010492kB)(avail 1920736) : Executing rule nwell_OFFGRID
2023-11-30 03:03:16 +0000: Memory Usage (1010492kB)(avail 1920992) : Executing rule lvpwell_OFFGRID
2023-11-30 03:03:16 +0000: Memory Usage (1010492kB)(avail 1920992) : Executing rule dualgate_OFFGRID
2023-11-30 03:03:16 +0000: Memory Usage (1010492kB)(avail 1921248) : Executing rule poly2_OFFGRID
2023-11-30 03:03:16 +0000: Memory Usage (1010492kB)(avail 1921248) : Executing rule nplus_OFFGRID
2023-11-30 03:03:16 +0000: Memory Usage (1010492kB)(avail 1921504) : Executing rule pplus_OFFGRID
2023-11-30 03:03:16 +0000: Memory Usage (1010492kB)(avail 1921504) : Executing rule sab_OFFGRID
2023-11-30 03:03:16 +0000: Memory Usage (1010492kB)(avail 1921504) : Executing rule esd_OFFGRID
2023-11-30 03:03:16 +0000: Memory Usage (1010492kB)(avail 1921760) : Executing rule contact_OFFGRID
2023-11-30 03:03:16 +0000: Memory Usage (1010492kB)(avail 1922016) : Executing rule metal1_OFFGRID
2023-11-30 03:03:16 +0000: Memory Usage (1010492kB)(avail 1922016) : Executing rule via1_OFFGRID
2023-11-30 03:03:16 +0000: Memory Usage (1010492kB)(avail 1922016) : Executing rule metal2_OFFGRID
2023-11-30 03:03:16 +0000: Memory Usage (1010492kB)(avail 1922272) : Executing rule via2_OFFGRID
2023-11-30 03:03:16 +0000: Memory Usage (1010492kB)(avail 1922272) : Executing rule metal3_OFFGRID
2023-11-30 03:03:16 +0000: Memory Usage (1010492kB)(avail 1922528) : Executing rule via3_OFFGRID
2023-11-30 03:03:16 +0000: Memory Usage (1010492kB)(avail 1922528) : Executing rule metal4_OFFGRID
2023-11-30 03:03:16 +0000: Memory Usage (1010492kB)(avail 1922784) : Executing rule via4_OFFGRID
2023-11-30 03:03:16 +0000: Memory Usage (1010492kB)(avail 1923808) : Executing rule metal5_OFFGRID
2023-11-30 03:03:16 +0000: Memory Usage (1010492kB)(avail 1924064) : Executing rule via5_OFFGRID
2023-11-30 03:03:16 +0000: Memory Usage (1010492kB)(avail 1924064) : Executing rule metaltop_OFFGRID
2023-11-30 03:03:16 +0000: Memory Usage (1010492kB)(avail 1924320) : Executing rule pad_OFFGRID
2023-11-30 03:03:16 +0000: Memory Usage (1010492kB)(avail 1924320) : Executing rule resistor_OFFGRID
2023-11-30 03:03:16 +0000: Memory Usage (1010492kB)(avail 1924576) : Executing rule fhres_OFFGRID
2023-11-30 03:03:16 +0000: Memory Usage (1010492kB)(avail 1924744) : Executing rule fusetop_OFFGRID
2023-11-30 03:03:16 +0000: Memory Usage (1010492kB)(avail 1924832) : Executing rule fusewindow_d_OFFGRID
2023-11-30 03:03:16 +0000: Memory Usage (1010492kB)(avail 1924832) : Executing rule polyfuse_OFFGRID
2023-11-30 03:03:16 +0000: Memory Usage (1010492kB)(avail 1925088) : Executing rule mvsd_OFFGRID
2023-11-30 03:03:17 +0000: Memory Usage (1010492kB)(avail 1925344) : Executing rule mvpsd_OFFGRID
2023-11-30 03:03:17 +0000: Memory Usage (1010492kB)(avail 1925344) : Executing rule nat_OFFGRID
2023-11-30 03:03:17 +0000: Memory Usage (1010492kB)(avail 1925600) : Executing rule comp_dummy_OFFGRID
2023-11-30 03:03:17 +0000: Memory Usage (1010492kB)(avail 1925600) : Executing rule poly2_dummy_OFFGRID
2023-11-30 03:03:17 +0000: Memory Usage (1010492kB)(avail 1925856) : Executing rule metal1_dummy_OFFGRID
2023-11-30 03:03:17 +0000: Memory Usage (1010492kB)(avail 1925856) : Executing rule metal2_dummy_OFFGRID
2023-11-30 03:03:17 +0000: Memory Usage (1010492kB)(avail 1926112) : Executing rule metal3_dummy_OFFGRID
2023-11-30 03:03:17 +0000: Memory Usage (1010492kB)(avail 1926112) : Executing rule metal4_dummy_OFFGRID
2023-11-30 03:03:17 +0000: Memory Usage (1010492kB)(avail 1926368) : Executing rule metal5_dummy_OFFGRID
2023-11-30 03:03:17 +0000: Memory Usage (1010492kB)(avail 1926624) : Executing rule metaltop_dummy_OFFGRID
2023-11-30 03:03:17 +0000: Memory Usage (1010492kB)(avail 1926624) : Executing rule comp_label_OFFGRID
2023-11-30 03:03:17 +0000: Memory Usage (1010492kB)(avail 1926880) : Executing rule poly2_label_OFFGRID
2023-11-30 03:03:17 +0000: Memory Usage (1010492kB)(avail 1926880) : Executing rule metal1_label_OFFGRID
2023-11-30 03:03:17 +0000: Memory Usage (1010492kB)(avail 1927136) : Executing rule metal2_label_OFFGRID
2023-11-30 03:03:17 +0000: Memory Usage (1010492kB)(avail 1927392) : Executing rule metal3_label_OFFGRID
2023-11-30 03:03:17 +0000: Memory Usage (1010492kB)(avail 1927648) : Executing rule metal4_label_OFFGRID
2023-11-30 03:03:17 +0000: Memory Usage (1010492kB)(avail 1927648) : Executing rule metal5_label_OFFGRID
2023-11-30 03:03:17 +0000: Memory Usage (1010492kB)(avail 1927904) : Executing rule metaltop_label_OFFGRID
2023-11-30 03:03:17 +0000: Memory Usage (1010492kB)(avail 1928160) : Executing rule metal1_slot_OFFGRID
2023-11-30 03:03:17 +0000: Memory Usage (1010492kB)(avail 1928416) : Executing rule metal2_slot_OFFGRID
2023-11-30 03:03:17 +0000: Memory Usage (1010492kB)(avail 1928672) : Executing rule metal3_slot_OFFGRID
2023-11-30 03:03:17 +0000: Memory Usage (1010492kB)(avail 1928672) : Executing rule metal4_slot_OFFGRID
2023-11-30 03:03:17 +0000: Memory Usage (1010492kB)(avail 1928928) : Executing rule metal5_slot_OFFGRID
2023-11-30 03:03:17 +0000: Memory Usage (1010492kB)(avail 1929184) : Executing rule metaltop_slot_OFFGRID
2023-11-30 03:03:17 +0000: Memory Usage (1010492kB)(avail 1929440) : Executing rule ubmpperi_OFFGRID
2023-11-30 03:03:17 +0000: Memory Usage (1010492kB)(avail 1929696) : Executing rule ubmparray_OFFGRID
2023-11-30 03:03:17 +0000: Memory Usage (1010492kB)(avail 1929696) : Executing rule ubmeplate_OFFGRID
2023-11-30 03:03:17 +0000: Memory Usage (1010492kB)(avail 1929952) : Executing rule schottky_diode_OFFGRID
2023-11-30 03:03:17 +0000: Memory Usage (1010492kB)(avail 1929952) : Executing rule zener_OFFGRID
2023-11-30 03:03:17 +0000: Memory Usage (1010492kB)(avail 1930208) : Executing rule res_mk_OFFGRID
2023-11-30 03:03:17 +0000: Memory Usage (1010492kB)(avail 1930208) : Executing rule opc_drc_OFFGRID
2023-11-30 03:03:17 +0000: Memory Usage (1010492kB)(avail 1930464) : Executing rule ndmy_OFFGRID
2023-11-30 03:03:17 +0000: Memory Usage (1010492kB)(avail 1930720) : Executing rule pmndmy_OFFGRID
2023-11-30 03:03:17 +0000: Memory Usage (1010492kB)(avail 1930720) : Executing rule v5_xtor_OFFGRID
2023-11-30 03:03:17 +0000: Memory Usage (1010492kB)(avail 1930976) : Executing rule cap_mk_OFFGRID
2023-11-30 03:03:17 +0000: Memory Usage (1010492kB)(avail 1930976) : Executing rule mos_cap_mk_OFFGRID
2023-11-30 03:03:17 +0000: Memory Usage (1010492kB)(avail 1931232) : Executing rule ind_mk_OFFGRID
2023-11-30 03:03:17 +0000: Memory Usage (1010492kB)(avail 1931232) : Executing rule diode_mk_OFFGRID
2023-11-30 03:03:17 +0000: Memory Usage (1010492kB)(avail 1931488) : Executing rule drc_bjt_OFFGRID
2023-11-30 03:03:17 +0000: Memory Usage (1010492kB)(avail 1931744) : Executing rule lvs_bjt_OFFGRID
2023-11-30 03:03:17 +0000: Memory Usage (1010492kB)(avail 1931744) : Executing rule mim_l_mk_OFFGRID
2023-11-30 03:03:17 +0000: Memory Usage (1010492kB)(avail 1932000) : Executing rule latchup_mk_OFFGRID
2023-11-30 03:03:17 +0000: Memory Usage (1010492kB)(avail 1933024) : Executing rule guard_ring_mk_OFFGRID
2023-11-30 03:03:17 +0000: Memory Usage (1010492kB)(avail 1933024) : Executing rule otp_mk_OFFGRID
2023-11-30 03:03:17 +0000: Memory Usage (1010492kB)(avail 1933280) : Executing rule mtpmark_OFFGRID
2023-11-30 03:03:17 +0000: Memory Usage (1010492kB)(avail 1933280) : Executing rule neo_ee_mk_OFFGRID
2023-11-30 03:03:17 +0000: Memory Usage (1010492kB)(avail 1933536) : Executing rule sramcore_OFFGRID
2023-11-30 03:03:17 +0000: Memory Usage (1010492kB)(avail 1933536) : Executing rule lvs_rf_OFFGRID
2023-11-30 03:03:17 +0000: Memory Usage (1010492kB)(avail 1933792) : Executing rule lvs_drain_OFFGRID
2023-11-30 03:03:17 +0000: Memory Usage (1010492kB)(avail 1933792) : Executing rule hvpolyrs_OFFGRID
2023-11-30 03:03:17 +0000: Memory Usage (1010492kB)(avail 1934048) : Executing rule lvs_io_OFFGRID
2023-11-30 03:03:17 +0000: Memory Usage (1010492kB)(avail 1934048) : Executing rule probe_mk_OFFGRID
2023-11-30 03:03:17 +0000: Memory Usage (1010492kB)(avail 1934304) : Executing rule esd_mk_OFFGRID
2023-11-30 03:03:17 +0000: Memory Usage (1010492kB)(avail 1934560) : Executing rule lvs_source_OFFGRID
2023-11-30 03:03:17 +0000: Memory Usage (1010492kB)(avail 1934560) : Executing rule well_diode_mk_OFFGRID
2023-11-30 03:03:17 +0000: Memory Usage (1010492kB)(avail 1934816) : Executing rule ldmos_xtor_OFFGRID
2023-11-30 03:03:17 +0000: Memory Usage (1010492kB)(avail 1934816) : Executing rule plfuse_OFFGRID
2023-11-30 03:03:17 +0000: Memory Usage (1010492kB)(avail 1935072) : Executing rule efuse_mk_OFFGRID
2023-11-30 03:03:17 +0000: Memory Usage (1010492kB)(avail 1935328) : Executing rule mcell_feol_mk_OFFGRID
2023-11-30 03:03:17 +0000: Memory Usage (1010492kB)(avail 1935328) : Executing rule ymtp_mk_OFFGRID
2023-11-30 03:03:17 +0000: Memory Usage (1010492kB)(avail 1935584) : Executing rule dev_wf_mk_OFFGRID
2023-11-30 03:03:17 +0000: Memory Usage (1010492kB)(avail 1935584) : Executing rule metal1_blk_OFFGRID
2023-11-30 03:03:17 +0000: Memory Usage (1010492kB)(avail 1935840) : Executing rule metal2_blk_OFFGRID
2023-11-30 03:03:17 +0000: Memory Usage (1010492kB)(avail 1935840) : Executing rule metal3_blk_OFFGRID
2023-11-30 03:03:17 +0000: Memory Usage (1010492kB)(avail 1936096) : Executing rule metal4_blk_OFFGRID
2023-11-30 03:03:17 +0000: Memory Usage (1010492kB)(avail 1936096) : Executing rule metal5_blk_OFFGRID
2023-11-30 03:03:17 +0000: Memory Usage (1010492kB)(avail 1936352) : Executing rule metalt_blk_OFFGRID
2023-11-30 03:03:17 +0000: Memory Usage (1010492kB)(avail 1936352) : Executing rule pr_bndry_OFFGRID
2023-11-30 03:03:17 +0000: Memory Usage (1010492kB)(avail 1936608) : Executing rule mdiode_OFFGRID
2023-11-30 03:03:17 +0000: Memory Usage (1010492kB)(avail 1936608) : Executing rule metal1_res_OFFGRID
2023-11-30 03:03:17 +0000: Memory Usage (1010492kB)(avail 1936864) : Executing rule metal2_res_OFFGRID
2023-11-30 03:03:17 +0000: Memory Usage (1010492kB)(avail 1936864) : Executing rule metal3_res_OFFGRID
2023-11-30 03:03:17 +0000: Memory Usage (1010492kB)(avail 1937120) : Executing rule metal4_res_OFFGRID
2023-11-30 03:03:17 +0000: Memory Usage (1010492kB)(avail 1937120) : Executing rule metal5_res_OFFGRID
2023-11-30 03:03:17 +0000: Memory Usage (1010492kB)(avail 1937376) : Executing rule border_OFFGRID
VmPeak:	 1154408 kB
VmHWM:	  715824 kB
2023-11-30 03:03:17 +0000: Memory Usage (1010492kB)(avail 1937632) : DRC Total Run time 20.287617 seconds
2023-11-30 03:03:17 +0000: Memory Usage (1010492kB)(avail 1937632) : DRC Total program errors: 0
