2023-12-04 07:16:51 +0000: Memory Usage (623036K) : Starting running GF180MCU Klayout DRC runset on /home/mc/encryption_caravel_user_project/gds/user_project_wrapper.gds
2023-12-04 07:16:51 +0000: Memory Usage (623036K) : Ruby Version for klayout: 3.0.2
2023-12-04 07:16:52 +0000: Memory Usage (696620K) : Loading database to memory is complete.
2023-12-04 07:16:52 +0000: Memory Usage (696620K) : GF180MCU Klayout DRC runset output at: /home/mc/encryption_caravel_user_project/precheck_results/04_DEC_2023___07_02_38/outputs/reports/klayout_beol_check.xml
2023-12-04 07:16:52 +0000: Memory Usage (696620K) : Evaluate switches.
2023-12-04 07:16:52 +0000: Memory Usage (696620K) : table_name selected  main
2023-12-04 07:16:52 +0000: Memory Usage (696620K) : CONNECTIVITY_RULES enabled: true
2023-12-04 07:16:52 +0000: Memory Usage (696620K) : Wedge enabled: false
2023-12-04 07:16:52 +0000: Memory Usage (696620K) : Ball enabled: false
2023-12-04 07:16:52 +0000: Memory Usage (696620K) : Gold enabled: false
2023-12-04 07:16:52 +0000: Memory Usage (696620K) : MIM Option selected: B
2023-12-04 07:16:52 +0000: Memory Usage (696620K) : Offgrid enabled:  false
2023-12-04 07:16:52 +0000: Memory Usage (696620K) : Number of threads to use 2
2023-12-04 07:16:52 +0000: Memory Usage (696620K) : Verbose mode: 
2023-12-04 07:16:52 +0000: Memory Usage (696620K) : deep  mode is enabled for main table
2023-12-04 07:16:52 +0000: Memory Usage (696620K) : METAL_TOP Selected is 11K
2023-12-04 07:16:52 +0000: Memory Usage (696620K) : METAL_STACK Selected is 5LM
2023-12-04 07:16:52 +0000: Memory Usage (696620K) : FEOL enabled: false
2023-12-04 07:16:52 +0000: Memory Usage (696620K) : BEOL enabled: true
2023-12-04 07:16:52 +0000: Memory Usage (696620K) : SLOW_VIA enabled: false
2023-12-04 07:16:52 +0000: Memory Usage (696620K) : Read in polygons from layers.
2023-12-04 07:16:52 +0000: Memory Usage (701256K) : comp has 1123612 polygons
2023-12-04 07:16:52 +0000: Memory Usage (701256K) : dnwell has 0 polygons
2023-12-04 07:16:52 +0000: Memory Usage (701256K) : nwell has 97541 polygons
2023-12-04 07:16:52 +0000: Memory Usage (701256K) : lvpwell has 97541 polygons
2023-12-04 07:16:52 +0000: Memory Usage (701256K) : dualgate has 97541 polygons
2023-12-04 07:16:52 +0000: Memory Usage (701256K) : poly2 has 1059325 polygons
2023-12-04 07:16:52 +0000: Memory Usage (701256K) : nplus has 97541 polygons
2023-12-04 07:16:53 +0000: Memory Usage (701256K) : pplus has 129811 polygons
2023-12-04 07:16:53 +0000: Memory Usage (701256K) : sab has 0 polygons
2023-12-04 07:16:53 +0000: Memory Usage (701256K) : esd has 0 polygons
2023-12-04 07:16:53 +0000: Memory Usage (701256K) : resistor has 0 polygons
2023-12-04 07:16:53 +0000: Memory Usage (701256K) : fhres has 0 polygons
2023-12-04 07:16:53 +0000: Memory Usage (701256K) : fusetop has 0 polygons
2023-12-04 07:16:53 +0000: Memory Usage (701256K) : fusewindow_d has 0 polygons
2023-12-04 07:16:53 +0000: Memory Usage (701256K) : polyfuse has 0 polygons
2023-12-04 07:16:53 +0000: Memory Usage (701256K) : mvsd has 0 polygons
2023-12-04 07:16:53 +0000: Memory Usage (701256K) : mvpsd has 0 polygons
2023-12-04 07:16:53 +0000: Memory Usage (701256K) : nat has 0 polygons
2023-12-04 07:16:53 +0000: Memory Usage (701256K) : comp_dummy has 0 polygons
2023-12-04 07:16:53 +0000: Memory Usage (701256K) : poly2_dummy has 0 polygons
2023-12-04 07:16:53 +0000: Memory Usage (701256K) : schottky_diode has 0 polygons
2023-12-04 07:16:53 +0000: Memory Usage (701256K) : zener has 0 polygons
2023-12-04 07:16:53 +0000: Memory Usage (701256K) : res_mk has 0 polygons
2023-12-04 07:16:53 +0000: Memory Usage (701256K) : opc_drc has 0 polygons
2023-12-04 07:16:53 +0000: Memory Usage (701256K) : v5_xtor has 97541 polygons
2023-12-04 07:16:53 +0000: Memory Usage (701256K) : cap_mk has 0 polygons
2023-12-04 07:16:53 +0000: Memory Usage (701256K) : mos_cap_mk has 0 polygons
2023-12-04 07:16:53 +0000: Memory Usage (701256K) : ind_mk has 0 polygons
2023-12-04 07:16:53 +0000: Memory Usage (701256K) : diode_mk has 413 polygons
2023-12-04 07:16:53 +0000: Memory Usage (701256K) : drc_bjt has 0 polygons
2023-12-04 07:16:53 +0000: Memory Usage (701256K) : lvs_bjt has 0 polygons
2023-12-04 07:16:53 +0000: Memory Usage (701256K) : mim_l_mk has 0 polygons
2023-12-04 07:16:53 +0000: Memory Usage (701256K) : latchup_mk has 0 polygons
2023-12-04 07:16:53 +0000: Memory Usage (701256K) : guard_ring_mk has 0 polygons
2023-12-04 07:16:53 +0000: Memory Usage (701256K) : otp_mk has 0 polygons
2023-12-04 07:16:53 +0000: Memory Usage (701256K) : mtpmark has 0 polygons
2023-12-04 07:16:53 +0000: Memory Usage (701256K) : neo_ee_mk has 0 polygons
2023-12-04 07:16:53 +0000: Memory Usage (701256K) : sramcore has 0 polygons
2023-12-04 07:16:53 +0000: Memory Usage (701256K) : lvs_rf has 0 polygons
2023-12-04 07:16:53 +0000: Memory Usage (701256K) : lvs_drain has 0 polygons
2023-12-04 07:16:53 +0000: Memory Usage (701256K) : ind_mk has 0 polygons
2023-12-04 07:16:53 +0000: Memory Usage (701256K) : hvpolyrs has 0 polygons
2023-12-04 07:16:53 +0000: Memory Usage (701256K) : lvs_io has 0 polygons
2023-12-04 07:16:53 +0000: Memory Usage (701256K) : probe_mk has 0 polygons
2023-12-04 07:16:53 +0000: Memory Usage (701256K) : esd_mk has 0 polygons
2023-12-04 07:16:53 +0000: Memory Usage (701256K) : lvs_source has 0 polygons
2023-12-04 07:16:53 +0000: Memory Usage (701256K) : well_diode_mk has 0 polygons
2023-12-04 07:16:53 +0000: Memory Usage (701256K) : ldmos_xtor has 0 polygons
2023-12-04 07:16:53 +0000: Memory Usage (701256K) : plfuse has 0 polygons
2023-12-04 07:16:53 +0000: Memory Usage (701256K) : efuse_mk has 0 polygons
2023-12-04 07:16:53 +0000: Memory Usage (701256K) : mcell_feol_mk has 0 polygons
2023-12-04 07:16:53 +0000: Memory Usage (701256K) : ymtp_mk has 0 polygons
2023-12-04 07:16:53 +0000: Memory Usage (701256K) : dev_wf_mk has 0 polygons
2023-12-04 07:16:53 +0000: Memory Usage (701256K) : comp_label has 0 polygons
2023-12-04 07:16:53 +0000: Memory Usage (701256K) : poly2_label has 0 polygons
2023-12-04 07:16:53 +0000: Memory Usage (701256K) : mdiode has 0 polygons
2023-12-04 07:16:53 +0000: Memory Usage (701256K) : ndmy has 0 polygons
2023-12-04 07:16:53 +0000: Memory Usage (701256K) : pmndmy has 0 polygons
2023-12-04 07:16:53 +0000: Memory Usage (701256K) : contact has 5459449 polygons
2023-12-04 07:16:54 +0000: Memory Usage (701256K) : metal1_drawn has 2750403 polygons
2023-12-04 07:16:54 +0000: Memory Usage (701256K) : metal1_dummy has 0 polygons
2023-12-04 07:16:54 +0000: Memory Usage (701256K) : metal1_label has 0 polygons
2023-12-04 07:16:54 +0000: Memory Usage (701256K) : metal1_slot has 0 polygons
2023-12-04 07:16:54 +0000: Memory Usage (701256K) : metal1_blk has 0 polygons
2023-12-04 07:16:54 +0000: Memory Usage (701256K) : via1 has 26252 polygons
2023-12-04 07:16:54 +0000: Memory Usage (701256K) : metal2_drawn has 13166 polygons
2023-12-04 07:16:54 +0000: Memory Usage (701256K) : metal2_dummy has 0 polygons
2023-12-04 07:16:54 +0000: Memory Usage (701256K) : metal2_label has 630 polygons
2023-12-04 07:16:54 +0000: Memory Usage (701256K) : metal2_slot has 0 polygons
2023-12-04 07:16:54 +0000: Memory Usage (701256K) : metal2_blk has 0 polygons
2023-12-04 07:16:54 +0000: Memory Usage (701768K) : via2 has 26596 polygons
2023-12-04 07:16:54 +0000: Memory Usage (701768K) : metal3_drawn has 9752 polygons
2023-12-04 07:16:54 +0000: Memory Usage (701768K) : metal3_dummy has 0 polygons
2023-12-04 07:16:54 +0000: Memory Usage (701768K) : metal3_label has 135 polygons
2023-12-04 07:16:54 +0000: Memory Usage (701768K) : metal3_slot has 0 polygons
2023-12-04 07:16:54 +0000: Memory Usage (701768K) : metal3_blk has 0 polygons
2023-12-04 07:16:54 +0000: Memory Usage (702536K) : via3 has 24602 polygons
2023-12-04 07:16:54 +0000: Memory Usage (702536K) : metal4_drawn has 861 polygons
2023-12-04 07:16:54 +0000: Memory Usage (702536K) : metal4_dummy has 0 polygons
2023-12-04 07:16:54 +0000: Memory Usage (702536K) : metal4_label has 84 polygons
2023-12-04 07:16:54 +0000: Memory Usage (702536K) : metal4_slot has 0 polygons
2023-12-04 07:16:54 +0000: Memory Usage (702536K) : metal4_blk has 0 polygons
2023-12-04 07:16:55 +0000: Memory Usage (703048K) : via4 has 30184 polygons
2023-12-04 07:16:55 +0000: Memory Usage (703048K) : metal5_drawn has 78 polygons
2023-12-04 07:16:55 +0000: Memory Usage (703048K) : metal5_dummy has 0 polygons
2023-12-04 07:16:55 +0000: Memory Usage (703048K) : metal5_label has 70 polygons
2023-12-04 07:16:55 +0000: Memory Usage (703048K) : metal5_slot has 0 polygons
2023-12-04 07:16:55 +0000: Memory Usage (703048K) : metal5_blk has 0 polygons
2023-12-04 07:16:55 +0000: Memory Usage (703048K) : pad has 0 polygons
2023-12-04 07:16:55 +0000: Memory Usage (703048K) : ubmpperi has 0 polygons
2023-12-04 07:16:55 +0000: Memory Usage (703048K) : ubmparray has 0 polygons
2023-12-04 07:16:55 +0000: Memory Usage (703048K) : ubmeplate has 0 polygons
2023-12-04 07:16:55 +0000: Memory Usage (703048K) : metal1_res has 0 polygons
2023-12-04 07:16:55 +0000: Memory Usage (703048K) : metal2_res has 0 polygons
2023-12-04 07:16:55 +0000: Memory Usage (703048K) : metal3_res has 0 polygons
2023-12-04 07:16:55 +0000: Memory Usage (703048K) : metal4_res has 0 polygons
2023-12-04 07:16:55 +0000: Memory Usage (703048K) : metal5_res has 0 polygons
2023-12-04 07:16:55 +0000: Memory Usage (703048K) : metal6_res has 0 polygons
2023-12-04 07:16:55 +0000: Memory Usage (704572K) : pr_bndry has 97543 polygons
2023-12-04 07:16:55 +0000: Memory Usage (704572K) : border has 0 polygons
2023-12-04 07:16:55 +0000: Memory Usage (704572K) : Total no. of polygons in the design is 11240671
2023-12-04 07:16:55 +0000: Memory Usage (704572K) : Starting deriving base layers.
2023-12-04 07:17:11 +0000: Memory Usage (1004864K) : Construct connectivity for the design.
2023-12-04 07:17:11 +0000: Memory Usage (1004864K) : Connectivity rules enabled, Netlist object will be generated.
2023-12-04 07:17:39 +0000: Memory Usage (1134208K) : Total area of the design is 8997120.228799999 um^2.
2023-12-04 07:17:39 +0000: Memory Usage (1134208K) : Starting GF180MCU DRC rules.
2023-12-04 07:17:39 +0000: Memory Usage (1134208K) : Running all BEOL rules
2023-12-04 07:17:39 +0000: Memory Usage (1134208K) : Executing rule V3.1
2023-12-04 07:17:40 +0000: Memory Usage (1149584K) : Executing rule V3.2a
2023-12-04 07:17:40 +0000: Memory Usage (1149584K) : Executing rule V3.2b
2023-12-04 07:17:41 +0000: Memory Usage (1149584K) : Executing rule V3.3b
2023-12-04 07:17:41 +0000: Memory Usage (1149584K) : Executing rule V3.3c
2023-12-04 07:17:42 +0000: Memory Usage (1149584K) : Executing rule V3.3d
2023-12-04 07:17:44 +0000: Memory Usage (1159992K) : Executing rule V3.4a
2023-12-04 07:17:45 +0000: Memory Usage (1159992K) : Executing rule V3.4b
2023-12-04 07:17:45 +0000: Memory Usage (1159992K) : Executing rule V3.4c
2023-12-04 07:17:46 +0000: Memory Usage (1159992K) : Executing rule M2.1
2023-12-04 07:17:46 +0000: Memory Usage (1159992K) : Executing rule M2.2a
2023-12-04 07:17:46 +0000: Memory Usage (1159992K) : Executing rule M2.2b
2023-12-04 07:17:46 +0000: Memory Usage (1159992K) : Executing rule M2.3
2023-12-04 07:17:46 +0000: Memory Usage (1159992K) : Executing rule V1.1
2023-12-04 07:17:47 +0000: Memory Usage (1136476K) : Executing rule V1.2a
2023-12-04 07:17:47 +0000: Memory Usage (1136476K) : Executing rule V1.2b
2023-12-04 07:17:48 +0000: Memory Usage (1143288K) : Executing rule V1.3a
2023-12-04 07:17:49 +0000: Memory Usage (1143288K) : Executing rule V1.3c
2023-12-04 07:19:32 +0000: Memory Usage (1294904K) : Executing rule V1.3d
2023-12-04 07:19:36 +0000: Memory Usage (1294904K) : Executing rule V1.4a
2023-12-04 07:19:36 +0000: Memory Usage (1294904K) : Executing rule V1.4b
2023-12-04 07:19:37 +0000: Memory Usage (1294904K) : Executing rule V1.4c
2023-12-04 07:19:38 +0000: Memory Usage (1294904K) : Executing rule V4.1
2023-12-04 07:19:39 +0000: Memory Usage (1294904K) : Executing rule V4.2a
2023-12-04 07:19:39 +0000: Memory Usage (1294904K) : Executing rule V4.2b
2023-12-04 07:19:41 +0000: Memory Usage (1294904K) : Executing rule V4.3b
2023-12-04 07:19:42 +0000: Memory Usage (1294904K) : Executing rule V4.3c
2023-12-04 07:19:43 +0000: Memory Usage (1294904K) : Executing rule V4.3d
2023-12-04 07:19:44 +0000: Memory Usage (1294904K) : Executing rule V4.4a
2023-12-04 07:19:44 +0000: Memory Usage (1294904K) : Executing rule V4.4b
2023-12-04 07:19:44 +0000: Memory Usage (1294904K) : Executing rule V4.4c
2023-12-04 07:19:44 +0000: Memory Usage (1294904K) : Executing rule M1.1
2023-12-04 07:20:03 +0000: Memory Usage (1294904K) : Executing rule M1.2a
2023-12-04 07:21:17 +0000: Memory Usage (1294904K) : Executing rule M1.2b
2023-12-04 07:22:14 +0000: Memory Usage (1294904K) : Executing rule M1.3
2023-12-04 07:22:14 +0000: Memory Usage (1294904K) : Executing rule DE.2
2023-12-04 07:22:14 +0000: Memory Usage (1294904K) : Executing rule DE.3
2023-12-04 07:22:14 +0000: Memory Usage (1294904K) : Executing rule DE.4
2023-12-04 07:22:14 +0000: Memory Usage (1294904K) : Executing rule V2.1
2023-12-04 07:22:15 +0000: Memory Usage (1294904K) : Executing rule V2.2a
2023-12-04 07:22:15 +0000: Memory Usage (1294904K) : Executing rule V2.2b
2023-12-04 07:22:16 +0000: Memory Usage (1294904K) : Executing rule V2.3b
2023-12-04 07:22:16 +0000: Memory Usage (1294904K) : Executing rule V2.3c
2023-12-04 07:22:17 +0000: Memory Usage (1294904K) : Executing rule V2.3d
2023-12-04 07:22:19 +0000: Memory Usage (1294904K) : Executing rule V2.4a
2023-12-04 07:22:19 +0000: Memory Usage (1294904K) : Executing rule V2.4b
2023-12-04 07:22:20 +0000: Memory Usage (1294904K) : Executing rule V2.4c
2023-12-04 07:22:23 +0000: Memory Usage (1294904K) : MetalTop thickness 9k/11k section
2023-12-04 07:22:23 +0000: Memory Usage (1294904K) : Executing rule MT.1
2023-12-04 07:22:23 +0000: Memory Usage (1294904K) : Executing rule MT.2a
2023-12-04 07:22:23 +0000: Memory Usage (1294904K) : Executing rule MT.2b
2023-12-04 07:22:23 +0000: Memory Usage (1294904K) : Executing rule MT.4
2023-12-04 07:22:23 +0000: Memory Usage (1294904K) : Executing rule M4.1
2023-12-04 07:22:23 +0000: Memory Usage (1294904K) : Executing rule M4.2a
2023-12-04 07:22:23 +0000: Memory Usage (1294904K) : Executing rule M4.2b
2023-12-04 07:22:23 +0000: Memory Usage (1294904K) : Executing rule M4.3
2023-12-04 07:22:23 +0000: Memory Usage (1294904K) : Executing rule M3.1
2023-12-04 07:22:23 +0000: Memory Usage (1294904K) : Executing rule M3.2a
2023-12-04 07:22:23 +0000: Memory Usage (1294904K) : Executing rule M3.2b
2023-12-04 07:22:23 +0000: Memory Usage (1294904K) : Executing rule M3.3
2023-12-04 07:22:23 +0000: Memory Usage (1294904K) : Starting EFUSE derivations
2023-12-04 07:22:23 +0000: Memory Usage (1294904K) : Executing rule EF.01
2023-12-04 07:22:23 +0000: Memory Usage (1294904K) : Executing rule EF.02
2023-12-04 07:22:23 +0000: Memory Usage (1294904K) : Executing rule EF.03
2023-12-04 07:22:24 +0000: Memory Usage (1294904K) : Executing rule EF.04a
2023-12-04 07:22:24 +0000: Memory Usage (1294904K) : Executing rule EF.04b
2023-12-04 07:22:24 +0000: Memory Usage (1294904K) : Executing rule EF.04c
2023-12-04 07:22:24 +0000: Memory Usage (1294904K) : Executing rule EF.04d
2023-12-04 07:22:24 +0000: Memory Usage (1294904K) : Executing rule EF.05
2023-12-04 07:22:24 +0000: Memory Usage (1294904K) : Executing rule EF.06
2023-12-04 07:22:24 +0000: Memory Usage (1294904K) : Executing rule EF.07
2023-12-04 07:22:24 +0000: Memory Usage (1294904K) : Executing rule EF.08
2023-12-04 07:22:24 +0000: Memory Usage (1294904K) : Executing rule EF.09
2023-12-04 07:22:24 +0000: Memory Usage (1294904K) : Executing rule EF.10
2023-12-04 07:22:24 +0000: Memory Usage (1294904K) : Executing rule EF.11
2023-12-04 07:22:24 +0000: Memory Usage (1294904K) : Executing rule EF.12
2023-12-04 07:22:24 +0000: Memory Usage (1294904K) : Executing rule EF.13
2023-12-04 07:22:24 +0000: Memory Usage (1294904K) : Executing rule EF.14
2023-12-04 07:22:24 +0000: Memory Usage (1294904K) : Executing rule EF.15
2023-12-04 07:22:24 +0000: Memory Usage (1294904K) : Executing rule EF.16a
2023-12-04 07:22:24 +0000: Memory Usage (1294904K) : Executing rule EF.16b
2023-12-04 07:22:25 +0000: Memory Usage (1294904K) : Executing rule EF.17
2023-12-04 07:22:25 +0000: Memory Usage (1294904K) : Executing rule EF.18
2023-12-04 07:22:25 +0000: Memory Usage (1294904K) : Executing rule EF.19
2023-12-04 07:22:25 +0000: Memory Usage (1294904K) : Executing rule EF.20
2023-12-04 07:22:25 +0000: Memory Usage (1294904K) : Executing rule EF.21
2023-12-04 07:22:25 +0000: Memory Usage (1294904K) : Executing rule EF.22a
2023-12-04 07:22:25 +0000: Memory Usage (1294904K) : Executing rule EF.22b
2023-12-04 07:22:25 +0000: Memory Usage (1294904K) : MIM Capacitor Option B section
2023-12-04 07:22:25 +0000: Memory Usage (1294904K) : Executing rule MIMTM.1
2023-12-04 07:22:25 +0000: Memory Usage (1294904K) : Executing rule MIMTM.2
2023-12-04 07:22:25 +0000: Memory Usage (1294904K) : Executing rule MIMTM.3
2023-12-04 07:22:25 +0000: Memory Usage (1294904K) : Executing rule MIMTM.4
2023-12-04 07:22:25 +0000: Memory Usage (1294904K) : Executing rule MIMTM.5
2023-12-04 07:22:26 +0000: Memory Usage (1294904K) : Executing rule MIMTM.6
2023-12-04 07:22:26 +0000: Memory Usage (1294904K) : Executing rule MIMTM.7
2023-12-04 07:22:26 +0000: Memory Usage (1294904K) : Executing rule MIMTM.8a
2023-12-04 07:22:26 +0000: Memory Usage (1294904K) : Executing rule MIMTM.8b
2023-12-04 07:22:26 +0000: Memory Usage (1294904K) : Executing rule MIMTM.9
2023-12-04 07:22:26 +0000: Memory Usage (1294904K) : Executing rule MIMTM.10
2023-12-04 07:22:26 +0000: Memory Usage (1294904K) : Executing rule MIMTM.11
2023-12-04 07:22:26 +0000: Memory Usage (1294904K) :  DRC Total Run time 335.26802301 seconds
