BEGIN: Mon 04 Dec 2023 08:05:09 AM UTC
Netgen 1.5.254 compiled on Sun Nov 26 08:56:42 UTC 2023
Warning: netgen command 'format' use fully-qualified name '::netgen::format'
Warning: netgen command 'global' use fully-qualified name '::netgen::global'
Reading layout /home/mc/encryption_caravel_user_project/precheck_results/04_DEC_2023___07_02_38/tmp/ext/user_project_wrapper.gds.spice...
Call to undefined subcircuit nfet_06v0
Creating placeholder cell definition.
Call to undefined subcircuit pfet_06v0
Creating placeholder cell definition.
Reading source /home/mc/encryption_caravel_user_project/dependencies/pdks/gf180mcuD/libs.ref/gf180mcu_fd_sc_mcu7t5v0/spice/gf180mcu_fd_sc_mcu7t5v0.spice...
Call to undefined subcircuit nfet_06v0
Creating placeholder cell definition.
Call to undefined subcircuit pfet_06v0
Creating placeholder cell definition.
Reading source /home/mc/encryption_caravel_user_project/verilog/gl/user_proj_example.v...
Warning:  A case-insensitive file has been read and so the	verilog file must be treated case-insensitive to match.
Reading source /home/mc/encryption_caravel_user_project/verilog/gl/user_project_wrapper.v...
Warning:  A case-insensitive file has been read and so the	verilog file must be treated case-insensitive to match.
Treating empty subcircuits as black-box cells
Generating JSON file result

Reading setup file /home/mc/encryption_caravel_user_project/precheck_results/04_DEC_2023___07_02_38/tmp/gf180mcuD_setup.tcl

Model nfet_06v0 pin 1 == 3
No property par1 found for device nfet_06v0
No property NRD found for device nfet_06v0
No property NRS found for device nfet_06v0
No property par found for device nfet_06v0
No property sa found for device nfet_06v0
No property sb found for device nfet_06v0
No property sd found for device nfet_06v0
No property par found for device nfet_06v0
No property dtemp found for device nfet_06v0
No property nf found for device nfet_06v0
Model nfet_06v0 pin 1 == 3
No property par1 found for device nfet_06v0
No property NRD found for device nfet_06v0
No property NRS found for device nfet_06v0
No property par found for device nfet_06v0
No property sa found for device nfet_06v0
No property sb found for device nfet_06v0
No property sd found for device nfet_06v0
No property par found for device nfet_06v0
No property dtemp found for device nfet_06v0
No property nf found for device nfet_06v0
No property as found for device nfet_06v0
No property ad found for device nfet_06v0
No property ps found for device nfet_06v0
No property pd found for device nfet_06v0
Model pfet_06v0 pin 1 == 3
No property par1 found for device pfet_06v0
No property NRD found for device pfet_06v0
No property NRS found for device pfet_06v0
No property par found for device pfet_06v0
No property sa found for device pfet_06v0
No property sb found for device pfet_06v0
No property sd found for device pfet_06v0
No property par found for device pfet_06v0
No property dtemp found for device pfet_06v0
No property nf found for device pfet_06v0
Model pfet_06v0 pin 1 == 3
No property par1 found for device pfet_06v0
No property NRD found for device pfet_06v0
No property NRS found for device pfet_06v0
No property par found for device pfet_06v0
No property sa found for device pfet_06v0
No property sb found for device pfet_06v0
No property sd found for device pfet_06v0
No property par found for device pfet_06v0
No property dtemp found for device pfet_06v0
No property nf found for device pfet_06v0
No property as found for device pfet_06v0
No property ad found for device pfet_06v0
No property ps found for device pfet_06v0
No property pd found for device pfet_06v0
No property par1 found for device diode_nd2ps_06v0
No property par1 found for device diode_nd2ps_06v0
No property par1 found for device diode_pd2nw_06v0
No property par1 found for device diode_pd2nw_06v0
Matching pins of pfet_06v0 in circuits 1 and 2

Subcircuit pins:
Circuit 1: pfet_06v0                                                              |Circuit 2: pfet_06v0                                                              
----------------------------------------------------------------------------------|----------------------------------------------------------------------------------
1                                                                                 |1                                                                                 
2                                                                                 |2                                                                                 
3                                                                                 |3                                                                                 
4                                                                                 |4                                                                                 
---------------------------------------------------------------------------------------------------------------------------------------------------------------------
Cell pin lists are equivalent.
Matching pins of nfet_06v0 in circuits 1 and 2

Subcircuit pins:
Circuit 1: nfet_06v0                                                              |Circuit 2: nfet_06v0                                                              
----------------------------------------------------------------------------------|----------------------------------------------------------------------------------
1                                                                                 |1                                                                                 
2                                                                                 |2                                                                                 
3                                                                                 |3                                                                                 
4                                                                                 |4                                                                                 
---------------------------------------------------------------------------------------------------------------------------------------------------------------------
Cell pin lists are equivalent.
Comparison output logged to file /home/mc/encryption_caravel_user_project/precheck_results/04_DEC_2023___07_02_38/tmp/lvs.report
Logging to file "/home/mc/encryption_caravel_user_project/precheck_results/04_DEC_2023___07_02_38/tmp/lvs.report" enabled
Circuit nfet_06v0 contains no devices.
Circuit pfet_06v0 contains no devices.

Contents of circuit 1:  Circuit: 'gf180mcu_fd_sc_mcu7t5v0__fillcap_4'
Circuit gf180mcu_fd_sc_mcu7t5v0__fillcap_4 contains 2 device instances.
  Class: pfet_06v0             instances:   1
  Class: nfet_06v0             instances:   1
Circuit contains 6 nets.
Contents of circuit 2:  Circuit: 'gf180mcu_fd_sc_mcu7t5v0__fillcap_4'
Circuit gf180mcu_fd_sc_mcu7t5v0__fillcap_4 contains 2 device instances.
  Class: pfet_06v0             instances:   1
  Class: nfet_06v0             instances:   1
Circuit contains 6 nets.

Circuit 1 contains 2 devices, Circuit 2 contains 2 devices.
Circuit 1 contains 6 nets,    Circuit 2 contains 6 nets.


Contents of circuit 1:  Circuit: 'gf180mcu_fd_sc_mcu7t5v0__fillcap_64'
Circuit gf180mcu_fd_sc_mcu7t5v0__fillcap_64 contains 32 device instances.
  Class: pfet_06v0             instances:  16
  Class: nfet_06v0             instances:  16
Circuit contains 36 nets.
Contents of circuit 2:  Circuit: 'gf180mcu_fd_sc_mcu7t5v0__fillcap_64'
Circuit gf180mcu_fd_sc_mcu7t5v0__fillcap_64 contains 32 device instances.
  Class: pfet_06v0             instances:  16
  Class: nfet_06v0             instances:  16
Circuit contains 36 nets.

Circuit 1 contains 32 devices, Circuit 2 contains 32 devices.
Circuit 1 contains 36 nets,    Circuit 2 contains 36 nets.


Contents of circuit 1:  Circuit: 'gf180mcu_fd_sc_mcu7t5v0__antenna'
Circuit gf180mcu_fd_sc_mcu7t5v0__antenna contains 2 device instances.
  Class: diode_pd2nw_06v0      instances:   1
  Class: diode_nd2ps_06v0      instances:   1
Circuit contains 3 nets, and 2 disconnected pins.
Contents of circuit 2:  Circuit: 'gf180mcu_fd_sc_mcu7t5v0__antenna'
Circuit gf180mcu_fd_sc_mcu7t5v0__antenna contains 2 device instances.
  Class: diode_pd2nw_06v0      instances:   1
  Class: diode_nd2ps_06v0      instances:   1
Circuit contains 3 nets, and 2 disconnected pins.

Circuit 1 contains 2 devices, Circuit 2 contains 2 devices.
Circuit 1 contains 3 nets,    Circuit 2 contains 3 nets.


Contents of circuit 1:  Circuit: 'gf180mcu_fd_sc_mcu7t5v0__fillcap_8'
Circuit gf180mcu_fd_sc_mcu7t5v0__fillcap_8 contains 4 device instances.
  Class: pfet_06v0             instances:   2
  Class: nfet_06v0             instances:   2
Circuit contains 8 nets.
Contents of circuit 2:  Circuit: 'gf180mcu_fd_sc_mcu7t5v0__fillcap_8'
Circuit gf180mcu_fd_sc_mcu7t5v0__fillcap_8 contains 4 device instances.
  Class: pfet_06v0             instances:   2
  Class: nfet_06v0             instances:   2
Circuit contains 8 nets.

Circuit 1 contains 4 devices, Circuit 2 contains 4 devices.
Circuit 1 contains 8 nets,    Circuit 2 contains 8 nets.


Contents of circuit 1:  Circuit: 'gf180mcu_fd_sc_mcu7t5v0__dffq_4'
Circuit gf180mcu_fd_sc_mcu7t5v0__dffq_4 contains 24 device instances.
  Class: pfet_06v0             instances:  12
  Class: nfet_06v0             instances:  12
Circuit contains 19 nets.
Contents of circuit 2:  Circuit: 'gf180mcu_fd_sc_mcu7t5v0__dffq_4'
Circuit gf180mcu_fd_sc_mcu7t5v0__dffq_4 contains 32 device instances.
  Class: pfet_06v0             instances:  16
  Class: nfet_06v0             instances:  16
Circuit contains 19 nets.

Circuit was modified by parallel/series device merging.
New circuit summary:

Contents of circuit 1:  Circuit: 'gf180mcu_fd_sc_mcu7t5v0__dffq_4'
Circuit gf180mcu_fd_sc_mcu7t5v0__dffq_4 contains 24 device instances.
  Class: pfet_06v0             instances:  12
  Class: nfet_06v0             instances:  12
Circuit contains 19 nets.
Contents of circuit 2:  Circuit: 'gf180mcu_fd_sc_mcu7t5v0__dffq_4'
Circuit gf180mcu_fd_sc_mcu7t5v0__dffq_4 contains 24 device instances.
  Class: pfet_06v0             instances:  12
  Class: nfet_06v0             instances:  12
Circuit contains 19 nets.

Circuit 1 contains 24 devices, Circuit 2 contains 24 devices.
Circuit 1 contains 19 nets,    Circuit 2 contains 19 nets.


Contents of circuit 1:  Circuit: 'gf180mcu_fd_sc_mcu7t5v0__aoi21_1'
Circuit gf180mcu_fd_sc_mcu7t5v0__aoi21_1 contains 6 device instances.
  Class: pfet_06v0             instances:   3
  Class: nfet_06v0             instances:   3
Circuit contains 10 nets.
Contents of circuit 2:  Circuit: 'gf180mcu_fd_sc_mcu7t5v0__aoi21_1'
Circuit gf180mcu_fd_sc_mcu7t5v0__aoi21_1 contains 6 device instances.
  Class: pfet_06v0             instances:   3
  Class: nfet_06v0             instances:   3
Circuit contains 10 nets.

Circuit 1 contains 6 devices, Circuit 2 contains 6 devices.
Circuit 1 contains 10 nets,    Circuit 2 contains 10 nets.


Contents of circuit 1:  Circuit: 'gf180mcu_fd_sc_mcu7t5v0__clkbuf_12'
Circuit gf180mcu_fd_sc_mcu7t5v0__clkbuf_12 contains 4 device instances.
  Class: pfet_06v0             instances:   2
  Class: nfet_06v0             instances:   2
Circuit contains 7 nets.
Contents of circuit 2:  Circuit: 'gf180mcu_fd_sc_mcu7t5v0__clkbuf_12'
Circuit gf180mcu_fd_sc_mcu7t5v0__clkbuf_12 contains 35 device instances.
  Class: pfet_06v0             instances:  18
  Class: nfet_06v0             instances:  17
Circuit contains 7 nets.

Circuit was modified by parallel/series device merging.
New circuit summary:

Contents of circuit 1:  Circuit: 'gf180mcu_fd_sc_mcu7t5v0__clkbuf_12'
Circuit gf180mcu_fd_sc_mcu7t5v0__clkbuf_12 contains 4 device instances.
  Class: pfet_06v0             instances:   2
  Class: nfet_06v0             instances:   2
Circuit contains 7 nets.
Contents of circuit 2:  Circuit: 'gf180mcu_fd_sc_mcu7t5v0__clkbuf_12'
Circuit gf180mcu_fd_sc_mcu7t5v0__clkbuf_12 contains 4 device instances.
  Class: pfet_06v0             instances:   2
  Class: nfet_06v0             instances:   2
Circuit contains 7 nets.

Circuit 1 contains 4 devices, Circuit 2 contains 4 devices.
Circuit 1 contains 7 nets,    Circuit 2 contains 7 nets.


Contents of circuit 1:  Circuit: 'gf180mcu_fd_sc_mcu7t5v0__buf_2'
Circuit gf180mcu_fd_sc_mcu7t5v0__buf_2 contains 4 device instances.
  Class: pfet_06v0             instances:   2
  Class: nfet_06v0             instances:   2
Circuit contains 7 nets.
Contents of circuit 2:  Circuit: 'gf180mcu_fd_sc_mcu7t5v0__buf_2'
Circuit gf180mcu_fd_sc_mcu7t5v0__buf_2 contains 6 device instances.
  Class: pfet_06v0             instances:   3
  Class: nfet_06v0             instances:   3
Circuit contains 7 nets.

Circuit was modified by parallel/series device merging.
New circuit summary:

Contents of circuit 1:  Circuit: 'gf180mcu_fd_sc_mcu7t5v0__buf_2'
Circuit gf180mcu_fd_sc_mcu7t5v0__buf_2 contains 4 device instances.
  Class: pfet_06v0             instances:   2
  Class: nfet_06v0             instances:   2
Circuit contains 7 nets.
Contents of circuit 2:  Circuit: 'gf180mcu_fd_sc_mcu7t5v0__buf_2'
Circuit gf180mcu_fd_sc_mcu7t5v0__buf_2 contains 4 device instances.
  Class: pfet_06v0             instances:   2
  Class: nfet_06v0             instances:   2
Circuit contains 7 nets.

Circuit 1 contains 4 devices, Circuit 2 contains 4 devices.
Circuit 1 contains 7 nets,    Circuit 2 contains 7 nets.


Contents of circuit 1:  Circuit: 'gf180mcu_fd_sc_mcu7t5v0__fillcap_32'
Circuit gf180mcu_fd_sc_mcu7t5v0__fillcap_32 contains 16 device instances.
  Class: pfet_06v0             instances:   8
  Class: nfet_06v0             instances:   8
Circuit contains 20 nets.
Contents of circuit 2:  Circuit: 'gf180mcu_fd_sc_mcu7t5v0__fillcap_32'
Circuit gf180mcu_fd_sc_mcu7t5v0__fillcap_32 contains 16 device instances.
  Class: pfet_06v0             instances:   8
  Class: nfet_06v0             instances:   8
Circuit contains 20 nets.

Circuit 1 contains 16 devices, Circuit 2 contains 16 devices.
Circuit 1 contains 20 nets,    Circuit 2 contains 20 nets.


Contents of circuit 1:  Circuit: 'gf180mcu_fd_sc_mcu7t5v0__fillcap_16'
Circuit gf180mcu_fd_sc_mcu7t5v0__fillcap_16 contains 8 device instances.
  Class: pfet_06v0             instances:   4
  Class: nfet_06v0             instances:   4
Circuit contains 12 nets.
Contents of circuit 2:  Circuit: 'gf180mcu_fd_sc_mcu7t5v0__fillcap_16'
Circuit gf180mcu_fd_sc_mcu7t5v0__fillcap_16 contains 8 device instances.
  Class: pfet_06v0             instances:   4
  Class: nfet_06v0             instances:   4
Circuit contains 12 nets.

Circuit 1 contains 8 devices, Circuit 2 contains 8 devices.
Circuit 1 contains 12 nets,    Circuit 2 contains 12 nets.


Contents of circuit 1:  Circuit: 'gf180mcu_fd_sc_mcu7t5v0__aoi222_1'
Circuit gf180mcu_fd_sc_mcu7t5v0__aoi222_1 contains 12 device instances.
  Class: pfet_06v0             instances:   6
  Class: nfet_06v0             instances:   6
Circuit contains 16 nets.
Contents of circuit 2:  Circuit: 'gf180mcu_fd_sc_mcu7t5v0__aoi222_1'
Circuit gf180mcu_fd_sc_mcu7t5v0__aoi222_1 contains 12 device instances.
  Class: pfet_06v0             instances:   6
  Class: nfet_06v0             instances:   6
Circuit contains 16 nets.

Circuit 1 contains 12 devices, Circuit 2 contains 12 devices.
Circuit 1 contains 16 nets,    Circuit 2 contains 16 nets.


Contents of circuit 1:  Circuit: 'gf180mcu_fd_sc_mcu7t5v0__aoi21_2'
Circuit gf180mcu_fd_sc_mcu7t5v0__aoi21_2 contains 8 device instances.
  Class: pfet_06v0             instances:   3
  Class: nfet_06v0             instances:   5
Circuit contains 11 nets.
Contents of circuit 2:  Circuit: 'gf180mcu_fd_sc_mcu7t5v0__aoi21_2'
Circuit gf180mcu_fd_sc_mcu7t5v0__aoi21_2 contains 12 device instances.
  Class: pfet_06v0             instances:   6
  Class: nfet_06v0             instances:   6
Circuit contains 11 nets.

Circuit was modified by parallel/series device merging.
New circuit summary:

Contents of circuit 1:  Circuit: 'gf180mcu_fd_sc_mcu7t5v0__aoi21_2'
Circuit gf180mcu_fd_sc_mcu7t5v0__aoi21_2 contains 8 device instances.
  Class: pfet_06v0             instances:   3
  Class: nfet_06v0             instances:   5
Circuit contains 11 nets.
Contents of circuit 2:  Circuit: 'gf180mcu_fd_sc_mcu7t5v0__aoi21_2'
Circuit gf180mcu_fd_sc_mcu7t5v0__aoi21_2 contains 8 device instances.
  Class: pfet_06v0             instances:   3
  Class: nfet_06v0             instances:   5
Circuit contains 11 nets.

Circuit 1 contains 8 devices, Circuit 2 contains 8 devices.
Circuit 1 contains 11 nets,    Circuit 2 contains 11 nets.


Contents of circuit 1:  Circuit: 'gf180mcu_fd_sc_mcu7t5v0__tiel'
Circuit gf180mcu_fd_sc_mcu7t5v0__tiel contains 2 device instances.
  Class: pfet_06v0             instances:   1
  Class: nfet_06v0             instances:   1
Circuit contains 6 nets.
Contents of circuit 2:  Circuit: 'gf180mcu_fd_sc_mcu7t5v0__tiel'
Circuit gf180mcu_fd_sc_mcu7t5v0__tiel contains 2 device instances.
  Class: pfet_06v0             instances:   1
  Class: nfet_06v0             instances:   1
Circuit contains 6 nets.

Circuit 1 contains 2 devices, Circuit 2 contains 2 devices.
Circuit 1 contains 6 nets,    Circuit 2 contains 6 nets.


Contents of circuit 1:  Circuit: 'gf180mcu_fd_sc_mcu7t5v0__clkbuf_1'
Circuit gf180mcu_fd_sc_mcu7t5v0__clkbuf_1 contains 4 device instances.
  Class: pfet_06v0             instances:   2
  Class: nfet_06v0             instances:   2
Circuit contains 7 nets.
Contents of circuit 2:  Circuit: 'gf180mcu_fd_sc_mcu7t5v0__clkbuf_1'
Circuit gf180mcu_fd_sc_mcu7t5v0__clkbuf_1 contains 5 device instances.
  Class: pfet_06v0             instances:   3
  Class: nfet_06v0             instances:   2
Circuit contains 7 nets.

Circuit was modified by parallel/series device merging.
New circuit summary:

Contents of circuit 1:  Circuit: 'gf180mcu_fd_sc_mcu7t5v0__clkbuf_1'
Circuit gf180mcu_fd_sc_mcu7t5v0__clkbuf_1 contains 4 device instances.
  Class: pfet_06v0             instances:   2
  Class: nfet_06v0             instances:   2
Circuit contains 7 nets.
Contents of circuit 2:  Circuit: 'gf180mcu_fd_sc_mcu7t5v0__clkbuf_1'
Circuit gf180mcu_fd_sc_mcu7t5v0__clkbuf_1 contains 4 device instances.
  Class: pfet_06v0             instances:   2
  Class: nfet_06v0             instances:   2
Circuit contains 7 nets.

Circuit 1 contains 4 devices, Circuit 2 contains 4 devices.
Circuit 1 contains 7 nets,    Circuit 2 contains 7 nets.


Contents of circuit 1:  Circuit: 'gf180mcu_fd_sc_mcu7t5v0__dlyb_1'
Circuit gf180mcu_fd_sc_mcu7t5v0__dlyb_1 contains 12 device instances.
  Class: pfet_06v0             instances:   6
  Class: nfet_06v0             instances:   6
Circuit contains 13 nets.
Contents of circuit 2:  Circuit: 'gf180mcu_fd_sc_mcu7t5v0__dlyb_1'
Circuit gf180mcu_fd_sc_mcu7t5v0__dlyb_1 contains 12 device instances.
  Class: pfet_06v0             instances:   6
  Class: nfet_06v0             instances:   6
Circuit contains 13 nets.

Circuit 1 contains 12 devices, Circuit 2 contains 12 devices.
Circuit 1 contains 13 nets,    Circuit 2 contains 13 nets.


Contents of circuit 1:  Circuit: 'gf180mcu_fd_sc_mcu7t5v0__dlyc_1'
Circuit gf180mcu_fd_sc_mcu7t5v0__dlyc_1 contains 20 device instances.
  Class: pfet_06v0             instances:  10
  Class: nfet_06v0             instances:  10
Circuit contains 19 nets.
Contents of circuit 2:  Circuit: 'gf180mcu_fd_sc_mcu7t5v0__dlyc_1'
Circuit gf180mcu_fd_sc_mcu7t5v0__dlyc_1 contains 20 device instances.
  Class: pfet_06v0             instances:  10
  Class: nfet_06v0             instances:  10
Circuit contains 19 nets.

Circuit 1 contains 20 devices, Circuit 2 contains 20 devices.
Circuit 1 contains 19 nets,    Circuit 2 contains 19 nets.


Contents of circuit 1:  Circuit: 'gf180mcu_fd_sc_mcu7t5v0__buf_8'
Circuit gf180mcu_fd_sc_mcu7t5v0__buf_8 contains 4 device instances.
  Class: pfet_06v0             instances:   2
  Class: nfet_06v0             instances:   2
Circuit contains 7 nets.
Contents of circuit 2:  Circuit: 'gf180mcu_fd_sc_mcu7t5v0__buf_8'
Circuit gf180mcu_fd_sc_mcu7t5v0__buf_8 contains 24 device instances.
  Class: pfet_06v0             instances:  12
  Class: nfet_06v0             instances:  12
Circuit contains 7 nets.

Circuit was modified by parallel/series device merging.
New circuit summary:

Contents of circuit 1:  Circuit: 'gf180mcu_fd_sc_mcu7t5v0__buf_8'
Circuit gf180mcu_fd_sc_mcu7t5v0__buf_8 contains 4 device instances.
  Class: pfet_06v0             instances:   2
  Class: nfet_06v0             instances:   2
Circuit contains 7 nets.
Contents of circuit 2:  Circuit: 'gf180mcu_fd_sc_mcu7t5v0__buf_8'
Circuit gf180mcu_fd_sc_mcu7t5v0__buf_8 contains 4 device instances.
  Class: pfet_06v0             instances:   2
  Class: nfet_06v0             instances:   2
Circuit contains 7 nets.

Circuit 1 contains 4 devices, Circuit 2 contains 4 devices.
Circuit 1 contains 7 nets,    Circuit 2 contains 7 nets.


Contents of circuit 1:  Circuit: 'gf180mcu_fd_sc_mcu7t5v0__aoi22_1'
Circuit gf180mcu_fd_sc_mcu7t5v0__aoi22_1 contains 8 device instances.
  Class: pfet_06v0             instances:   4
  Class: nfet_06v0             instances:   4
Circuit contains 12 nets.
Contents of circuit 2:  Circuit: 'gf180mcu_fd_sc_mcu7t5v0__aoi22_1'
Circuit gf180mcu_fd_sc_mcu7t5v0__aoi22_1 contains 8 device instances.
  Class: pfet_06v0             instances:   4
  Class: nfet_06v0             instances:   4
Circuit contains 12 nets.

Circuit 1 contains 8 devices, Circuit 2 contains 8 devices.
Circuit 1 contains 12 nets,    Circuit 2 contains 12 nets.


Contents of circuit 1:  Circuit: 'gf180mcu_fd_sc_mcu7t5v0__dffq_1'
Circuit gf180mcu_fd_sc_mcu7t5v0__dffq_1 contains 24 device instances.
  Class: pfet_06v0             instances:  12
  Class: nfet_06v0             instances:  12
Circuit contains 19 nets.
Contents of circuit 2:  Circuit: 'gf180mcu_fd_sc_mcu7t5v0__dffq_1'
Circuit gf180mcu_fd_sc_mcu7t5v0__dffq_1 contains 24 device instances.
  Class: pfet_06v0             instances:  12
  Class: nfet_06v0             instances:  12
Circuit contains 19 nets.

Circuit 1 contains 24 devices, Circuit 2 contains 24 devices.
Circuit 1 contains 19 nets,    Circuit 2 contains 19 nets.


Contents of circuit 1:  Circuit: 'gf180mcu_fd_sc_mcu7t5v0__buf_1'
Circuit gf180mcu_fd_sc_mcu7t5v0__buf_1 contains 4 device instances.
  Class: pfet_06v0             instances:   2
  Class: nfet_06v0             instances:   2
Circuit contains 7 nets.
Contents of circuit 2:  Circuit: 'gf180mcu_fd_sc_mcu7t5v0__buf_1'
Circuit gf180mcu_fd_sc_mcu7t5v0__buf_1 contains 4 device instances.
  Class: pfet_06v0             instances:   2
  Class: nfet_06v0             instances:   2
Circuit contains 7 nets.

Circuit 1 contains 4 devices, Circuit 2 contains 4 devices.
Circuit 1 contains 7 nets,    Circuit 2 contains 7 nets.


Contents of circuit 1:  Circuit: 'gf180mcu_fd_sc_mcu7t5v0__nand2_2'
Circuit gf180mcu_fd_sc_mcu7t5v0__nand2_2 contains 6 device instances.
  Class: pfet_06v0             instances:   2
  Class: nfet_06v0             instances:   4
Circuit contains 9 nets.
Contents of circuit 2:  Circuit: 'gf180mcu_fd_sc_mcu7t5v0__nand2_2'
Circuit gf180mcu_fd_sc_mcu7t5v0__nand2_2 contains 8 device instances.
  Class: pfet_06v0             instances:   4
  Class: nfet_06v0             instances:   4
Circuit contains 9 nets.

Circuit was modified by parallel/series device merging.
New circuit summary:

Contents of circuit 1:  Circuit: 'gf180mcu_fd_sc_mcu7t5v0__nand2_2'
Circuit gf180mcu_fd_sc_mcu7t5v0__nand2_2 contains 6 device instances.
  Class: pfet_06v0             instances:   2
  Class: nfet_06v0             instances:   4
Circuit contains 9 nets.
Contents of circuit 2:  Circuit: 'gf180mcu_fd_sc_mcu7t5v0__nand2_2'
Circuit gf180mcu_fd_sc_mcu7t5v0__nand2_2 contains 6 device instances.
  Class: pfet_06v0             instances:   2
  Class: nfet_06v0             instances:   4
Circuit contains 9 nets.

Circuit 1 contains 6 devices, Circuit 2 contains 6 devices.
Circuit 1 contains 9 nets,    Circuit 2 contains 9 nets.


Contents of circuit 1:  Circuit: 'gf180mcu_fd_sc_mcu7t5v0__clkbuf_2'
Circuit gf180mcu_fd_sc_mcu7t5v0__clkbuf_2 contains 4 device instances.
  Class: pfet_06v0             instances:   2
  Class: nfet_06v0             instances:   2
Circuit contains 7 nets.
Contents of circuit 2:  Circuit: 'gf180mcu_fd_sc_mcu7t5v0__clkbuf_2'
Circuit gf180mcu_fd_sc_mcu7t5v0__clkbuf_2 contains 6 device instances.
  Class: pfet_06v0             instances:   3
  Class: nfet_06v0             instances:   3
Circuit contains 7 nets.

Circuit was modified by parallel/series device merging.
New circuit summary:

Contents of circuit 1:  Circuit: 'gf180mcu_fd_sc_mcu7t5v0__clkbuf_2'
Circuit gf180mcu_fd_sc_mcu7t5v0__clkbuf_2 contains 4 device instances.
  Class: pfet_06v0             instances:   2
  Class: nfet_06v0             instances:   2
Circuit contains 7 nets.
Contents of circuit 2:  Circuit: 'gf180mcu_fd_sc_mcu7t5v0__clkbuf_2'
Circuit gf180mcu_fd_sc_mcu7t5v0__clkbuf_2 contains 4 device instances.
  Class: pfet_06v0             instances:   2
  Class: nfet_06v0             instances:   2
Circuit contains 7 nets.

Circuit 1 contains 4 devices, Circuit 2 contains 4 devices.
Circuit 1 contains 7 nets,    Circuit 2 contains 7 nets.


Contents of circuit 1:  Circuit: 'gf180mcu_fd_sc_mcu7t5v0__oai21_1'
Circuit gf180mcu_fd_sc_mcu7t5v0__oai21_1 contains 6 device instances.
  Class: pfet_06v0             instances:   3
  Class: nfet_06v0             instances:   3
Circuit contains 10 nets.
Contents of circuit 2:  Circuit: 'gf180mcu_fd_sc_mcu7t5v0__oai21_1'
Circuit gf180mcu_fd_sc_mcu7t5v0__oai21_1 contains 6 device instances.
  Class: pfet_06v0             instances:   3
  Class: nfet_06v0             instances:   3
Circuit contains 10 nets.

Circuit 1 contains 6 devices, Circuit 2 contains 6 devices.
Circuit 1 contains 10 nets,    Circuit 2 contains 10 nets.


Contents of circuit 1:  Circuit: 'gf180mcu_fd_sc_mcu7t5v0__buf_4'
Circuit gf180mcu_fd_sc_mcu7t5v0__buf_4 contains 4 device instances.
  Class: pfet_06v0             instances:   2
  Class: nfet_06v0             instances:   2
Circuit contains 7 nets.
Contents of circuit 2:  Circuit: 'gf180mcu_fd_sc_mcu7t5v0__buf_4'
Circuit gf180mcu_fd_sc_mcu7t5v0__buf_4 contains 12 device instances.
  Class: pfet_06v0             instances:   6
  Class: nfet_06v0             instances:   6
Circuit contains 7 nets.

Circuit was modified by parallel/series device merging.
New circuit summary:

Contents of circuit 1:  Circuit: 'gf180mcu_fd_sc_mcu7t5v0__buf_4'
Circuit gf180mcu_fd_sc_mcu7t5v0__buf_4 contains 4 device instances.
  Class: pfet_06v0             instances:   2
  Class: nfet_06v0             instances:   2
Circuit contains 7 nets.
Contents of circuit 2:  Circuit: 'gf180mcu_fd_sc_mcu7t5v0__buf_4'
Circuit gf180mcu_fd_sc_mcu7t5v0__buf_4 contains 4 device instances.
  Class: pfet_06v0             instances:   2
  Class: nfet_06v0             instances:   2
Circuit contains 7 nets.

Circuit 1 contains 4 devices, Circuit 2 contains 4 devices.
Circuit 1 contains 7 nets,    Circuit 2 contains 7 nets.


Contents of circuit 1:  Circuit: 'gf180mcu_fd_sc_mcu7t5v0__xor2_1'
Circuit gf180mcu_fd_sc_mcu7t5v0__xor2_1 contains 10 device instances.
  Class: pfet_06v0             instances:   5
  Class: nfet_06v0             instances:   5
Circuit contains 11 nets.
Contents of circuit 2:  Circuit: 'gf180mcu_fd_sc_mcu7t5v0__xor2_1'
Circuit gf180mcu_fd_sc_mcu7t5v0__xor2_1 contains 10 device instances.
  Class: pfet_06v0             instances:   5
  Class: nfet_06v0             instances:   5
Circuit contains 11 nets.

Circuit 1 contains 10 devices, Circuit 2 contains 10 devices.
Circuit 1 contains 11 nets,    Circuit 2 contains 11 nets.


Contents of circuit 1:  Circuit: 'gf180mcu_fd_sc_mcu7t5v0__nor2_1'
Circuit gf180mcu_fd_sc_mcu7t5v0__nor2_1 contains 4 device instances.
  Class: pfet_06v0             instances:   2
  Class: nfet_06v0             instances:   2
Circuit contains 8 nets.
Contents of circuit 2:  Circuit: 'gf180mcu_fd_sc_mcu7t5v0__nor2_1'
Circuit gf180mcu_fd_sc_mcu7t5v0__nor2_1 contains 4 device instances.
  Class: pfet_06v0             instances:   2
  Class: nfet_06v0             instances:   2
Circuit contains 8 nets.

Circuit 1 contains 4 devices, Circuit 2 contains 4 devices.
Circuit 1 contains 8 nets,    Circuit 2 contains 8 nets.


Contents of circuit 1:  Circuit: 'gf180mcu_fd_sc_mcu7t5v0__nand2_1'
Circuit gf180mcu_fd_sc_mcu7t5v0__nand2_1 contains 4 device instances.
  Class: pfet_06v0             instances:   2
  Class: nfet_06v0             instances:   2
Circuit contains 8 nets.
Contents of circuit 2:  Circuit: 'gf180mcu_fd_sc_mcu7t5v0__nand2_1'
Circuit gf180mcu_fd_sc_mcu7t5v0__nand2_1 contains 4 device instances.
  Class: pfet_06v0             instances:   2
  Class: nfet_06v0             instances:   2
Circuit contains 8 nets.

Circuit 1 contains 4 devices, Circuit 2 contains 4 devices.
Circuit 1 contains 8 nets,    Circuit 2 contains 8 nets.


Contents of circuit 1:  Circuit: 'gf180mcu_fd_sc_mcu7t5v0__nand2_4'
Circuit gf180mcu_fd_sc_mcu7t5v0__nand2_4 contains 10 device instances.
  Class: pfet_06v0             instances:   2
  Class: nfet_06v0             instances:   8
Circuit contains 11 nets.
Contents of circuit 2:  Circuit: 'gf180mcu_fd_sc_mcu7t5v0__nand2_4'
Circuit gf180mcu_fd_sc_mcu7t5v0__nand2_4 contains 16 device instances.
  Class: pfet_06v0             instances:   8
  Class: nfet_06v0             instances:   8
Circuit contains 11 nets.

Circuit was modified by parallel/series device merging.
New circuit summary:

Contents of circuit 1:  Circuit: 'gf180mcu_fd_sc_mcu7t5v0__nand2_4'
Circuit gf180mcu_fd_sc_mcu7t5v0__nand2_4 contains 10 device instances.
  Class: pfet_06v0             instances:   2
  Class: nfet_06v0             instances:   8
Circuit contains 11 nets.
Contents of circuit 2:  Circuit: 'gf180mcu_fd_sc_mcu7t5v0__nand2_4'
Circuit gf180mcu_fd_sc_mcu7t5v0__nand2_4 contains 10 device instances.
  Class: pfet_06v0             instances:   2
  Class: nfet_06v0             instances:   8
Circuit contains 11 nets.

Circuit 1 contains 10 devices, Circuit 2 contains 10 devices.
Circuit 1 contains 11 nets,    Circuit 2 contains 11 nets.


Contents of circuit 1:  Circuit: 'gf180mcu_fd_sc_mcu7t5v0__and2_1'
Circuit gf180mcu_fd_sc_mcu7t5v0__and2_1 contains 6 device instances.
  Class: pfet_06v0             instances:   3
  Class: nfet_06v0             instances:   3
Circuit contains 9 nets.
Contents of circuit 2:  Circuit: 'gf180mcu_fd_sc_mcu7t5v0__and2_1'
Circuit gf180mcu_fd_sc_mcu7t5v0__and2_1 contains 6 device instances.
  Class: pfet_06v0             instances:   3
  Class: nfet_06v0             instances:   3
Circuit contains 9 nets.

Circuit 1 contains 6 devices, Circuit 2 contains 6 devices.
Circuit 1 contains 9 nets,    Circuit 2 contains 9 nets.


Contents of circuit 1:  Circuit: 'gf180mcu_fd_sc_mcu7t5v0__clkbuf_3'
Circuit gf180mcu_fd_sc_mcu7t5v0__clkbuf_3 contains 4 device instances.
  Class: pfet_06v0             instances:   2
  Class: nfet_06v0             instances:   2
Circuit contains 7 nets.
Contents of circuit 2:  Circuit: 'gf180mcu_fd_sc_mcu7t5v0__clkbuf_3'
Circuit gf180mcu_fd_sc_mcu7t5v0__clkbuf_3 contains 11 device instances.
  Class: pfet_06v0             instances:   6
  Class: nfet_06v0             instances:   5
Circuit contains 7 nets.

Circuit was modified by parallel/series device merging.
New circuit summary:

Contents of circuit 1:  Circuit: 'gf180mcu_fd_sc_mcu7t5v0__clkbuf_3'
Circuit gf180mcu_fd_sc_mcu7t5v0__clkbuf_3 contains 4 device instances.
  Class: pfet_06v0             instances:   2
  Class: nfet_06v0             instances:   2
Circuit contains 7 nets.
Contents of circuit 2:  Circuit: 'gf180mcu_fd_sc_mcu7t5v0__clkbuf_3'
Circuit gf180mcu_fd_sc_mcu7t5v0__clkbuf_3 contains 4 device instances.
  Class: pfet_06v0             instances:   2
  Class: nfet_06v0             instances:   2
Circuit contains 7 nets.

Circuit 1 contains 4 devices, Circuit 2 contains 4 devices.
Circuit 1 contains 7 nets,    Circuit 2 contains 7 nets.


Contents of circuit 1:  Circuit: 'gf180mcu_fd_sc_mcu7t5v0__mux2_2'
Circuit gf180mcu_fd_sc_mcu7t5v0__mux2_2 contains 12 device instances.
  Class: pfet_06v0             instances:   6
  Class: nfet_06v0             instances:   6
Circuit contains 14 nets.
Contents of circuit 2:  Circuit: 'gf180mcu_fd_sc_mcu7t5v0__mux2_2'
Circuit gf180mcu_fd_sc_mcu7t5v0__mux2_2 contains 14 device instances.
  Class: pfet_06v0             instances:   7
  Class: nfet_06v0             instances:   7
Circuit contains 14 nets.

Circuit was modified by parallel/series device merging.
New circuit summary:

Contents of circuit 1:  Circuit: 'gf180mcu_fd_sc_mcu7t5v0__mux2_2'
Circuit gf180mcu_fd_sc_mcu7t5v0__mux2_2 contains 12 device instances.
  Class: pfet_06v0             instances:   6
  Class: nfet_06v0             instances:   6
Circuit contains 14 nets.
Contents of circuit 2:  Circuit: 'gf180mcu_fd_sc_mcu7t5v0__mux2_2'
Circuit gf180mcu_fd_sc_mcu7t5v0__mux2_2 contains 12 device instances.
  Class: pfet_06v0             instances:   6
  Class: nfet_06v0             instances:   6
Circuit contains 14 nets.

Circuit 1 contains 12 devices, Circuit 2 contains 12 devices.
Circuit 1 contains 14 nets,    Circuit 2 contains 14 nets.


Contents of circuit 1:  Circuit: 'gf180mcu_fd_sc_mcu7t5v0__and2_4'
Circuit gf180mcu_fd_sc_mcu7t5v0__and2_4 contains 8 device instances.
  Class: pfet_06v0             instances:   3
  Class: nfet_06v0             instances:   5
Circuit contains 10 nets.
Contents of circuit 2:  Circuit: 'gf180mcu_fd_sc_mcu7t5v0__and2_4'
Circuit gf180mcu_fd_sc_mcu7t5v0__and2_4 contains 16 device instances.
  Class: pfet_06v0             instances:   8
  Class: nfet_06v0             instances:   8
Circuit contains 10 nets.

Circuit was modified by parallel/series device merging.
New circuit summary:

Contents of circuit 1:  Circuit: 'gf180mcu_fd_sc_mcu7t5v0__and2_4'
Circuit gf180mcu_fd_sc_mcu7t5v0__and2_4 contains 8 device instances.
  Class: pfet_06v0             instances:   3
  Class: nfet_06v0             instances:   5
Circuit contains 10 nets.
Contents of circuit 2:  Circuit: 'gf180mcu_fd_sc_mcu7t5v0__and2_4'
Circuit gf180mcu_fd_sc_mcu7t5v0__and2_4 contains 8 device instances.
  Class: pfet_06v0             instances:   3
  Class: nfet_06v0             instances:   5
Circuit contains 10 nets.

Circuit 1 contains 8 devices, Circuit 2 contains 8 devices.
Circuit 1 contains 10 nets,    Circuit 2 contains 10 nets.


Contents of circuit 1:  Circuit: 'gf180mcu_fd_sc_mcu7t5v0__and4_2'
Circuit gf180mcu_fd_sc_mcu7t5v0__and4_2 contains 10 device instances.
  Class: pfet_06v0             instances:   5
  Class: nfet_06v0             instances:   5
Circuit contains 13 nets.
Contents of circuit 2:  Circuit: 'gf180mcu_fd_sc_mcu7t5v0__and4_2'
Circuit gf180mcu_fd_sc_mcu7t5v0__and4_2 contains 12 device instances.
  Class: pfet_06v0             instances:   6
  Class: nfet_06v0             instances:   6
Circuit contains 13 nets.

Circuit was modified by parallel/series device merging.
New circuit summary:

Contents of circuit 1:  Circuit: 'gf180mcu_fd_sc_mcu7t5v0__and4_2'
Circuit gf180mcu_fd_sc_mcu7t5v0__and4_2 contains 10 device instances.
  Class: pfet_06v0             instances:   5
  Class: nfet_06v0             instances:   5
Circuit contains 13 nets.
Contents of circuit 2:  Circuit: 'gf180mcu_fd_sc_mcu7t5v0__and4_2'
Circuit gf180mcu_fd_sc_mcu7t5v0__and4_2 contains 10 device instances.
  Class: pfet_06v0             instances:   5
  Class: nfet_06v0             instances:   5
Circuit contains 13 nets.

Circuit 1 contains 10 devices, Circuit 2 contains 10 devices.
Circuit 1 contains 13 nets,    Circuit 2 contains 13 nets.


Contents of circuit 1:  Circuit: 'gf180mcu_fd_sc_mcu7t5v0__oai221_1'
Circuit gf180mcu_fd_sc_mcu7t5v0__oai221_1 contains 10 device instances.
  Class: pfet_06v0             instances:   5
  Class: nfet_06v0             instances:   5
Circuit contains 14 nets.
Contents of circuit 2:  Circuit: 'gf180mcu_fd_sc_mcu7t5v0__oai221_1'
Circuit gf180mcu_fd_sc_mcu7t5v0__oai221_1 contains 10 device instances.
  Class: pfet_06v0             instances:   5
  Class: nfet_06v0             instances:   5
Circuit contains 14 nets.

Circuit 1 contains 10 devices, Circuit 2 contains 10 devices.
Circuit 1 contains 14 nets,    Circuit 2 contains 14 nets.


Contents of circuit 1:  Circuit: 'gf180mcu_fd_sc_mcu7t5v0__xnor2_1'
Circuit gf180mcu_fd_sc_mcu7t5v0__xnor2_1 contains 10 device instances.
  Class: pfet_06v0             instances:   5
  Class: nfet_06v0             instances:   5
Circuit contains 11 nets.
Contents of circuit 2:  Circuit: 'gf180mcu_fd_sc_mcu7t5v0__xnor2_1'
Circuit gf180mcu_fd_sc_mcu7t5v0__xnor2_1 contains 10 device instances.
  Class: pfet_06v0             instances:   5
  Class: nfet_06v0             instances:   5
Circuit contains 11 nets.

Circuit 1 contains 10 devices, Circuit 2 contains 10 devices.
Circuit 1 contains 11 nets,    Circuit 2 contains 11 nets.


Contents of circuit 1:  Circuit: 'gf180mcu_fd_sc_mcu7t5v0__clkbuf_16'
Circuit gf180mcu_fd_sc_mcu7t5v0__clkbuf_16 contains 4 device instances.
  Class: pfet_06v0             instances:   2
  Class: nfet_06v0             instances:   2
Circuit contains 7 nets.
Contents of circuit 2:  Circuit: 'gf180mcu_fd_sc_mcu7t5v0__clkbuf_16'
Circuit gf180mcu_fd_sc_mcu7t5v0__clkbuf_16 contains 46 device instances.
  Class: pfet_06v0             instances:  24
  Class: nfet_06v0             instances:  22
Circuit contains 7 nets.

Circuit was modified by parallel/series device merging.
New circuit summary:

Contents of circuit 1:  Circuit: 'gf180mcu_fd_sc_mcu7t5v0__clkbuf_16'
Circuit gf180mcu_fd_sc_mcu7t5v0__clkbuf_16 contains 4 device instances.
  Class: pfet_06v0             instances:   2
  Class: nfet_06v0             instances:   2
Circuit contains 7 nets.
Contents of circuit 2:  Circuit: 'gf180mcu_fd_sc_mcu7t5v0__clkbuf_16'
Circuit gf180mcu_fd_sc_mcu7t5v0__clkbuf_16 contains 4 device instances.
  Class: pfet_06v0             instances:   2
  Class: nfet_06v0             instances:   2
Circuit contains 7 nets.

Circuit 1 contains 4 devices, Circuit 2 contains 4 devices.
Circuit 1 contains 7 nets,    Circuit 2 contains 7 nets.


Contents of circuit 1:  Circuit: 'gf180mcu_fd_sc_mcu7t5v0__aoi222_2'
Circuit gf180mcu_fd_sc_mcu7t5v0__aoi222_2 contains 18 device instances.
  Class: pfet_06v0             instances:   6
  Class: nfet_06v0             instances:  12
Circuit contains 19 nets.
Contents of circuit 2:  Circuit: 'gf180mcu_fd_sc_mcu7t5v0__aoi222_2'
Circuit gf180mcu_fd_sc_mcu7t5v0__aoi222_2 contains 24 device instances.
  Class: pfet_06v0             instances:  12
  Class: nfet_06v0             instances:  12
Circuit contains 19 nets.

Circuit was modified by parallel/series device merging.
New circuit summary:

Contents of circuit 1:  Circuit: 'gf180mcu_fd_sc_mcu7t5v0__aoi222_2'
Circuit gf180mcu_fd_sc_mcu7t5v0__aoi222_2 contains 18 device instances.
  Class: pfet_06v0             instances:   6
  Class: nfet_06v0             instances:  12
Circuit contains 19 nets.
Contents of circuit 2:  Circuit: 'gf180mcu_fd_sc_mcu7t5v0__aoi222_2'
Circuit gf180mcu_fd_sc_mcu7t5v0__aoi222_2 contains 18 device instances.
  Class: pfet_06v0             instances:   6
  Class: nfet_06v0             instances:  12
Circuit contains 19 nets.

Circuit 1 contains 18 devices, Circuit 2 contains 18 devices.
Circuit 1 contains 19 nets,    Circuit 2 contains 19 nets.


Contents of circuit 1:  Circuit: 'gf180mcu_fd_sc_mcu7t5v0__nand4_2'
Circuit gf180mcu_fd_sc_mcu7t5v0__nand4_2 contains 12 device instances.
  Class: pfet_06v0             instances:   4
  Class: nfet_06v0             instances:   8
Circuit contains 15 nets.
Contents of circuit 2:  Circuit: 'gf180mcu_fd_sc_mcu7t5v0__nand4_2'
Circuit gf180mcu_fd_sc_mcu7t5v0__nand4_2 contains 16 device instances.
  Class: pfet_06v0             instances:   8
  Class: nfet_06v0             instances:   8
Circuit contains 15 nets.

Circuit was modified by parallel/series device merging.
New circuit summary:

Contents of circuit 1:  Circuit: 'gf180mcu_fd_sc_mcu7t5v0__nand4_2'
Circuit gf180mcu_fd_sc_mcu7t5v0__nand4_2 contains 12 device instances.
  Class: pfet_06v0             instances:   4
  Class: nfet_06v0             instances:   8
Circuit contains 15 nets.
Contents of circuit 2:  Circuit: 'gf180mcu_fd_sc_mcu7t5v0__nand4_2'
Circuit gf180mcu_fd_sc_mcu7t5v0__nand4_2 contains 12 device instances.
  Class: pfet_06v0             instances:   4
  Class: nfet_06v0             instances:   8
Circuit contains 15 nets.

Circuit 1 contains 12 devices, Circuit 2 contains 12 devices.
Circuit 1 contains 15 nets,    Circuit 2 contains 15 nets.


Contents of circuit 1:  Circuit: 'gf180mcu_fd_sc_mcu7t5v0__nand3_1'
Circuit gf180mcu_fd_sc_mcu7t5v0__nand3_1 contains 6 device instances.
  Class: pfet_06v0             instances:   3
  Class: nfet_06v0             instances:   3
Circuit contains 10 nets.
Contents of circuit 2:  Circuit: 'gf180mcu_fd_sc_mcu7t5v0__nand3_1'
Circuit gf180mcu_fd_sc_mcu7t5v0__nand3_1 contains 6 device instances.
  Class: pfet_06v0             instances:   3
  Class: nfet_06v0             instances:   3
Circuit contains 10 nets.

Circuit 1 contains 6 devices, Circuit 2 contains 6 devices.
Circuit 1 contains 10 nets,    Circuit 2 contains 10 nets.


Contents of circuit 1:  Circuit: 'gf180mcu_fd_sc_mcu7t5v0__and3_1'
Circuit gf180mcu_fd_sc_mcu7t5v0__and3_1 contains 8 device instances.
  Class: pfet_06v0             instances:   4
  Class: nfet_06v0             instances:   4
Circuit contains 11 nets.
Contents of circuit 2:  Circuit: 'gf180mcu_fd_sc_mcu7t5v0__and3_1'
Circuit gf180mcu_fd_sc_mcu7t5v0__and3_1 contains 8 device instances.
  Class: pfet_06v0             instances:   4
  Class: nfet_06v0             instances:   4
Circuit contains 11 nets.

Circuit 1 contains 8 devices, Circuit 2 contains 8 devices.
Circuit 1 contains 11 nets,    Circuit 2 contains 11 nets.


Contents of circuit 1:  Circuit: 'gf180mcu_fd_sc_mcu7t5v0__nor2_2'
Circuit gf180mcu_fd_sc_mcu7t5v0__nor2_2 contains 6 device instances.
  Class: pfet_06v0             instances:   4
  Class: nfet_06v0             instances:   2
Circuit contains 9 nets.
Contents of circuit 2:  Circuit: 'gf180mcu_fd_sc_mcu7t5v0__nor2_2'
Circuit gf180mcu_fd_sc_mcu7t5v0__nor2_2 contains 8 device instances.
  Class: pfet_06v0             instances:   4
  Class: nfet_06v0             instances:   4
Circuit contains 9 nets.

Circuit was modified by parallel/series device merging.
New circuit summary:

Contents of circuit 1:  Circuit: 'gf180mcu_fd_sc_mcu7t5v0__nor2_2'
Circuit gf180mcu_fd_sc_mcu7t5v0__nor2_2 contains 6 device instances.
  Class: pfet_06v0             instances:   4
  Class: nfet_06v0             instances:   2
Circuit contains 9 nets.
Contents of circuit 2:  Circuit: 'gf180mcu_fd_sc_mcu7t5v0__nor2_2'
Circuit gf180mcu_fd_sc_mcu7t5v0__nor2_2 contains 6 device instances.
  Class: pfet_06v0             instances:   4
  Class: nfet_06v0             instances:   2
Circuit contains 9 nets.

Circuit 1 contains 6 devices, Circuit 2 contains 6 devices.
Circuit 1 contains 9 nets,    Circuit 2 contains 9 nets.


Contents of circuit 1:  Circuit: 'gf180mcu_fd_sc_mcu7t5v0__nor4_1'
Circuit gf180mcu_fd_sc_mcu7t5v0__nor4_1 contains 8 device instances.
  Class: pfet_06v0             instances:   4
  Class: nfet_06v0             instances:   4
Circuit contains 12 nets.
Contents of circuit 2:  Circuit: 'gf180mcu_fd_sc_mcu7t5v0__nor4_1'
Circuit gf180mcu_fd_sc_mcu7t5v0__nor4_1 contains 8 device instances.
  Class: pfet_06v0             instances:   4
  Class: nfet_06v0             instances:   4
Circuit contains 12 nets.

Circuit 1 contains 8 devices, Circuit 2 contains 8 devices.
Circuit 1 contains 12 nets,    Circuit 2 contains 12 nets.


Contents of circuit 1:  Circuit: 'gf180mcu_fd_sc_mcu7t5v0__aoi21_4'
Circuit gf180mcu_fd_sc_mcu7t5v0__aoi21_4 contains 12 device instances.
  Class: pfet_06v0             instances:   3
  Class: nfet_06v0             instances:   9
Circuit contains 13 nets.
Contents of circuit 2:  Circuit: 'gf180mcu_fd_sc_mcu7t5v0__aoi21_4'
Circuit gf180mcu_fd_sc_mcu7t5v0__aoi21_4 contains 24 device instances.
  Class: pfet_06v0             instances:  12
  Class: nfet_06v0             instances:  12
Circuit contains 13 nets.

Circuit was modified by parallel/series device merging.
New circuit summary:

Contents of circuit 1:  Circuit: 'gf180mcu_fd_sc_mcu7t5v0__aoi21_4'
Circuit gf180mcu_fd_sc_mcu7t5v0__aoi21_4 contains 12 device instances.
  Class: pfet_06v0             instances:   3
  Class: nfet_06v0             instances:   9
Circuit contains 13 nets.
Contents of circuit 2:  Circuit: 'gf180mcu_fd_sc_mcu7t5v0__aoi21_4'
Circuit gf180mcu_fd_sc_mcu7t5v0__aoi21_4 contains 12 device instances.
  Class: pfet_06v0             instances:   3
  Class: nfet_06v0             instances:   9
Circuit contains 13 nets.

Circuit 1 contains 12 devices, Circuit 2 contains 12 devices.
Circuit 1 contains 13 nets,    Circuit 2 contains 13 nets.


Contents of circuit 1:  Circuit: 'gf180mcu_fd_sc_mcu7t5v0__inv_2'
Circuit gf180mcu_fd_sc_mcu7t5v0__inv_2 contains 2 device instances.
  Class: pfet_06v0             instances:   1
  Class: nfet_06v0             instances:   1
Circuit contains 6 nets.
Contents of circuit 2:  Circuit: 'gf180mcu_fd_sc_mcu7t5v0__inv_2'
Circuit gf180mcu_fd_sc_mcu7t5v0__inv_2 contains 4 device instances.
  Class: pfet_06v0             instances:   2
  Class: nfet_06v0             instances:   2
Circuit contains 6 nets.

Circuit was modified by parallel/series device merging.
New circuit summary:

Contents of circuit 1:  Circuit: 'gf180mcu_fd_sc_mcu7t5v0__inv_2'
Circuit gf180mcu_fd_sc_mcu7t5v0__inv_2 contains 2 device instances.
  Class: pfet_06v0             instances:   1
  Class: nfet_06v0             instances:   1
Circuit contains 6 nets.
Contents of circuit 2:  Circuit: 'gf180mcu_fd_sc_mcu7t5v0__inv_2'
Circuit gf180mcu_fd_sc_mcu7t5v0__inv_2 contains 2 device instances.
  Class: pfet_06v0             instances:   1
  Class: nfet_06v0             instances:   1
Circuit contains 6 nets.

Circuit 1 contains 2 devices, Circuit 2 contains 2 devices.
Circuit 1 contains 6 nets,    Circuit 2 contains 6 nets.


Contents of circuit 1:  Circuit: 'gf180mcu_fd_sc_mcu7t5v0__dffq_2'
Circuit gf180mcu_fd_sc_mcu7t5v0__dffq_2 contains 24 device instances.
  Class: pfet_06v0             instances:  12
  Class: nfet_06v0             instances:  12
Circuit contains 19 nets.
Contents of circuit 2:  Circuit: 'gf180mcu_fd_sc_mcu7t5v0__dffq_2'
Circuit gf180mcu_fd_sc_mcu7t5v0__dffq_2 contains 26 device instances.
  Class: pfet_06v0             instances:  13
  Class: nfet_06v0             instances:  13
Circuit contains 19 nets.

Circuit was modified by parallel/series device merging.
New circuit summary:

Contents of circuit 1:  Circuit: 'gf180mcu_fd_sc_mcu7t5v0__dffq_2'
Circuit gf180mcu_fd_sc_mcu7t5v0__dffq_2 contains 24 device instances.
  Class: pfet_06v0             instances:  12
  Class: nfet_06v0             instances:  12
Circuit contains 19 nets.
Contents of circuit 2:  Circuit: 'gf180mcu_fd_sc_mcu7t5v0__dffq_2'
Circuit gf180mcu_fd_sc_mcu7t5v0__dffq_2 contains 24 device instances.
  Class: pfet_06v0             instances:  12
  Class: nfet_06v0             instances:  12
Circuit contains 19 nets.

Circuit 1 contains 24 devices, Circuit 2 contains 24 devices.
Circuit 1 contains 19 nets,    Circuit 2 contains 19 nets.


Contents of circuit 1:  Circuit: 'gf180mcu_fd_sc_mcu7t5v0__buf_3'
Circuit gf180mcu_fd_sc_mcu7t5v0__buf_3 contains 4 device instances.
  Class: pfet_06v0             instances:   2
  Class: nfet_06v0             instances:   2
Circuit contains 7 nets.
Contents of circuit 2:  Circuit: 'gf180mcu_fd_sc_mcu7t5v0__buf_3'
Circuit gf180mcu_fd_sc_mcu7t5v0__buf_3 contains 8 device instances.
  Class: pfet_06v0             instances:   4
  Class: nfet_06v0             instances:   4
Circuit contains 7 nets.

Circuit was modified by parallel/series device merging.
New circuit summary:

Contents of circuit 1:  Circuit: 'gf180mcu_fd_sc_mcu7t5v0__buf_3'
Circuit gf180mcu_fd_sc_mcu7t5v0__buf_3 contains 4 device instances.
  Class: pfet_06v0             instances:   2
  Class: nfet_06v0             instances:   2
Circuit contains 7 nets.
Contents of circuit 2:  Circuit: 'gf180mcu_fd_sc_mcu7t5v0__buf_3'
Circuit gf180mcu_fd_sc_mcu7t5v0__buf_3 contains 4 device instances.
  Class: pfet_06v0             instances:   2
  Class: nfet_06v0             instances:   2
Circuit contains 7 nets.

Circuit 1 contains 4 devices, Circuit 2 contains 4 devices.
Circuit 1 contains 7 nets,    Circuit 2 contains 7 nets.


Contents of circuit 1:  Circuit: 'gf180mcu_fd_sc_mcu7t5v0__clkbuf_4'
Circuit gf180mcu_fd_sc_mcu7t5v0__clkbuf_4 contains 4 device instances.
  Class: pfet_06v0             instances:   2
  Class: nfet_06v0             instances:   2
Circuit contains 7 nets.
Contents of circuit 2:  Circuit: 'gf180mcu_fd_sc_mcu7t5v0__clkbuf_4'
Circuit gf180mcu_fd_sc_mcu7t5v0__clkbuf_4 contains 11 device instances.
  Class: pfet_06v0             instances:   6
  Class: nfet_06v0             instances:   5
Circuit contains 7 nets.

Circuit was modified by parallel/series device merging.
New circuit summary:

Contents of circuit 1:  Circuit: 'gf180mcu_fd_sc_mcu7t5v0__clkbuf_4'
Circuit gf180mcu_fd_sc_mcu7t5v0__clkbuf_4 contains 4 device instances.
  Class: pfet_06v0             instances:   2
  Class: nfet_06v0             instances:   2
Circuit contains 7 nets.
Contents of circuit 2:  Circuit: 'gf180mcu_fd_sc_mcu7t5v0__clkbuf_4'
Circuit gf180mcu_fd_sc_mcu7t5v0__clkbuf_4 contains 4 device instances.
  Class: pfet_06v0             instances:   2
  Class: nfet_06v0             instances:   2
Circuit contains 7 nets.

Circuit 1 contains 4 devices, Circuit 2 contains 4 devices.
Circuit 1 contains 7 nets,    Circuit 2 contains 7 nets.


Contents of circuit 1:  Circuit: 'gf180mcu_fd_sc_mcu7t5v0__nor4_4'
Circuit gf180mcu_fd_sc_mcu7t5v0__nor4_4 contains 20 device instances.
  Class: pfet_06v0             instances:  16
  Class: nfet_06v0             instances:   4
Circuit contains 19 nets.
Contents of circuit 2:  Circuit: 'gf180mcu_fd_sc_mcu7t5v0__nor4_4'
Circuit gf180mcu_fd_sc_mcu7t5v0__nor4_4 contains 32 device instances.
  Class: pfet_06v0             instances:  16
  Class: nfet_06v0             instances:  16
Circuit contains 19 nets.

Circuit was modified by parallel/series device merging.
New circuit summary:

Contents of circuit 1:  Circuit: 'gf180mcu_fd_sc_mcu7t5v0__nor4_4'
Circuit gf180mcu_fd_sc_mcu7t5v0__nor4_4 contains 20 device instances.
  Class: pfet_06v0             instances:  16
  Class: nfet_06v0             instances:   4
Circuit contains 19 nets.
Contents of circuit 2:  Circuit: 'gf180mcu_fd_sc_mcu7t5v0__nor4_4'
Circuit gf180mcu_fd_sc_mcu7t5v0__nor4_4 contains 20 device instances.
  Class: pfet_06v0             instances:  16
  Class: nfet_06v0             instances:   4
Circuit contains 19 nets.

Circuit 1 contains 20 devices, Circuit 2 contains 20 devices.
Circuit 1 contains 19 nets,    Circuit 2 contains 19 nets.


Contents of circuit 1:  Circuit: 'gf180mcu_fd_sc_mcu7t5v0__clkbuf_8'
Circuit gf180mcu_fd_sc_mcu7t5v0__clkbuf_8 contains 4 device instances.
  Class: pfet_06v0             instances:   2
  Class: nfet_06v0             instances:   2
Circuit contains 7 nets.
Contents of circuit 2:  Circuit: 'gf180mcu_fd_sc_mcu7t5v0__clkbuf_8'
Circuit gf180mcu_fd_sc_mcu7t5v0__clkbuf_8 contains 23 device instances.
  Class: pfet_06v0             instances:  12
  Class: nfet_06v0             instances:  11
Circuit contains 7 nets.

Circuit was modified by parallel/series device merging.
New circuit summary:

Contents of circuit 1:  Circuit: 'gf180mcu_fd_sc_mcu7t5v0__clkbuf_8'
Circuit gf180mcu_fd_sc_mcu7t5v0__clkbuf_8 contains 4 device instances.
  Class: pfet_06v0             instances:   2
  Class: nfet_06v0             instances:   2
Circuit contains 7 nets.
Contents of circuit 2:  Circuit: 'gf180mcu_fd_sc_mcu7t5v0__clkbuf_8'
Circuit gf180mcu_fd_sc_mcu7t5v0__clkbuf_8 contains 4 device instances.
  Class: pfet_06v0             instances:   2
  Class: nfet_06v0             instances:   2
Circuit contains 7 nets.

Circuit 1 contains 4 devices, Circuit 2 contains 4 devices.
Circuit 1 contains 7 nets,    Circuit 2 contains 7 nets.


Contents of circuit 1:  Circuit: 'gf180mcu_fd_sc_mcu7t5v0__or2_2'
Circuit gf180mcu_fd_sc_mcu7t5v0__or2_2 contains 6 device instances.
  Class: pfet_06v0             instances:   3
  Class: nfet_06v0             instances:   3
Circuit contains 9 nets.
Contents of circuit 2:  Circuit: 'gf180mcu_fd_sc_mcu7t5v0__or2_2'
Circuit gf180mcu_fd_sc_mcu7t5v0__or2_2 contains 8 device instances.
  Class: pfet_06v0             instances:   4
  Class: nfet_06v0             instances:   4
Circuit contains 9 nets.

Circuit was modified by parallel/series device merging.
New circuit summary:

Contents of circuit 1:  Circuit: 'gf180mcu_fd_sc_mcu7t5v0__or2_2'
Circuit gf180mcu_fd_sc_mcu7t5v0__or2_2 contains 6 device instances.
  Class: pfet_06v0             instances:   3
  Class: nfet_06v0             instances:   3
Circuit contains 9 nets.
Contents of circuit 2:  Circuit: 'gf180mcu_fd_sc_mcu7t5v0__or2_2'
Circuit gf180mcu_fd_sc_mcu7t5v0__or2_2 contains 6 device instances.
  Class: pfet_06v0             instances:   3
  Class: nfet_06v0             instances:   3
Circuit contains 9 nets.

Circuit 1 contains 6 devices, Circuit 2 contains 6 devices.
Circuit 1 contains 9 nets,    Circuit 2 contains 9 nets.


Contents of circuit 1:  Circuit: 'gf180mcu_fd_sc_mcu7t5v0__clkinv_2'
Circuit gf180mcu_fd_sc_mcu7t5v0__clkinv_2 contains 2 device instances.
  Class: pfet_06v0             instances:   1
  Class: nfet_06v0             instances:   1
Circuit contains 6 nets.
Contents of circuit 2:  Circuit: 'gf180mcu_fd_sc_mcu7t5v0__clkinv_2'
Circuit gf180mcu_fd_sc_mcu7t5v0__clkinv_2 contains 4 device instances.
  Class: pfet_06v0             instances:   2
  Class: nfet_06v0             instances:   2
Circuit contains 6 nets.

Circuit was modified by parallel/series device merging.
New circuit summary:

Contents of circuit 1:  Circuit: 'gf180mcu_fd_sc_mcu7t5v0__clkinv_2'
Circuit gf180mcu_fd_sc_mcu7t5v0__clkinv_2 contains 2 device instances.
  Class: pfet_06v0             instances:   1
  Class: nfet_06v0             instances:   1
Circuit contains 6 nets.
Contents of circuit 2:  Circuit: 'gf180mcu_fd_sc_mcu7t5v0__clkinv_2'
Circuit gf180mcu_fd_sc_mcu7t5v0__clkinv_2 contains 2 device instances.
  Class: pfet_06v0             instances:   1
  Class: nfet_06v0             instances:   1
Circuit contains 6 nets.

Circuit 1 contains 2 devices, Circuit 2 contains 2 devices.
Circuit 1 contains 6 nets,    Circuit 2 contains 6 nets.


Contents of circuit 1:  Circuit: 'gf180mcu_fd_sc_mcu7t5v0__clkinv_1'
Circuit gf180mcu_fd_sc_mcu7t5v0__clkinv_1 contains 2 device instances.
  Class: pfet_06v0             instances:   1
  Class: nfet_06v0             instances:   1
Circuit contains 6 nets.
Contents of circuit 2:  Circuit: 'gf180mcu_fd_sc_mcu7t5v0__clkinv_1'
Circuit gf180mcu_fd_sc_mcu7t5v0__clkinv_1 contains 2 device instances.
  Class: pfet_06v0             instances:   1
  Class: nfet_06v0             instances:   1
Circuit contains 6 nets.

Circuit 1 contains 2 devices, Circuit 2 contains 2 devices.
Circuit 1 contains 6 nets,    Circuit 2 contains 6 nets.


Contents of circuit 1:  Circuit: 'gf180mcu_fd_sc_mcu7t5v0__nand4_4'
Circuit gf180mcu_fd_sc_mcu7t5v0__nand4_4 contains 20 device instances.
  Class: pfet_06v0             instances:   4
  Class: nfet_06v0             instances:  16
Circuit contains 19 nets.
Contents of circuit 2:  Circuit: 'gf180mcu_fd_sc_mcu7t5v0__nand4_4'
Circuit gf180mcu_fd_sc_mcu7t5v0__nand4_4 contains 32 device instances.
  Class: pfet_06v0             instances:  16
  Class: nfet_06v0             instances:  16
Circuit contains 19 nets.

Circuit was modified by parallel/series device merging.
New circuit summary:

Contents of circuit 1:  Circuit: 'gf180mcu_fd_sc_mcu7t5v0__nand4_4'
Circuit gf180mcu_fd_sc_mcu7t5v0__nand4_4 contains 20 device instances.
  Class: pfet_06v0             instances:   4
  Class: nfet_06v0             instances:  16
Circuit contains 19 nets.
Contents of circuit 2:  Circuit: 'gf180mcu_fd_sc_mcu7t5v0__nand4_4'
Circuit gf180mcu_fd_sc_mcu7t5v0__nand4_4 contains 20 device instances.
  Class: pfet_06v0             instances:   4
  Class: nfet_06v0             instances:  16
Circuit contains 19 nets.

Circuit 1 contains 20 devices, Circuit 2 contains 20 devices.
Circuit 1 contains 19 nets,    Circuit 2 contains 19 nets.


Contents of circuit 1:  Circuit: 'gf180mcu_fd_sc_mcu7t5v0__buf_16'
Circuit gf180mcu_fd_sc_mcu7t5v0__buf_16 contains 4 device instances.
  Class: pfet_06v0             instances:   2
  Class: nfet_06v0             instances:   2
Circuit contains 7 nets.
Contents of circuit 2:  Circuit: 'gf180mcu_fd_sc_mcu7t5v0__buf_16'
Circuit gf180mcu_fd_sc_mcu7t5v0__buf_16 contains 48 device instances.
  Class: pfet_06v0             instances:  24
  Class: nfet_06v0             instances:  24
Circuit contains 7 nets.

Circuit was modified by parallel/series device merging.
New circuit summary:

Contents of circuit 1:  Circuit: 'gf180mcu_fd_sc_mcu7t5v0__buf_16'
Circuit gf180mcu_fd_sc_mcu7t5v0__buf_16 contains 4 device instances.
  Class: pfet_06v0             instances:   2
  Class: nfet_06v0             instances:   2
Circuit contains 7 nets.
Contents of circuit 2:  Circuit: 'gf180mcu_fd_sc_mcu7t5v0__buf_16'
Circuit gf180mcu_fd_sc_mcu7t5v0__buf_16 contains 4 device instances.
  Class: pfet_06v0             instances:   2
  Class: nfet_06v0             instances:   2
Circuit contains 7 nets.

Circuit 1 contains 4 devices, Circuit 2 contains 4 devices.
Circuit 1 contains 7 nets,    Circuit 2 contains 7 nets.


Contents of circuit 1:  Circuit: 'user_proj_example'
Circuit user_proj_example contains 63718 device instances.
  Class: gf180mcu_fd_sc_mcu7t5v0__nand3_1 instances:   2
  Class: gf180mcu_fd_sc_mcu7t5v0__dffq_1 instances:   5
  Class: gf180mcu_fd_sc_mcu7t5v0__dffq_2 instances:   8
  Class: gf180mcu_fd_sc_mcu7t5v0__dffq_4 instances:  20
  Class: gf180mcu_fd_sc_mcu7t5v0__oai221_1 instances:   1
  Class: gf180mcu_fd_sc_mcu7t5v0__aoi222_1 instances:  11
  Class: gf180mcu_fd_sc_mcu7t5v0__aoi222_2 instances:   2
  Class: gf180mcu_fd_sc_mcu7t5v0__dlyb_1 instances:  50
  Class: gf180mcu_fd_sc_mcu7t5v0__buf_16 instances:   1
  Class: gf180mcu_fd_sc_mcu7t5v0__and3_1 instances:   1
  Class: gf180mcu_fd_sc_mcu7t5v0__nand2_1 instances:   4
  Class: gf180mcu_fd_sc_mcu7t5v0__nand2_2 instances:   3
  Class: gf180mcu_fd_sc_mcu7t5v0__nand2_4 instances:   1
  Class: gf180mcu_fd_sc_mcu7t5v0__aoi22_1 instances:   4
  Class: gf180mcu_fd_sc_mcu7t5v0__clkbuf_1 instances:  42
  Class: gf180mcu_fd_sc_mcu7t5v0__clkbuf_2 instances:  13
  Class: gf180mcu_fd_sc_mcu7t5v0__mux2_2 instances:  11
  Class: gf180mcu_fd_sc_mcu7t5v0__clkbuf_3 instances:  16
  Class: gf180mcu_fd_sc_mcu7t5v0__clkbuf_4 instances:   2
  Class: gf180mcu_fd_sc_mcu7t5v0__clkbuf_8 instances:   3
  Class: gf180mcu_fd_sc_mcu7t5v0__and2_1 instances:   3
  Class: gf180mcu_fd_sc_mcu7t5v0__and2_4 instances:   1
  Class: gf180mcu_fd_sc_mcu7t5v0__nor4_1 instances:   3
  Class: gf180mcu_fd_sc_mcu7t5v0__nor4_4 instances:   1
  Class: gf180mcu_fd_sc_mcu7t5v0__clkinv_1 instances:   1
  Class: gf180mcu_fd_sc_mcu7t5v0__clkinv_2 instances:   5
  Class: gf180mcu_fd_sc_mcu7t5v0__buf_1 instances:  23
  Class: gf180mcu_fd_sc_mcu7t5v0__buf_2 instances:  27
  Class: gf180mcu_fd_sc_mcu7t5v0__buf_3 instances:  12
  Class: gf180mcu_fd_sc_mcu7t5v0__buf_4 instances:  28
  Class: gf180mcu_fd_sc_mcu7t5v0__buf_8 instances:  68
  Class: gf180mcu_fd_sc_mcu7t5v0__clkbuf_12 instances:   3
  Class: gf180mcu_fd_sc_mcu7t5v0__clkbuf_16 instances:   5
  Class: gf180mcu_fd_sc_mcu7t5v0__aoi21_1 instances:  12
  Class: gf180mcu_fd_sc_mcu7t5v0__aoi21_2 instances:  10
  Class: gf180mcu_fd_sc_mcu7t5v0__aoi21_4 instances:   6
  Class: gf180mcu_fd_sc_mcu7t5v0__tiel instances:  67
  Class: gf180mcu_fd_sc_mcu7t5v0__inv_2 instances:   1
  Class: gf180mcu_fd_sc_mcu7t5v0__oai21_1 instances:   3
  Class: gf180mcu_fd_sc_mcu7t5v0__fillcap_4 instances: 31119
  Class: gf180mcu_fd_sc_mcu7t5v0__fillcap_8 instances: 171
  Class: gf180mcu_fd_sc_mcu7t5v0__fillcap_64 instances: 30713
  Class: gf180mcu_fd_sc_mcu7t5v0__fillcap_16 instances: 112
  Class: gf180mcu_fd_sc_mcu7t5v0__xnor2_1 instances:   4
  Class: gf180mcu_fd_sc_mcu7t5v0__nor2_1 instances:  28
  Class: gf180mcu_fd_sc_mcu7t5v0__nor2_2 instances:   1
  Class: gf180mcu_fd_sc_mcu7t5v0__antenna instances: 413
  Class: gf180mcu_fd_sc_mcu7t5v0__nand4_2 instances:   2
  Class: gf180mcu_fd_sc_mcu7t5v0__nand4_4 instances:   1
  Class: gf180mcu_fd_sc_mcu7t5v0__or2_2 instances:   1
  Class: gf180mcu_fd_sc_mcu7t5v0__fillcap_32 instances: 633
  Class: gf180mcu_fd_sc_mcu7t5v0__dlyc_1 instances:  34
  Class: gf180mcu_fd_sc_mcu7t5v0__xor2_1 instances:   6
  Class: gf180mcu_fd_sc_mcu7t5v0__and4_2 instances:   1
Circuit contains 618 nets, and 158 disconnected pins.
Contents of circuit 2:  Circuit: 'user_proj_example'
Circuit user_proj_example contains 63718 device instances.
  Class: gf180mcu_fd_sc_mcu7t5v0__nand3_1 instances:   2
  Class: gf180mcu_fd_sc_mcu7t5v0__dffq_1 instances:   5
  Class: gf180mcu_fd_sc_mcu7t5v0__dffq_2 instances:   8
  Class: gf180mcu_fd_sc_mcu7t5v0__dffq_4 instances:  20
  Class: gf180mcu_fd_sc_mcu7t5v0__oai221_1 instances:   1
  Class: gf180mcu_fd_sc_mcu7t5v0__aoi222_1 instances:  11
  Class: gf180mcu_fd_sc_mcu7t5v0__aoi222_2 instances:   2
  Class: gf180mcu_fd_sc_mcu7t5v0__dlyb_1 instances:  50
  Class: gf180mcu_fd_sc_mcu7t5v0__buf_16 instances:   1
  Class: gf180mcu_fd_sc_mcu7t5v0__and3_1 instances:   1
  Class: gf180mcu_fd_sc_mcu7t5v0__nand2_1 instances:   4
  Class: gf180mcu_fd_sc_mcu7t5v0__nand2_2 instances:   3
  Class: gf180mcu_fd_sc_mcu7t5v0__nand2_4 instances:   1
  Class: gf180mcu_fd_sc_mcu7t5v0__aoi22_1 instances:   4
  Class: gf180mcu_fd_sc_mcu7t5v0__clkbuf_1 instances:  42
  Class: gf180mcu_fd_sc_mcu7t5v0__clkbuf_2 instances:  13
  Class: gf180mcu_fd_sc_mcu7t5v0__mux2_2 instances:  11
  Class: gf180mcu_fd_sc_mcu7t5v0__clkbuf_3 instances:  16
  Class: gf180mcu_fd_sc_mcu7t5v0__clkbuf_4 instances:   2
  Class: gf180mcu_fd_sc_mcu7t5v0__clkbuf_8 instances:   3
  Class: gf180mcu_fd_sc_mcu7t5v0__and2_1 instances:   3
  Class: gf180mcu_fd_sc_mcu7t5v0__and2_4 instances:   1
  Class: gf180mcu_fd_sc_mcu7t5v0__nor4_1 instances:   3
  Class: gf180mcu_fd_sc_mcu7t5v0__nor4_4 instances:   1
  Class: gf180mcu_fd_sc_mcu7t5v0__clkinv_1 instances:   1
  Class: gf180mcu_fd_sc_mcu7t5v0__clkinv_2 instances:   5
  Class: gf180mcu_fd_sc_mcu7t5v0__buf_1 instances:  23
  Class: gf180mcu_fd_sc_mcu7t5v0__buf_2 instances:  27
  Class: gf180mcu_fd_sc_mcu7t5v0__buf_3 instances:  12
  Class: gf180mcu_fd_sc_mcu7t5v0__buf_4 instances:  28
  Class: gf180mcu_fd_sc_mcu7t5v0__buf_8 instances:  68
  Class: gf180mcu_fd_sc_mcu7t5v0__clkbuf_12 instances:   3
  Class: gf180mcu_fd_sc_mcu7t5v0__clkbuf_16 instances:   5
  Class: gf180mcu_fd_sc_mcu7t5v0__aoi21_1 instances:  12
  Class: gf180mcu_fd_sc_mcu7t5v0__aoi21_2 instances:  10
  Class: gf180mcu_fd_sc_mcu7t5v0__aoi21_4 instances:   6
  Class: gf180mcu_fd_sc_mcu7t5v0__tiel instances:  67
  Class: gf180mcu_fd_sc_mcu7t5v0__inv_2 instances:   1
  Class: gf180mcu_fd_sc_mcu7t5v0__oai21_1 instances:   3
  Class: gf180mcu_fd_sc_mcu7t5v0__fillcap_4 instances: 31119
  Class: gf180mcu_fd_sc_mcu7t5v0__fillcap_8 instances: 171
  Class: gf180mcu_fd_sc_mcu7t5v0__fillcap_64 instances: 30713
  Class: gf180mcu_fd_sc_mcu7t5v0__fillcap_16 instances: 112
  Class: gf180mcu_fd_sc_mcu7t5v0__xnor2_1 instances:   4
  Class: gf180mcu_fd_sc_mcu7t5v0__nor2_1 instances:  28
  Class: gf180mcu_fd_sc_mcu7t5v0__nor2_2 instances:   1
  Class: gf180mcu_fd_sc_mcu7t5v0__antenna instances: 413
  Class: gf180mcu_fd_sc_mcu7t5v0__nand4_2 instances:   2
  Class: gf180mcu_fd_sc_mcu7t5v0__nand4_4 instances:   1
  Class: gf180mcu_fd_sc_mcu7t5v0__or2_2 instances:   1
  Class: gf180mcu_fd_sc_mcu7t5v0__fillcap_32 instances: 633
  Class: gf180mcu_fd_sc_mcu7t5v0__dlyc_1 instances:  34
  Class: gf180mcu_fd_sc_mcu7t5v0__xor2_1 instances:   6
  Class: gf180mcu_fd_sc_mcu7t5v0__and4_2 instances:   1
Circuit contains 618 nets, and 158 disconnected pins.

Circuit was modified by parallel/series device merging.
New circuit summary:

Contents of circuit 1:  Circuit: 'user_proj_example'
Circuit user_proj_example contains 784 device instances.
  Class: gf180mcu_fd_sc_mcu7t5v0__nand3_1 instances:   2
  Class: gf180mcu_fd_sc_mcu7t5v0__dffq_1 instances:   5
  Class: gf180mcu_fd_sc_mcu7t5v0__dffq_2 instances:   8
  Class: gf180mcu_fd_sc_mcu7t5v0__dffq_4 instances:  20
  Class: gf180mcu_fd_sc_mcu7t5v0__oai221_1 instances:   1
  Class: gf180mcu_fd_sc_mcu7t5v0__aoi222_1 instances:  11
  Class: gf180mcu_fd_sc_mcu7t5v0__aoi222_2 instances:   2
  Class: gf180mcu_fd_sc_mcu7t5v0__dlyb_1 instances:  50
  Class: gf180mcu_fd_sc_mcu7t5v0__buf_16 instances:   1
  Class: gf180mcu_fd_sc_mcu7t5v0__and3_1 instances:   1
  Class: gf180mcu_fd_sc_mcu7t5v0__nand2_1 instances:   4
  Class: gf180mcu_fd_sc_mcu7t5v0__nand2_2 instances:   3
  Class: gf180mcu_fd_sc_mcu7t5v0__nand2_4 instances:   1
  Class: gf180mcu_fd_sc_mcu7t5v0__aoi22_1 instances:   4
  Class: gf180mcu_fd_sc_mcu7t5v0__clkbuf_1 instances:  42
  Class: gf180mcu_fd_sc_mcu7t5v0__clkbuf_2 instances:  13
  Class: gf180mcu_fd_sc_mcu7t5v0__mux2_2 instances:  11
  Class: gf180mcu_fd_sc_mcu7t5v0__clkbuf_3 instances:  16
  Class: gf180mcu_fd_sc_mcu7t5v0__clkbuf_4 instances:   2
  Class: gf180mcu_fd_sc_mcu7t5v0__clkbuf_8 instances:   3
  Class: gf180mcu_fd_sc_mcu7t5v0__and2_1 instances:   3
  Class: gf180mcu_fd_sc_mcu7t5v0__and2_4 instances:   1
  Class: gf180mcu_fd_sc_mcu7t5v0__nor4_1 instances:   3
  Class: gf180mcu_fd_sc_mcu7t5v0__nor4_4 instances:   1
  Class: gf180mcu_fd_sc_mcu7t5v0__clkinv_1 instances:   1
  Class: gf180mcu_fd_sc_mcu7t5v0__clkinv_2 instances:   5
  Class: gf180mcu_fd_sc_mcu7t5v0__buf_1 instances:  23
  Class: gf180mcu_fd_sc_mcu7t5v0__buf_2 instances:  27
  Class: gf180mcu_fd_sc_mcu7t5v0__buf_3 instances:  12
  Class: gf180mcu_fd_sc_mcu7t5v0__buf_4 instances:  28
  Class: gf180mcu_fd_sc_mcu7t5v0__buf_8 instances:  68
  Class: gf180mcu_fd_sc_mcu7t5v0__clkbuf_12 instances:   3
  Class: gf180mcu_fd_sc_mcu7t5v0__clkbuf_16 instances:   5
  Class: gf180mcu_fd_sc_mcu7t5v0__aoi21_1 instances:  12
  Class: gf180mcu_fd_sc_mcu7t5v0__aoi21_2 instances:  10
  Class: gf180mcu_fd_sc_mcu7t5v0__aoi21_4 instances:   6
  Class: gf180mcu_fd_sc_mcu7t5v0__tiel instances:  67
  Class: gf180mcu_fd_sc_mcu7t5v0__inv_2 instances:   1
  Class: gf180mcu_fd_sc_mcu7t5v0__oai21_1 instances:   3
  Class: gf180mcu_fd_sc_mcu7t5v0__fillcap_4 instances:   1
  Class: gf180mcu_fd_sc_mcu7t5v0__fillcap_8 instances:   1
  Class: gf180mcu_fd_sc_mcu7t5v0__fillcap_64 instances:   1
  Class: gf180mcu_fd_sc_mcu7t5v0__fillcap_16 instances:   1
  Class: gf180mcu_fd_sc_mcu7t5v0__xnor2_1 instances:   4
  Class: gf180mcu_fd_sc_mcu7t5v0__nor2_1 instances:  28
  Class: gf180mcu_fd_sc_mcu7t5v0__nor2_2 instances:   1
  Class: gf180mcu_fd_sc_mcu7t5v0__antenna instances: 222
  Class: gf180mcu_fd_sc_mcu7t5v0__nand4_2 instances:   2
  Class: gf180mcu_fd_sc_mcu7t5v0__nand4_4 instances:   1
  Class: gf180mcu_fd_sc_mcu7t5v0__or2_2 instances:   1
  Class: gf180mcu_fd_sc_mcu7t5v0__fillcap_32 instances:   1
  Class: gf180mcu_fd_sc_mcu7t5v0__dlyc_1 instances:  34
  Class: gf180mcu_fd_sc_mcu7t5v0__xor2_1 instances:   6
  Class: gf180mcu_fd_sc_mcu7t5v0__and4_2 instances:   1
Circuit contains 618 nets, and 158 disconnected pins.
Contents of circuit 2:  Circuit: 'user_proj_example'
Circuit user_proj_example contains 784 device instances.
  Class: gf180mcu_fd_sc_mcu7t5v0__nand3_1 instances:   2
  Class: gf180mcu_fd_sc_mcu7t5v0__dffq_1 instances:   5
  Class: gf180mcu_fd_sc_mcu7t5v0__dffq_2 instances:   8
  Class: gf180mcu_fd_sc_mcu7t5v0__dffq_4 instances:  20
  Class: gf180mcu_fd_sc_mcu7t5v0__oai221_1 instances:   1
  Class: gf180mcu_fd_sc_mcu7t5v0__aoi222_1 instances:  11
  Class: gf180mcu_fd_sc_mcu7t5v0__aoi222_2 instances:   2
  Class: gf180mcu_fd_sc_mcu7t5v0__dlyb_1 instances:  50
  Class: gf180mcu_fd_sc_mcu7t5v0__buf_16 instances:   1
  Class: gf180mcu_fd_sc_mcu7t5v0__and3_1 instances:   1
  Class: gf180mcu_fd_sc_mcu7t5v0__nand2_1 instances:   4
  Class: gf180mcu_fd_sc_mcu7t5v0__nand2_2 instances:   3
  Class: gf180mcu_fd_sc_mcu7t5v0__nand2_4 instances:   1
  Class: gf180mcu_fd_sc_mcu7t5v0__aoi22_1 instances:   4
  Class: gf180mcu_fd_sc_mcu7t5v0__clkbuf_1 instances:  42
  Class: gf180mcu_fd_sc_mcu7t5v0__clkbuf_2 instances:  13
  Class: gf180mcu_fd_sc_mcu7t5v0__mux2_2 instances:  11
  Class: gf180mcu_fd_sc_mcu7t5v0__clkbuf_3 instances:  16
  Class: gf180mcu_fd_sc_mcu7t5v0__clkbuf_4 instances:   2
  Class: gf180mcu_fd_sc_mcu7t5v0__clkbuf_8 instances:   3
  Class: gf180mcu_fd_sc_mcu7t5v0__and2_1 instances:   3
  Class: gf180mcu_fd_sc_mcu7t5v0__and2_4 instances:   1
  Class: gf180mcu_fd_sc_mcu7t5v0__nor4_1 instances:   3
  Class: gf180mcu_fd_sc_mcu7t5v0__nor4_4 instances:   1
  Class: gf180mcu_fd_sc_mcu7t5v0__clkinv_1 instances:   1
  Class: gf180mcu_fd_sc_mcu7t5v0__clkinv_2 instances:   5
  Class: gf180mcu_fd_sc_mcu7t5v0__buf_1 instances:  23
  Class: gf180mcu_fd_sc_mcu7t5v0__buf_2 instances:  27
  Class: gf180mcu_fd_sc_mcu7t5v0__buf_3 instances:  12
  Class: gf180mcu_fd_sc_mcu7t5v0__buf_4 instances:  28
  Class: gf180mcu_fd_sc_mcu7t5v0__buf_8 instances:  68
  Class: gf180mcu_fd_sc_mcu7t5v0__clkbuf_12 instances:   3
  Class: gf180mcu_fd_sc_mcu7t5v0__clkbuf_16 instances:   5
  Class: gf180mcu_fd_sc_mcu7t5v0__aoi21_1 instances:  12
  Class: gf180mcu_fd_sc_mcu7t5v0__aoi21_2 instances:  10
  Class: gf180mcu_fd_sc_mcu7t5v0__aoi21_4 instances:   6
  Class: gf180mcu_fd_sc_mcu7t5v0__tiel instances:  67
  Class: gf180mcu_fd_sc_mcu7t5v0__inv_2 instances:   1
  Class: gf180mcu_fd_sc_mcu7t5v0__oai21_1 instances:   3
  Class: gf180mcu_fd_sc_mcu7t5v0__fillcap_4 instances:   1
  Class: gf180mcu_fd_sc_mcu7t5v0__fillcap_8 instances:   1
  Class: gf180mcu_fd_sc_mcu7t5v0__fillcap_64 instances:   1
  Class: gf180mcu_fd_sc_mcu7t5v0__fillcap_16 instances:   1
  Class: gf180mcu_fd_sc_mcu7t5v0__xnor2_1 instances:   4
  Class: gf180mcu_fd_sc_mcu7t5v0__nor2_1 instances:  28
  Class: gf180mcu_fd_sc_mcu7t5v0__nor2_2 instances:   1
  Class: gf180mcu_fd_sc_mcu7t5v0__antenna instances: 222
  Class: gf180mcu_fd_sc_mcu7t5v0__nand4_2 instances:   2
  Class: gf180mcu_fd_sc_mcu7t5v0__nand4_4 instances:   1
  Class: gf180mcu_fd_sc_mcu7t5v0__or2_2 instances:   1
  Class: gf180mcu_fd_sc_mcu7t5v0__fillcap_32 instances:   1
  Class: gf180mcu_fd_sc_mcu7t5v0__dlyc_1 instances:  34
  Class: gf180mcu_fd_sc_mcu7t5v0__xor2_1 instances:   6
  Class: gf180mcu_fd_sc_mcu7t5v0__and4_2 instances:   1
Circuit contains 618 nets, and 158 disconnected pins.

Circuit 1 contains 784 devices, Circuit 2 contains 784 devices.
Circuit 1 contains 618 nets,    Circuit 2 contains 618 nets.


Contents of circuit 1:  Circuit: 'user_project_wrapper'
Circuit user_project_wrapper contains 1 device instances.
  Class: user_proj_example     instances:   1
Circuit contains 351 nets, and 67 disconnected pins.
Contents of circuit 2:  Circuit: 'user_project_wrapper'
Circuit user_project_wrapper contains 1 device instances.
  Class: user_proj_example     instances:   1
Circuit contains 351 nets, and 67 disconnected pins.

Circuit 1 contains 1 devices, Circuit 2 contains 1 devices.
Circuit 1 contains 351 nets,    Circuit 2 contains 351 nets.


Final result: 
Circuits match uniquely.
.
Logging to file "/home/mc/encryption_caravel_user_project/precheck_results/04_DEC_2023___07_02_38/tmp/lvs.report" disabled
LVS Done.
END: Mon 04 Dec 2023 08:05:21 AM UTC
Runtime: 0:00:12 (hh:mm:ss)
