2023-12-04 16:13:29 +0000: Memory Usage (623028K) : Starting running GF180MCU Klayout DRC runset on /home/mc/encryption_caravel_user_project/gds/user_project_wrapper.gds
2023-12-04 16:13:29 +0000: Memory Usage (623028K) : Ruby Version for klayout: 3.0.2
2023-12-04 16:13:30 +0000: Memory Usage (696616K) : Loading database to memory is complete.
2023-12-04 16:13:30 +0000: Memory Usage (696616K) : GF180MCU Klayout DRC runset output at: /home/mc/encryption_caravel_user_project/precheck_results/04_DEC_2023___16_11_48/outputs/reports/klayout_feol_check.xml
2023-12-04 16:13:30 +0000: Memory Usage (696616K) : Evaluate switches.
2023-12-04 16:13:30 +0000: Memory Usage (696616K) : table_name selected  main
2023-12-04 16:13:30 +0000: Memory Usage (696616K) : CONNECTIVITY_RULES enabled: true
2023-12-04 16:13:30 +0000: Memory Usage (696616K) : Wedge enabled: false
2023-12-04 16:13:30 +0000: Memory Usage (696616K) : Ball enabled: false
2023-12-04 16:13:30 +0000: Memory Usage (696616K) : Gold enabled: false
2023-12-04 16:13:30 +0000: Memory Usage (696616K) : MIM Option selected: B
2023-12-04 16:13:30 +0000: Memory Usage (696616K) : Offgrid enabled:  false
2023-12-04 16:13:30 +0000: Memory Usage (696616K) : Number of threads to use 2
2023-12-04 16:13:30 +0000: Memory Usage (696616K) : Verbose mode: 
2023-12-04 16:13:30 +0000: Memory Usage (696616K) : deep  mode is enabled for main table
2023-12-04 16:13:30 +0000: Memory Usage (696616K) : METAL_TOP Selected is 11K
2023-12-04 16:13:30 +0000: Memory Usage (696616K) : METAL_STACK Selected is 5LM
2023-12-04 16:13:30 +0000: Memory Usage (696616K) : FEOL enabled: true
2023-12-04 16:13:30 +0000: Memory Usage (696616K) : BEOL enabled: false
2023-12-04 16:13:30 +0000: Memory Usage (696616K) : SLOW_VIA enabled: false
2023-12-04 16:13:30 +0000: Memory Usage (696616K) : Read in polygons from layers.
2023-12-04 16:13:31 +0000: Memory Usage (701256K) : comp has 1123612 polygons
2023-12-04 16:13:31 +0000: Memory Usage (701256K) : dnwell has 0 polygons
2023-12-04 16:13:31 +0000: Memory Usage (701256K) : nwell has 97541 polygons
2023-12-04 16:13:31 +0000: Memory Usage (701256K) : lvpwell has 97541 polygons
2023-12-04 16:13:31 +0000: Memory Usage (701256K) : dualgate has 97541 polygons
2023-12-04 16:13:31 +0000: Memory Usage (701256K) : poly2 has 1059325 polygons
2023-12-04 16:13:31 +0000: Memory Usage (701256K) : nplus has 97541 polygons
2023-12-04 16:13:31 +0000: Memory Usage (701256K) : pplus has 129811 polygons
2023-12-04 16:13:31 +0000: Memory Usage (701256K) : sab has 0 polygons
2023-12-04 16:13:31 +0000: Memory Usage (701256K) : esd has 0 polygons
2023-12-04 16:13:31 +0000: Memory Usage (701256K) : resistor has 0 polygons
2023-12-04 16:13:31 +0000: Memory Usage (701256K) : fhres has 0 polygons
2023-12-04 16:13:31 +0000: Memory Usage (701256K) : fusetop has 0 polygons
2023-12-04 16:13:31 +0000: Memory Usage (701256K) : fusewindow_d has 0 polygons
2023-12-04 16:13:31 +0000: Memory Usage (701256K) : polyfuse has 0 polygons
2023-12-04 16:13:31 +0000: Memory Usage (701256K) : mvsd has 0 polygons
2023-12-04 16:13:31 +0000: Memory Usage (701256K) : mvpsd has 0 polygons
2023-12-04 16:13:31 +0000: Memory Usage (701256K) : nat has 0 polygons
2023-12-04 16:13:31 +0000: Memory Usage (701256K) : comp_dummy has 0 polygons
2023-12-04 16:13:31 +0000: Memory Usage (701256K) : poly2_dummy has 0 polygons
2023-12-04 16:13:31 +0000: Memory Usage (701256K) : schottky_diode has 0 polygons
2023-12-04 16:13:31 +0000: Memory Usage (701256K) : zener has 0 polygons
2023-12-04 16:13:31 +0000: Memory Usage (701256K) : res_mk has 0 polygons
2023-12-04 16:13:31 +0000: Memory Usage (701256K) : opc_drc has 0 polygons
2023-12-04 16:13:31 +0000: Memory Usage (701256K) : v5_xtor has 97541 polygons
2023-12-04 16:13:31 +0000: Memory Usage (701256K) : cap_mk has 0 polygons
2023-12-04 16:13:31 +0000: Memory Usage (701256K) : mos_cap_mk has 0 polygons
2023-12-04 16:13:31 +0000: Memory Usage (701256K) : ind_mk has 0 polygons
2023-12-04 16:13:32 +0000: Memory Usage (701256K) : diode_mk has 413 polygons
2023-12-04 16:13:32 +0000: Memory Usage (701256K) : drc_bjt has 0 polygons
2023-12-04 16:13:32 +0000: Memory Usage (701256K) : lvs_bjt has 0 polygons
2023-12-04 16:13:32 +0000: Memory Usage (701256K) : mim_l_mk has 0 polygons
2023-12-04 16:13:32 +0000: Memory Usage (701256K) : latchup_mk has 0 polygons
2023-12-04 16:13:32 +0000: Memory Usage (701256K) : guard_ring_mk has 0 polygons
2023-12-04 16:13:32 +0000: Memory Usage (701256K) : otp_mk has 0 polygons
2023-12-04 16:13:32 +0000: Memory Usage (701256K) : mtpmark has 0 polygons
2023-12-04 16:13:32 +0000: Memory Usage (701256K) : neo_ee_mk has 0 polygons
2023-12-04 16:13:32 +0000: Memory Usage (701256K) : sramcore has 0 polygons
2023-12-04 16:13:32 +0000: Memory Usage (701256K) : lvs_rf has 0 polygons
2023-12-04 16:13:32 +0000: Memory Usage (701256K) : lvs_drain has 0 polygons
2023-12-04 16:13:32 +0000: Memory Usage (701256K) : ind_mk has 0 polygons
2023-12-04 16:13:32 +0000: Memory Usage (701256K) : hvpolyrs has 0 polygons
2023-12-04 16:13:32 +0000: Memory Usage (701256K) : lvs_io has 0 polygons
2023-12-04 16:13:32 +0000: Memory Usage (701256K) : probe_mk has 0 polygons
2023-12-04 16:13:32 +0000: Memory Usage (701256K) : esd_mk has 0 polygons
2023-12-04 16:13:32 +0000: Memory Usage (701256K) : lvs_source has 0 polygons
2023-12-04 16:13:32 +0000: Memory Usage (701256K) : well_diode_mk has 0 polygons
2023-12-04 16:13:32 +0000: Memory Usage (701256K) : ldmos_xtor has 0 polygons
2023-12-04 16:13:32 +0000: Memory Usage (701256K) : plfuse has 0 polygons
2023-12-04 16:13:32 +0000: Memory Usage (701256K) : efuse_mk has 0 polygons
2023-12-04 16:13:32 +0000: Memory Usage (701256K) : mcell_feol_mk has 0 polygons
2023-12-04 16:13:32 +0000: Memory Usage (701256K) : ymtp_mk has 0 polygons
2023-12-04 16:13:32 +0000: Memory Usage (701256K) : dev_wf_mk has 0 polygons
2023-12-04 16:13:32 +0000: Memory Usage (701256K) : comp_label has 0 polygons
2023-12-04 16:13:32 +0000: Memory Usage (701256K) : poly2_label has 0 polygons
2023-12-04 16:13:32 +0000: Memory Usage (701256K) : mdiode has 0 polygons
2023-12-04 16:13:32 +0000: Memory Usage (701256K) : ndmy has 0 polygons
2023-12-04 16:13:32 +0000: Memory Usage (701256K) : pmndmy has 0 polygons
2023-12-04 16:13:32 +0000: Memory Usage (701256K) : contact has 5459449 polygons
2023-12-04 16:13:32 +0000: Memory Usage (702780K) : metal1_drawn has 2750403 polygons
2023-12-04 16:13:32 +0000: Memory Usage (702780K) : metal1_dummy has 0 polygons
2023-12-04 16:13:32 +0000: Memory Usage (702780K) : metal1_label has 0 polygons
2023-12-04 16:13:32 +0000: Memory Usage (702780K) : metal1_slot has 0 polygons
2023-12-04 16:13:32 +0000: Memory Usage (702780K) : metal1_blk has 0 polygons
2023-12-04 16:13:32 +0000: Memory Usage (702780K) : via1 has 26252 polygons
2023-12-04 16:13:32 +0000: Memory Usage (702780K) : metal2_drawn has 13166 polygons
2023-12-04 16:13:32 +0000: Memory Usage (702780K) : metal2_dummy has 0 polygons
2023-12-04 16:13:32 +0000: Memory Usage (702780K) : metal2_label has 630 polygons
2023-12-04 16:13:32 +0000: Memory Usage (702780K) : metal2_slot has 0 polygons
2023-12-04 16:13:32 +0000: Memory Usage (702780K) : metal2_blk has 0 polygons
2023-12-04 16:13:33 +0000: Memory Usage (702780K) : via2 has 26596 polygons
2023-12-04 16:13:33 +0000: Memory Usage (702780K) : metal3_drawn has 9752 polygons
2023-12-04 16:13:33 +0000: Memory Usage (702780K) : metal3_dummy has 0 polygons
2023-12-04 16:13:33 +0000: Memory Usage (702780K) : metal3_label has 135 polygons
2023-12-04 16:13:33 +0000: Memory Usage (702780K) : metal3_slot has 0 polygons
2023-12-04 16:13:33 +0000: Memory Usage (702780K) : metal3_blk has 0 polygons
2023-12-04 16:13:33 +0000: Memory Usage (702780K) : via3 has 24602 polygons
2023-12-04 16:13:33 +0000: Memory Usage (702780K) : metal4_drawn has 861 polygons
2023-12-04 16:13:33 +0000: Memory Usage (702780K) : metal4_dummy has 0 polygons
2023-12-04 16:13:33 +0000: Memory Usage (702780K) : metal4_label has 84 polygons
2023-12-04 16:13:33 +0000: Memory Usage (702780K) : metal4_slot has 0 polygons
2023-12-04 16:13:33 +0000: Memory Usage (702780K) : metal4_blk has 0 polygons
2023-12-04 16:13:33 +0000: Memory Usage (703048K) : via4 has 30184 polygons
2023-12-04 16:13:33 +0000: Memory Usage (703048K) : metal5_drawn has 78 polygons
2023-12-04 16:13:33 +0000: Memory Usage (703048K) : metal5_dummy has 0 polygons
2023-12-04 16:13:33 +0000: Memory Usage (703048K) : metal5_label has 70 polygons
2023-12-04 16:13:33 +0000: Memory Usage (703048K) : metal5_slot has 0 polygons
2023-12-04 16:13:33 +0000: Memory Usage (703048K) : metal5_blk has 0 polygons
2023-12-04 16:13:33 +0000: Memory Usage (703048K) : pad has 0 polygons
2023-12-04 16:13:33 +0000: Memory Usage (703048K) : ubmpperi has 0 polygons
2023-12-04 16:13:33 +0000: Memory Usage (703048K) : ubmparray has 0 polygons
2023-12-04 16:13:33 +0000: Memory Usage (703048K) : ubmeplate has 0 polygons
2023-12-04 16:13:33 +0000: Memory Usage (703048K) : metal1_res has 0 polygons
2023-12-04 16:13:33 +0000: Memory Usage (703048K) : metal2_res has 0 polygons
2023-12-04 16:13:33 +0000: Memory Usage (703048K) : metal3_res has 0 polygons
2023-12-04 16:13:33 +0000: Memory Usage (703048K) : metal4_res has 0 polygons
2023-12-04 16:13:33 +0000: Memory Usage (703048K) : metal5_res has 0 polygons
2023-12-04 16:13:33 +0000: Memory Usage (703048K) : metal6_res has 0 polygons
2023-12-04 16:13:33 +0000: Memory Usage (704572K) : pr_bndry has 97543 polygons
2023-12-04 16:13:33 +0000: Memory Usage (704572K) : border has 0 polygons
2023-12-04 16:13:33 +0000: Memory Usage (704572K) : Total no. of polygons in the design is 11240671
2023-12-04 16:13:33 +0000: Memory Usage (704572K) : Starting deriving base layers.
2023-12-04 16:13:51 +0000: Memory Usage (1004864K) : Construct connectivity for the design.
2023-12-04 16:13:51 +0000: Memory Usage (1004864K) : Connectivity rules enabled, Netlist object will be generated.
2023-12-04 16:14:20 +0000: Memory Usage (1134384K) : Total area of the design is 8997120.228799999 um^2.
2023-12-04 16:14:20 +0000: Memory Usage (1134384K) : Starting GF180MCU DRC rules.
2023-12-04 16:14:20 +0000: Memory Usage (1134384K) : Running all FEOL rules
2023-12-04 16:14:20 +0000: Memory Usage (1134384K) : Starting 3.3V SRAM derivations
2023-12-04 16:14:20 +0000: Memory Usage (1134384K) : Executing rule S.DF.4c_LV
2023-12-04 16:14:20 +0000: Memory Usage (1134384K) : Executing rule S.DF.16_LV
2023-12-04 16:14:22 +0000: Memory Usage (1134748K) : Executing rule S.CO.3_LV
2023-12-04 16:14:22 +0000: Memory Usage (1134748K) : Executing rule S.CO.4_LV
2023-12-04 16:14:22 +0000: Memory Usage (1134748K) : Executing rule S.CO.6_ii_LV
2023-12-04 16:14:22 +0000: Memory Usage (1134972K) : Executing rule S.M1.1_LV
2023-12-04 16:14:22 +0000: Memory Usage (1134972K) : Starting sab derivations
2023-12-04 16:14:22 +0000: Memory Usage (1134972K) : Executing rule SB.1
2023-12-04 16:14:22 +0000: Memory Usage (1134972K) : Executing rule SB.2
2023-12-04 16:14:22 +0000: Memory Usage (1134972K) : Executing rule SB.3
2023-12-04 16:14:22 +0000: Memory Usage (1134972K) : Executing rule SB.4
2023-12-04 16:14:22 +0000: Memory Usage (1134972K) : Executing rule SB.5a
2023-12-04 16:14:23 +0000: Memory Usage (1134972K) : Executing rule SB.5b
2023-12-04 16:14:23 +0000: Memory Usage (1134972K) : Executing rule SB.6
2023-12-04 16:14:23 +0000: Memory Usage (1134972K) : Executing rule SB.7
2023-12-04 16:14:23 +0000: Memory Usage (1134972K) : Executing rule SB.8
2023-12-04 16:14:23 +0000: Memory Usage (1134972K) : Executing rule SB.9
2023-12-04 16:14:23 +0000: Memory Usage (1134972K) : Executing rule SB.10
2023-12-04 16:14:23 +0000: Memory Usage (1134972K) : Executing rule SB.11
2023-12-04 16:14:23 +0000: Memory Usage (1134972K) : Executing rule SB.12
2023-12-04 16:14:23 +0000: Memory Usage (1134972K) : Executing rule SB.13
2023-12-04 16:14:23 +0000: Memory Usage (1134972K) : Executing rule SB.14a
2023-12-04 16:14:24 +0000: Memory Usage (1134972K) : Executing rule SB.14b
2023-12-04 16:14:24 +0000: Memory Usage (1134972K) : Executing rule SB.15a
2023-12-04 16:14:26 +0000: Memory Usage (1165912K) : Executing rule SB.15b
2023-12-04 16:14:28 +0000: Memory Usage (1153708K) : Executing rule SB.16
2023-12-04 16:14:28 +0000: Memory Usage (1153708K) : Starting PRES derivations
2023-12-04 16:14:29 +0000: Memory Usage (1153708K) : Executing rule PRES.1
2023-12-04 16:14:30 +0000: Memory Usage (1153708K) : Executing rule PRES.2
2023-12-04 16:14:30 +0000: Memory Usage (1153708K) : Executing rule PRES.3
2023-12-04 16:14:30 +0000: Memory Usage (1153708K) : Executing rule PRES.4
2023-12-04 16:14:30 +0000: Memory Usage (1153708K) : Executing rule PRES.5
2023-12-04 16:14:30 +0000: Memory Usage (1153708K) : Executing rule PRES.6
2023-12-04 16:14:30 +0000: Memory Usage (1153708K) : Executing rule PRES.7
2023-12-04 16:14:30 +0000: Memory Usage (1153708K) : Executing rule PRES.9a
2023-12-04 16:14:32 +0000: Memory Usage (1153708K) : Executing rule PRES.9b
2023-12-04 16:14:32 +0000: Memory Usage (1153708K) : Starting LRES derivations
2023-12-04 16:14:33 +0000: Memory Usage (1153708K) : Executing rule LRES.1
2023-12-04 16:14:33 +0000: Memory Usage (1153708K) : Executing rule LRES.2
2023-12-04 16:14:33 +0000: Memory Usage (1153708K) : Executing rule LRES.3
2023-12-04 16:14:33 +0000: Memory Usage (1153708K) : Executing rule LRES.4
2023-12-04 16:14:33 +0000: Memory Usage (1153708K) : Executing rule LRES.5
2023-12-04 16:14:33 +0000: Memory Usage (1153708K) : Executing rule LRES.6
2023-12-04 16:14:33 +0000: Memory Usage (1153708K) : Executing rule LRES.7
2023-12-04 16:14:33 +0000: Memory Usage (1153708K) : Executing rule LRES.9a
2023-12-04 16:14:33 +0000: Memory Usage (1153708K) : Executing rule LRES.9b
2023-12-04 16:14:34 +0000: Memory Usage (1153708K) : Starting PPLUS derivations
2023-12-04 16:14:44 +0000: Memory Usage (1160724K) : Executing rule PP.1
2023-12-04 16:14:45 +0000: Memory Usage (1160724K) : Executing rule PP.2
2023-12-04 16:14:47 +0000: Memory Usage (1160724K) : Executing rule PP.3a
2023-12-04 16:14:50 +0000: Memory Usage (1160724K) : Executing rule PP.3bi
2023-12-04 16:14:51 +0000: Memory Usage (1160724K) : Executing rule PP.3bii
2023-12-04 16:14:51 +0000: Memory Usage (1160724K) : Executing rule PP.3ci
2023-12-04 16:14:55 +0000: Memory Usage (1160724K) : Executing rule PP.3cii
2023-12-04 16:15:01 +0000: Memory Usage (1160724K) : Executing rule PP.3d
2023-12-04 16:15:02 +0000: Memory Usage (1160724K) : Executing rule PP.3e
2023-12-04 16:15:03 +0000: Memory Usage (1160724K) : Executing rule PP.4a
2023-12-04 16:15:04 +0000: Memory Usage (1160724K) : Executing rule PP.4b
2023-12-04 16:15:15 +0000: Memory Usage (1169416K) : Executing rule PP.5a
2023-12-04 16:15:26 +0000: Memory Usage (1169416K) : Executing rule PP.5b
2023-12-04 16:15:35 +0000: Memory Usage (1190368K) : Executing rule PP.5ci
2023-12-04 16:15:37 +0000: Memory Usage (1190368K) : Executing rule PP.5cii
2023-12-04 16:15:40 +0000: Memory Usage (1190368K) : Executing rule PP.5di
2023-12-04 16:15:43 +0000: Memory Usage (1190368K) : Executing rule PP.5dii
2023-12-04 16:15:45 +0000: Memory Usage (1190368K) : Executing rule PP.6
2023-12-04 16:15:47 +0000: Memory Usage (1190368K) : Executing rule PP.7
2023-12-04 16:15:47 +0000: Memory Usage (1190368K) : Executing rule PP.8a
2023-12-04 16:15:47 +0000: Memory Usage (1190368K) : Executing rule PP.8b
2023-12-04 16:15:47 +0000: Memory Usage (1190368K) : Executing rule PP.9
2023-12-04 16:15:48 +0000: Memory Usage (1190368K) : Executing rule PP.10
2023-12-04 16:15:48 +0000: Memory Usage (1190368K) : Executing rule PP.11
2023-12-04 16:15:48 +0000: Memory Usage (1190368K) : Executing rule PP.12
2023-12-04 16:15:50 +0000: Memory Usage (1190368K) : Executing rule LVS_BJT.1
2023-12-04 16:15:50 +0000: Memory Usage (1190368K) : Starting HRES derivations
2023-12-04 16:15:51 +0000: Memory Usage (1190368K) : Executing rule HRES.1
2023-12-04 16:15:51 +0000: Memory Usage (1190368K) : Executing rule HRES.2
2023-12-04 16:15:51 +0000: Memory Usage (1190368K) : Executing rule HRES.3
2023-12-04 16:15:51 +0000: Memory Usage (1190368K) : Executing rule HRES.4
2023-12-04 16:15:51 +0000: Memory Usage (1190368K) : Executing rule HRES.5
2023-12-04 16:15:51 +0000: Memory Usage (1190368K) : Executing rule HRES.6
2023-12-04 16:15:51 +0000: Memory Usage (1190368K) : Executing rule HRES.7
2023-12-04 16:15:51 +0000: Memory Usage (1190368K) : Executing rule HRES.8
2023-12-04 16:15:51 +0000: Memory Usage (1190368K) : Executing rule HRES.9
2023-12-04 16:15:51 +0000: Memory Usage (1190368K) : Executing rule HRES.10
2023-12-04 16:15:52 +0000: Memory Usage (1190368K) : Executing rule HRES.12a
2023-12-04 16:15:53 +0000: Memory Usage (1190368K) : Executing rule HRES.12b
2023-12-04 16:15:53 +0000: Memory Usage (1190368K) : Starting YMTP_MK derivations
2023-12-04 16:15:53 +0000: Memory Usage (1190368K) : Executing rule Y.NW.2b_LV
2023-12-04 16:15:53 +0000: Memory Usage (1190368K) : Executing rule Y.NW.2b_MV
2023-12-04 16:15:53 +0000: Memory Usage (1190368K) : Executing rule Y.DF.6_MV
2023-12-04 16:15:53 +0000: Memory Usage (1190368K) : Executing rule Y.DF.16_LV
2023-12-04 16:15:53 +0000: Memory Usage (1190368K) : Executing rule Y.DF.16_MV
2023-12-04 16:15:53 +0000: Memory Usage (1190368K) : Executing rule Y.PL.1_LV
2023-12-04 16:15:53 +0000: Memory Usage (1190368K) : Executing rule Y.PL.1_MV
2023-12-04 16:15:53 +0000: Memory Usage (1190368K) : Executing rule Y.PL.2_LV
2023-12-04 16:15:54 +0000: Memory Usage (1190368K) : Executing rule Y.PL.2_MV
2023-12-04 16:15:54 +0000: Memory Usage (1190368K) : Executing rule Y.PL.4_MV
2023-12-04 16:15:54 +0000: Memory Usage (1190368K) : Executing rule Y.PL.5a_LV
2023-12-04 16:15:54 +0000: Memory Usage (1190368K) : Executing rule Y.PL.5a_MV
2023-12-04 16:15:54 +0000: Memory Usage (1190368K) : Executing rule Y.PL.5b_LV
2023-12-04 16:15:54 +0000: Memory Usage (1190368K) : Executing rule Y.PL.5b_MV
2023-12-04 16:15:54 +0000: Memory Usage (1190368K) : Starting NWELL derivations
2023-12-04 16:15:58 +0000: Memory Usage (1190368K) : Executing rule NW.1a_LV
2023-12-04 16:15:58 +0000: Memory Usage (1190368K) : Executing rule NW.1a_MV
2023-12-04 16:15:58 +0000: Memory Usage (1190368K) : Executing rule NW.1b_LV
2023-12-04 16:15:58 +0000: Memory Usage (1190368K) : Executing rule NW.1b_MV
2023-12-04 16:15:58 +0000: Memory Usage (1190368K) : CONNECTIVITY_RULES section
2023-12-04 16:16:13 +0000: Memory Usage (1190368K) : Executing rule NW.2a_LV
2023-12-04 16:16:13 +0000: Memory Usage (1190368K) : Executing rule NW.2a_MV
2023-12-04 16:16:13 +0000: Memory Usage (1190368K) : Executing rule NW.2b_LV
2023-12-04 16:16:13 +0000: Memory Usage (1190368K) : Executing rule NW.2b_MV
2023-12-04 16:16:13 +0000: Memory Usage (1190368K) : Executing rule NW.3
2023-12-04 16:16:13 +0000: Memory Usage (1190368K) : Executing rule NW.4
2023-12-04 16:16:14 +0000: Memory Usage (1190368K) : Executing rule NW.5_LV
2023-12-04 16:16:14 +0000: Memory Usage (1190368K) : Executing rule NW.5_MV
2023-12-04 16:16:14 +0000: Memory Usage (1190368K) : Executing rule NW.6
2023-12-04 16:16:14 +0000: Memory Usage (1190368K) : Executing rule DE.2
2023-12-04 16:16:14 +0000: Memory Usage (1190368K) : Executing rule DE.3
2023-12-04 16:16:14 +0000: Memory Usage (1190368K) : Executing rule DE.4
2023-12-04 16:16:14 +0000: Memory Usage (1190368K) : Starting 10V LDNMOS derivations
2023-12-04 16:16:15 +0000: Memory Usage (1190368K) : Executing rule MDN.1
2023-12-04 16:16:15 +0000: Memory Usage (1190368K) : CONNECTIVITY_RULES section
2023-12-04 16:16:16 +0000: Memory Usage (1190368K) : Executing rule MDN.2a
2023-12-04 16:16:16 +0000: Memory Usage (1190368K) : Executing rule MDN.2b
2023-12-04 16:16:16 +0000: Memory Usage (1190368K) : Executing rule MDN.3a
2023-12-04 16:16:16 +0000: Memory Usage (1190368K) : Executing rule MDN.3b
2023-12-04 16:16:16 +0000: Memory Usage (1190368K) : Executing rule MDN.4a
2023-12-04 16:16:16 +0000: Memory Usage (1190368K) : Executing rule MDN.4b
2023-12-04 16:16:16 +0000: Memory Usage (1190368K) : Executing rule MDN.5ai
2023-12-04 16:16:16 +0000: Memory Usage (1190368K) : Executing rule MDN.5aii
2023-12-04 16:16:16 +0000: Memory Usage (1190368K) : Executing rule MDN.5b
2023-12-04 16:16:16 +0000: Memory Usage (1190368K) : Executing rule MDN.5c
2023-12-04 16:16:16 +0000: Memory Usage (1190368K) : Executing rule MDN.6
2023-12-04 16:16:16 +0000: Memory Usage (1190368K) : Executing rule MDN.6a
2023-12-04 16:16:16 +0000: Memory Usage (1190368K) : Executing rule MDN.7
2023-12-04 16:16:16 +0000: Memory Usage (1190368K) : Executing rule MDN.7a
2023-12-04 16:16:16 +0000: Memory Usage (1190368K) : CONNECTIVITY_RULES section
2023-12-04 16:16:17 +0000: Memory Usage (1190368K) : Executing rule MDN.8a
2023-12-04 16:16:17 +0000: Memory Usage (1190368K) : Executing rule MDN.8b
2023-12-04 16:16:17 +0000: Memory Usage (1190368K) : Executing rule MDN.9
2023-12-04 16:16:17 +0000: Memory Usage (1190368K) : Executing rule MDN.10a
2023-12-04 16:16:18 +0000: Memory Usage (1190368K) : Executing rule MDN.10b
2023-12-04 16:16:19 +0000: Memory Usage (1190368K) : Executing rule MDN.10c
2023-12-04 16:16:19 +0000: Memory Usage (1190368K) : Executing rule MDN.10d
2023-12-04 16:16:45 +0000: Memory Usage (1393120K) : Executing rule MDN.10ei
2023-12-04 16:16:47 +0000: Memory Usage (1393120K) : Executing rule MDN.10eii
2023-12-04 16:16:47 +0000: Memory Usage (1393120K) : Executing rule MDN.10f
2023-12-04 16:16:47 +0000: Memory Usage (1393120K) : Executing rule MDN.11
2023-12-04 16:16:48 +0000: Memory Usage (1393120K) : Executing rule MDN.12
2023-12-04 16:16:49 +0000: Memory Usage (1393120K) : Executing rule MDN.13a
2023-12-04 16:16:49 +0000: Memory Usage (1393120K) : Executing rule MDN.13b
2023-12-04 16:16:50 +0000: Memory Usage (1393120K) : Executing rule MDN.13c
2023-12-04 16:16:51 +0000: Memory Usage (1393120K) : Executing rule MDN.13d
2023-12-04 16:16:52 +0000: Memory Usage (1393120K) : Executing rule MDN.14
2023-12-04 16:16:52 +0000: Memory Usage (1393120K) : Executing rule MDN.15a
2023-12-04 16:16:52 +0000: Memory Usage (1393120K) : Executing rule MDN.15b
2023-12-04 16:16:52 +0000: Memory Usage (1393120K) : Executing rule MDN.17
2023-12-04 16:16:52 +0000: Memory Usage (1393120K) : Starting LVPWELL derivations
2023-12-04 16:16:52 +0000: Memory Usage (1393120K) : Executing rule LPW.1_LV
2023-12-04 16:16:52 +0000: Memory Usage (1393120K) : Executing rule LPW.1_MV
2023-12-04 16:16:53 +0000: Memory Usage (1393120K) : CONNECTIVITY_RULES section
2023-12-04 16:16:53 +0000: Memory Usage (1393120K) : Executing rule LPW.2a_LV
2023-12-04 16:16:53 +0000: Memory Usage (1393120K) : Executing rule LPW.2a_MV
2023-12-04 16:16:53 +0000: Memory Usage (1393120K) : Executing rule LPW.2b_LV
2023-12-04 16:16:53 +0000: Memory Usage (1393120K) : Executing rule LPW.2b_MV
2023-12-04 16:16:53 +0000: Memory Usage (1393120K) : Executing rule LPW.3_LV
2023-12-04 16:16:53 +0000: Memory Usage (1393120K) : Executing rule LPW.5
2023-12-04 16:16:56 +0000: Memory Usage (1393120K) : Executing rule LPW.11
2023-12-04 16:16:56 +0000: Memory Usage (1393120K) : Executing rule LPW.12
2023-12-04 16:16:57 +0000: Memory Usage (1393120K) : Starting CONTACT derivations
2023-12-04 16:17:33 +0000: Memory Usage (1928268K) : Executing rule CO.1
2023-12-04 16:17:33 +0000: Memory Usage (1928268K) : Executing rule CO.2a
2023-12-04 16:17:34 +0000: Memory Usage (1928268K) : Executing rule CO.2b
2023-12-04 16:17:35 +0000: Memory Usage (1928268K) : Executing rule CO.3
2023-12-04 16:17:37 +0000: Memory Usage (1928268K) : Executing rule CO.4
2023-12-04 16:17:40 +0000: Memory Usage (1928268K) : Executing rule CO.5a
2023-12-04 16:17:40 +0000: Memory Usage (1928268K) : Executing rule CO.5b
2023-12-04 16:17:41 +0000: Memory Usage (1928268K) : Executing rule CO.6
