
TOP SOURCE: user_project_wrapper
SOURCE FILE(S): /home/mc/encryption_caravel_user_project/dependencies/pdks/gf180mcuC/libs.ref/sky130_fd_sc_hd/spice/sky130_ef_sc_hd__decap_12.spice
 /home/mc/encryption_caravel_user_project/dependencies/pdks/gf180mcuC/libs.ref/sky130_fd_sc_hd/spice/sky130_fd_sc_hd.spice
 /home/mc/encryption_caravel_user_project/verilog/gl/user_proj_example.v
 /home/mc/encryption_caravel_user_project/verilog/gl/user_project_wrapper.v
TOP LAYOUT: user_project_wrapper
LAYOUT FILE: /home/mc/encryption_caravel_user_project/gds/user_project_wrapper.gds
EXTRACT_FLATGLOB: 
EXTRACT_ABSTRACT: *__fill_*
 *__fakediode_*
 *__tapvpwrvgnd_*
LVS_FLATTEN: 
LVS_NOFLATTEN: 
LVS_IGNORE: 
WORK_ROOT   : /home/mc/encryption_caravel_user_project/precheck_results/01_DEC_2023___11_51_51/tmp
LOG_ROOT    : /home/mc/encryption_caravel_user_project/precheck_results/01_DEC_2023___11_51_51/logs
SIGNOFF_ROOT: /home/mc/encryption_caravel_user_project/precheck_results/01_DEC_2023___11_51_51/outputs/reports
 
Running hierarchical comparison between verilog and layout...
Creating /home/mc/encryption_caravel_user_project/precheck_results/01_DEC_2023___11_51_51/tmp/verilog.cells from the following files...
	/home/mc/encryption_caravel_user_project/verilog/gl/user_proj_example.v
	/home/mc/encryption_caravel_user_project/verilog/gl/user_project_wrapper.v
[INFO] Changing from /home/mc/encryption_caravel_user_project/gds/user_project_wrapper.gds
	to /home/mc/encryption_caravel_user_project/precheck_results/01_DEC_2023___11_51_51/tmp/layout.txt
Hierarchy check for user_project_wrapper passed.
 
Running soft connection check on layout...
WARNING: Tech files do not match:
grep: /home/mc/encryption_caravel_user_project/dependencies/pdks/gf180mcuC/libs.tech/magic/gf180mcuC.tech: No such file or directory
/home/mc/mpw_precheck/checks/be_checks//tech/gf180mcuC/gf180mcuC.tech:# versions 8.3 or newer.
/home/mc/mpw_precheck/checks/be_checks//tech/gf180mcuC/gf180mcuC.tech: version 1.0.376-0-gf97df97
Results may be incorrect. Contact efabless to update the soft connection rules.
WORK_ROOT   : /home/mc/encryption_caravel_user_project/precheck_results/01_DEC_2023___11_51_51/tmp
LOG_ROOT    : /home/mc/encryption_caravel_user_project/precheck_results/01_DEC_2023___11_51_51/logs
SIGNOFF_ROOT: /home/mc/encryption_caravel_user_project/precheck_results/01_DEC_2023___11_51_51/outputs/reports
TOP: user_project_wrapper
LAYOUT: /home/mc/encryption_caravel_user_project/gds/user_project_wrapper.gds
EXTRACT_FLATGLOB: 
EXTRACT_ABSTRACT: *__fill_*
 *__fakediode_*
 *__tapvpwrvgnd_*
Extracting layout with well in background process. See /home/mc/encryption_caravel_user_project/precheck_results/01_DEC_2023___11_51_51/tmp/ext.log.
Extracting layout without well in background process. See /home/mc/encryption_caravel_user_project/precheck_results/01_DEC_2023___11_51_51/tmp/nowell.ext.log.
Netgen 1.5.254 compiled on Sun Nov 26 08:56:42 UTC 2023
Warning: netgen command 'format' use fully-qualified name '::netgen::format'
Warning: netgen command 'global' use fully-qualified name '::netgen::global'
Reading netlist file /home/mc/encryption_caravel_user_project/precheck_results/01_DEC_2023___11_51_51/tmp/ext/user_project_wrapper.gds.nowell.spice
Reading netlist file /home/mc/encryption_caravel_user_project/precheck_results/01_DEC_2023___11_51_51/tmp/nowell.ext/user_project_wrapper.gds.nowell.spice
Cannot find cell user_project_wrapper in file /home/mc/encryption_caravel_user_project/precheck_results/01_DEC_2023___11_51_51/tmp/ext/user_project_wrapper.gds.nowell.spice
tail: cannot open ‘/home/mc/encryption_caravel_user_project/precheck_results/01_DEC_2023___11_51_51/tmp/soft.report’ for reading: No such file or directory
scheck status 0
cp: cannot stat ‘/home/mc/encryption_caravel_user_project/precheck_results/01_DEC_2023___11_51_51/tmp/soft.report’: No such file or directory
 
Running LVS...
TOP SOURCE: user_project_wrapper
SOURCE FILE(S): /home/mc/encryption_caravel_user_project/dependencies/pdks/gf180mcuC/libs.ref/sky130_fd_sc_hd/spice/sky130_ef_sc_hd__decap_12.spice
 /home/mc/encryption_caravel_user_project/dependencies/pdks/gf180mcuC/libs.ref/sky130_fd_sc_hd/spice/sky130_fd_sc_hd.spice
 /home/mc/encryption_caravel_user_project/verilog/gl/user_proj_example.v
 /home/mc/encryption_caravel_user_project/verilog/gl/user_project_wrapper.v
TOP LAYOUT: user_project_wrapper
LAYOUT FILE: /home/mc/encryption_caravel_user_project/gds/user_project_wrapper.gds
EXTRACT_FLATGLOB: 
EXTRACT_ABSTRACT: *__fill_*
 *__fakediode_*
 *__tapvpwrvgnd_*
LVS_FLATTEN: 
LVS_NOFLATTEN: 
LVS_IGNORE: 
WORK_ROOT   : /home/mc/encryption_caravel_user_project/precheck_results/01_DEC_2023___11_51_51/tmp
LOG_ROOT    : /home/mc/encryption_caravel_user_project/precheck_results/01_DEC_2023___11_51_51/logs
SIGNOFF_ROOT: /home/mc/encryption_caravel_user_project/precheck_results/01_DEC_2023___11_51_51/outputs/reports
Reusing /home/mc/encryption_caravel_user_project/precheck_results/01_DEC_2023___11_51_51/tmp/ext/user_project_wrapper.gds.spice.
ls: cannot access /home/mc/encryption_caravel_user_project/dependencies/pdks/gf180mcuC/libs.ref/sky130_fd_sc_hd/spice/sky130_ef_sc_hd__decap_12.spice: No such file or directory
ls: cannot access /home/mc/encryption_caravel_user_project/dependencies/pdks/gf180mcuC/libs.ref/sky130_fd_sc_hd/spice/sky130_fd_sc_hd.spice: No such file or directory
 
Netgen 1.5.254 compiled on Sun Nov 26 08:56:42 UTC 2023
Warning: netgen command 'format' use fully-qualified name '::netgen::format'
Warning: netgen command 'global' use fully-qualified name '::netgen::global'
Reading layout /home/mc/encryption_caravel_user_project/precheck_results/01_DEC_2023___11_51_51/tmp/ext/user_project_wrapper.gds.spice...
Warning:  Cell user_proj_example has no pins
No node 'user_proj_example:mprj/Disconnected(0)' found in current cell '/home/mc/encryption_caravel_user_project/precheck_results/01_DEC_2023___11_51_51/tmp/ext/user_project_wrapper.gds.spice'
Reading source /home/mc/encryption_caravel_user_project/verilog/gl/user_proj_example.v...
Warning:  A case-insensitive file has been read and so the	verilog file must be treated case-insensitive to match.
Creating placeholder cell definition for module sky130_fd_sc_hd__diode_2.
Creating placeholder cell definition for module sky130_fd_sc_hd__decap_6.
Creating placeholder cell definition for module sky130_fd_sc_hd__fill_1.
Creating placeholder cell definition for module sky130_ef_sc_hd__decap_12.
Creating placeholder cell definition for module sky130_fd_sc_hd__decap_4.
Creating placeholder cell definition for module sky130_fd_sc_hd__decap_3.
Creating placeholder cell definition for module sky130_fd_sc_hd__decap_8.
Creating placeholder cell definition for module sky130_fd_sc_hd__fill_2.
Creating placeholder cell definition for module sky130_fd_sc_hd__tapvpwrvgnd_1.
Creating placeholder cell definition for module sky130_fd_sc_hd__inv_2.
Creating placeholder cell definition for module sky130_fd_sc_hd__nand2b_1.
Creating placeholder cell definition for module sky130_fd_sc_hd__o21ai_1.
Creating placeholder cell definition for module sky130_fd_sc_hd__clkinv_16.
Creating placeholder cell definition for module sky130_fd_sc_hd__mux2_1.
Creating placeholder cell definition for module sky130_fd_sc_hd__and2_1.
Creating placeholder cell definition for module sky130_fd_sc_hd__nand2_8.
Creating placeholder cell definition for module sky130_fd_sc_hd__nor2_4.
Creating placeholder cell definition for module sky130_fd_sc_hd__nand2_1.
Creating placeholder cell definition for module sky130_fd_sc_hd__a21o_1.
Creating placeholder cell definition for module sky130_fd_sc_hd__a32o_1.
Creating placeholder cell definition for module sky130_fd_sc_hd__a22o_1.
Creating placeholder cell definition for module sky130_fd_sc_hd__o211a_1.
Creating placeholder cell definition for module sky130_fd_sc_hd__o2111a_1.
Creating placeholder cell definition for module sky130_fd_sc_hd__and4b_1.
Creating placeholder cell definition for module sky130_fd_sc_hd__and2b_1.
Creating placeholder cell definition for module sky130_fd_sc_hd__and3_2.
Creating placeholder cell definition for module sky130_fd_sc_hd__o21a_1.
Creating placeholder cell definition for module sky130_fd_sc_hd__or2_1.
Creating placeholder cell definition for module sky130_fd_sc_hd__a31o_1.
Creating placeholder cell definition for module sky130_fd_sc_hd__nand3_1.
Creating placeholder cell definition for module sky130_fd_sc_hd__and3_1.
Creating placeholder cell definition for module sky130_fd_sc_hd__and4_2.
Creating placeholder cell definition for module sky130_fd_sc_hd__and4_4.
Creating placeholder cell definition for module sky130_fd_sc_hd__a21o_2.
Creating placeholder cell definition for module sky130_fd_sc_hd__xor2_1.
Creating placeholder cell definition for module sky130_fd_sc_hd__and3b_1.
Creating placeholder cell definition for module sky130_fd_sc_hd__a221o_1.
Creating placeholder cell definition for module sky130_fd_sc_hd__a2bb2o_1.
Creating placeholder cell definition for module sky130_fd_sc_hd__nand4_1.
Creating placeholder cell definition for module sky130_fd_sc_hd__dfxtp_4.
Creating placeholder cell definition for module sky130_fd_sc_hd__dfxtp_2.
Creating placeholder cell definition for module sky130_fd_sc_hd__dfxtp_1.
Creating placeholder cell definition for module sky130_fd_sc_hd__buf_1.
Creating placeholder cell definition for module sky130_fd_sc_hd__clkbuf_1.
Creating placeholder cell definition for module sky130_fd_sc_hd__clkbuf_16.
Creating placeholder cell definition for module sky130_fd_sc_hd__clkbuf_8.
Creating placeholder cell definition for module sky130_fd_sc_hd__buf_8.
Creating placeholder cell definition for module sky130_fd_sc_hd__dlygate4sd3_1.
Creating placeholder cell definition for module sky130_fd_sc_hd__clkbuf_2.
Creating placeholder cell definition for module sky130_fd_sc_hd__dlymetal6s2s_1.
Creating placeholder cell definition for module sky130_fd_sc_hd__buf_2.
Creating placeholder cell definition for module sky130_fd_sc_hd__clkdlybuf4s25_1.
Creating placeholder cell definition for module sky130_fd_sc_hd__clkbuf_4.
Creating placeholder cell definition for module sky130_fd_sc_hd__buf_4.
Creating placeholder cell definition for module sky130_fd_sc_hd__buf_12.
Creating placeholder cell definition for module sky130_fd_sc_hd__buf_6.
Creating placeholder cell definition for module sky130_fd_sc_hd__conb_1.
Reading source /home/mc/encryption_caravel_user_project/verilog/gl/user_project_wrapper.v...
Warning:  A case-insensitive file has been read and so the	verilog file must be treated case-insensitive to match.
Treating empty subcircuits as black-box cells
Generating JSON file result
Reading netlist file 0
wrong # args: should be "netgen::readnet ?format? file ?filenum?"
    while executing
"netgen::readnet $file1"
    (procedure "lvs" line 58)
    invoked from within
"lvs "$layout user_project_wrapper" "$source user_project_wrapper" /home/mc/encryption_caravel_user_project/precheck_results/01_DEC_2023___11_51_51/tmp..."
    (file "/home/mc/encryption_caravel_user_project/precheck_results/01_DEC_2023___11_51_51/tmp/lvs.script" line 8)
    invoked from within
"source /home/mc/encryption_caravel_user_project/precheck_results/01_DEC_2023___11_51_51/tmp/lvs.script"
    ("eval" body line 1)
    invoked from within
"eval $argv"
awk: fatal: cannot open file `/home/mc/encryption_caravel_user_project/precheck_results/01_DEC_2023___11_51_51/tmp/lvs.report' for reading (No such file or directory)
cp: cannot stat ‘/home/mc/encryption_caravel_user_project/precheck_results/01_DEC_2023___11_51_51/tmp/lvs.report’: No such file or directory
grep: /home/mc/encryption_caravel_user_project/precheck_results/01_DEC_2023___11_51_51/outputs/reports/lvs.report: No such file or directory

Error: netgen did not complete.
DESIGN NAME: user_project_wrapper
WORK_ROOT   : /home/mc/encryption_caravel_user_project/precheck_results/01_DEC_2023___11_51_51/tmp
LOG_ROOT    : /home/mc/encryption_caravel_user_project/precheck_results/01_DEC_2023___11_51_51/logs
SIGNOFF_ROOT: /home/mc/encryption_caravel_user_project/precheck_results/01_DEC_2023___11_51_51/outputs/reports
 
Running CVC...
Creating /home/mc/encryption_caravel_user_project/precheck_results/01_DEC_2023___11_51_51/tmp/ext/user_project_wrapper.cdl
CVC: Circuit Validation Check  Version 1.1.5
CVC: Log output to /home/mc/encryption_caravel_user_project/precheck_results/01_DEC_2023___11_51_51/tmp/cvc.log
CVC: Error output to /home/mc/encryption_caravel_user_project/precheck_results/01_DEC_2023___11_51_51/tmp/cvc.error.gz
CVC: Debug output to /home/mc/encryption_caravel_user_project/precheck_results/01_DEC_2023___11_51_51/tmp/cvc.debug.gz
CVC: Start: Fri Dec  1 11:54:44 2023

Using the following parameters for CVC (Circuit Validation Check) from /home/mc/encryption_caravel_user_project/precheck_results/01_DEC_2023___11_51_51/tmp/cvcrc
CVC_TOP = 'user_project_wrapper'
CVC_NETLIST = '/home/mc/encryption_caravel_user_project/precheck_results/01_DEC_2023___11_51_51/tmp/ext/user_project_wrapper.cdl.gz'
CVC_MODE = 'user_project_wrapper'
CVC_MODEL_FILE = '/home/mc/mpw_precheck/checks/be_checks//tech/gf180mcuC/cvc.models'
CVC_POWER_FILE = '/home/mc/encryption_caravel_user_project/precheck_results/01_DEC_2023___11_51_51/tmp/cvc.power.user_project_wrapper'
CVC_FUSE_FILE = ''
CVC_REPORT_FILE = '/home/mc/encryption_caravel_user_project/precheck_results/01_DEC_2023___11_51_51/tmp/cvc.log'
CVC_REPORT_TITLE = 'CVC user_project_wrapper'
CVC_CIRCUIT_ERROR_LIMIT = '100'
CVC_SEARCH_LIMIT = '100'
CVC_LEAK_LIMIT = '0.0002'
CVC_SOI = 'false'
CVC_SCRC = 'false'
CVC_VTH_GATES = 'false'
CVC_MIN_VTH_GATES = 'false'
CVC_IGNORE_VTH_FLOATING = 'false'
CVC_IGNORE_NO_LEAK_FLOATING = 'false'
CVC_LEAK_OVERVOLTAGE = 'true'
CVC_LOGIC_DIODES = 'false'
CVC_ANALOG_GATES = 'true'
CVC_BACKUP_RESULTS = 'false'
CVC_MOS_DIODE_ERROR_THRESHOLD = '0'
CVC_SHORT_ERROR_THRESHOLD = '0'
CVC_BIAS_ERROR_THRESHOLD = '0'
CVC_FORWARD_ERROR_THRESHOLD = '0'
CVC_FLOATING_ERROR_THRESHOLD = '0'
CVC_GATE_ERROR_THRESHOLD = '0'
CVC_LEAK?_ERROR_THRESHOLD = '0'
CVC_EXPECTED_ERROR_THRESHOLD = '0'
CVC_OVERVOLTAGE_ERROR_THRESHOLD = '0'
CVC_PARALLEL_CIRCUIT_PORT_LIMIT = '0'
CVC_CELL_ERROR_LIMIT_FILE = ''
CVC_CELL_CHECKSUM_FILE = ''
CVC_LARGE_CIRCUIT_SIZE = '10000000'
CVC_NET_CHECK_FILE = ''
CVC_MODEL_CHECK_FILE = ''
End of parameters

CVC: Reading device model settings...
CVC: Reading power settings...
CVC: Parsing netlist /home/mc/encryption_caravel_user_project/precheck_results/01_DEC_2023___11_51_51/tmp/ext/user_project_wrapper.cdl.gz

/home/mc/encryption_caravel_user_project/precheck_results/01_DEC_2023___11_51_51/tmp/ext/user_project_wrapper.cdl.gz:21.1-5: syntax error, unexpected SUBCIRCUIT, expecting END-OF-FILE or SUBCKT
Fatal error:Could not parse /home/mc/encryption_caravel_user_project/precheck_results/01_DEC_2023___11_51_51/tmp/ext/user_project_wrapper.cdl.gz

Soft check result:
Soft check problem: check the following files
/home/mc/encryption_caravel_user_project/precheck_results/01_DEC_2023___11_51_51/logs/ext.log
/home/mc/encryption_caravel_user_project/precheck_results/01_DEC_2023___11_51_51/logs/nowell.ext.log
/home/mc/encryption_caravel_user_project/precheck_results/01_DEC_2023___11_51_51/logs/soft.log
/home/mc/encryption_caravel_user_project/precheck_results/01_DEC_2023___11_51_51/outputs/reports/soft.report

LVS result:
LVS problem: check the following files
/home/mc/encryption_caravel_user_project/precheck_results/01_DEC_2023___11_51_51/logs/ext.log
/home/mc/encryption_caravel_user_project/precheck_results/01_DEC_2023___11_51_51/logs/lvs.log
/home/mc/encryption_caravel_user_project/precheck_results/01_DEC_2023___11_51_51/outputs/reports/lvs.report

CVC result:

Runtime: 0:01:13 (hh:mm:ss)

WARNING: possible errors SOFT 3 LVS 4 CVC 3
