CVC: Log output to /home/mc/encryption_caravel_user_project/precheck_results/03_DEC_2023___06_14_30/tmp/cvc.log
CVC: Error output to /home/mc/encryption_caravel_user_project/precheck_results/03_DEC_2023___06_14_30/tmp/cvc.error.gz
CVC: Debug output to /home/mc/encryption_caravel_user_project/precheck_results/03_DEC_2023___06_14_30/tmp/cvc.debug.gz
CVC: Circuit Validation Check  Version 1.1.5
CVC: Start: Sun Dec  3 06:20:14 2023

Using the following parameters for CVC (Circuit Validation Check) from /home/mc/encryption_caravel_user_project/precheck_results/03_DEC_2023___06_14_30/tmp/cvcrc
CVC_TOP = 'user_project_wrapper'
CVC_NETLIST = '/home/mc/encryption_caravel_user_project/precheck_results/03_DEC_2023___06_14_30/tmp/ext/user_project_wrapper.cdl.gz'
CVC_MODE = 'user_project_wrapper'
CVC_MODEL_FILE = '/home/mc/mpw_precheck/checks/be_checks//tech/gf180mcuD/cvc.models'
CVC_POWER_FILE = '/home/mc/encryption_caravel_user_project/precheck_results/03_DEC_2023___06_14_30/tmp/cvc.power.user_project_wrapper'
CVC_FUSE_FILE = ''
CVC_REPORT_FILE = '/home/mc/encryption_caravel_user_project/precheck_results/03_DEC_2023___06_14_30/tmp/cvc.log'
CVC_REPORT_TITLE = 'CVC user_project_wrapper'
CVC_CIRCUIT_ERROR_LIMIT = '100'
CVC_SEARCH_LIMIT = '100'
CVC_LEAK_LIMIT = '0.0002'
CVC_SOI = 'false'
CVC_SCRC = 'false'
CVC_VTH_GATES = 'false'
CVC_MIN_VTH_GATES = 'false'
CVC_IGNORE_VTH_FLOATING = 'false'
CVC_IGNORE_NO_LEAK_FLOATING = 'false'
CVC_LEAK_OVERVOLTAGE = 'true'
CVC_LOGIC_DIODES = 'false'
CVC_ANALOG_GATES = 'true'
CVC_BACKUP_RESULTS = 'false'
CVC_MOS_DIODE_ERROR_THRESHOLD = '0'
CVC_SHORT_ERROR_THRESHOLD = '0'
CVC_BIAS_ERROR_THRESHOLD = '0'
CVC_FORWARD_ERROR_THRESHOLD = '0'
CVC_FLOATING_ERROR_THRESHOLD = '0'
CVC_GATE_ERROR_THRESHOLD = '0'
CVC_LEAK?_ERROR_THRESHOLD = '0'
CVC_EXPECTED_ERROR_THRESHOLD = '0'
CVC_OVERVOLTAGE_ERROR_THRESHOLD = '0'
CVC_PARALLEL_CIRCUIT_PORT_LIMIT = '0'
CVC_CELL_ERROR_LIMIT_FILE = ''
CVC_CELL_CHECKSUM_FILE = ''
CVC_LARGE_CIRCUIT_SIZE = '10000000'
CVC_NET_CHECK_FILE = ''
CVC_MODEL_CHECK_FILE = ''
End of parameters

CVC: Reading device model settings...
CVC: Reading power settings...
CVC: Parsing netlist /home/mc/encryption_caravel_user_project/precheck_results/03_DEC_2023___06_14_30/tmp/ext/user_project_wrapper.cdl.gz
Runtime: 0:00:00 (hh:mm:ss)
