2023-12-03 06:16:55 +0000: Memory Usage (623036K) : Starting running GF180MCU Klayout DRC runset on /home/mc/encryption_caravel_user_project/gds/user_project_wrapper.gds
2023-12-03 06:16:55 +0000: Memory Usage (623036K) : Ruby Version for klayout: 3.0.2
2023-12-03 06:16:58 +0000: Memory Usage (984436K) : Loading database to memory is complete.
2023-12-03 06:16:58 +0000: Memory Usage (984436K) : GF180MCU Klayout DRC runset output at: /home/mc/encryption_caravel_user_project/precheck_results/03_DEC_2023___06_14_30/outputs/reports/klayout_offgrid_check.xml
2023-12-03 06:16:58 +0000: Memory Usage (984436K) : Evaluate switches.
2023-12-03 06:16:58 +0000: Memory Usage (984436K) : table_name selected  main
2023-12-03 06:16:58 +0000: Memory Usage (984436K) : CONNECTIVITY_RULES enabled: true
2023-12-03 06:16:58 +0000: Memory Usage (984436K) : Wedge enabled: false
2023-12-03 06:16:58 +0000: Memory Usage (984436K) : Ball enabled: false
2023-12-03 06:16:58 +0000: Memory Usage (984436K) : Gold enabled: false
2023-12-03 06:16:58 +0000: Memory Usage (984436K) : MIM Option selected: B
2023-12-03 06:16:58 +0000: Memory Usage (984436K) : Offgrid enabled:  true
2023-12-03 06:16:58 +0000: Memory Usage (984436K) : Number of threads to use 2
2023-12-03 06:16:58 +0000: Memory Usage (984436K) : Verbose mode: 
2023-12-03 06:16:58 +0000: Memory Usage (984436K) : deep  mode is enabled for main table
2023-12-03 06:16:58 +0000: Memory Usage (984436K) : METAL_TOP Selected is 11K
2023-12-03 06:16:58 +0000: Memory Usage (984436K) : METAL_STACK Selected is 5LM
2023-12-03 06:16:58 +0000: Memory Usage (984436K) : FEOL enabled: false
2023-12-03 06:16:58 +0000: Memory Usage (984436K) : BEOL enabled: false
2023-12-03 06:16:58 +0000: Memory Usage (984436K) : SLOW_VIA enabled: false
2023-12-03 06:16:58 +0000: Memory Usage (984436K) : Read in polygons from layers.
2023-12-03 06:16:58 +0000: Memory Usage (984436K) : comp has 0 polygons
2023-12-03 06:16:58 +0000: Memory Usage (984436K) : dnwell has 0 polygons
2023-12-03 06:16:58 +0000: Memory Usage (984436K) : nwell has 0 polygons
2023-12-03 06:16:58 +0000: Memory Usage (984436K) : lvpwell has 0 polygons
2023-12-03 06:16:58 +0000: Memory Usage (984436K) : dualgate has 0 polygons
2023-12-03 06:16:58 +0000: Memory Usage (984436K) : poly2 has 0 polygons
2023-12-03 06:16:59 +0000: Memory Usage (984436K) : nplus has 0 polygons
2023-12-03 06:16:59 +0000: Memory Usage (984436K) : pplus has 0 polygons
2023-12-03 06:16:59 +0000: Memory Usage (984436K) : sab has 0 polygons
2023-12-03 06:16:59 +0000: Memory Usage (984436K) : esd has 0 polygons
2023-12-03 06:16:59 +0000: Memory Usage (984436K) : resistor has 0 polygons
2023-12-03 06:16:59 +0000: Memory Usage (984436K) : fhres has 0 polygons
2023-12-03 06:16:59 +0000: Memory Usage (984436K) : fusetop has 0 polygons
2023-12-03 06:16:59 +0000: Memory Usage (984436K) : fusewindow_d has 0 polygons
2023-12-03 06:16:59 +0000: Memory Usage (984436K) : polyfuse has 0 polygons
2023-12-03 06:16:59 +0000: Memory Usage (984436K) : mvsd has 0 polygons
2023-12-03 06:16:59 +0000: Memory Usage (984436K) : mvpsd has 0 polygons
2023-12-03 06:16:59 +0000: Memory Usage (984436K) : nat has 0 polygons
2023-12-03 06:16:59 +0000: Memory Usage (984436K) : comp_dummy has 0 polygons
2023-12-03 06:16:59 +0000: Memory Usage (984436K) : poly2_dummy has 0 polygons
2023-12-03 06:16:59 +0000: Memory Usage (984436K) : schottky_diode has 0 polygons
2023-12-03 06:16:59 +0000: Memory Usage (984436K) : zener has 0 polygons
2023-12-03 06:16:59 +0000: Memory Usage (984436K) : res_mk has 0 polygons
2023-12-03 06:16:59 +0000: Memory Usage (984436K) : opc_drc has 0 polygons
2023-12-03 06:16:59 +0000: Memory Usage (984436K) : v5_xtor has 0 polygons
2023-12-03 06:16:59 +0000: Memory Usage (984436K) : cap_mk has 0 polygons
2023-12-03 06:16:59 +0000: Memory Usage (984436K) : mos_cap_mk has 0 polygons
2023-12-03 06:16:59 +0000: Memory Usage (984436K) : ind_mk has 0 polygons
2023-12-03 06:16:59 +0000: Memory Usage (984436K) : diode_mk has 0 polygons
2023-12-03 06:16:59 +0000: Memory Usage (984436K) : drc_bjt has 0 polygons
2023-12-03 06:16:59 +0000: Memory Usage (984436K) : lvs_bjt has 0 polygons
2023-12-03 06:16:59 +0000: Memory Usage (984436K) : mim_l_mk has 0 polygons
2023-12-03 06:16:59 +0000: Memory Usage (984436K) : latchup_mk has 0 polygons
2023-12-03 06:16:59 +0000: Memory Usage (984436K) : guard_ring_mk has 0 polygons
2023-12-03 06:16:59 +0000: Memory Usage (984436K) : otp_mk has 0 polygons
2023-12-03 06:16:59 +0000: Memory Usage (984436K) : mtpmark has 0 polygons
2023-12-03 06:16:59 +0000: Memory Usage (984436K) : neo_ee_mk has 0 polygons
2023-12-03 06:16:59 +0000: Memory Usage (984436K) : sramcore has 0 polygons
2023-12-03 06:16:59 +0000: Memory Usage (984436K) : lvs_rf has 0 polygons
2023-12-03 06:16:59 +0000: Memory Usage (984436K) : lvs_drain has 0 polygons
2023-12-03 06:16:59 +0000: Memory Usage (984436K) : ind_mk has 0 polygons
2023-12-03 06:16:59 +0000: Memory Usage (984436K) : hvpolyrs has 0 polygons
2023-12-03 06:16:59 +0000: Memory Usage (984436K) : lvs_io has 0 polygons
2023-12-03 06:16:59 +0000: Memory Usage (984436K) : probe_mk has 0 polygons
2023-12-03 06:16:59 +0000: Memory Usage (984436K) : esd_mk has 0 polygons
2023-12-03 06:16:59 +0000: Memory Usage (984436K) : lvs_source has 0 polygons
2023-12-03 06:16:59 +0000: Memory Usage (984436K) : well_diode_mk has 0 polygons
2023-12-03 06:16:59 +0000: Memory Usage (984436K) : ldmos_xtor has 0 polygons
2023-12-03 06:16:59 +0000: Memory Usage (984436K) : plfuse has 0 polygons
2023-12-03 06:16:59 +0000: Memory Usage (984436K) : efuse_mk has 0 polygons
2023-12-03 06:16:59 +0000: Memory Usage (984436K) : mcell_feol_mk has 0 polygons
2023-12-03 06:16:59 +0000: Memory Usage (984436K) : ymtp_mk has 0 polygons
2023-12-03 06:16:59 +0000: Memory Usage (984436K) : dev_wf_mk has 0 polygons
2023-12-03 06:16:59 +0000: Memory Usage (984436K) : comp_label has 0 polygons
2023-12-03 06:16:59 +0000: Memory Usage (984436K) : poly2_label has 0 polygons
2023-12-03 06:16:59 +0000: Memory Usage (984436K) : mdiode has 0 polygons
2023-12-03 06:16:59 +0000: Memory Usage (984436K) : ndmy has 0 polygons
2023-12-03 06:16:59 +0000: Memory Usage (984436K) : pmndmy has 0 polygons
2023-12-03 06:16:59 +0000: Memory Usage (984436K) : contact has 0 polygons
2023-12-03 06:16:59 +0000: Memory Usage (984436K) : metal1_drawn has 0 polygons
2023-12-03 06:16:59 +0000: Memory Usage (984436K) : metal1_dummy has 0 polygons
2023-12-03 06:16:59 +0000: Memory Usage (984436K) : metal1_label has 0 polygons
2023-12-03 06:16:59 +0000: Memory Usage (984436K) : metal1_slot has 0 polygons
2023-12-03 06:16:59 +0000: Memory Usage (984436K) : metal1_blk has 0 polygons
2023-12-03 06:16:59 +0000: Memory Usage (984436K) : via1 has 0 polygons
2023-12-03 06:16:59 +0000: Memory Usage (984436K) : metal2_drawn has 0 polygons
2023-12-03 06:16:59 +0000: Memory Usage (984436K) : metal2_dummy has 0 polygons
2023-12-03 06:16:59 +0000: Memory Usage (984436K) : metal2_label has 0 polygons
2023-12-03 06:16:59 +0000: Memory Usage (984436K) : metal2_slot has 0 polygons
2023-12-03 06:16:59 +0000: Memory Usage (984436K) : metal2_blk has 0 polygons
2023-12-03 06:16:59 +0000: Memory Usage (984436K) : via2 has 0 polygons
2023-12-03 06:16:59 +0000: Memory Usage (984436K) : metal3_drawn has 0 polygons
2023-12-03 06:16:59 +0000: Memory Usage (984436K) : metal3_dummy has 0 polygons
2023-12-03 06:17:00 +0000: Memory Usage (984436K) : metal3_label has 0 polygons
2023-12-03 06:17:00 +0000: Memory Usage (984436K) : metal3_slot has 0 polygons
2023-12-03 06:17:00 +0000: Memory Usage (984436K) : metal3_blk has 0 polygons
2023-12-03 06:17:00 +0000: Memory Usage (984436K) : via3 has 0 polygons
2023-12-03 06:17:00 +0000: Memory Usage (984436K) : metal4_drawn has 0 polygons
2023-12-03 06:17:00 +0000: Memory Usage (984436K) : metal4_dummy has 0 polygons
2023-12-03 06:17:00 +0000: Memory Usage (984436K) : metal4_label has 0 polygons
2023-12-03 06:17:00 +0000: Memory Usage (984436K) : metal4_slot has 0 polygons
2023-12-03 06:17:00 +0000: Memory Usage (984436K) : metal4_blk has 0 polygons
2023-12-03 06:17:00 +0000: Memory Usage (984436K) : via4 has 0 polygons
2023-12-03 06:17:00 +0000: Memory Usage (984436K) : metal5_drawn has 0 polygons
2023-12-03 06:17:00 +0000: Memory Usage (1010588K) : metal5_dummy has 487167 polygons
2023-12-03 06:17:00 +0000: Memory Usage (1010588K) : metal5_label has 0 polygons
2023-12-03 06:17:01 +0000: Memory Usage (1010588K) : metal5_slot has 0 polygons
2023-12-03 06:17:01 +0000: Memory Usage (1010588K) : metal5_blk has 0 polygons
2023-12-03 06:17:01 +0000: Memory Usage (1010588K) : pad has 0 polygons
2023-12-03 06:17:01 +0000: Memory Usage (1010588K) : ubmpperi has 0 polygons
2023-12-03 06:17:01 +0000: Memory Usage (1010588K) : ubmparray has 0 polygons
2023-12-03 06:17:01 +0000: Memory Usage (1010588K) : ubmeplate has 0 polygons
2023-12-03 06:17:01 +0000: Memory Usage (1010588K) : metal1_res has 0 polygons
2023-12-03 06:17:01 +0000: Memory Usage (1010588K) : metal2_res has 0 polygons
2023-12-03 06:17:01 +0000: Memory Usage (1010588K) : metal3_res has 0 polygons
2023-12-03 06:17:01 +0000: Memory Usage (1010588K) : metal4_res has 0 polygons
2023-12-03 06:17:01 +0000: Memory Usage (1010588K) : metal5_res has 0 polygons
2023-12-03 06:17:01 +0000: Memory Usage (1010588K) : metal6_res has 0 polygons
2023-12-03 06:17:01 +0000: Memory Usage (1010588K) : pr_bndry has 0 polygons
2023-12-03 06:17:01 +0000: Memory Usage (1010588K) : border has 0 polygons
2023-12-03 06:17:01 +0000: Memory Usage (1010588K) : Total no. of polygons in the design is 487167
2023-12-03 06:17:01 +0000: Memory Usage (1010588K) : Starting deriving base layers.
2023-12-03 06:17:01 +0000: Memory Usage (1010588K) : Construct connectivity for the design.
2023-12-03 06:17:01 +0000: Memory Usage (1010588K) : Connectivity rules enabled, Netlist object will be generated.
2023-12-03 06:17:09 +0000: Memory Usage (1354212K) : Total area of the design is 10813401.9936 um^2.
2023-12-03 06:17:09 +0000: Memory Usage (1354212K) : Starting GF180MCU DRC rules.
2023-12-03 06:17:09 +0000: Memory Usage (1354212K) : Executing rule DE.2
2023-12-03 06:17:09 +0000: Memory Usage (1354212K) : Executing rule DE.3
2023-12-03 06:17:09 +0000: Memory Usage (1354212K) : Executing rule DE.4
2023-12-03 06:17:09 +0000: Memory Usage (1354212K) : Starting EFUSE derivations
2023-12-03 06:17:10 +0000: Memory Usage (1354212K) : Executing rule EF.01
2023-12-03 06:17:10 +0000: Memory Usage (1354212K) : Executing rule EF.02
2023-12-03 06:17:10 +0000: Memory Usage (1649140K) : Executing rule EF.03
2023-12-03 06:17:10 +0000: Memory Usage (1649140K) : Executing rule EF.04a
2023-12-03 06:17:10 +0000: Memory Usage (1649140K) : Executing rule EF.04b
2023-12-03 06:17:10 +0000: Memory Usage (1649140K) : Executing rule EF.04c
2023-12-03 06:17:10 +0000: Memory Usage (1649140K) : Executing rule EF.04d
2023-12-03 06:17:10 +0000: Memory Usage (1649140K) : Executing rule EF.05
2023-12-03 06:17:10 +0000: Memory Usage (1649140K) : Executing rule EF.06
2023-12-03 06:17:11 +0000: Memory Usage (1649652K) : Executing rule EF.07
2023-12-03 06:17:11 +0000: Memory Usage (1649652K) : Executing rule EF.08
2023-12-03 06:17:11 +0000: Memory Usage (1649652K) : Executing rule EF.09
2023-12-03 06:17:11 +0000: Memory Usage (1649652K) : Executing rule EF.10
2023-12-03 06:17:11 +0000: Memory Usage (1649652K) : Executing rule EF.11
2023-12-03 06:17:11 +0000: Memory Usage (1649652K) : Executing rule EF.12
2023-12-03 06:17:11 +0000: Memory Usage (1649652K) : Executing rule EF.13
2023-12-03 06:17:11 +0000: Memory Usage (1649652K) : Executing rule EF.14
2023-12-03 06:17:11 +0000: Memory Usage (1649652K) : Executing rule EF.15
2023-12-03 06:17:11 +0000: Memory Usage (1649652K) : Executing rule EF.16a
2023-12-03 06:17:11 +0000: Memory Usage (1649652K) : Executing rule EF.16b
2023-12-03 06:17:11 +0000: Memory Usage (1649652K) : Executing rule EF.17
2023-12-03 06:17:11 +0000: Memory Usage (1649652K) : Executing rule EF.18
2023-12-03 06:17:11 +0000: Memory Usage (1649652K) : Executing rule EF.19
2023-12-03 06:17:11 +0000: Memory Usage (1649652K) : Executing rule EF.20
2023-12-03 06:17:12 +0000: Memory Usage (1649652K) : Executing rule EF.21
2023-12-03 06:17:12 +0000: Memory Usage (1650136K) : Executing rule EF.22a
2023-12-03 06:17:12 +0000: Memory Usage (1650136K) : Executing rule EF.22b
2023-12-03 06:17:13 +0000: Memory Usage (1650136K) : MIM Capacitor Option B section
2023-12-03 06:17:13 +0000: Memory Usage (1650136K) : Executing rule MIMTM.1
2023-12-03 06:17:13 +0000: Memory Usage (1650136K) : Executing rule MIMTM.2
2023-12-03 06:17:13 +0000: Memory Usage (1650136K) : Executing rule MIMTM.3
2023-12-03 06:17:13 +0000: Memory Usage (1650136K) : Executing rule MIMTM.4
2023-12-03 06:17:13 +0000: Memory Usage (1650136K) : Executing rule MIMTM.5
2023-12-03 06:17:13 +0000: Memory Usage (1650136K) : Executing rule MIMTM.6
2023-12-03 06:17:13 +0000: Memory Usage (1650136K) : Executing rule MIMTM.7
2023-12-03 06:17:13 +0000: Memory Usage (1650136K) : Executing rule MIMTM.8a
2023-12-03 06:17:13 +0000: Memory Usage (1650136K) : Executing rule MIMTM.8b
2023-12-03 06:17:13 +0000: Memory Usage (1650136K) : Executing rule MIMTM.9
2023-12-03 06:17:13 +0000: Memory Usage (1650136K) : Executing rule MIMTM.10
2023-12-03 06:17:13 +0000: Memory Usage (1650136K) : Executing rule MIMTM.11
2023-12-03 06:17:13 +0000: Memory Usage (1650136K) : OFFGRID-ANGLES section
2023-12-03 06:17:13 +0000: Memory Usage (1650136K) : Executing rule comp_OFFGRID
2023-12-03 06:17:13 +0000: Memory Usage (1658356K) : Executing rule dnwell_OFFGRID
2023-12-03 06:17:14 +0000: Memory Usage (1658356K) : Executing rule nwell_OFFGRID
2023-12-03 06:17:14 +0000: Memory Usage (1658356K) : Executing rule lvpwell_OFFGRID
2023-12-03 06:17:15 +0000: Memory Usage (1658356K) : Executing rule dualgate_OFFGRID
2023-12-03 06:17:15 +0000: Memory Usage (1658356K) : Executing rule poly2_OFFGRID
2023-12-03 06:17:16 +0000: Memory Usage (1658356K) : Executing rule nplus_OFFGRID
2023-12-03 06:17:16 +0000: Memory Usage (1658356K) : Executing rule pplus_OFFGRID
2023-12-03 06:17:17 +0000: Memory Usage (1658356K) : Executing rule sab_OFFGRID
2023-12-03 06:17:17 +0000: Memory Usage (1658356K) : Executing rule esd_OFFGRID
2023-12-03 06:17:18 +0000: Memory Usage (1658356K) : Executing rule resistor_OFFGRID
2023-12-03 06:17:18 +0000: Memory Usage (1658356K) : Executing rule fhres_OFFGRID
2023-12-03 06:17:19 +0000: Memory Usage (1658356K) : Executing rule fusetop_OFFGRID
2023-12-03 06:17:19 +0000: Memory Usage (1658356K) : Executing rule fusewindow_d_OFFGRID
2023-12-03 06:17:20 +0000: Memory Usage (1658356K) : Executing rule polyfuse_OFFGRID
2023-12-03 06:17:20 +0000: Memory Usage (1658356K) : Executing rule mvsd_OFFGRID
2023-12-03 06:17:21 +0000: Memory Usage (1658356K) : Executing rule mvpsd_OFFGRID
2023-12-03 06:17:21 +0000: Memory Usage (1658356K) : Executing rule nat_OFFGRID
2023-12-03 06:17:22 +0000: Memory Usage (1658356K) : Executing rule comp_dummy_OFFGRID
2023-12-03 06:17:22 +0000: Memory Usage (1658356K) : Executing rule poly2_dummy_OFFGRID
2023-12-03 06:17:22 +0000: Memory Usage (1658356K) : Executing rule schottky_diode_OFFGRID
2023-12-03 06:17:23 +0000: Memory Usage (1658356K) : Executing rule zener_OFFGRID
2023-12-03 06:17:23 +0000: Memory Usage (1658356K) : Executing rule res_mk_OFFGRID
2023-12-03 06:17:24 +0000: Memory Usage (1658356K) : Executing rule opc_drc_OFFGRID
2023-12-03 06:17:24 +0000: Memory Usage (1658356K) : Executing rule ndmy_OFFGRID
2023-12-03 06:17:25 +0000: Memory Usage (1658356K) : Executing rule pmndmy_OFFGRID
2023-12-03 06:17:25 +0000: Memory Usage (1658356K) : Executing rule v5_xtor_OFFGRID
2023-12-03 06:17:26 +0000: Memory Usage (1658356K) : Executing rule cap_mk_OFFGRID
2023-12-03 06:17:26 +0000: Memory Usage (1658356K) : Executing rule mos_cap_mk_OFFGRID
2023-12-03 06:17:27 +0000: Memory Usage (1658356K) : Executing rule ind_mk_OFFGRID
2023-12-03 06:17:27 +0000: Memory Usage (1658356K) : Executing rule diode_mk_OFFGRID
2023-12-03 06:17:27 +0000: Memory Usage (1658356K) : Executing rule drc_bjt_OFFGRID
2023-12-03 06:17:28 +0000: Memory Usage (1658356K) : Executing rule lvs_bjt_OFFGRID
2023-12-03 06:17:28 +0000: Memory Usage (1658356K) : Executing rule mim_l_mk_OFFGRID
2023-12-03 06:17:29 +0000: Memory Usage (1658356K) : Executing rule latchup_mk_OFFGRID
2023-12-03 06:17:29 +0000: Memory Usage (1658356K) : Executing rule guard_ring_mk_OFFGRID
2023-12-03 06:17:30 +0000: Memory Usage (1658356K) : Executing rule otp_mk_OFFGRID
2023-12-03 06:17:30 +0000: Memory Usage (1658356K) : Executing rule mtpmark_OFFGRID
2023-12-03 06:17:31 +0000: Memory Usage (1658356K) : Executing rule neo_ee_mk_OFFGRID
2023-12-03 06:17:31 +0000: Memory Usage (1658356K) : Executing rule sramcore_OFFGRID
2023-12-03 06:17:32 +0000: Memory Usage (1658356K) : Executing rule lvs_rf_OFFGRID
2023-12-03 06:17:32 +0000: Memory Usage (1658356K) : Executing rule lvs_drain_OFFGRID
2023-12-03 06:17:33 +0000: Memory Usage (1658356K) : Executing rule ind_mk_OFFGRID
2023-12-03 06:17:33 +0000: Memory Usage (1658356K) : Executing rule hvpolyrs_OFFGRID
2023-12-03 06:17:33 +0000: Memory Usage (1658356K) : Executing rule lvs_io_OFFGRID
2023-12-03 06:17:34 +0000: Memory Usage (1658356K) : Executing rule probe_mk_OFFGRID
2023-12-03 06:17:34 +0000: Memory Usage (1658356K) : Executing rule esd_mk_OFFGRID
2023-12-03 06:17:35 +0000: Memory Usage (1658356K) : Executing rule lvs_source_OFFGRID
2023-12-03 06:17:35 +0000: Memory Usage (1658356K) : Executing rule well_diode_mk_OFFGRID
2023-12-03 06:17:36 +0000: Memory Usage (1658356K) : Executing rule ldmos_xtor_OFFGRID
2023-12-03 06:17:36 +0000: Memory Usage (1658356K) : Executing rule plfuse_OFFGRID
2023-12-03 06:17:37 +0000: Memory Usage (1658356K) : Executing rule efuse_mk_OFFGRID
2023-12-03 06:17:37 +0000: Memory Usage (1658356K) : Executing rule mcell_feol_mk_OFFGRID
2023-12-03 06:17:38 +0000: Memory Usage (1658356K) : Executing rule ymtp_mk_OFFGRID
2023-12-03 06:17:38 +0000: Memory Usage (1658356K) : Executing rule dev_wf_mk_OFFGRID
2023-12-03 06:17:39 +0000: Memory Usage (1658356K) : Executing rule comp_label_OFFGRID
2023-12-03 06:17:39 +0000: Memory Usage (1658356K) : Executing rule poly2_label_OFFGRID
2023-12-03 06:17:39 +0000: Memory Usage (1658356K) : Executing rule mdiode_OFFGRID
2023-12-03 06:17:40 +0000: Memory Usage (1658356K) : Executing rule contact_OFFGRID
2023-12-03 06:17:40 +0000: Memory Usage (1658356K) : Executing rule metal1_OFFGRID
2023-12-03 06:17:41 +0000: Memory Usage (1658356K) : Executing rule metal1_slot_OFFGRID
2023-12-03 06:17:41 +0000: Memory Usage (1658356K) : Executing rule metal1_blk_OFFGRID
2023-12-03 06:17:42 +0000: Memory Usage (1658356K) : Executing rule metal1_label_OFFGRID
2023-12-03 06:17:42 +0000: Memory Usage (1658356K) : Executing rule via1_OFFGRID
2023-12-03 06:17:43 +0000: Memory Usage (1658356K) : Executing rule metal2_OFFGRID
2023-12-03 06:17:43 +0000: Memory Usage (1658356K) : Executing rule metal2_label_OFFGRID
2023-12-03 06:17:44 +0000: Memory Usage (1658356K) : Executing rule metal2_slot_OFFGRID
2023-12-03 06:17:44 +0000: Memory Usage (1658356K) : Executing rule metal2_blk_OFFGRID
2023-12-03 06:17:44 +0000: Memory Usage (1658356K) : Executing rule via2_OFFGRID
2023-12-03 06:17:45 +0000: Memory Usage (1658356K) : Executing rule metal3_OFFGRID
2023-12-03 06:17:45 +0000: Memory Usage (1658356K) : Executing rule metal3_dummy_OFFGRID
2023-12-03 06:17:46 +0000: Memory Usage (1658356K) : Executing rule metal3_label_OFFGRID
2023-12-03 06:17:46 +0000: Memory Usage (1658356K) : Executing rule metal3_blk_OFFGRID
2023-12-03 06:17:47 +0000: Memory Usage (1658356K) : Executing rule via3_OFFGRID
2023-12-03 06:17:47 +0000: Memory Usage (1658356K) : Executing rule metal4_OFFGRID
2023-12-03 06:17:48 +0000: Memory Usage (1658356K) : Executing rule metal4_dummy_OFFGRID
2023-12-03 06:17:48 +0000: Memory Usage (1658356K) : Executing rule metal4_label_OFFGRID
2023-12-03 06:17:49 +0000: Memory Usage (1658356K) : Executing rule metal4_blk_OFFGRID
2023-12-03 06:17:49 +0000: Memory Usage (1658356K) : Executing rule via4_OFFGRID
2023-12-03 06:17:50 +0000: Memory Usage (1658356K) : Executing rule metal5_OFFGRID
2023-12-03 06:18:00 +0000: Memory Usage (1758800K) : Executing rule metal5_dummy_OFFGRID
2023-12-03 06:18:10 +0000: Memory Usage (1782992K) : Executing rule metal5_label_OFFGRID
2023-12-03 06:18:11 +0000: Memory Usage (1722728K) : Executing rule metal5_blk_OFFGRID
2023-12-03 06:18:11 +0000: Memory Usage (1722728K) : Executing rule pad_OFFGRID
2023-12-03 06:18:12 +0000: Memory Usage (1722728K) : Executing rule ubmpperi_OFFGRID
2023-12-03 06:18:12 +0000: Memory Usage (1722728K) : Executing rule ubmparray_OFFGRID
2023-12-03 06:18:13 +0000: Memory Usage (1722728K) : Executing rule ubmeplate_OFFGRID
2023-12-03 06:18:13 +0000: Memory Usage (1722728K) : Executing rule metal1_res_OFFGRID
2023-12-03 06:18:13 +0000: Memory Usage (1722728K) : Executing rule metal2_res_OFFGRID
2023-12-03 06:18:14 +0000: Memory Usage (1722728K) : Executing rule metal3_res_OFFGRID
2023-12-03 06:18:14 +0000: Memory Usage (1722728K) : Executing rule metal4_res_OFFGRID
2023-12-03 06:18:15 +0000: Memory Usage (1722728K) : Executing rule metal5_res_OFFGRID
2023-12-03 06:18:15 +0000: Memory Usage (1722728K) : Executing rule metal6_res_OFFGRID
2023-12-03 06:18:16 +0000: Memory Usage (1722728K) : Executing rule pr_bndry_OFFGRID
2023-12-03 06:18:16 +0000: Memory Usage (1722728K) : Executing rule border_OFFGRID
2023-12-03 06:18:17 +0000: Memory Usage (1722728K) :  DRC Total Run time 81.169677464 seconds
